2023-03-16 18:34:53,(2(0)-1678962893:921266),blockDrv.BD_Cycles,256,2
2023-03-16 18:34:52,(2(0)-1678962892:921009),systemResources.CPU_00,19205,0.00 percent
2023-03-16 18:34:52,(2(0)-1678962892:921050),systemResources.CPU_01,19206,4.00 percent
2023-03-16 18:34:52,(2(0)-1678962892:921086),systemResources.CPU_02,19207,0.00 percent
2023-03-16 18:34:52,(2(0)-1678962892:921121),systemResources.CPU_03,19208,0.00 percent
2023-03-16 18:34:52,(2(0)-1678962892:921156),systemResources.CPU_04,19209,0.00 percent
2023-03-16 18:34:52,(2(0)-1678962892:921220),systemResources.CPU_05,19210,3.03 percent
2023-03-16 18:34:52,(2(0)-1678962892:921265),systemResources.CPU_06,19211,1.01 percent
2023-03-16 18:34:52,(2(0)-1678962892:921301),systemResources.CPU_07,19212,0.00 percent
2023-03-16 18:34:52,(2(0)-1678962892:921302),systemResources.CPU,19204,1.01 percent
2023-03-16 18:34:52,(2(0)-1678962892:921329),systemResources.MEMORY_TOTAL,19200,8117348 KB
2023-03-16 18:34:52,(2(0)-1678962892:921330),systemResources.MEMORY_USED,19201,7244868 KB
2023-03-16 18:34:52,(2(0)-1678962892:921335),systemResources.NON_VOLATILE_FREE,19203,50663328 KB
2023-03-16 18:34:52,(2(0)-1678962892:921336),systemResources.NON_VOLATILE_TOTAL,19202,102624184 KB
2023-03-16 18:34:52,(2(0)-1678962892:921337),systemResources.FRAMEWORK_VERSION,19221,v3.1.1-4-g91c578ee3
2023-03-16 18:34:52,(2(0)-1678962892:921338),systemResources.PROJECT_VERSION,19222,v3.1.1-4-g91c578ee3
2023-03-16 18:34:52,(2(0)-1678962892:921340),rateGroup1Comp.RgMaxTime,512,610 us
2023-03-16 18:34:53,(2(0)-1678962893:921390),sendBuffComp.SendState,9732,SEND_IDLE
2023-03-16 18:34:53,(2(0)-1678962893:921547),systemResources.CPU_00,19205,38.00 percent
2023-03-16 18:34:53,(2(0)-1678962893:921607),systemResources.CPU_01,19206,0.00 percent
2023-03-16 18:34:53,(2(0)-1678962893:921687),systemResources.CPU_02,19207,1.01 percent
2023-03-16 18:34:53,(2(0)-1678962893:921746),systemResources.CPU_03,19208,1.98 percent
2023-03-16 18:34:53,(2(0)-1678962893:921799),systemResources.CPU_04,19209,1.02 percent
2023-03-16 18:34:53,(2(0)-1678962893:921853),systemResources.CPU_05,19210,5.00 percent
2023-03-16 18:34:53,(2(0)-1678962893:921904),systemResources.CPU_06,19211,2.02 percent
2023-03-16 18:34:53,(2(0)-1678962893:921951),systemResources.CPU_07,19212,2.02 percent
2023-03-16 18:34:53,(2(0)-1678962893:921952),systemResources.CPU,19204,6.38 percent
2023-03-16 18:34:53,(2(0)-1678962893:921984),systemResources.MEMORY_TOTAL,19200,8117348 KB
2023-03-16 18:34:53,(2(0)-1678962893:921985),systemResources.MEMORY_USED,19201,7273904 KB
2023-03-16 18:34:53,(2(0)-1678962893:921993),systemResources.NON_VOLATILE_FREE,19203,50663036 KB
2023-03-16 18:34:53,(2(0)-1678962893:921993),systemResources.NON_VOLATILE_TOTAL,19202,102624184 KB
2023-03-16 18:34:53,(2(0)-1678962893:921996),systemResources.FRAMEWORK_VERSION,19221,v3.1.1-4-g91c578ee3
2023-03-16 18:34:53,(2(0)-1678962893:921997),systemResources.PROJECT_VERSION,19222,v3.1.1-4-g91c578ee3
2023-03-16 18:34:53,(2(0)-1678962893:922000),rateGroup1Comp.RgMaxTime,512,802 us
2023-03-16 18:34:54,(2(0)-1678962894:921596),blockDrv.BD_Cycles,256,3
2023-03-16 18:34:55,(2(0)-1678962895:921864),blockDrv.BD_Cycles,256,4
2023-03-16 18:34:54,(2(0)-1678962894:922491),systemResources.CPU_00,19205,0.00 percent
2023-03-16 18:34:54,(2(0)-1678962894:922614),systemResources.CPU_01,19206,2.00 percent
2023-03-16 18:34:54,(2(0)-1678962894:922705),systemResources.CPU_02,19207,0.00 percent
2023-03-16 18:34:54,(2(0)-1678962894:922795),systemResources.CPU_03,19208,0.00 percent
2023-03-16 18:34:54,(2(0)-1678962894:922885),systemResources.CPU_04,19209,0.00 percent
2023-03-16 18:34:54,(2(0)-1678962894:922974),systemResources.CPU_05,19210,0.00 percent
2023-03-16 18:34:54,(2(0)-1678962894:923063),systemResources.CPU_06,19211,2.00 percent
2023-03-16 18:34:54,(2(0)-1678962894:923153),systemResources.CPU_07,19212,1.00 percent
2023-03-16 18:34:54,(2(0)-1678962894:923155),systemResources.CPU,19204,0.62 percent
2023-03-16 18:34:54,(2(0)-1678962894:923218),systemResources.MEMORY_TOTAL,19200,8117348 KB
2023-03-16 18:34:54,(2(0)-1678962894:923220),systemResources.MEMORY_USED,19201,7274164 KB
2023-03-16 18:34:54,(2(0)-1678962894:923233),systemResources.NON_VOLATILE_FREE,19203,50663028 KB
2023-03-16 18:34:54,(2(0)-1678962894:923234),systemResources.NON_VOLATILE_TOTAL,19202,102624184 KB
2023-03-16 18:34:54,(2(0)-1678962894:923238),systemResources.FRAMEWORK_VERSION,19221,v3.1.1-4-g91c578ee3
2023-03-16 18:34:54,(2(0)-1678962894:923241),systemResources.PROJECT_VERSION,19222,v3.1.1-4-g91c578ee3
2023-03-16 18:34:54,(2(0)-1678962894:923245),rateGroup1Comp.RgMaxTime,512,1732 us
2023-03-16 18:34:55,(2(0)-1678962895:921944),sendBuffComp.SendState,9732,SEND_IDLE
2023-03-16 18:34:55,(2(0)-1678962895:922037),systemResources.CPU_00,19205,7.22 percent
2023-03-16 18:34:55,(2(0)-1678962895:922284),systemResources.CPU_01,19206,8.08 percent
2023-03-16 18:34:55,(2(0)-1678962895:922078),pingRcvr.PR_NumPings,2560,1
2023-03-16 18:34:55,(2(0)-1678962895:922317),systemResources.CPU_02,19207,9.00 percent
2023-03-16 18:34:55,(2(0)-1678962895:922348),systemResources.CPU_03,19208,2.02 percent
2023-03-16 18:34:55,(2(0)-1678962895:922379),systemResources.CPU_04,19209,4.12 percent
2023-03-16 18:34:55,(2(0)-1678962895:922411),systemResources.CPU_05,19210,10.42 percent
2023-03-16 18:34:55,(2(0)-1678962895:922442),systemResources.CPU_06,19211,31.31 percent
2023-03-16 18:34:55,(2(0)-1678962895:922473),systemResources.CPU_07,19212,2.02 percent
2023-03-16 18:34:55,(2(0)-1678962895:922473),systemResources.CPU,19204,9.27 percent
2023-03-16 18:34:55,(2(0)-1678962895:922498),systemResources.MEMORY_TOTAL,19200,8117348 KB
2023-03-16 18:34:55,(2(0)-1678962895:922499),systemResources.MEMORY_USED,19201,7298876 KB
2023-03-16 18:34:55,(2(0)-1678962895:922504),systemResources.NON_VOLATILE_FREE,19203,50663040 KB
2023-03-16 18:34:55,(2(0)-1678962895:922504),systemResources.NON_VOLATILE_TOTAL,19202,102624184 KB
2023-03-16 18:34:55,(2(0)-1678962895:922506),systemResources.FRAMEWORK_VERSION,19221,v3.1.1-4-g91c578ee3
2023-03-16 18:34:55,(2(0)-1678962895:922507),systemResources.PROJECT_VERSION,19222,v3.1.1-4-g91c578ee3
2023-03-16 18:34:56,(2(0)-1678962896:922283),blockDrv.BD_Cycles,256,5
2023-03-16 18:34:57,(2(0)-1678962897:922870),blockDrv.BD_Cycles,256,6
2023-03-16 18:34:56,(2(0)-1678962896:922465),systemResources.CPU_00,19205,25.26 percent
2023-03-16 18:34:56,(2(0)-1678962896:922508),systemResources.CPU_01,19206,38.54 percent
2023-03-16 18:34:56,(2(0)-1678962896:922541),systemResources.CPU_02,19207,7.22 percent
2023-03-16 18:34:56,(2(0)-1678962896:922573),systemResources.CPU_03,19208,8.25 percent
2023-03-16 18:34:56,(2(0)-1678962896:922605),systemResources.CPU_04,19209,34.34 percent
2023-03-16 18:34:56,(2(0)-1678962896:922636),systemResources.CPU_05,19210,16.16 percent
2023-03-16 18:34:56,(2(0)-1678962896:922668),systemResources.CPU_06,19211,12.12 percent
2023-03-16 18:34:56,(2(0)-1678962896:922700),systemResources.CPU_07,19212,14.00 percent
2023-03-16 18:34:56,(2(0)-1678962896:922700),systemResources.CPU,19204,19.49 percent
2023-03-16 18:34:56,(2(0)-1678962896:922726),systemResources.MEMORY_TOTAL,19200,8117348 KB
2023-03-16 18:34:56,(2(0)-1678962896:922726),systemResources.MEMORY_USED,19201,7439912 KB
2023-03-16 18:34:56,(2(0)-1678962896:922731),systemResources.NON_VOLATILE_FREE,19203,50662632 KB
2023-03-16 18:34:56,(2(0)-1678962896:922732),systemResources.NON_VOLATILE_TOTAL,19202,102624184 KB
2023-03-16 18:34:56,(2(0)-1678962896:922733),systemResources.FRAMEWORK_VERSION,19221,v3.1.1-4-g91c578ee3
2023-03-16 18:34:56,(2(0)-1678962896:922734),systemResources.PROJECT_VERSION,19222,v3.1.1-4-g91c578ee3
2023-03-16 18:34:57,(2(0)-1678962897:922984),sendBuffComp.SendState,9732,SEND_IDLE
2023-03-16 18:34:57,(2(0)-1678962897:923072),systemResources.CPU_00,19205,51.55 percent
2023-03-16 18:34:57,(2(0)-1678962897:923113),systemResources.CPU_01,19206,46.32 percent
2023-03-16 18:34:57,(2(0)-1678962897:923146),systemResources.CPU_02,19207,60.82 percent
2023-03-16 18:34:57,(2(0)-1678962897:923183),systemResources.CPU_03,19208,29.79 percent
2023-03-16 18:34:57,(2(0)-1678962897:923230),systemResources.CPU_04,19209,35.79 percent
2023-03-16 18:34:57,(2(0)-1678962897:923263),systemResources.CPU_05,19210,42.86 percent
2023-03-16 18:34:57,(2(0)-1678962897:923294),systemResources.CPU_06,19211,25.53 percent
2023-03-16 18:34:57,(2(0)-1678962897:923326),systemResources.CPU_07,19212,18.95 percent
2023-03-16 18:34:57,(2(0)-1678962897:923326),systemResources.CPU,19204,38.95 percent
2023-03-16 18:34:57,(2(0)-1678962897:923351),systemResources.MEMORY_TOTAL,19200,8117348 KB
2023-03-16 18:34:57,(2(0)-1678962897:923352),systemResources.MEMORY_USED,19201,7573428 KB
2023-03-16 18:34:57,(2(0)-1678962897:923357),systemResources.NON_VOLATILE_FREE,19203,50662328 KB
2023-03-16 18:34:57,(2(0)-1678962897:923358),systemResources.NON_VOLATILE_TOTAL,19202,102624184 KB
2023-03-16 18:34:57,(2(0)-1678962897:923359),systemResources.FRAMEWORK_VERSION,19221,v3.1.1-4-g91c578ee3
2023-03-16 18:34:57,(2(0)-1678962897:923360),systemResources.PROJECT_VERSION,19222,v3.1.1-4-g91c578ee3
2023-03-16 18:34:58,(2(0)-1678962898:923292),blockDrv.BD_Cycles,256,7
2023-03-16 18:34:59,(2(0)-1678962899:924173),blockDrv.BD_Cycles,256,8
2023-03-16 18:34:59,(2(0)-1678962899:924578),systemResources.CPU_00,19205,3.03 percent
2023-03-16 18:34:59,(2(0)-1678962899:924680),systemResources.CPU_01,19206,3.03 percent
2023-03-16 18:34:59,(2(0)-1678962899:924773),systemResources.CPU_02,19207,1.01 percent
2023-03-16 18:34:58,(2(0)-1678962898:923997),systemResources.CPU_03,19208,11.11 percent
2023-03-16 18:34:58,(2(0)-1678962898:924071),systemResources.CPU_04,19209,16.00 percent
2023-03-16 18:34:58,(2(0)-1678962898:924159),systemResources.CPU_05,19210,3.09 percent
2023-03-16 18:34:58,(2(0)-1678962898:924306),systemResources.CPU_06,19211,3.09 percent
2023-03-16 18:34:58,(2(0)-1678962898:924446),systemResources.CPU_07,19212,5.10 percent
2023-03-16 18:34:58,(2(0)-1678962898:924450),systemResources.CPU,19204,11.71 percent
2023-03-16 18:34:58,(2(0)-1678962898:924512),systemResources.MEMORY_TOTAL,19200,8117348 KB
2023-03-16 18:34:58,(2(0)-1678962898:924514),systemResources.MEMORY_USED,19201,7613696 KB
2023-03-16 18:34:58,(2(0)-1678962898:924526),systemResources.NON_VOLATILE_FREE,19203,50662260 KB
2023-03-16 18:34:58,(2(0)-1678962898:924527),systemResources.NON_VOLATILE_TOTAL,19202,102624184 KB
2023-03-16 18:34:58,(2(0)-1678962898:924530),systemResources.FRAMEWORK_VERSION,19221,v3.1.1-4-g91c578ee3
2023-03-16 18:34:58,(2(0)-1678962898:924533),systemResources.PROJECT_VERSION,19222,v3.1.1-4-g91c578ee3
2023-03-16 18:34:59,(2(0)-1678962899:924730),pingRcvr.PR_NumPings,2560,2
2023-03-16 18:34:59,(2(0)-1678962899:924758),rateGroup3Comp.RgMaxTime,1024,711 us
2023-03-16 18:34:59,(2(0)-1678962899:924868),systemResources.CPU_03,19208,1.01 percent
2023-03-16 18:34:59,(2(0)-1678962899:924963),systemResources.CPU_04,19209,4.04 percent
2023-03-16 18:34:59,(2(0)-1678962899:925048),systemResources.CPU_05,19210,5.10 percent
2023-03-16 18:34:59,(2(0)-1678962899:925131),systemResources.CPU_06,19211,0.00 percent
2023-03-16 18:34:59,(2(0)-1678962899:925212),systemResources.CPU_07,19212,10.10 percent
2023-03-16 18:34:59,(2(0)-1678962899:925214),systemResources.CPU,19204,3.42 percent
2023-03-16 18:34:59,(2(0)-1678962899:925275),systemResources.MEMORY_TOTAL,19200,8117348 KB
2023-03-16 18:34:59,(2(0)-1678962899:925277),systemResources.MEMORY_USED,19201,7625540 KB
2023-03-16 18:34:59,(2(0)-1678962899:925290),systemResources.NON_VOLATILE_FREE,19203,50662224 KB
2023-03-16 18:34:59,(2(0)-1678962899:925291),systemResources.NON_VOLATILE_TOTAL,19202,102624184 KB
2023-03-16 18:34:59,(2(0)-1678962899:925295),systemResources.FRAMEWORK_VERSION,19221,v3.1.1-4-g91c578ee3
2023-03-16 18:34:59,(2(0)-1678962899:925298),systemResources.PROJECT_VERSION,19222,v3.1.1-4-g91c578ee3
2023-03-16 18:34:59,(2(0)-1678962899:924873),sendBuffComp.SendState,9732,SEND_IDLE
2023-03-16 18:34:59,(2(0)-1678962899:924881),rateGroup2Comp.RgMaxTime,768,836 us
2023-03-16 18:35:00,(2(0)-1678962900:924810),blockDrv.BD_Cycles,256,9
2023-03-16 18:35:01,(2(0)-1678962901:925471),blockDrv.BD_Cycles,256,10
2023-03-16 18:35:00,(2(0)-1678962900:925225),systemResources.CPU_00,19205,1.01 percent
2023-03-16 18:35:00,(2(0)-1678962900:925302),systemResources.CPU_01,19206,3.03 percent
2023-03-16 18:35:00,(2(0)-1678962900:925369),systemResources.CPU_02,19207,0.00 percent
2023-03-16 18:35:00,(2(0)-1678962900:925438),systemResources.CPU_03,19208,4.00 percent
2023-03-16 18:35:00,(2(0)-1678962900:925507),systemResources.CPU_04,19209,2.06 percent
2023-03-16 18:35:00,(2(0)-1678962900:925582),systemResources.CPU_05,19210,4.04 percent
2023-03-16 18:35:00,(2(0)-1678962900:925659),systemResources.CPU_06,19211,2.00 percent
2023-03-16 18:35:00,(2(0)-1678962900:925726),systemResources.CPU_07,19212,1.01 percent
2023-03-16 18:35:00,(2(0)-1678962900:925727),systemResources.CPU,19204,2.14 percent
2023-03-16 18:35:00,(2(0)-1678962900:925773),systemResources.MEMORY_TOTAL,19200,8117348 KB
2023-03-16 18:35:00,(2(0)-1678962900:925774),systemResources.MEMORY_USED,19201,7624816 KB
2023-03-16 18:35:00,(2(0)-1678962900:925784),systemResources.NON_VOLATILE_FREE,19203,50662192 KB
2023-03-16 18:35:00,(2(0)-1678962900:925785),systemResources.NON_VOLATILE_TOTAL,19202,102624184 KB
2023-03-16 18:35:00,(2(0)-1678962900:925788),systemResources.FRAMEWORK_VERSION,19221,v3.1.1-4-g91c578ee3
2023-03-16 18:35:00,(2(0)-1678962900:925790),systemResources.PROJECT_VERSION,19222,v3.1.1-4-g91c578ee3
2023-03-16 18:35:01,(2(0)-1678962901:925593),sendBuffComp.SendState,9732,SEND_IDLE
2023-03-16 18:35:01,(2(0)-1678962901:925712),systemResources.CPU_00,19205,2.04 percent
2023-03-16 18:35:01,(2(0)-1678962901:925760),systemResources.CPU_01,19206,1.03 percent
2023-03-16 18:35:01,(2(0)-1678962901:925843),systemResources.CPU_02,19207,1.01 percent
2023-03-16 18:35:01,(2(0)-1678962901:925884),systemResources.CPU_03,19208,3.00 percent
2023-03-16 18:35:01,(2(0)-1678962901:925926),systemResources.CPU_04,19209,1.01 percent
2023-03-16 18:35:01,(2(0)-1678962901:925965),systemResources.CPU_05,19210,1.01 percent
2023-03-16 18:35:01,(2(0)-1678962901:926007),systemResources.CPU_06,19211,1.00 percent
2023-03-16 18:35:01,(2(0)-1678962901:926047),systemResources.CPU_07,19212,1.00 percent
2023-03-16 18:35:01,(2(0)-1678962901:926048),systemResources.CPU,19204,1.39 percent
2023-03-16 18:35:01,(2(0)-1678962901:926080),systemResources.MEMORY_TOTAL,19200,8117348 KB
2023-03-16 18:35:01,(2(0)-1678962901:926081),systemResources.MEMORY_USED,19201,7626832 KB
2023-03-16 18:35:01,(2(0)-1678962901:926088),systemResources.NON_VOLATILE_FREE,19203,50662588 KB
2023-03-16 18:35:01,(2(0)-1678962901:926088),systemResources.NON_VOLATILE_TOTAL,19202,102624184 KB
2023-03-16 18:35:01,(2(0)-1678962901:926091),systemResources.FRAMEWORK_VERSION,19221,v3.1.1-4-g91c578ee3
2023-03-16 18:35:01,(2(0)-1678962901:926092),systemResources.PROJECT_VERSION,19222,v3.1.1-4-g91c578ee3
2023-03-16 18:35:02,(2(0)-1678962902:925918),blockDrv.BD_Cycles,256,11
2023-03-16 18:35:03,(2(0)-1678962903:926695),blockDrv.BD_Cycles,256,12
2023-03-16 18:35:03,(2(0)-1678962903:927295),systemResources.CPU_00,19205,3.03 percent
2023-03-16 18:35:02,(2(0)-1678962902:926216),systemResources.CPU_01,19206,3.03 percent
2023-03-16 18:35:02,(2(0)-1678962902:926252),systemResources.CPU_02,19207,1.02 percent
2023-03-16 18:35:02,(2(0)-1678962902:926287),systemResources.CPU_03,19208,1.01 percent
2023-03-16 18:35:02,(2(0)-1678962902:926323),systemResources.CPU_04,19209,1.00 percent
2023-03-16 18:35:02,(2(0)-1678962902:926361),systemResources.CPU_05,19210,1.01 percent
2023-03-16 18:35:02,(2(0)-1678962902:926399),systemResources.CPU_06,19211,3.96 percent
2023-03-16 18:35:02,(2(0)-1678962902:926435),systemResources.CPU_07,19212,1.03 percent
2023-03-16 18:35:02,(2(0)-1678962902:926437),systemResources.CPU,19204,1.88 percent
2023-03-16 18:35:02,(2(0)-1678962902:926463),systemResources.MEMORY_TOTAL,19200,8117348 KB
2023-03-16 18:35:02,(2(0)-1678962902:926464),systemResources.MEMORY_USED,19201,7627872 KB
2023-03-16 18:35:02,(2(0)-1678962902:926470),systemResources.NON_VOLATILE_FREE,19203,50662548 KB
2023-03-16 18:35:02,(2(0)-1678962902:926471),systemResources.NON_VOLATILE_TOTAL,19202,102624184 KB
2023-03-16 18:35:02,(2(0)-1678962902:926473),systemResources.FRAMEWORK_VERSION,19221,v3.1.1-4-g91c578ee3
2023-03-16 18:35:02,(2(0)-1678962902:926474),systemResources.PROJECT_VERSION,19222,v3.1.1-4-g91c578ee3
2023-03-16 18:35:03,(2(0)-1678962903:927230),sendBuffComp.SendState,9732,SEND_IDLE
2023-03-16 18:35:03,(2(0)-1678962903:927420),systemResources.CPU_01,19206,1.01 percent
2023-03-16 18:35:03,(2(0)-1678962903:927514),pingRcvr.PR_NumPings,2560,3
2023-03-16 18:35:03,(2(0)-1678962903:927513),systemResources.CPU_02,19207,0.00 percent
2023-03-16 18:35:03,(2(0)-1678962903:927604),systemResources.CPU_03,19208,0.00 percent
2023-03-16 18:35:03,(2(0)-1678962903:927767),systemResources.CPU_04,19209,3.00 percent
2023-03-16 18:35:03,(2(0)-1678962903:927874),systemResources.CPU_05,19210,3.03 percent
2023-03-16 18:35:03,(2(0)-1678962903:927965),systemResources.CPU_06,19211,1.00 percent
2023-03-16 18:35:03,(2(0)-1678962903:928058),systemResources.CPU_07,19212,3.00 percent
2023-03-16 18:35:03,(2(0)-1678962903:928059),systemResources.CPU,19204,1.76 percent
2023-03-16 18:35:03,(2(0)-1678962903:928124),systemResources.MEMORY_TOTAL,19200,8117348 KB
2023-03-16 18:35:03,(2(0)-1678962903:928127),systemResources.MEMORY_USED,19201,7631432 KB
2023-03-16 18:35:03,(2(0)-1678962903:928190),systemResources.NON_VOLATILE_FREE,19203,50662516 KB
2023-03-16 18:35:03,(2(0)-1678962903:928193),systemResources.NON_VOLATILE_TOTAL,19202,102624184 KB
2023-03-16 18:35:03,(2(0)-1678962903:928197),systemResources.FRAMEWORK_VERSION,19221,v3.1.1-4-g91c578ee3
2023-03-16 18:35:03,(2(0)-1678962903:928200),systemResources.PROJECT_VERSION,19222,v3.1.1-4-g91c578ee3
2023-03-16 18:35:04,(2(0)-1678962904:927281),blockDrv.BD_Cycles,256,13
2023-03-16 18:35:05,(2(0)-1678962905:928321),blockDrv.BD_Cycles,256,14
2023-03-16 18:35:04,(2(0)-1678962904:927870),systemResources.CPU_00,19205,16.16 percent
2023-03-16 18:35:04,(2(0)-1678962904:927980),systemResources.CPU_01,19206,3.06 percent
2023-03-16 18:35:04,(2(0)-1678962904:928076),systemResources.CPU_02,19207,2.00 percent
2023-03-16 18:35:04,(2(0)-1678962904:928167),systemResources.CPU_03,19208,2.00 percent
2023-03-16 18:35:04,(2(0)-1678962904:928258),systemResources.CPU_04,19209,3.03 percent
2023-03-16 18:35:04,(2(0)-1678962904:928348),systemResources.CPU_05,19210,2.02 percent
2023-03-16 18:35:04,(2(0)-1678962904:928438),systemResources.CPU_06,19211,3.03 percent
2023-03-16 18:35:04,(2(0)-1678962904:928528),systemResources.CPU_07,19212,3.03 percent
2023-03-16 18:35:04,(2(0)-1678962904:928530),systemResources.CPU,19204,4.29 percent
2023-03-16 18:35:04,(2(0)-1678962904:928593),systemResources.MEMORY_TOTAL,19200,8117348 KB
2023-03-16 18:35:04,(2(0)-1678962904:928596),systemResources.MEMORY_USED,19201,7615952 KB
2023-03-16 18:35:04,(2(0)-1678962904:928609),systemResources.NON_VOLATILE_FREE,19203,50662480 KB
2023-03-16 18:35:04,(2(0)-1678962904:928610),systemResources.NON_VOLATILE_TOTAL,19202,102624184 KB
2023-03-16 18:35:04,(2(0)-1678962904:928614),systemResources.FRAMEWORK_VERSION,19221,v3.1.1-4-g91c578ee3
2023-03-16 18:35:04,(2(0)-1678962904:928617),systemResources.PROJECT_VERSION,19222,v3.1.1-4-g91c578ee3
2023-03-16 18:35:05,(2(0)-1678962905:928555),sendBuffComp.SendState,9732,SEND_IDLE
2023-03-16 18:35:05,(2(0)-1678962905:928777),systemResources.CPU_00,19205,7.00 percent
2023-03-16 18:35:05,(2(0)-1678962905:928898),systemResources.CPU_01,19206,3.03 percent
2023-03-16 18:35:05,(2(0)-1678962905:929012),systemResources.CPU_02,19207,3.00 percent
2023-03-16 18:35:05,(2(0)-1678962905:929570),systemResources.CPU_03,19208,1.01 percent
2023-03-16 18:35:05,(2(0)-1678962905:929679),systemResources.CPU_04,19209,0.00 percent
2023-03-16 18:35:05,(2(0)-1678962905:929769),systemResources.CPU_05,19210,2.00 percent
2023-03-16 18:35:05,(2(0)-1678962905:929860),systemResources.CPU_06,19211,1.00 percent
2023-03-16 18:35:05,(2(0)-1678962905:929949),systemResources.CPU_07,19212,1.01 percent
2023-03-16 18:35:05,(2(0)-1678962905:929951),systemResources.CPU,19204,2.26 percent
2023-03-16 18:35:05,(2(0)-1678962905:930017),systemResources.MEMORY_TOTAL,19200,8117348 KB
2023-03-16 18:35:05,(2(0)-1678962905:930019),systemResources.MEMORY_USED,19201,7615808 KB
2023-03-16 18:35:05,(2(0)-1678962905:930033),systemResources.NON_VOLATILE_FREE,19203,50662448 KB
2023-03-16 18:35:05,(2(0)-1678962905:930034),systemResources.NON_VOLATILE_TOTAL,19202,102624184 KB
2023-03-16 18:35:05,(2(0)-1678962905:930038),systemResources.FRAMEWORK_VERSION,19221,v3.1.1-4-g91c578ee3
2023-03-16 18:35:05,(2(0)-1678962905:930041),systemResources.PROJECT_VERSION,19222,v3.1.1-4-g91c578ee3
2023-03-16 18:35:05,(2(0)-1678962905:930046),rateGroup1Comp.RgMaxTime,512,1896 us
2023-03-16 18:35:06,(2(0)-1678962906:928782),blockDrv.BD_Cycles,256,15
2023-03-16 18:35:07,(2(0)-1678962907:929886),blockDrv.BD_Cycles,256,16
2023-03-16 18:35:06,(2(0)-1678962906:929892),systemResources.CPU_00,19205,3.06 percent
2023-03-16 18:35:06,(2(0)-1678962906:930008),systemResources.CPU_01,19206,3.03 percent
2023-03-16 18:35:06,(2(0)-1678962906:930165),systemResources.CPU_02,19207,2.04 percent
2023-03-16 18:35:06,(2(0)-1678962906:930278),systemResources.CPU_03,19208,1.01 percent
2023-03-16 18:35:06,(2(0)-1678962906:930370),systemResources.CPU_04,19209,1.01 percent
2023-03-16 18:35:06,(2(0)-1678962906:930461),systemResources.CPU_05,19210,0.00 percent
2023-03-16 18:35:06,(2(0)-1678962906:930551),systemResources.CPU_06,19211,0.00 percent
2023-03-16 18:35:06,(2(0)-1678962906:930642),systemResources.CPU_07,19212,5.88 percent
2023-03-16 18:35:06,(2(0)-1678962906:930644),systemResources.CPU,19204,2.00 percent
2023-03-16 18:35:06,(2(0)-1678962906:930708),systemResources.MEMORY_TOTAL,19200,8117348 KB
2023-03-16 18:35:06,(2(0)-1678962906:930711),systemResources.MEMORY_USED,19201,7615840 KB
2023-03-16 18:35:06,(2(0)-1678962906:930724),systemResources.NON_VOLATILE_FREE,19203,50662416 KB
2023-03-16 18:35:06,(2(0)-1678962906:930725),systemResources.NON_VOLATILE_TOTAL,19202,102624184 KB
2023-03-16 18:35:06,(2(0)-1678962906:930729),systemResources.FRAMEWORK_VERSION,19221,v3.1.1-4-g91c578ee3
2023-03-16 18:35:06,(2(0)-1678962906:930732),systemResources.PROJECT_VERSION,19222,v3.1.1-4-g91c578ee3
2023-03-16 18:35:06,(2(0)-1678962906:930737),rateGroup1Comp.RgMaxTime,512,2039 us
2023-03-16 18:35:07,(2(0)-1678962907:930368),systemResources.CPU_00,19205,5.00 percent
2023-03-16 18:35:07,(2(0)-1678962907:930485),systemResources.CPU_01,19206,1.02 percent
2023-03-16 18:35:07,(2(0)-1678962907:930480),pingRcvr.PR_NumPings,2560,4
2023-03-16 18:35:07,(2(0)-1678962907:930580),systemResources.CPU_02,19207,2.02 percent
2023-03-16 18:35:07,(2(0)-1678962907:930556),rateGroup3Comp.RgMaxTime,1024,810 us
2023-03-16 18:35:07,(2(0)-1678962907:930670),systemResources.CPU_03,19208,2.02 percent
2023-03-16 18:35:07,(2(0)-1678962907:930762),systemResources.CPU_04,19209,0.00 percent
2023-03-16 18:35:07,(2(0)-1678962907:930852),systemResources.CPU_05,19210,2.02 percent
2023-03-16 18:35:07,(2(0)-1678962907:930942),systemResources.CPU_06,19211,2.02 percent
2023-03-16 18:35:07,(2(0)-1678962907:931033),systemResources.CPU_07,19212,3.03 percent
2023-03-16 18:35:07,(2(0)-1678962907:931034),systemResources.CPU,19204,2.14 percent
2023-03-16 18:35:07,(2(0)-1678962907:931098),systemResources.MEMORY_TOTAL,19200,8117348 KB
2023-03-16 18:35:07,(2(0)-1678962907:931100),systemResources.MEMORY_USED,19201,7616376 KB
2023-03-16 18:35:07,(2(0)-1678962907:931113),systemResources.NON_VOLATILE_FREE,19203,50662540 KB
2023-03-16 18:35:07,(2(0)-1678962907:931115),systemResources.NON_VOLATILE_TOTAL,19202,102624184 KB
2023-03-16 18:35:07,(2(0)-1678962907:931119),systemResources.FRAMEWORK_VERSION,19221,v3.1.1-4-g91c578ee3
2023-03-16 18:35:07,(2(0)-1678962907:931122),systemResources.PROJECT_VERSION,19222,v3.1.1-4-g91c578ee3
2023-03-16 18:35:07,(2(0)-1678962907:930712),sendBuffComp.SendState,9732,SEND_IDLE
2023-03-16 18:35:07,(2(0)-1678962907:930719),rateGroup2Comp.RgMaxTime,768,975 us
2023-03-16 18:35:08,(2(0)-1678962908:930935),blockDrv.BD_Cycles,256,17
2023-03-16 18:35:09,(2(0)-1678962909:931545),blockDrv.BD_Cycles,256,18
2023-03-16 18:35:08,(2(0)-1678962908:931510),systemResources.CPU_00,19205,4.12 percent
2023-03-16 18:35:08,(2(0)-1678962908:931618),systemResources.CPU_01,19206,5.05 percent
2023-03-16 18:35:08,(2(0)-1678962908:931715),systemResources.CPU_02,19207,1.01 percent
2023-03-16 18:35:08,(2(0)-1678962908:931806),systemResources.CPU_03,19208,7.00 percent
2023-03-16 18:35:08,(2(0)-1678962908:931896),systemResources.CPU_04,19209,1.01 percent
2023-03-16 18:35:08,(2(0)-1678962908:931986),systemResources.CPU_05,19210,3.03 percent
2023-03-16 18:35:08,(2(0)-1678962908:932075),systemResources.CPU_06,19211,1.01 percent
2023-03-16 18:35:08,(2(0)-1678962908:932166),systemResources.CPU_07,19212,2.00 percent
2023-03-16 18:35:08,(2(0)-1678962908:932167),systemResources.CPU,19204,3.03 percent
2023-03-16 18:35:08,(2(0)-1678962908:932231),systemResources.MEMORY_TOTAL,19200,8117348 KB
2023-03-16 18:35:08,(2(0)-1678962908:932233),systemResources.MEMORY_USED,19201,7613824 KB
2023-03-16 18:35:08,(2(0)-1678962908:932247),systemResources.NON_VOLATILE_FREE,19203,50662504 KB
2023-03-16 18:35:08,(2(0)-1678962908:932248),systemResources.NON_VOLATILE_TOTAL,19202,102624184 KB
2023-03-16 18:35:08,(2(0)-1678962908:932252),systemResources.FRAMEWORK_VERSION,19221,v3.1.1-4-g91c578ee3
2023-03-16 18:35:08,(2(0)-1678962908:932255),systemResources.PROJECT_VERSION,19222,v3.1.1-4-g91c578ee3
2023-03-16 18:35:09,(2(0)-1678962909:931782),sendBuffComp.SendState,9732,SEND_IDLE
2023-03-16 18:35:09,(2(0)-1678962909:932088),systemResources.CPU_00,19205,2.00 percent
2023-03-16 18:35:09,(2(0)-1678962909:932197),systemResources.CPU_01,19206,6.12 percent
2023-03-16 18:35:09,(2(0)-1678962909:932288),systemResources.CPU_02,19207,1.00 percent
2023-03-16 18:35:09,(2(0)-1678962909:932377),systemResources.CPU_03,19208,0.00 percent
2023-03-16 18:35:09,(2(0)-1678962909:932468),systemResources.CPU_04,19209,1.01 percent
2023-03-16 18:35:09,(2(0)-1678962909:932558),systemResources.CPU_05,19210,2.00 percent
2023-03-16 18:35:09,(2(0)-1678962909:932733),systemResources.CPU_06,19211,2.02 percent
2023-03-16 18:35:09,(2(0)-1678962909:932840),systemResources.CPU_07,19212,3.03 percent
2023-03-16 18:35:09,(2(0)-1678962909:932842),systemResources.CPU,19204,2.15 percent
2023-03-16 18:35:09,(2(0)-1678962909:932908),systemResources.MEMORY_TOTAL,19200,8117348 KB
2023-03-16 18:35:09,(2(0)-1678962909:932910),systemResources.MEMORY_USED,19201,7613888 KB
2023-03-16 18:35:09,(2(0)-1678962909:932924),systemResources.NON_VOLATILE_FREE,19203,50662472 KB
2023-03-16 18:35:09,(2(0)-1678962909:932925),systemResources.NON_VOLATILE_TOTAL,19202,102624184 KB
2023-03-16 18:35:09,(2(0)-1678962909:932929),systemResources.FRAMEWORK_VERSION,19221,v3.1.1-4-g91c578ee3
2023-03-16 18:35:09,(2(0)-1678962909:932932),systemResources.PROJECT_VERSION,19222,v3.1.1-4-g91c578ee3
2023-03-16 18:35:10,(2(0)-1678962910:932201),blockDrv.BD_Cycles,256,19
2023-03-16 18:35:11,(2(0)-1678962911:932355),blockDrv.BD_Cycles,256,20
2023-03-16 18:35:11,(2(0)-1678962911:932556),systemResources.CPU_00,19205,4.08 percent
2023-03-16 18:35:10,(2(0)-1678962910:932881),systemResources.CPU_01,19206,2.02 percent
2023-03-16 18:35:10,(2(0)-1678962910:932978),systemResources.CPU_02,19207,3.03 percent
2023-03-16 18:35:10,(2(0)-1678962910:933069),systemResources.CPU_03,19208,0.00 percent
2023-03-16 18:35:10,(2(0)-1678962910:933160),systemResources.CPU_04,19209,2.02 percent
2023-03-16 18:35:10,(2(0)-1678962910:933249),systemResources.CPU_05,19210,2.02 percent
2023-03-16 18:35:10,(2(0)-1678962910:933339),systemResources.CPU_06,19211,5.00 percent
2023-03-16 18:35:10,(2(0)-1678962910:933431),systemResources.CPU_07,19212,2.02 percent
2023-03-16 18:35:10,(2(0)-1678962910:933433),systemResources.CPU,19204,2.01 percent
2023-03-16 18:35:10,(2(0)-1678962910:933585),systemResources.MEMORY_TOTAL,19200,8117348 KB
2023-03-16 18:35:10,(2(0)-1678962910:933588),systemResources.MEMORY_USED,19201,7613092 KB
2023-03-16 18:35:10,(2(0)-1678962910:933601),systemResources.NON_VOLATILE_FREE,19203,50662432 KB
2023-03-16 18:35:10,(2(0)-1678962910:933602),systemResources.NON_VOLATILE_TOTAL,19202,102624184 KB
2023-03-16 18:35:10,(2(0)-1678962910:933605),systemResources.FRAMEWORK_VERSION,19221,v3.1.1-4-g91c578ee3
2023-03-16 18:35:10,(2(0)-1678962910:933608),systemResources.PROJECT_VERSION,19222,v3.1.1-4-g91c578ee3
2023-03-16 18:35:11,(2(0)-1678962911:932572),sendBuffComp.SendState,9732,SEND_IDLE
2023-03-16 18:35:11,(2(0)-1678962911:932556),pingRcvr.PR_NumPings,2560,5
2023-03-16 18:35:11,(2(0)-1678962911:932634),systemResources.CPU_01,19206,4.04 percent
2023-03-16 18:35:11,(2(0)-1678962911:932669),systemResources.CPU_02,19207,5.10 percent
2023-03-16 18:35:11,(2(0)-1678962911:932701),systemResources.CPU_03,19208,3.00 percent
2023-03-16 18:35:11,(2(0)-1678962911:932732),systemResources.CPU_04,19209,2.08 percent
2023-03-16 18:35:11,(2(0)-1678962911:932764),systemResources.CPU_05,19210,4.12 percent
2023-03-16 18:35:11,(2(0)-1678962911:932795),systemResources.CPU_06,19211,9.47 percent
2023-03-16 18:35:11,(2(0)-1678962911:932826),systemResources.CPU_07,19212,4.12 percent
2023-03-16 18:35:11,(2(0)-1678962911:932827),systemResources.CPU,19204,4.50 percent
2023-03-16 18:35:11,(2(0)-1678962911:932852),systemResources.MEMORY_TOTAL,19200,8117348 KB
2023-03-16 18:35:11,(2(0)-1678962911:932853),systemResources.MEMORY_USED,19201,7612572 KB
2023-03-16 18:35:11,(2(0)-1678962911:932858),systemResources.NON_VOLATILE_FREE,19203,50662332 KB
2023-03-16 18:35:11,(2(0)-1678962911:932859),systemResources.NON_VOLATILE_TOTAL,19202,102624184 KB
2023-03-16 18:35:11,(2(0)-1678962911:932860),systemResources.FRAMEWORK_VERSION,19221,v3.1.1-4-g91c578ee3
2023-03-16 18:35:11,(2(0)-1678962911:932861),systemResources.PROJECT_VERSION,19222,v3.1.1-4-g91c578ee3
2023-03-16 18:35:12,(2(0)-1678962912:932652),blockDrv.BD_Cycles,256,21
2023-03-16 18:35:13,(2(0)-1678962913:933407),blockDrv.BD_Cycles,256,22
2023-03-16 18:35:12,(2(0)-1678962912:932982),systemResources.CPU_00,19205,6.00 percent
2023-03-16 18:35:12,(2(0)-1678962912:933047),systemResources.CPU_01,19206,5.15 percent
2023-03-16 18:35:12,(2(0)-1678962912:933090),systemResources.CPU_02,19207,5.10 percent
2023-03-16 18:35:12,(2(0)-1678962912:933132),systemResources.CPU_03,19208,2.08 percent
2023-03-16 18:35:12,(2(0)-1678962912:933177),systemResources.CPU_04,19209,11.70 percent
2023-03-16 18:35:12,(2(0)-1678962912:933221),systemResources.CPU_05,19210,7.37 percent
2023-03-16 18:35:12,(2(0)-1678962912:933266),systemResources.CPU_06,19211,8.25 percent
2023-03-16 18:35:12,(2(0)-1678962912:933314),systemResources.CPU_07,19212,9.90 percent
2023-03-16 18:35:12,(2(0)-1678962912:933315),systemResources.CPU,19204,6.94 percent
2023-03-16 18:35:12,(2(0)-1678962912:933348),systemResources.MEMORY_TOTAL,19200,8117348 KB
2023-03-16 18:35:12,(2(0)-1678962912:933349),systemResources.MEMORY_USED,19201,7614556 KB
2023-03-16 18:35:12,(2(0)-1678962912:933357),systemResources.NON_VOLATILE_FREE,19203,50662524 KB
2023-03-16 18:35:12,(2(0)-1678962912:933357),systemResources.NON_VOLATILE_TOTAL,19202,102624184 KB
2023-03-16 18:35:12,(2(0)-1678962912:933359),systemResources.FRAMEWORK_VERSION,19221,v3.1.1-4-g91c578ee3
2023-03-16 18:35:12,(2(0)-1678962912:933361),systemResources.PROJECT_VERSION,19222,v3.1.1-4-g91c578ee3
2023-03-16 18:35:13,(2(0)-1678962913:933605),sendBuffComp.SendState,9732,SEND_IDLE
2023-03-16 18:35:13,(2(0)-1678962913:933862),systemResources.CPU_00,19205,3.06 percent
2023-03-16 18:35:13,(2(0)-1678962913:933973),systemResources.CPU_01,19206,4.08 percent
2023-03-16 18:35:13,(2(0)-1678962913:934072),systemResources.CPU_02,19207,8.16 percent
2023-03-16 18:35:13,(2(0)-1678962913:934167),systemResources.CPU_03,19208,3.03 percent
2023-03-16 18:35:13,(2(0)-1678962913:934261),systemResources.CPU_04,19209,11.11 percent
2023-03-16 18:35:13,(2(0)-1678962913:934353),systemResources.CPU_05,19210,2.04 percent
2023-03-16 18:35:13,(2(0)-1678962913:934443),systemResources.CPU_06,19211,3.06 percent
2023-03-16 18:35:13,(2(0)-1678962913:934532),systemResources.CPU_07,19212,3.00 percent
2023-03-16 18:35:13,(2(0)-1678962913:934534),systemResources.CPU,19204,4.69 percent
2023-03-16 18:35:13,(2(0)-1678962913:934597),systemResources.MEMORY_TOTAL,19200,8117348 KB
2023-03-16 18:35:13,(2(0)-1678962913:934600),systemResources.MEMORY_USED,19201,7609476 KB
2023-03-16 18:35:13,(2(0)-1678962913:934614),systemResources.NON_VOLATILE_FREE,19203,50662492 KB
2023-03-16 18:35:13,(2(0)-1678962913:934615),systemResources.NON_VOLATILE_TOTAL,19202,102624184 KB
2023-03-16 18:35:13,(2(0)-1678962913:934619),systemResources.FRAMEWORK_VERSION,19221,v3.1.1-4-g91c578ee3
2023-03-16 18:35:13,(2(0)-1678962913:934622),systemResources.PROJECT_VERSION,19222,v3.1.1-4-g91c578ee3
2023-03-16 18:35:14,(2(0)-1678962914:934197),blockDrv.BD_Cycles,256,23
2023-03-16 18:35:15,(2(0)-1678962915:934874),blockDrv.BD_Cycles,256,24
2023-03-16 18:35:15,(2(0)-1678962915:935361),systemResources.CPU_00,19205,4.04 percent
2023-03-16 18:35:14,(2(0)-1678962914:934524),systemResources.CPU_01,19206,4.00 percent
2023-03-16 18:35:14,(2(0)-1678962914:934558),systemResources.CPU_02,19207,2.00 percent
2023-03-16 18:35:14,(2(0)-1678962914:934590),systemResources.CPU_03,19208,0.00 percent
2023-03-16 18:35:14,(2(0)-1678962914:934623),systemResources.CPU_04,19209,7.14 percent
2023-03-16 18:35:14,(2(0)-1678962914:934656),systemResources.CPU_05,19210,4.08 percent
2023-03-16 18:35:14,(2(0)-1678962914:934690),systemResources.CPU_06,19211,7.00 percent
2023-03-16 18:35:14,(2(0)-1678962914:934728),systemResources.CPU_07,19212,6.25 percent
2023-03-16 18:35:14,(2(0)-1678962914:934728),systemResources.CPU,19204,3.94 percent
2023-03-16 18:35:14,(2(0)-1678962914:934756),systemResources.MEMORY_TOTAL,19200,8117348 KB
2023-03-16 18:35:14,(2(0)-1678962914:934757),systemResources.MEMORY_USED,19201,7609108 KB
2023-03-16 18:35:14,(2(0)-1678962914:934764),systemResources.NON_VOLATILE_FREE,19203,50662460 KB
2023-03-16 18:35:14,(2(0)-1678962914:934765),systemResources.NON_VOLATILE_TOTAL,19202,102624184 KB
2023-03-16 18:35:14,(2(0)-1678962914:934767),systemResources.FRAMEWORK_VERSION,19221,v3.1.1-4-g91c578ee3
2023-03-16 18:35:14,(2(0)-1678962914:934768),systemResources.PROJECT_VERSION,19222,v3.1.1-4-g91c578ee3
2023-03-16 18:35:15,(2(0)-1678962915:935347),sendBuffComp.SendState,9732,SEND_IDLE
2023-03-16 18:35:15,(2(0)-1678962915:935474),systemResources.CPU_01,19206,3.03 percent
2023-03-16 18:35:15,(2(0)-1678962915:935544),pingRcvr.PR_NumPings,2560,6
2023-03-16 18:35:15,(2(0)-1678962915:935584),systemResources.CPU_02,19207,2.06 percent
2023-03-16 18:35:15,(2(0)-1678962915:935572),rateGroup3Comp.RgMaxTime,1024,840 us
2023-03-16 18:35:15,(2(0)-1678962915:935687),systemResources.CPU_03,19208,3.00 percent
2023-03-16 18:35:15,(2(0)-1678962915:935780),systemResources.CPU_04,19209,9.09 percent
2023-03-16 18:35:15,(2(0)-1678962915:935873),systemResources.CPU_05,19210,4.08 percent
2023-03-16 18:35:15,(2(0)-1678962915:935963),systemResources.CPU_06,19211,2.02 percent
2023-03-16 18:35:15,(2(0)-1678962915:936437),systemResources.CPU_07,19212,3.96 percent
2023-03-16 18:35:15,(2(0)-1678962915:936442),systemResources.CPU,19204,3.91 percent
2023-03-16 18:35:15,(2(0)-1678962915:936517),systemResources.MEMORY_TOTAL,19200,8117348 KB
2023-03-16 18:35:15,(2(0)-1678962915:936520),systemResources.MEMORY_USED,19201,7610068 KB
2023-03-16 18:35:15,(2(0)-1678962915:936534),systemResources.NON_VOLATILE_FREE,19203,50662424 KB
2023-03-16 18:35:15,(2(0)-1678962915:936535),systemResources.NON_VOLATILE_TOTAL,19202,102624184 KB
2023-03-16 18:35:15,(2(0)-1678962915:936539),systemResources.FRAMEWORK_VERSION,19221,v3.1.1-4-g91c578ee3
2023-03-16 18:35:15,(2(0)-1678962915:936542),systemResources.PROJECT_VERSION,19222,v3.1.1-4-g91c578ee3
2023-03-16 18:35:16,(2(0)-1678962916:935902),blockDrv.BD_Cycles,256,25
2023-03-16 18:35:17,(2(0)-1678962917:936770),blockDrv.BD_Cycles,256,26
2023-03-16 18:35:16,(2(0)-1678962916:936794),systemResources.CPU_00,19205,4.08 percent
2023-03-16 18:35:16,(2(0)-1678962916:936895),systemResources.CPU_01,19206,4.04 percent
2023-03-16 18:35:16,(2(0)-1678962916:936986),systemResources.CPU_02,19207,5.15 percent
2023-03-16 18:35:16,(2(0)-1678962916:937076),systemResources.CPU_03,19208,1.03 percent
2023-03-16 18:35:16,(2(0)-1678962916:937166),systemResources.CPU_04,19209,6.06 percent
2023-03-16 18:35:16,(2(0)-1678962916:937256),systemResources.CPU_05,19210,5.10 percent
2023-03-16 18:35:16,(2(0)-1678962916:937346),systemResources.CPU_06,19211,1.01 percent
2023-03-16 18:35:16,(2(0)-1678962916:937438),systemResources.CPU_07,19212,0.00 percent
2023-03-16 18:35:16,(2(0)-1678962916:937440),systemResources.CPU,19204,3.31 percent
2023-03-16 18:35:16,(2(0)-1678962916:937504),systemResources.MEMORY_TOTAL,19200,8117348 KB
2023-03-16 18:35:16,(2(0)-1678962916:937506),systemResources.MEMORY_USED,19201,7611556 KB
2023-03-16 18:35:16,(2(0)-1678962916:937519),systemResources.NON_VOLATILE_FREE,19203,50662392 KB
2023-03-16 18:35:16,(2(0)-1678962916:937520),systemResources.NON_VOLATILE_TOTAL,19202,102624184 KB
2023-03-16 18:35:16,(2(0)-1678962916:937524),systemResources.FRAMEWORK_VERSION,19221,v3.1.1-4-g91c578ee3
2023-03-16 18:35:16,(2(0)-1678962916:937527),systemResources.PROJECT_VERSION,19222,v3.1.1-4-g91c578ee3
2023-03-16 18:35:17,(2(0)-1678962917:937023),sendBuffComp.SendState,9732,SEND_IDLE
2023-03-16 18:35:17,(2(0)-1678962917:937247),systemResources.CPU_00,19205,7.07 percent
2023-03-16 18:35:17,(2(0)-1678962917:937357),systemResources.CPU_01,19206,4.00 percent
2023-03-16 18:35:17,(2(0)-1678962917:937486),systemResources.CPU_02,19207,3.00 percent
2023-03-16 18:35:17,(2(0)-1678962917:937640),systemResources.CPU_03,19208,1.02 percent
2023-03-16 18:35:17,(2(0)-1678962917:937743),systemResources.CPU_04,19209,2.11 percent
2023-03-16 18:35:17,(2(0)-1678962917:937836),systemResources.CPU_05,19210,6.19 percent
2023-03-16 18:35:17,(2(0)-1678962917:937927),systemResources.CPU_06,19211,8.25 percent
2023-03-16 18:35:17,(2(0)-1678962917:938017),systemResources.CPU_07,19212,5.00 percent
2023-03-16 18:35:17,(2(0)-1678962917:938019),systemResources.CPU,19204,4.58 percent
2023-03-16 18:35:17,(2(0)-1678962917:938084),systemResources.MEMORY_TOTAL,19200,8117348 KB
2023-03-16 18:35:17,(2(0)-1678962917:938086),systemResources.MEMORY_USED,19201,7611556 KB
2023-03-16 18:35:17,(2(0)-1678962917:938100),systemResources.NON_VOLATILE_FREE,19203,50662520 KB
2023-03-16 18:35:17,(2(0)-1678962917:938101),systemResources.NON_VOLATILE_TOTAL,19202,102624184 KB
2023-03-16 18:35:17,(2(0)-1678962917:938105),systemResources.FRAMEWORK_VERSION,19221,v3.1.1-4-g91c578ee3
2023-03-16 18:35:17,(2(0)-1678962917:938109),systemResources.PROJECT_VERSION,19222,v3.1.1-4-g91c578ee3
2023-03-16 18:35:18,(2(0)-1678962918:937016),blockDrv.BD_Cycles,256,27
2023-03-16 18:35:18,(2(0)-1678962918:816199),cmdDisp.CommandsDispatched,1280,1
2023-03-16 18:35:18,(2(0)-1678962918:816252),getEnvData.mDSSData,19968,{'stateFlag_A': 0, 'stateFlag_B': 1, 'royaw': 0.33203125, 'piyaw': 0.33203125, 'flgSP': 0}
2023-03-16 18:35:18,(2(0)-1678962918:816255),getEnvData.mThrDistribute,19969,{'flagABChoose': 204, 'wPulse': 0, 'stateFlag': 1}
2023-03-16 18:35:18,(2(0)-1678962918:816286),processInData.angle1,20480,0.0
2023-03-16 18:35:18,(2(0)-1678962918:816287),processInData.angle2,20481,0.0
2023-03-16 18:35:18,(2(0)-1678962918:816287),processInData.rate1,20483,-0.5549551248550415
2023-03-16 18:35:18,(2(0)-1678962918:816288),processInData.rate2,20484,-0.18847133219242096
2023-03-16 18:35:18,(2(0)-1678962918:816288),processInData.rate3,20485,1.386704444885254
2023-03-16 18:35:18,(2(0)-1678962918:816290),processOutData.MODE,20736,SAM_DAMP
2023-03-16 18:35:19,(2(0)-1678962919:937241),blockDrv.BD_Cycles,256,28
2023-03-16 18:35:18,(2(0)-1678962918:937280),systemResources.CPU_00,19205,2.04 percent
2023-03-16 18:35:18,(2(0)-1678962918:937318),systemResources.CPU_01,19206,3.06 percent
2023-03-16 18:35:18,(2(0)-1678962918:937351),systemResources.CPU_02,19207,11.34 percent
2023-03-16 18:35:18,(2(0)-1678962918:937382),systemResources.CPU_03,19208,4.08 percent
2023-03-16 18:35:18,(2(0)-1678962918:937414),systemResources.CPU_04,19209,2.06 percent
2023-03-16 18:35:18,(2(0)-1678962918:937446),systemResources.CPU_05,19210,5.05 percent
2023-03-16 18:35:18,(2(0)-1678962918:937741),systemResources.CPU_06,19211,7.07 percent
2023-03-16 18:35:18,(2(0)-1678962918:937787),systemResources.CPU_07,19212,2.11 percent
2023-03-16 18:35:18,(2(0)-1678962918:937788),systemResources.CPU,19204,4.60 percent
2023-03-16 18:35:18,(2(0)-1678962918:937813),systemResources.MEMORY_TOTAL,19200,8117348 KB
2023-03-16 18:35:18,(2(0)-1678962918:937814),systemResources.MEMORY_USED,19201,7621080 KB
2023-03-16 18:35:18,(2(0)-1678962918:937819),systemResources.NON_VOLATILE_FREE,19203,50662472 KB
2023-03-16 18:35:18,(2(0)-1678962918:937820),systemResources.NON_VOLATILE_TOTAL,19202,102624184 KB
2023-03-16 18:35:18,(2(0)-1678962918:937821),systemResources.FRAMEWORK_VERSION,19221,v3.1.1-4-g91c578ee3
2023-03-16 18:35:18,(2(0)-1678962918:937822),systemResources.PROJECT_VERSION,19222,v3.1.1-4-g91c578ee3
2023-03-16 18:35:19,(2(0)-1678962919:19834),doActions.ACTIONS,19456,{'thrDistribute': 1, 'protectFromSunlight': 0}
2023-03-16 18:35:19,(2(0)-1678962919:19838),doActions.PARAMETER,19457,{'wPulse': 20}
