Hit Ctrl-C to quit
EVENT: (1280) (2:1678967754,932317) DIAGNOSTIC: (cmdDisp) OpCodeRegistered : Opcode 0x2100 registered to port 0 slot 0
EVENT: (1280) (2:1678967754,932395) DIAGNOSTIC: (cmdDisp) OpCodeRegistered : Opcode 0x2101 registered to port 0 slot 1
EVENT: (1280) (2:1678967754,932412) DIAGNOSTIC: (cmdDisp) OpCodeRegistered : Opcode 0x2102 registered to port 0 slot 2
EVENT: (1280) (2:1678967754,932421) DIAGNOSTIC: (cmdDisp) OpCodeRegistered : Opcode 0x2200 registered to port 1 slot 3
EVENT: (1280) (2:1678967754,932429) DIAGNOSTIC: (cmdDisp) OpCodeRegistered : Opcode 0x2201 registered to port 1 slot 4
EVENT: (1280) (2:1678967754,932436) DIAGNOSTIC: (cmdDisp) OpCodeRegistered : Opcode 0x2202 registered to port 1 slot 5
EVENT: (1280) (2:1678967754,932443) DIAGNOSTIC: (cmdDisp) OpCodeRegistered : Opcode 0x2300 registered to port 2 slot 6
EVENT: (1280) (2:1678967754,932450) DIAGNOSTIC: (cmdDisp) OpCodeRegistered : Opcode 0x2301 registered to port 2 slot 7
EVENT: (1280) (2:1678967754,932458) DIAGNOSTIC: (cmdDisp) OpCodeRegistered : Opcode 0x2302 registered to port 2 slot 8
EVENT: (1280) (2:1678967754,932465) DIAGNOSTIC: (cmdDisp) OpCodeRegistered : Opcode 0x2400 registered to port 3 slot 9
EVENT: (1280) (2:1678967754,932473) DIAGNOSTIC: (cmdDisp) OpCodeRegistered : Opcode 0x2401 registered to port 3 slot 10
EVENT: (1280) (2:1678967754,932480) DIAGNOSTIC: (cmdDisp) OpCodeRegistered : Opcode 0x2402 registered to port 3 slot 11
EVENT: (1280) (2:1678967754,932488) DIAGNOSTIC: (cmdDisp) OpCodeRegistered : Opcode 0x2500 registered to port 4 slot 12
EVENT: (1280) (2:1678967754,932495) DIAGNOSTIC: (cmdDisp) OpCodeRegistered : Opcode 0x2501 registered to port 4 slot 13
EVENT: (1280) (2:1678967754,932503) DIAGNOSTIC: (cmdDisp) OpCodeRegistered : Opcode 0x2502 registered to port 4 slot 14
EVENT: (1280) (2:1678967754,932510) DIAGNOSTIC: (cmdDisp) OpCodeRegistered : Opcode 0x500 registered to port 5 slot 15
EVENT: (1280) (2:1678967754,932518) DIAGNOSTIC: (cmdDisp) OpCodeRegistered : Opcode 0x501 registered to port 5 slot 16
EVENT: (1280) (2:1678967754,932525) DIAGNOSTIC: (cmdDisp) OpCodeRegistered : Opcode 0x502 registered to port 5 slot 17
EVENT: (1280) (2:1678967754,932532) DIAGNOSTIC: (cmdDisp) OpCodeRegistered : Opcode 0x503 registered to port 5 slot 18
EVENT: (1280) (2:1678967754,932540) DIAGNOSTIC: (cmdDisp) OpCodeRegistered : Opcode 0x600 registered to port 6 slot 19
EVENT: (1280) (2:1678967754,932548) DIAGNOSTIC: (cmdDisp) OpCodeRegistered : Opcode 0x601 registered to port 6 slot 20
EVENT: (1280) (2:1678967754,932555) DIAGNOSTIC: (cmdDisp) OpCodeRegistered : Opcode 0x602 registered to port 6 slot 21
EVENT: (1280) (2:1678967754,932562) DIAGNOSTIC: (cmdDisp) OpCodeRegistered : Opcode 0x603 registered to port 6 slot 22
EVENT: (1280) (2:1678967754,932569) DIAGNOSTIC: (cmdDisp) OpCodeRegistered : Opcode 0x604 registered to port 6 slot 23
EVENT: (1280) (2:1678967754,932577) DIAGNOSTIC: (cmdDisp) OpCodeRegistered : Opcode 0x605 registered to port 6 slot 24
EVENT: (1280) (2:1678967754,932584) DIAGNOSTIC: (cmdDisp) OpCodeRegistered : Opcode 0x606 registered to port 6 slot 25
EVENT: (1280) (2:1678967754,932592) DIAGNOSTIC: (cmdDisp) OpCodeRegistered : Opcode 0x607 registered to port 6 slot 26
EVENT: (1280) (2:1678967754,932599) DIAGNOSTIC: (cmdDisp) OpCodeRegistered : Opcode 0xe00 registered to port 7 slot 27
EVENT: (1280) (2:1678967754,932607) DIAGNOSTIC: (cmdDisp) OpCodeRegistered : Opcode 0xe01 registered to port 7 slot 28
EVENT: (1280) (2:1678967754,932615) DIAGNOSTIC: (cmdDisp) OpCodeRegistered : Opcode 0xb00 registered to port 8 slot 29
EVENT: (1280) (2:1678967754,932622) DIAGNOSTIC: (cmdDisp) OpCodeRegistered : Opcode 0xb02 registered to port 8 slot 30
EVENT: (1280) (2:1678967754,932629) DIAGNOSTIC: (cmdDisp) OpCodeRegistered : Opcode 0xb03 registered to port 8 slot 31
EVENT: (1280) (2:1678967754,932637) DIAGNOSTIC: (cmdDisp) OpCodeRegistered : Opcode 0x700 registered to port 9 slot 32
EVENT: (1280) (2:1678967754,932644) DIAGNOSTIC: (cmdDisp) OpCodeRegistered : Opcode 0x701 registered to port 9 slot 33
EVENT: (1280) (2:1678967754,932652) DIAGNOSTIC: (cmdDisp) OpCodeRegistered : Opcode 0x702 registered to port 9 slot 34
EVENT: (1280) (2:1678967754,932669) DIAGNOSTIC: (cmdDisp) OpCodeRegistered : Opcode 0x800 registered to port 10 slot 35
EVENT: (1280) (2:1678967754,932677) DIAGNOSTIC: (cmdDisp) OpCodeRegistered : Opcode 0x801 registered to port 10 slot 36
EVENT: (1280) (2:1678967754,932685) DIAGNOSTIC: (cmdDisp) OpCodeRegistered : Opcode 0x802 registered to port 10 slot 37
EVENT: (1280) (2:1678967754,932694) DIAGNOSTIC: (cmdDisp) OpCodeRegistered : Opcode 0x803 registered to port 10 slot 38
EVENT: (1280) (2:1678967754,932701) DIAGNOSTIC: (cmdDisp) OpCodeRegistered : Opcode 0x804 registered to port 10 slot 39
EVENT: (1280) (2:1678967754,932709) DIAGNOSTIC: (cmdDisp) OpCodeRegistered : Opcode 0x805 registered to port 10 slot 40
EVENT: (1280) (2:1678967754,932717) DIAGNOSTIC: (cmdDisp) OpCodeRegistered : Opcode 0x2000 registered to port 11 slot 41
EVENT: (1280) (2:1678967754,932724) DIAGNOSTIC: (cmdDisp) OpCodeRegistered : Opcode 0x2001 registered to port 11 slot 42
EVENT: (1280) (2:1678967754,932733) DIAGNOSTIC: (cmdDisp) OpCodeRegistered : Opcode 0x2002 registered to port 11 slot 43
EVENT: (1280) (2:1678967754,932741) DIAGNOSTIC: (cmdDisp) OpCodeRegistered : Opcode 0xa00 registered to port 12 slot 44
EVENT: (1280) (2:1678967754,932748) DIAGNOSTIC: (cmdDisp) OpCodeRegistered : Opcode 0xd00 registered to port 13 slot 45
EVENT: (1280) (2:1678967754,932756) DIAGNOSTIC: (cmdDisp) OpCodeRegistered : Opcode 0x4700 registered to port 14 slot 46
EVENT: (1280) (2:1678967754,932764) DIAGNOSTIC: (cmdDisp) OpCodeRegistered : Opcode 0x4701 registered to port 14 slot 47
EVENT: (1280) (2:1678967754,932771) DIAGNOSTIC: (cmdDisp) OpCodeRegistered : Opcode 0x4702 registered to port 14 slot 48
EVENT: (1280) (2:1678967754,932779) DIAGNOSTIC: (cmdDisp) OpCodeRegistered : Opcode 0x4703 registered to port 14 slot 49
EVENT: (1280) (2:1678967754,932787) DIAGNOSTIC: (cmdDisp) OpCodeRegistered : Opcode 0x2600 registered to port 15 slot 50
EVENT: (1280) (2:1678967754,932795) DIAGNOSTIC: (cmdDisp) OpCodeRegistered : Opcode 0x2601 registered to port 15 slot 51
EVENT: (1280) (2:1678967754,932802) DIAGNOSTIC: (cmdDisp) OpCodeRegistered : Opcode 0x2602 registered to port 15 slot 52
EVENT: (1280) (2:1678967754,932809) DIAGNOSTIC: (cmdDisp) OpCodeRegistered : Opcode 0x2603 registered to port 15 slot 53
EVENT: (1280) (2:1678967754,932816) DIAGNOSTIC: (cmdDisp) OpCodeRegistered : Opcode 0x260a registered to port 15 slot 54
EVENT: (1280) (2:1678967754,932824) DIAGNOSTIC: (cmdDisp) OpCodeRegistered : Opcode 0x260b registered to port 15 slot 55
EVENT: (1280) (2:1678967754,932831) DIAGNOSTIC: (cmdDisp) OpCodeRegistered : Opcode 0x260c registered to port 15 slot 56
EVENT: (1280) (2:1678967754,932839) DIAGNOSTIC: (cmdDisp) OpCodeRegistered : Opcode 0x260d registered to port 15 slot 57
EVENT: (1280) (2:1678967754,932847) DIAGNOSTIC: (cmdDisp) OpCodeRegistered : Opcode 0x4b00 registered to port 16 slot 58
EVENT: (1280) (2:1678967754,932854) DIAGNOSTIC: (cmdDisp) OpCodeRegistered : Opcode 0x4b01 registered to port 16 slot 59
EVENT: (3335) (2:1678967754,932909) ACTIVITY_HI: (prmDb) PrmFileLoadComplete : Parameter file load completed. Read 4 records.
EVENT: (3328) (2:1678967754,932933) WARNING_LO: (prmDb) PrmIdNotFound : Parameter ID 0x4700 not found
EVENT: (3328) (2:1678967754,932952) WARNING_LO: (prmDb) PrmIdNotFound : Parameter ID 0x4701 not found
EVENT: (3328) (2:1678967754,932962) WARNING_LO: (prmDb) PrmIdNotFound : Parameter ID 0x2600 not found
EVENT: (3328) (2:1678967754,932970) WARNING_LO: (prmDb) PrmIdNotFound : Parameter ID 0x2601 not found
[WARNING] High task priority of 140 being clamped to 99
pthread_create: Insufficient permissions to create thread. May not set thread priority without permission. Operation not permitted
[WARNING] Insufficient Permissions:
[WARNING] Insufficient permissions to set task priority or set task CPU affinity on task TP_blockDrv. Creating task without priority nor affinity.
[WARNING] Please use no-argument <component>.start() calls, set priority/affinity to TASK_DEFAULT or ensure user has correct permissions for operating system.
[WARNING]      Note: future releases of fprime will fail when setting priority/affinity without sufficient permissions 

[WARNING] Task priority set and permissions unavailable. Discarding priority.
pthread_create: Insufficient permissions to create thread. May not set thread priority without permission. Operation not permitted
[WARNING] Insufficient Permissions:
[WARNING] Insufficient permissions to set task priority or set task CPU affinity on task TP_chanTlm. Creating task without priority nor affinity.
[WARNING] Please use no-argument <component>.start() calls, set priority/affinity to TASK_DEFAULT or ensure user has correct permissions for operating system.
[WARNING]      Note: future releases of fprime will fail when setting priority/affinity without sufficient permissions 

[WARNING] Task priority set and permissions unavailable. Discarding priority.
[WARNING] High task priority of 101 being clamped to 99
pthread_create: Insufficient permissions to create thread. May not set thread priority without permission. Operation not permitted
[WARNING] Insufficient Permissions:
[WARNING] Insufficient permissions to set task priority or set task CPU affinity on task TP_cmdDisp. Creating task without priority nor affinity.
[WARNING] Please use no-argument <component>.start() calls, set priority/affinity to TASK_DEFAULT or ensure user has correct permissions for operating system.
[WARNING]      Note: future releases of fprime will fail when setting priority/affinity without sufficient permissions 

[WARNING] Task priority set and permissions unavailable. Discarding priority.
[WARNING] High task priority of 100 being clamped to 99
pthread_create: Insufficient permissions to create thread. May not set thread priority without permission. Operation not permitted
[WARNING] Insufficient Permissions:
[WARNING] Insufficient permissions to set task priority or set task CPU affinity on task TP_cmdSeq. Creating task without priority nor affinity.
[WARNING] Please use no-argument <component>.start() calls, set priority/affinity to TASK_DEFAULT or ensure user has correct permissions for operating system.
[WARNING]      Note: future releases of fprime will fail when setting priority/affinity without sufficient permissions 

[WARNING] Task priority set and permissions unavailable. Discarding priority.
[WARNING] High task priority of 100 being clamped to 99
pthread_create: Insufficient permissions to create thread. May not set thread priority without permission. Operation not permitted
[WARNING] Insufficient Permissions:
[WARNING] Insufficient permissions to set task priority or set task CPU affinity on task TP_ReceiveTask. Creating task without priority nor affinity.
[WARNING] Please use no-argument <component>.start() calls, set priority/affinity to TASK_DEFAULT or ensure user has correct permissions for operating system.
[WARNING]      Note: future releases of fprime will fail when setting priority/affinity without sufficient permissions 

[WARNING] Task priority set and permissions unavailable. Discarding priority.
[WARNING] High task priority of 100 being clamped to 99
pthread_create: Insufficient permissions to create thread. May not set thread priority without permission. Operation not permitted
[WARNING] Insufficient Permissions:
[WARNING] Insufficient permissions to set task priority or set task CPU affinity on task TP_control. Creating task without priority nor affinity.
[WARNING] Please use no-argument <component>.start() calls, set priority/affinity to TASK_DEFAULT or ensure user has correct permissions for operating system.
[WARNING]      Note: future releases of fprime will fail when setting priority/affinity without sufficient permissions 

[WARNING] Task priority set and permissions unavailable. Discarding priority.
Connected to 0.0.0.0:50000 as a tcp client
pthread_create: Insufficient permissions to create thread. May not set thread priority without permission. Operation not permitted
[WARNING] Insufficient Permissions:
[WARNING] Insufficient permissions to set task priority or set task CPU affinity on task TP_eventLogger. Creating task without priority nor affinity.
[WARNING] Please use no-argument <component>.start() calls, set priority/affinity to TASK_DEFAULT or ensure user has correct permissions for operating system.
[WARNING]      Note: future releases of fprime will fail when setting priority/affinity without sufficient permissions 

[WARNING] Task priority set and permissions unavailable. Discarding priority.
[WARNING] High task priority of 100 being clamped to 99
pthread_create: Insufficient permissions to create thread. May not set thread priority without permission. Operation not permitted
[WARNING] Insufficient Permissions:
[WARNING] Insufficient permissions to set task priority or set task CPU affinity on task TP_fileDownlink. Creating task without priority nor affinity.
[WARNING] Please use no-argument <component>.start() calls, set priority/affinity to TASK_DEFAULT or ensure user has correct permissions for operating system.
[WARNING]      Note: future releases of fprime will fail when setting priority/affinity without sufficient permissions 

[WARNING] Task priority set and permissions unavailable. Discarding priority.
[WARNING] High task priority of 100 being clamped to 99
pthread_create: Insufficient permissions to create thread. May not set thread priority without permission. Operation not permitted
[WARNING] Insufficient Permissions:
[WARNING] Insufficient permissions to set task priority or set task CPU affinity on task TP_fileManager. Creating task without priority nor affinity.
[WARNING] Please use no-argument <component>.start() calls, set priority/affinity to TASK_DEFAULT or ensure user has correct permissions for operating system.
[WARNING]      Note: future releases of fprime will fail when setting priority/affinity without sufficient permissions 

[WARNING] Task priority set and permissions unavailable. Discarding priority.
[WARNING] High task priority of 100 being clamped to 99
pthread_create: Insufficient permissions to create thread. May not set thread priority without permission. Operation not permitted
[WARNING] Insufficient Permissions:
[WARNING] Insufficient permissions to set task priority or set task CPU affinity on task TP_fileUplink. Creating task without priority nor affinity.
[WARNING] Please use no-argument <component>.start() calls, set priority/affinity to TASK_DEFAULT or ensure user has correct permissions for operating system.
[WARNING]      Note: future releases of fprime will fail when setting priority/affinity without sufficient permissions 

[WARNING] Task priority set and permissions unavailable. Discarding priority.
[WARNING] High task priority of 100 being clamped to 99
pthread_create: Insufficient permissions to create thread. May not set thread priority without permission. Operation not permitted
[WARNING] Insufficient Permissions:
[WARNING] Insufficient permissions to set task priority or set task CPU affinity on task TP_pingRcvr. Creating task without priority nor affinity.
[WARNING] Please use no-argument <component>.start() calls, set priority/affinity to TASK_DEFAULT or ensure user has correct permissions for operating system.
[WARNING]      Note: future releases of fprime will fail when setting priority/affinity without sufficient permissions 

[WARNING] Task priority set and permissions unavailable. Discarding priority.
pthread_create: Insufficient permissions to create thread. May not set thread priority without permission. Operation not permitted
[WARNING] Insufficient Permissions:
[WARNING] Insufficient permissions to set task priority or set task CPU affinity on task TP_prmDb. Creating task without priority nor affinity.
[WARNING] Please use no-argument <component>.start() calls, set priority/affinity to TASK_DEFAULT or ensure user has correct permissions for operating system.
[WARNING]      Note: future releases of fprime will fail when setting priority/affinity without sufficient permissions 

[WARNING] Task priority set and permissions unavailable. Discarding priority.
[WARNING] High task priority of 120 being clamped to 99
pthread_create: Insufficient permissions to create thread. May not set thread priority without permission. Operation not permitted
[WARNING] Insufficient Permissions:
[WARNING] Insufficient permissions to set task priority or set task CPU affinity on task TP_rateGroup1Comp. Creating task without priority nor affinity.
[WARNING] Please use no-argument <component>.start() calls, set priority/affinity to TASK_DEFAULT or ensure user has correct permissions for operating system.
[WARNING]      Note: future releases of fprime will fail when setting priority/affinity without sufficient permissions 

[WARNING] Task priority set and permissions unavailable. Discarding priority.
[WARNING] High task priority of 119 being clamped to 99
EVENT: (512) (2:1678967754,936968) DIAGNOSTIC: (rateGroup1Comp) RateGroupStarted : Rate group started.
pthread_create: Insufficient permissions to create thread. May not set thread priority without permission. Operation not permitted
[WARNING] Insufficient Permissions:
[WARNING] Insufficient permissions to set task priority or set task CPU affinity on task TP_rateGroup2Comp. Creating task without priority nor affinity.
[WARNING] Please use no-argument <component>.start() calls, set priority/affinity to TASK_DEFAULT or ensure user has correct permissions for operating system.
[WARNING]      Note: future releases of fprime will fail when setting priority/affinity without sufficient permissions 

[WARNING] Task priority set and permissions unavailable. Discarding priority.
[WARNING] High task priority of 118 being clamped to 99
EVENT: (768) (2:1678967754,937278) DIAGNOSTIC: (rateGroup2Comp) RateGroupStarted : Rate group started.
pthread_create: Insufficient permissions to create thread. May not set thread priority without permission. Operation not permitted
[WARNING] Insufficient Permissions:
[WARNING] Insufficient permissions to set task priority or set task CPU affinity on task TP_rateGroup3Comp. Creating task without priority nor affinity.
[WARNING] Please use no-argument <component>.start() calls, set priority/affinity to TASK_DEFAULT or ensure user has correct permissions for operating system.
[WARNING]      Note: future releases of fprime will fail when setting priority/affinity without sufficient permissions 

[WARNING] Task priority set and permissions unavailable. Discarding priority.
EVENT: (1024) (2:1678967754,937391) DIAGNOSTIC: (rateGroup3Comp) RateGroupStarted : Rate group started.
EVENT: (1281) (2:1678967772,450489) COMMAND: (cmdDisp) OpCodeDispatched : Opcode 0xe00 dispatched to port 7
EVENT: (3584) (2:1678967772,450510) ACTIVITY_LO: (control) START_CONTROL : start control
EVENT: (9985) (2:1678967772,834330) ACTIVITY_LO: (thrDistribute) DOTHRUSTER : DO Thruster
EVENT: (9984) (2:1678967772,834418) ACTIVITY_LO: (thrDistribute) THRUSTER : Thruster 3 jet
EVENT: (9984) (2:1678967772,834436) ACTIVITY_LO: (thrDistribute) THRUSTER : Thruster 4 jet
EVENT: (9985) (2:1678967773,862994) ACTIVITY_LO: (thrDistribute) DOTHRUSTER : DO Thruster
EVENT: (9985) (2:1678967774,891605) ACTIVITY_LO: (thrDistribute) DOTHRUSTER : DO Thruster
EVENT: (9985) (2:1678967775,918400) ACTIVITY_LO: (thrDistribute) DOTHRUSTER : DO Thruster
EVENT: (9985) (2:1678967776,947976) ACTIVITY_LO: (thrDistribute) DOTHRUSTER : DO Thruster
EVENT: (9985) (2:1678967777,975907) ACTIVITY_LO: (thrDistribute) DOTHRUSTER : DO Thruster
EVENT: (9985) (2:1678967779,5379) ACTIVITY_LO: (thrDistribute) DOTHRUSTER : DO Thruster
EVENT: (9985) (2:1678967780,31896) ACTIVITY_LO: (thrDistribute) DOTHRUSTER : DO Thruster
EVENT: (9985) (2:1678967781,60424) ACTIVITY_LO: (thrDistribute) DOTHRUSTER : DO Thruster
EVENT: (9985) (2:1678967782,87614) ACTIVITY_LO: (thrDistribute) DOTHRUSTER : DO Thruster
EVENT: (9985) (2:1678967783,114350) ACTIVITY_LO: (thrDistribute) DOTHRUSTER : DO Thruster
EVENT: (9985) (2:1678967784,141099) ACTIVITY_LO: (thrDistribute) DOTHRUSTER : DO Thruster
EVENT: (9985) (2:1678967785,167604) ACTIVITY_LO: (thrDistribute) DOTHRUSTER : DO Thruster
EVENT: (9985) (2:1678967786,195831) ACTIVITY_LO: (thrDistribute) DOTHRUSTER : DO Thruster
EVENT: (9985) (2:1678967787,224222) ACTIVITY_LO: (thrDistribute) DOTHRUSTER : DO Thruster
EVENT: (9985) (2:1678967788,251968) ACTIVITY_LO: (thrDistribute) DOTHRUSTER : DO Thruster
EVENT: (9985) (2:1678967789,409020) ACTIVITY_LO: (thrDistribute) DOTHRUSTER : DO Thruster
EVENT: (9985) (2:1678967791,465695) ACTIVITY_LO: (thrDistribute) DOTHRUSTER : DO Thruster
EVENT: (9985) (2:1678967792,494472) ACTIVITY_LO: (thrDistribute) DOTHRUSTER : DO Thruster
EVENT: (9985) (2:1678967794,548771) ACTIVITY_LO: (thrDistribute) DOTHRUSTER : DO Thruster
EVENT: (9985) (2:1678967795,575546) ACTIVITY_LO: (thrDistribute) DOTHRUSTER : DO Thruster
EVENT: (9985) (2:1678967796,602312) ACTIVITY_LO: (thrDistribute) DOTHRUSTER : DO Thruster
EVENT: (9985) (2:1678967797,500982) ACTIVITY_LO: (thrDistribute) DOTHRUSTER : DO Thruster
EVENT: (9985) (2:1678967798,657430) ACTIVITY_LO: (thrDistribute) DOTHRUSTER : DO Thruster
EVENT: (9985) (2:1678967799,683581) ACTIVITY_LO: (thrDistribute) DOTHRUSTER : DO Thruster
EVENT: (9985) (2:1678967800,711658) ACTIVITY_LO: (thrDistribute) DOTHRUSTER : DO Thruster
EVENT: (9985) (2:1678967801,739724) ACTIVITY_LO: (thrDistribute) DOTHRUSTER : DO Thruster
EVENT: (9985) (2:1678967802,767298) ACTIVITY_LO: (thrDistribute) DOTHRUSTER : DO Thruster
EVENT: (9985) (2:1678967803,795399) ACTIVITY_LO: (thrDistribute) DOTHRUSTER : DO Thruster
EVENT: (9985) (2:1678967805,851669) ACTIVITY_LO: (thrDistribute) DOTHRUSTER : DO Thruster
EVENT: (9985) (2:1678967806,878952) ACTIVITY_LO: (thrDistribute) DOTHRUSTER : DO Thruster
EVENT: (9985) (2:1678967807,906783) ACTIVITY_LO: (thrDistribute) DOTHRUSTER : DO Thruster
EVENT: (9985) (2:1678967808,936241) ACTIVITY_LO: (thrDistribute) DOTHRUSTER : DO Thruster
EVENT: (9985) (2:1678967809,965012) ACTIVITY_LO: (thrDistribute) DOTHRUSTER : DO Thruster
EVENT: (9985) (2:1678967810,992893) ACTIVITY_LO: (thrDistribute) DOTHRUSTER : DO Thruster
EVENT: (9985) (2:1678967813,46644) ACTIVITY_LO: (thrDistribute) DOTHRUSTER : DO Thruster
EVENT: (9985) (2:1678967814,73692) ACTIVITY_LO: (thrDistribute) DOTHRUSTER : DO Thruster
EVENT: (9985) (2:1678967816,129353) ACTIVITY_LO: (thrDistribute) DOTHRUSTER : DO Thruster
EVENT: (9985) (2:1678967817,156750) ACTIVITY_LO: (thrDistribute) DOTHRUSTER : DO Thruster
EVENT: (9985) (2:1678967818,183024) ACTIVITY_LO: (thrDistribute) DOTHRUSTER : DO Thruster
EVENT: (9985) (2:1678967820,237539) ACTIVITY_LO: (thrDistribute) DOTHRUSTER : DO Thruster
EVENT: (9985) (2:1678967821,264779) ACTIVITY_LO: (thrDistribute) DOTHRUSTER : DO Thruster
EVENT: (9985) (2:1678967823,320725) ACTIVITY_LO: (thrDistribute) DOTHRUSTER : DO Thruster
EVENT: (9985) (2:1678967824,348745) ACTIVITY_LO: (thrDistribute) DOTHRUSTER : DO Thruster
EVENT: (9985) (2:1678967825,376346) ACTIVITY_LO: (thrDistribute) DOTHRUSTER : DO Thruster
EVENT: (9985) (2:1678967826,402924) ACTIVITY_LO: (thrDistribute) DOTHRUSTER : DO Thruster
EVENT: (9985) (2:1678967827,431756) ACTIVITY_LO: (thrDistribute) DOTHRUSTER : DO Thruster
EVENT: (9985) (2:1678967828,460535) ACTIVITY_LO: (thrDistribute) DOTHRUSTER : DO Thruster
EVENT: (9985) (2:1678967830,517667) ACTIVITY_LO: (thrDistribute) DOTHRUSTER : DO Thruster
EVENT: (9985) (2:1678967831,543095) ACTIVITY_LO: (thrDistribute) DOTHRUSTER : DO Thruster
EVENT: (9985) (2:1678967832,571337) ACTIVITY_LO: (thrDistribute) DOTHRUSTER : DO Thruster
EVENT: (9985) (2:1678967833,601194) ACTIVITY_LO: (thrDistribute) DOTHRUSTER : DO Thruster
EVENT: (9985) (2:1678967834,628891) ACTIVITY_LO: (thrDistribute) DOTHRUSTER : DO Thruster
EVENT: (9985) (2:1678967835,656001) ACTIVITY_LO: (thrDistribute) DOTHRUSTER : DO Thruster
EVENT: (9985) (2:1678967836,684079) ACTIVITY_LO: (thrDistribute) DOTHRUSTER : DO Thruster
EVENT: (9985) (2:1678967837,711898) ACTIVITY_LO: (thrDistribute) DOTHRUSTER : DO Thruster
EVENT: (9985) (2:1678967838,738767) ACTIVITY_LO: (thrDistribute) DOTHRUSTER : DO Thruster
EVENT: (9985) (2:1678967839,765690) ACTIVITY_LO: (thrDistribute) DOTHRUSTER : DO Thruster
[WARNING] Failed to recv from port with status -8 and errno 0
