2023-03-16 16:34:16,(2(0)-1678955656:928307),blockDrv.BD_Cycles,256,2
2023-03-16 16:34:15,(2(0)-1678955655:921294),systemResources.CPU_01,19206,0.00 percent
2023-03-16 16:34:15,(2(0)-1678955655:921386),systemResources.CPU_02,19207,0.00 percent
2023-03-16 16:34:15,(2(0)-1678955655:921476),systemResources.CPU_03,19208,0.99 percent
2023-03-16 16:34:15,(2(0)-1678955655:921566),systemResources.CPU_04,19209,3.92 percent
2023-03-16 16:34:15,(2(0)-1678955655:921656),systemResources.CPU_05,19210,0.00 percent
2023-03-16 16:34:15,(2(0)-1678955655:921745),systemResources.CPU_06,19211,2.00 percent
2023-03-16 16:34:15,(2(0)-1678955655:921835),systemResources.CPU_07,19212,0.99 percent
2023-03-16 16:34:15,(2(0)-1678955655:921837),systemResources.CPU,19204,1.24 percent
2023-03-16 16:34:15,(2(0)-1678955655:921899),systemResources.MEMORY_TOTAL,19200,8117348 KB
2023-03-16 16:34:15,(2(0)-1678955655:921901),systemResources.MEMORY_USED,19201,7728576 KB
2023-03-16 16:34:15,(2(0)-1678955655:921916),systemResources.NON_VOLATILE_FREE,19203,50728588 KB
2023-03-16 16:34:15,(2(0)-1678955655:921917),systemResources.NON_VOLATILE_TOTAL,19202,102624184 KB
2023-03-16 16:34:15,(2(0)-1678955655:921921),systemResources.FRAMEWORK_VERSION,19221,v3.1.1-4-g91c578ee3
2023-03-16 16:34:15,(2(0)-1678955655:921924),systemResources.PROJECT_VERSION,19222,v3.1.1-4-g91c578ee3
2023-03-16 16:34:15,(2(0)-1678955655:921928),rateGroup1Comp.RgMaxTime,512,1542 us
2023-03-16 16:34:16,(2(0)-1678955656:928659),sendBuffComp.SendState,9732,SEND_IDLE
2023-03-16 16:34:16,(2(0)-1678955656:928672),rateGroup2Comp.RgMaxTime,768,412 us
2023-03-16 16:34:16,(2(0)-1678955656:928724),systemResources.CPU_00,19205,0.00 percent
2023-03-16 16:34:16,(2(0)-1678955656:928817),systemResources.CPU_01,19206,0.00 percent
2023-03-16 16:34:16,(2(0)-1678955656:928900),systemResources.CPU_02,19207,2.00 percent
2023-03-16 16:34:16,(2(0)-1678955656:928981),systemResources.CPU_03,19208,2.00 percent
2023-03-16 16:34:16,(2(0)-1678955656:929063),systemResources.CPU_04,19209,28.00 percent
2023-03-16 16:34:16,(2(0)-1678955656:929143),systemResources.CPU_05,19210,1.98 percent
2023-03-16 16:34:16,(2(0)-1678955656:929225),systemResources.CPU_06,19211,2.00 percent
2023-03-16 16:34:16,(2(0)-1678955656:929306),systemResources.CPU_07,19212,3.00 percent
2023-03-16 16:34:16,(2(0)-1678955656:929308),systemResources.CPU,19204,4.87 percent
2023-03-16 16:34:16,(2(0)-1678955656:929369),systemResources.MEMORY_TOTAL,19200,8117348 KB
2023-03-16 16:34:16,(2(0)-1678955656:929371),systemResources.MEMORY_USED,19201,7757692 KB
2023-03-16 16:34:16,(2(0)-1678955656:929384),systemResources.NON_VOLATILE_FREE,19203,50728348 KB
2023-03-16 16:34:16,(2(0)-1678955656:929385),systemResources.NON_VOLATILE_TOTAL,19202,102624184 KB
2023-03-16 16:34:16,(2(0)-1678955656:929389),systemResources.FRAMEWORK_VERSION,19221,v3.1.1-4-g91c578ee3
2023-03-16 16:34:16,(2(0)-1678955656:929392),systemResources.PROJECT_VERSION,19222,v3.1.1-4-g91c578ee3
2023-03-16 16:34:17,(2(0)-1678955657:930926),blockDrv.BD_Cycles,256,3
2023-03-16 16:34:18,(2(0)-1678955658:943422),blockDrv.BD_Cycles,256,4
2023-03-16 16:34:17,(2(0)-1678955657:931708),systemResources.CPU_01,19206,2.00 percent
2023-03-16 16:34:17,(2(0)-1678955657:931800),systemResources.CPU_02,19207,0.00 percent
2023-03-16 16:34:17,(2(0)-1678955657:931889),systemResources.CPU_03,19208,1.00 percent
2023-03-16 16:34:17,(2(0)-1678955657:931979),systemResources.CPU_04,19209,0.00 percent
2023-03-16 16:34:17,(2(0)-1678955657:932069),systemResources.CPU_05,19210,0.00 percent
2023-03-16 16:34:17,(2(0)-1678955657:932159),systemResources.CPU_06,19211,0.99 percent
2023-03-16 16:34:17,(2(0)-1678955657:932248),systemResources.CPU_07,19212,2.94 percent
2023-03-16 16:34:17,(2(0)-1678955657:932250),systemResources.CPU,19204,0.87 percent
2023-03-16 16:34:17,(2(0)-1678955657:932315),systemResources.MEMORY_TOTAL,19200,8117348 KB
2023-03-16 16:34:17,(2(0)-1678955657:932317),systemResources.MEMORY_USED,19201,7757848 KB
2023-03-16 16:34:17,(2(0)-1678955657:932331),systemResources.NON_VOLATILE_FREE,19203,50728340 KB
2023-03-16 16:34:17,(2(0)-1678955657:932332),systemResources.NON_VOLATILE_TOTAL,19202,102624184 KB
2023-03-16 16:34:17,(2(0)-1678955657:932336),systemResources.FRAMEWORK_VERSION,19221,v3.1.1-4-g91c578ee3
2023-03-16 16:34:17,(2(0)-1678955657:932339),systemResources.PROJECT_VERSION,19222,v3.1.1-4-g91c578ee3
2023-03-16 16:34:17,(2(0)-1678955657:931606),systemResources.CPU_00,19205,0.00 percent
2023-03-16 16:34:18,(2(0)-1678955658:943609),sendBuffComp.SendState,9732,SEND_IDLE
2023-03-16 16:34:19,(2(0)-1678955659:956000),systemResources.CPU_00,19205,0.00 percent
2023-03-16 16:34:19,(2(0)-1678955659:956101),systemResources.CPU_01,19206,0.00 percent
2023-03-16 16:34:19,(2(0)-1678955659:956192),systemResources.CPU_02,19207,0.00 percent
2023-03-16 16:34:18,(2(0)-1678955658:944408),systemResources.CPU_03,19208,1.00 percent
2023-03-16 16:34:18,(2(0)-1678955658:944537),systemResources.CPU_04,19209,2.94 percent
2023-03-16 16:34:18,(2(0)-1678955658:944630),systemResources.CPU_05,19210,0.00 percent
2023-03-16 16:34:18,(2(0)-1678955658:944167),rateGroup3Comp.RgMaxTime,1024,899 us
2023-03-16 16:34:18,(2(0)-1678955658:944719),systemResources.CPU_06,19211,0.99 percent
2023-03-16 16:34:18,(2(0)-1678955658:944809),systemResources.CPU_07,19212,1.01 percent
2023-03-16 16:34:18,(2(0)-1678955658:944811),systemResources.CPU,19204,1.23 percent
2023-03-16 16:34:18,(2(0)-1678955658:944874),systemResources.MEMORY_TOTAL,19200,8117348 KB
2023-03-16 16:34:18,(2(0)-1678955658:944877),systemResources.MEMORY_USED,19201,7767276 KB
2023-03-16 16:34:18,(2(0)-1678955658:944890),systemResources.NON_VOLATILE_FREE,19203,50728340 KB
2023-03-16 16:34:18,(2(0)-1678955658:944891),systemResources.NON_VOLATILE_TOTAL,19202,102624184 KB
2023-03-16 16:34:18,(2(0)-1678955658:944895),systemResources.FRAMEWORK_VERSION,19221,v3.1.1-4-g91c578ee3
2023-03-16 16:34:18,(2(0)-1678955658:944898),systemResources.PROJECT_VERSION,19222,v3.1.1-4-g91c578ee3
2023-03-16 16:34:18,(2(0)-1678955658:944903),rateGroup1Comp.RgMaxTime,512,1637 us
2023-03-16 16:34:18,(2(0)-1678955658:944120),pingRcvr.PR_NumPings,2560,1
2023-03-16 16:34:19,(2(0)-1678955659:955006),blockDrv.BD_Cycles,256,5
2023-03-16 16:34:20,(2(0)-1678955660:967953),blockDrv.BD_Cycles,256,6
2023-03-16 16:34:20,(2(0)-1678955660:968606),systemResources.CPU_01,19206,0.99 percent
2023-03-16 16:34:20,(2(0)-1678955660:968696),systemResources.CPU_02,19207,0.00 percent
2023-03-16 16:34:20,(2(0)-1678955660:968785),systemResources.CPU_03,19208,0.00 percent
2023-03-16 16:34:20,(2(0)-1678955660:968874),systemResources.CPU_04,19209,0.99 percent
2023-03-16 16:34:20,(2(0)-1678955660:968964),systemResources.CPU_05,19210,0.98 percent
2023-03-16 16:34:20,(2(0)-1678955660:969055),systemResources.CPU_06,19211,0.00 percent
2023-03-16 16:34:20,(2(0)-1678955660:969144),systemResources.CPU_07,19212,0.00 percent
2023-03-16 16:34:20,(2(0)-1678955660:969146),systemResources.CPU,19204,0.37 percent
2023-03-16 16:34:19,(2(0)-1678955659:956794),systemResources.MEMORY_TOTAL,19200,8117348 KB
2023-03-16 16:34:19,(2(0)-1678955659:956797),systemResources.MEMORY_USED,19201,7767276 KB
2023-03-16 16:34:19,(2(0)-1678955659:956810),systemResources.NON_VOLATILE_FREE,19203,50728336 KB
2023-03-16 16:34:19,(2(0)-1678955659:956812),systemResources.NON_VOLATILE_TOTAL,19202,102624184 KB
2023-03-16 16:34:19,(2(0)-1678955659:956816),systemResources.FRAMEWORK_VERSION,19221,v3.1.1-4-g91c578ee3
2023-03-16 16:34:19,(2(0)-1678955659:956819),systemResources.PROJECT_VERSION,19222,v3.1.1-4-g91c578ee3
2023-03-16 16:34:19,(2(0)-1678955659:956824),rateGroup1Comp.RgMaxTime,512,1912 us
2023-03-16 16:34:20,(2(0)-1678955660:968502),systemResources.CPU_00,19205,0.00 percent
2023-03-16 16:34:20,(2(0)-1678955660:968243),sendBuffComp.SendState,9732,SEND_IDLE
2023-03-16 16:34:20,(2(0)-1678955660:968255),rateGroup2Comp.RgMaxTime,768,451 us
2023-03-16 16:34:21,(2(0)-1678955661:982414),systemResources.CPU_00,19205,0.00 percent
2023-03-16 16:34:21,(2(0)-1678955661:982516),systemResources.CPU_01,19206,0.99 percent
2023-03-16 16:34:21,(2(0)-1678955661:982608),systemResources.CPU_02,19207,0.00 percent
2023-03-16 16:34:21,(2(0)-1678955661:982697),systemResources.CPU_03,19208,0.00 percent
2023-03-16 16:34:21,(2(0)-1678955661:982786),systemResources.CPU_04,19209,0.00 percent
2023-03-16 16:34:21,(2(0)-1678955661:982875),systemResources.CPU_05,19210,0.00 percent
2023-03-16 16:34:21,(2(0)-1678955661:982964),systemResources.CPU_06,19211,0.00 percent
2023-03-16 16:34:21,(2(0)-1678955661:983055),systemResources.CPU_07,19212,0.00 percent
2023-03-16 16:34:21,(2(0)-1678955661:983056),systemResources.CPU,19204,0.12 percent
2023-03-16 16:34:21,(2(0)-1678955661:983121),systemResources.MEMORY_TOTAL,19200,8117348 KB
2023-03-16 16:34:21,(2(0)-1678955661:983123),systemResources.MEMORY_USED,19201,7767024 KB
2023-03-16 16:34:21,(2(0)-1678955661:983137),systemResources.NON_VOLATILE_FREE,19203,50728336 KB
2023-03-16 16:34:21,(2(0)-1678955661:983138),systemResources.NON_VOLATILE_TOTAL,19202,102624184 KB
2023-03-16 16:34:21,(2(0)-1678955661:983142),systemResources.FRAMEWORK_VERSION,19221,v3.1.1-4-g91c578ee3
2023-03-16 16:34:21,(2(0)-1678955661:983145),systemResources.PROJECT_VERSION,19222,v3.1.1-4-g91c578ee3
2023-03-16 16:34:21,(2(0)-1678955661:981526),blockDrv.BD_Cycles,256,7
2023-03-16 16:34:22,(2(0)-1678955662:997225),blockDrv.BD_Cycles,256,8
2023-03-16 16:34:22,(2(0)-1678955662:998336),systemResources.CPU_01,19206,0.98 percent
2023-03-16 16:34:22,(2(0)-1678955662:998429),systemResources.CPU_02,19207,0.00 percent
2023-03-16 16:34:22,(2(0)-1678955662:998208),systemResources.CPU_00,19205,0.00 percent
2023-03-16 16:34:22,(2(0)-1678955662:997989),sendBuffComp.SendState,9732,SEND_IDLE
2023-03-16 16:34:22,(2(0)-1678955662:998001),rateGroup2Comp.RgMaxTime,768,953 us
2023-03-16 16:34:22,(2(0)-1678955662:998547),systemResources.CPU_03,19208,0.98 percent
2023-03-16 16:34:22,(2(0)-1678955662:998649),systemResources.CPU_04,19209,0.00 percent
2023-03-16 16:34:22,(2(0)-1678955662:998807),systemResources.CPU_05,19210,0.00 percent
2023-03-16 16:34:22,(2(0)-1678955662:998464),rateGroup3Comp.RgMaxTime,1024,1414 us
2023-03-16 16:34:22,(2(0)-1678955662:998971),systemResources.CPU_06,19211,0.00 percent
2023-03-16 16:34:22,(2(0)-1678955662:999086),systemResources.CPU_07,19212,0.00 percent
2023-03-16 16:34:22,(2(0)-1678955662:999089),systemResources.CPU,19204,0.25 percent
2023-03-16 16:34:22,(2(0)-1678955662:999217),systemResources.MEMORY_TOTAL,19200,8117348 KB
2023-03-16 16:34:22,(2(0)-1678955662:999221),systemResources.MEMORY_USED,19201,7766016 KB
2023-03-16 16:34:22,(2(0)-1678955662:999236),systemResources.NON_VOLATILE_FREE,19203,50728332 KB
2023-03-16 16:34:22,(2(0)-1678955662:999237),systemResources.NON_VOLATILE_TOTAL,19202,102624184 KB
2023-03-16 16:34:22,(2(0)-1678955662:999241),systemResources.FRAMEWORK_VERSION,19221,v3.1.1-4-g91c578ee3
2023-03-16 16:34:22,(2(0)-1678955662:999244),systemResources.PROJECT_VERSION,19222,v3.1.1-4-g91c578ee3
2023-03-16 16:34:22,(2(0)-1678955662:999248),rateGroup1Comp.RgMaxTime,512,2200 us
2023-03-16 16:34:22,(2(0)-1678955662:998748),pingRcvr.PR_NumPings,2560,2
2023-03-16 16:34:24,(2(0)-1678955664:8054),blockDrv.BD_Cycles,256,9
2023-03-16 16:34:25,(2(0)-1678955665:9053),blockDrv.BD_Cycles,256,10
2023-03-16 16:34:25,(2(0)-1678955665:9785),systemResources.CPU_01,19206,0.00 percent
2023-03-16 16:34:25,(2(0)-1678955665:9876),systemResources.CPU_02,19207,0.00 percent
2023-03-16 16:34:25,(2(0)-1678955665:9966),systemResources.CPU_03,19208,0.00 percent
2023-03-16 16:34:24,(2(0)-1678955664:9131),systemResources.CPU_04,19209,0.00 percent
2023-03-16 16:34:24,(2(0)-1678955664:9276),systemResources.CPU_05,19210,0.00 percent
2023-03-16 16:34:24,(2(0)-1678955664:9413),systemResources.CPU_06,19211,0.00 percent
2023-03-16 16:34:24,(2(0)-1678955664:9547),systemResources.CPU_07,19212,0.00 percent
2023-03-16 16:34:24,(2(0)-1678955664:9550),systemResources.CPU,19204,0.12 percent
2023-03-16 16:34:24,(2(0)-1678955664:9650),systemResources.MEMORY_TOTAL,19200,8117348 KB
2023-03-16 16:34:24,(2(0)-1678955664:9654),systemResources.MEMORY_USED,19201,7765820 KB
2023-03-16 16:34:24,(2(0)-1678955664:9671),systemResources.NON_VOLATILE_FREE,19203,50728332 KB
2023-03-16 16:34:24,(2(0)-1678955664:9672),systemResources.NON_VOLATILE_TOTAL,19202,102624184 KB
2023-03-16 16:34:24,(2(0)-1678955664:9676),systemResources.FRAMEWORK_VERSION,19221,v3.1.1-4-g91c578ee3
2023-03-16 16:34:24,(2(0)-1678955664:9679),systemResources.PROJECT_VERSION,19222,v3.1.1-4-g91c578ee3
2023-03-16 16:34:25,(2(0)-1678955665:9683),systemResources.CPU_00,19205,1.00 percent
2023-03-16 16:34:25,(2(0)-1678955665:9765),sendBuffComp.SendState,9732,SEND_IDLE
2023-03-16 16:34:26,(2(0)-1678955666:19725),systemResources.CPU_00,19205,0.00 percent
2023-03-16 16:34:26,(2(0)-1678955666:19796),systemResources.CPU_01,19206,0.00 percent
2023-03-16 16:34:25,(2(0)-1678955665:10055),systemResources.CPU_04,19209,0.00 percent
2023-03-16 16:34:25,(2(0)-1678955665:10144),systemResources.CPU_05,19210,0.00 percent
2023-03-16 16:34:25,(2(0)-1678955665:10234),systemResources.CPU_06,19211,0.00 percent
2023-03-16 16:34:25,(2(0)-1678955665:10325),systemResources.CPU_07,19212,0.00 percent
2023-03-16 16:34:25,(2(0)-1678955665:10327),systemResources.CPU,19204,0.12 percent
2023-03-16 16:34:25,(2(0)-1678955665:10389),systemResources.MEMORY_TOTAL,19200,8117348 KB
2023-03-16 16:34:25,(2(0)-1678955665:10392),systemResources.MEMORY_USED,19201,7766016 KB
2023-03-16 16:34:25,(2(0)-1678955665:10405),systemResources.NON_VOLATILE_FREE,19203,50728332 KB
2023-03-16 16:34:25,(2(0)-1678955665:10406),systemResources.NON_VOLATILE_TOTAL,19202,102624184 KB
2023-03-16 16:34:25,(2(0)-1678955665:10410),systemResources.FRAMEWORK_VERSION,19221,v3.1.1-4-g91c578ee3
2023-03-16 16:34:25,(2(0)-1678955665:10413),systemResources.PROJECT_VERSION,19222,v3.1.1-4-g91c578ee3
2023-03-16 16:34:26,(2(0)-1678955666:19247),blockDrv.BD_Cycles,256,11
2023-03-16 16:34:27,(2(0)-1678955667:19581),blockDrv.BD_Cycles,256,12
2023-03-16 16:34:27,(2(0)-1678955667:19711),systemResources.CPU_01,19206,4.04 percent
2023-03-16 16:34:27,(2(0)-1678955667:19732),systemResources.CPU_02,19207,0.00 percent
2023-03-16 16:34:27,(2(0)-1678955667:19752),systemResources.CPU_03,19208,0.00 percent
2023-03-16 16:34:27,(2(0)-1678955667:19772),systemResources.CPU_04,19209,5.00 percent
2023-03-16 16:34:27,(2(0)-1678955667:19792),systemResources.CPU_05,19210,5.05 percent
2023-03-16 16:34:27,(2(0)-1678955667:19812),systemResources.CPU_06,19211,5.00 percent
2023-03-16 16:34:27,(2(0)-1678955667:19832),systemResources.CPU_07,19212,3.00 percent
2023-03-16 16:34:27,(2(0)-1678955667:19833),systemResources.CPU,19204,3.14 percent
2023-03-16 16:34:27,(2(0)-1678955667:19851),systemResources.MEMORY_TOTAL,19200,8117348 KB
2023-03-16 16:34:27,(2(0)-1678955667:19851),systemResources.MEMORY_USED,19201,7779312 KB
2023-03-16 16:34:27,(2(0)-1678955667:19855),systemResources.NON_VOLATILE_FREE,19203,50728328 KB
2023-03-16 16:34:27,(2(0)-1678955667:19855),systemResources.NON_VOLATILE_TOTAL,19202,102624184 KB
2023-03-16 16:34:27,(2(0)-1678955667:19856),systemResources.FRAMEWORK_VERSION,19221,v3.1.1-4-g91c578ee3
2023-03-16 16:34:27,(2(0)-1678955667:19857),systemResources.PROJECT_VERSION,19222,v3.1.1-4-g91c578ee3
2023-03-16 16:34:27,(2(0)-1678955667:19687),systemResources.CPU_00,19205,3.03 percent
2023-03-16 16:34:27,(2(0)-1678955667:19930),sendBuffComp.SendState,9732,SEND_IDLE
2023-03-16 16:34:27,(2(0)-1678955667:20135),pingRcvr.PR_NumPings,2560,3
2023-03-16 16:34:28,(2(0)-1678955668:19706),blockDrv.BD_Cycles,256,13
2023-03-16 16:34:29,(2(0)-1678955669:22963),blockDrv.BD_Cycles,256,14
2023-03-16 16:34:29,(2(0)-1678955669:23335),systemResources.CPU_01,19206,35.42 percent
2023-03-16 16:34:29,(2(0)-1678955669:23356),systemResources.CPU_02,19207,76.84 percent
2023-03-16 16:34:29,(2(0)-1678955669:23376),systemResources.CPU_03,19208,42.71 percent
2023-03-16 16:34:29,(2(0)-1678955669:23396),systemResources.CPU_04,19209,34.41 percent
2023-03-16 16:34:29,(2(0)-1678955669:23417),systemResources.CPU_05,19210,31.58 percent
2023-03-16 16:34:29,(2(0)-1678955669:23437),systemResources.CPU_06,19211,38.38 percent
2023-03-16 16:34:29,(2(0)-1678955669:23458),systemResources.CPU_07,19212,36.46 percent
2023-03-16 16:34:29,(2(0)-1678955669:23458),systemResources.CPU,19204,41.44 percent
2023-03-16 16:34:29,(2(0)-1678955669:23478),systemResources.MEMORY_TOTAL,19200,8117348 KB
2023-03-16 16:34:29,(2(0)-1678955669:23479),systemResources.MEMORY_USED,19201,7975288 KB
2023-03-16 16:34:29,(2(0)-1678955669:23483),systemResources.NON_VOLATILE_FREE,19203,50727572 KB
2023-03-16 16:34:29,(2(0)-1678955669:23483),systemResources.NON_VOLATILE_TOTAL,19202,102624184 KB
2023-03-16 16:34:29,(2(0)-1678955669:23485),systemResources.FRAMEWORK_VERSION,19221,v3.1.1-4-g91c578ee3
2023-03-16 16:34:29,(2(0)-1678955669:23485),systemResources.PROJECT_VERSION,19222,v3.1.1-4-g91c578ee3
2023-03-16 16:34:29,(2(0)-1678955669:23310),systemResources.CPU_00,19205,35.71 percent
2023-03-16 16:34:29,(2(0)-1678955669:23359),sendBuffComp.SendState,9732,SEND_IDLE
2023-03-16 16:34:30,(2(0)-1678955670:40124),systemResources.CPU_00,19205,10.00 percent
2023-03-16 16:34:30,(2(0)-1678955670:40220),systemResources.CPU_01,19206,5.88 percent
2023-03-16 16:34:30,(2(0)-1678955670:38514),blockDrv.BD_Cycles,256,15
2023-03-16 16:34:31,(2(0)-1678955671:39070),blockDrv.BD_Cycles,256,16
2023-03-16 16:34:30,(2(0)-1678955670:40296),systemResources.CPU_02,19207,2.94 percent
2023-03-16 16:34:30,(2(0)-1678955670:40372),systemResources.CPU_03,19208,2.94 percent
2023-03-16 16:34:30,(2(0)-1678955670:40446),systemResources.CPU_04,19209,5.00 percent
2023-03-16 16:34:30,(2(0)-1678955670:40521),systemResources.CPU_05,19210,10.89 percent
2023-03-16 16:34:30,(2(0)-1678955670:40596),systemResources.CPU_06,19211,3.00 percent
2023-03-16 16:34:30,(2(0)-1678955670:40671),systemResources.CPU_07,19212,3.00 percent
2023-03-16 16:34:30,(2(0)-1678955670:40672),systemResources.CPU,19204,5.46 percent
2023-03-16 16:34:30,(2(0)-1678955670:40725),systemResources.MEMORY_TOTAL,19200,8117348 KB
2023-03-16 16:34:30,(2(0)-1678955670:40727),systemResources.MEMORY_USED,19201,7987692 KB
2023-03-16 16:34:30,(2(0)-1678955670:40738),systemResources.NON_VOLATILE_FREE,19203,50727496 KB
2023-03-16 16:34:30,(2(0)-1678955670:40739),systemResources.NON_VOLATILE_TOTAL,19202,102624184 KB
2023-03-16 16:34:30,(2(0)-1678955670:40742),systemResources.FRAMEWORK_VERSION,19221,v3.1.1-4-g91c578ee3
2023-03-16 16:34:30,(2(0)-1678955670:40744),systemResources.PROJECT_VERSION,19222,v3.1.1-4-g91c578ee3
2023-03-16 16:34:30,(2(0)-1678955670:40748),rateGroup1Comp.RgMaxTime,512,2290 us
2023-03-16 16:34:31,(2(0)-1678955671:39136),sendBuffComp.SendState,9732,SEND_IDLE
2023-03-16 16:34:31,(2(0)-1678955671:39268),systemResources.CPU_00,19205,0.00 percent
2023-03-16 16:34:31,(2(0)-1678955671:39351),systemResources.CPU_01,19206,2.04 percent
2023-03-16 16:34:31,(2(0)-1678955671:39396),systemResources.CPU_02,19207,0.00 percent
2023-03-16 16:34:31,(2(0)-1678955671:39416),systemResources.CPU_03,19208,0.00 percent
2023-03-16 16:34:31,(2(0)-1678955671:39436),systemResources.CPU_04,19209,0.00 percent
2023-03-16 16:34:31,(2(0)-1678955671:39475),systemResources.CPU_05,19210,3.03 percent
2023-03-16 16:34:31,(2(0)-1678955671:39528),systemResources.CPU_06,19211,0.00 percent
2023-03-16 16:34:31,(2(0)-1678955671:39553),systemResources.CPU_07,19212,0.00 percent
2023-03-16 16:34:31,(2(0)-1678955671:39553),systemResources.CPU,19204,0.63 percent
2023-03-16 16:34:31,(2(0)-1678955671:39572),systemResources.MEMORY_TOTAL,19200,8117348 KB
2023-03-16 16:34:31,(2(0)-1678955671:39572),systemResources.MEMORY_USED,19201,7989740 KB
2023-03-16 16:34:31,(2(0)-1678955671:39577),systemResources.NON_VOLATILE_FREE,19203,50727464 KB
2023-03-16 16:34:31,(2(0)-1678955671:39578),systemResources.NON_VOLATILE_TOTAL,19202,102624184 KB
2023-03-16 16:34:31,(2(0)-1678955671:39579),systemResources.FRAMEWORK_VERSION,19221,v3.1.1-4-g91c578ee3
2023-03-16 16:34:31,(2(0)-1678955671:39580),systemResources.PROJECT_VERSION,19222,v3.1.1-4-g91c578ee3
2023-03-16 16:34:31,(2(0)-1678955671:39243),pingRcvr.PR_NumPings,2560,4
2023-03-16 16:34:32,(2(0)-1678955672:39569),blockDrv.BD_Cycles,256,17
2023-03-16 16:34:33,(2(0)-1678955673:41092),blockDrv.BD_Cycles,256,18
2023-03-16 16:34:33,(2(0)-1678955673:41593),systemResources.CPU_01,19206,2.00 percent
2023-03-16 16:34:33,(2(0)-1678955673:41614),systemResources.CPU_02,19207,1.03 percent
2023-03-16 16:34:33,(2(0)-1678955673:41634),systemResources.CPU_03,19208,1.02 percent
2023-03-16 16:34:33,(2(0)-1678955673:41654),systemResources.CPU_04,19209,4.04 percent
2023-03-16 16:34:32,(2(0)-1678955672:39972),systemResources.CPU_05,19210,6.06 percent
2023-03-16 16:34:32,(2(0)-1678955672:39993),systemResources.CPU_06,19211,7.07 percent
2023-03-16 16:34:32,(2(0)-1678955672:40027),systemResources.CPU_07,19212,2.97 percent
2023-03-16 16:34:32,(2(0)-1678955672:40028),systemResources.CPU,19204,4.30 percent
2023-03-16 16:34:32,(2(0)-1678955672:40046),systemResources.MEMORY_TOTAL,19200,8117348 KB
2023-03-16 16:34:32,(2(0)-1678955672:40061),systemResources.MEMORY_USED,19201,7986464 KB
2023-03-16 16:34:32,(2(0)-1678955672:40068),systemResources.NON_VOLATILE_FREE,19203,50727432 KB
2023-03-16 16:34:32,(2(0)-1678955672:40083),systemResources.NON_VOLATILE_TOTAL,19202,102624184 KB
2023-03-16 16:34:32,(2(0)-1678955672:40085),systemResources.FRAMEWORK_VERSION,19221,v3.1.1-4-g91c578ee3
2023-03-16 16:34:32,(2(0)-1678955672:40086),systemResources.PROJECT_VERSION,19222,v3.1.1-4-g91c578ee3
2023-03-16 16:34:33,(2(0)-1678955673:41569),systemResources.CPU_00,19205,2.00 percent
2023-03-16 16:34:33,(2(0)-1678955673:41377),sendBuffComp.SendState,9732,SEND_IDLE
2023-03-16 16:34:34,(2(0)-1678955674:52784),systemResources.CPU_00,19205,2.97 percent
2023-03-16 16:34:34,(2(0)-1678955674:52813),systemResources.CPU_01,19206,2.00 percent
2023-03-16 16:34:33,(2(0)-1678955673:41674),systemResources.CPU_05,19210,5.05 percent
2023-03-16 16:34:33,(2(0)-1678955673:41734),systemResources.CPU_06,19211,1.03 percent
2023-03-16 16:34:33,(2(0)-1678955673:41754),systemResources.CPU_07,19212,2.02 percent
2023-03-16 16:34:33,(2(0)-1678955673:41754),systemResources.CPU,19204,2.27 percent
2023-03-16 16:34:33,(2(0)-1678955673:41772),systemResources.MEMORY_TOTAL,19200,8117348 KB
2023-03-16 16:34:33,(2(0)-1678955673:41772),systemResources.MEMORY_USED,19201,7987740 KB
2023-03-16 16:34:33,(2(0)-1678955673:41776),systemResources.NON_VOLATILE_FREE,19203,50727856 KB
2023-03-16 16:34:33,(2(0)-1678955673:41777),systemResources.NON_VOLATILE_TOTAL,19202,102624184 KB
2023-03-16 16:34:33,(2(0)-1678955673:41778),systemResources.FRAMEWORK_VERSION,19221,v3.1.1-4-g91c578ee3
2023-03-16 16:34:33,(2(0)-1678955673:41778),systemResources.PROJECT_VERSION,19222,v3.1.1-4-g91c578ee3
2023-03-16 16:34:34,(2(0)-1678955674:52534),blockDrv.BD_Cycles,256,19
2023-03-16 16:34:35,(2(0)-1678955675:52792),blockDrv.BD_Cycles,256,20
2023-03-16 16:34:34,(2(0)-1678955674:52835),systemResources.CPU_02,19207,3.00 percent
2023-03-16 16:34:34,(2(0)-1678955674:52856),systemResources.CPU_03,19208,4.08 percent
2023-03-16 16:34:34,(2(0)-1678955674:52876),systemResources.CPU_04,19209,7.29 percent
2023-03-16 16:34:34,(2(0)-1678955674:52897),systemResources.CPU_05,19210,5.00 percent
2023-03-16 16:34:34,(2(0)-1678955674:52917),systemResources.CPU_06,19211,3.00 percent
2023-03-16 16:34:34,(2(0)-1678955674:52937),systemResources.CPU_07,19212,1.98 percent
2023-03-16 16:34:34,(2(0)-1678955674:52938),systemResources.CPU,19204,3.67 percent
2023-03-16 16:34:34,(2(0)-1678955674:52956),systemResources.MEMORY_TOTAL,19200,8117348 KB
2023-03-16 16:34:34,(2(0)-1678955674:52956),systemResources.MEMORY_USED,19201,7987732 KB
2023-03-16 16:34:34,(2(0)-1678955674:52961),systemResources.NON_VOLATILE_FREE,19203,50727820 KB
2023-03-16 16:34:34,(2(0)-1678955674:52961),systemResources.NON_VOLATILE_TOTAL,19202,102624184 KB
2023-03-16 16:34:34,(2(0)-1678955674:52963),systemResources.FRAMEWORK_VERSION,19221,v3.1.1-4-g91c578ee3
2023-03-16 16:34:34,(2(0)-1678955674:52963),systemResources.PROJECT_VERSION,19222,v3.1.1-4-g91c578ee3
2023-03-16 16:34:35,(2(0)-1678955675:52834),sendBuffComp.SendState,9732,SEND_IDLE
2023-03-16 16:34:35,(2(0)-1678955675:52972),systemResources.CPU_00,19205,2.04 percent
2023-03-16 16:34:35,(2(0)-1678955675:53012),systemResources.CPU_01,19206,3.00 percent
2023-03-16 16:34:35,(2(0)-1678955675:53038),systemResources.CPU_02,19207,8.16 percent
2023-03-16 16:34:35,(2(0)-1678955675:53059),systemResources.CPU_03,19208,11.88 percent
2023-03-16 16:34:35,(2(0)-1678955675:53080),systemResources.CPU_04,19209,3.03 percent
2023-03-16 16:34:35,(2(0)-1678955675:53101),systemResources.CPU_05,19210,7.07 percent
2023-03-16 16:34:35,(2(0)-1678955675:53136),systemResources.CPU_06,19211,2.02 percent
2023-03-16 16:34:35,(2(0)-1678955675:53156),systemResources.CPU_07,19212,0.00 percent
2023-03-16 16:34:35,(2(0)-1678955675:53156),systemResources.CPU,19204,4.65 percent
2023-03-16 16:34:35,(2(0)-1678955675:53175),systemResources.MEMORY_TOTAL,19200,8117348 KB
2023-03-16 16:34:35,(2(0)-1678955675:53175),systemResources.MEMORY_USED,19201,7990740 KB
2023-03-16 16:34:35,(2(0)-1678955675:53180),systemResources.NON_VOLATILE_FREE,19203,50727788 KB
2023-03-16 16:34:35,(2(0)-1678955675:53180),systemResources.NON_VOLATILE_TOTAL,19202,102624184 KB
2023-03-16 16:34:35,(2(0)-1678955675:53181),systemResources.FRAMEWORK_VERSION,19221,v3.1.1-4-g91c578ee3
2023-03-16 16:34:35,(2(0)-1678955675:53182),systemResources.PROJECT_VERSION,19222,v3.1.1-4-g91c578ee3
2023-03-16 16:34:35,(2(0)-1678955675:53016),pingRcvr.PR_NumPings,2560,5
2023-03-16 16:34:36,(2(0)-1678955676:53525),blockDrv.BD_Cycles,256,21
2023-03-16 16:34:37,(2(0)-1678955677:55350),blockDrv.BD_Cycles,256,22
2023-03-16 16:34:36,(2(0)-1678955676:53883),systemResources.CPU_01,19206,1.00 percent
2023-03-16 16:34:36,(2(0)-1678955676:53904),systemResources.CPU_02,19207,8.08 percent
2023-03-16 16:34:36,(2(0)-1678955676:53925),systemResources.CPU_03,19208,5.10 percent
2023-03-16 16:34:36,(2(0)-1678955676:53978),systemResources.CPU_04,19209,11.00 percent
2023-03-16 16:34:36,(2(0)-1678955676:54012),systemResources.CPU_05,19210,2.04 percent
2023-03-16 16:34:36,(2(0)-1678955676:54032),systemResources.CPU_06,19211,3.03 percent
2023-03-16 16:34:36,(2(0)-1678955676:54051),systemResources.CPU_07,19212,2.02 percent
2023-03-16 16:34:36,(2(0)-1678955676:54052),systemResources.CPU,19204,4.29 percent
2023-03-16 16:34:36,(2(0)-1678955676:54070),systemResources.MEMORY_TOTAL,19200,8117348 KB
2023-03-16 16:34:36,(2(0)-1678955676:54071),systemResources.MEMORY_USED,19201,7975612 KB
2023-03-16 16:34:36,(2(0)-1678955676:54075),systemResources.NON_VOLATILE_FREE,19203,50727752 KB
2023-03-16 16:34:36,(2(0)-1678955676:54075),systemResources.NON_VOLATILE_TOTAL,19202,102624184 KB
2023-03-16 16:34:36,(2(0)-1678955676:54076),systemResources.FRAMEWORK_VERSION,19221,v3.1.1-4-g91c578ee3
2023-03-16 16:34:36,(2(0)-1678955676:54077),systemResources.PROJECT_VERSION,19222,v3.1.1-4-g91c578ee3
2023-03-16 16:34:36,(2(0)-1678955676:53827),systemResources.CPU_00,19205,2.02 percent
2023-03-16 16:34:37,(2(0)-1678955677:55449),sendBuffComp.SendState,9732,SEND_IDLE
2023-03-16 16:34:37,(2(0)-1678955677:55579),systemResources.CPU_00,19205,1.00 percent
2023-03-16 16:34:37,(2(0)-1678955677:55604),systemResources.CPU_01,19206,1.01 percent
2023-03-16 16:34:37,(2(0)-1678955677:55625),systemResources.CPU_02,19207,2.04 percent
2023-03-16 16:34:37,(2(0)-1678955677:55645),systemResources.CPU_03,19208,8.08 percent
2023-03-16 16:34:37,(2(0)-1678955677:55665),systemResources.CPU_04,19209,1.02 percent
2023-03-16 16:34:37,(2(0)-1678955677:55714),systemResources.CPU_05,19210,1.98 percent
2023-03-16 16:34:37,(2(0)-1678955677:55751),systemResources.CPU_06,19211,5.10 percent
2023-03-16 16:34:37,(2(0)-1678955677:55799),systemResources.CPU_07,19212,5.94 percent
2023-03-16 16:34:37,(2(0)-1678955677:55799),systemResources.CPU,19204,3.27 percent
2023-03-16 16:34:37,(2(0)-1678955677:55847),systemResources.MEMORY_TOTAL,19200,8117348 KB
2023-03-16 16:34:37,(2(0)-1678955677:55847),systemResources.MEMORY_USED,19201,7974564 KB
2023-03-16 16:34:37,(2(0)-1678955677:55851),systemResources.NON_VOLATILE_FREE,19203,50727716 KB
2023-03-16 16:34:37,(2(0)-1678955677:55852),systemResources.NON_VOLATILE_TOTAL,19202,102624184 KB
2023-03-16 16:34:37,(2(0)-1678955677:55853),systemResources.FRAMEWORK_VERSION,19221,v3.1.1-4-g91c578ee3
2023-03-16 16:34:37,(2(0)-1678955677:55854),systemResources.PROJECT_VERSION,19222,v3.1.1-4-g91c578ee3
2023-03-16 16:34:38,(2(0)-1678955678:55607),blockDrv.BD_Cycles,256,23
2023-03-16 16:34:39,(2(0)-1678955679:60253),blockDrv.BD_Cycles,256,24
2023-03-16 16:34:38,(2(0)-1678955678:55783),systemResources.CPU_01,19206,4.04 percent
2023-03-16 16:34:38,(2(0)-1678955678:55804),systemResources.CPU_02,19207,5.15 percent
2023-03-16 16:34:38,(2(0)-1678955678:55824),systemResources.CPU_03,19208,6.25 percent
2023-03-16 16:34:38,(2(0)-1678955678:55845),systemResources.CPU_04,19209,5.05 percent
2023-03-16 16:34:38,(2(0)-1678955678:55865),systemResources.CPU_05,19210,1.04 percent
2023-03-16 16:34:38,(2(0)-1678955678:55884),systemResources.CPU_06,19211,7.14 percent
2023-03-16 16:34:38,(2(0)-1678955678:55904),systemResources.CPU_07,19212,12.37 percent
2023-03-16 16:34:38,(2(0)-1678955678:55905),systemResources.CPU,19204,5.51 percent
2023-03-16 16:34:38,(2(0)-1678955678:55922),systemResources.MEMORY_TOTAL,19200,8117348 KB
2023-03-16 16:34:38,(2(0)-1678955678:55923),systemResources.MEMORY_USED,19201,7974052 KB
2023-03-16 16:34:38,(2(0)-1678955678:55927),systemResources.NON_VOLATILE_FREE,19203,50727844 KB
2023-03-16 16:34:38,(2(0)-1678955678:55927),systemResources.NON_VOLATILE_TOTAL,19202,102624184 KB
2023-03-16 16:34:38,(2(0)-1678955678:55928),systemResources.FRAMEWORK_VERSION,19221,v3.1.1-4-g91c578ee3
2023-03-16 16:34:38,(2(0)-1678955678:55929),systemResources.PROJECT_VERSION,19222,v3.1.1-4-g91c578ee3
2023-03-16 16:34:38,(2(0)-1678955678:55753),systemResources.CPU_00,19205,3.06 percent
2023-03-16 16:34:39,(2(0)-1678955679:60281),sendBuffComp.SendState,9732,SEND_IDLE
2023-03-16 16:34:39,(2(0)-1678955679:60487),systemResources.CPU_00,19205,6.19 percent
2023-03-16 16:34:39,(2(0)-1678955679:60512),systemResources.CPU_01,19206,6.12 percent
2023-03-16 16:34:39,(2(0)-1678955679:60533),systemResources.CPU_02,19207,4.04 percent
2023-03-16 16:34:39,(2(0)-1678955679:60553),systemResources.CPU_03,19208,3.06 percent
2023-03-16 16:34:39,(2(0)-1678955679:60574),systemResources.CPU_04,19209,3.00 percent
2023-03-16 16:34:39,(2(0)-1678955679:60594),systemResources.CPU_05,19210,3.00 percent
2023-03-16 16:34:39,(2(0)-1678955679:60615),systemResources.CPU_06,19211,2.06 percent
2023-03-16 16:34:39,(2(0)-1678955679:60635),systemResources.CPU_07,19212,2.02 percent
2023-03-16 16:34:39,(2(0)-1678955679:60636),systemResources.CPU,19204,3.69 percent
2023-03-16 16:34:39,(2(0)-1678955679:60654),systemResources.MEMORY_TOTAL,19200,8117348 KB
2023-03-16 16:34:39,(2(0)-1678955679:60654),systemResources.MEMORY_USED,19201,7974336 KB
2023-03-16 16:34:39,(2(0)-1678955679:60659),systemResources.NON_VOLATILE_FREE,19203,50727804 KB
2023-03-16 16:34:39,(2(0)-1678955679:60659),systemResources.NON_VOLATILE_TOTAL,19202,102624184 KB
2023-03-16 16:34:39,(2(0)-1678955679:60660),systemResources.FRAMEWORK_VERSION,19221,v3.1.1-4-g91c578ee3
2023-03-16 16:34:39,(2(0)-1678955679:60661),systemResources.PROJECT_VERSION,19222,v3.1.1-4-g91c578ee3
2023-03-16 16:34:39,(2(0)-1678955679:60541),pingRcvr.PR_NumPings,2560,6
2023-03-16 16:34:40,(2(0)-1678955680:65608),blockDrv.BD_Cycles,256,25
2023-03-16 16:34:41,(2(0)-1678955681:80868),blockDrv.BD_Cycles,256,26
2023-03-16 16:34:41,(2(0)-1678955681:81018),systemResources.CPU_01,19206,3.06 percent
2023-03-16 16:34:41,(2(0)-1678955681:81041),systemResources.CPU_02,19207,6.00 percent
2023-03-16 16:34:41,(2(0)-1678955681:81066),systemResources.CPU_03,19208,7.00 percent
2023-03-16 16:34:41,(2(0)-1678955681:81088),systemResources.CPU_04,19209,2.94 percent
2023-03-16 16:34:41,(2(0)-1678955681:81111),systemResources.CPU_05,19210,0.99 percent
2023-03-16 16:34:41,(2(0)-1678955681:81132),systemResources.CPU_06,19211,4.04 percent
2023-03-16 16:34:41,(2(0)-1678955681:81155),systemResources.CPU_07,19212,3.96 percent
2023-03-16 16:34:41,(2(0)-1678955681:81156),systemResources.CPU,19204,3.75 percent
2023-03-16 16:34:41,(2(0)-1678955681:81176),systemResources.MEMORY_TOTAL,19200,8117348 KB
2023-03-16 16:34:41,(2(0)-1678955681:81176),systemResources.MEMORY_USED,19201,7972360 KB
2023-03-16 16:34:41,(2(0)-1678955681:81181),systemResources.NON_VOLATILE_FREE,19203,50727740 KB
2023-03-16 16:34:41,(2(0)-1678955681:81181),systemResources.NON_VOLATILE_TOTAL,19202,102624184 KB
2023-03-16 16:34:41,(2(0)-1678955681:81183),systemResources.FRAMEWORK_VERSION,19221,v3.1.1-4-g91c578ee3
2023-03-16 16:34:41,(2(0)-1678955681:81183),systemResources.PROJECT_VERSION,19222,v3.1.1-4-g91c578ee3
2023-03-16 16:34:41,(2(0)-1678955681:80989),systemResources.CPU_00,19205,1.98 percent
2023-03-16 16:34:41,(2(0)-1678955681:81433),sendBuffComp.SendState,9732,SEND_IDLE
2023-03-16 16:34:42,(2(0)-1678955682:84213),systemResources.CPU_00,19205,6.06 percent
2023-03-16 16:34:42,(2(0)-1678955682:84324),systemResources.CPU_01,19206,5.10 percent
2023-03-16 16:34:42,(2(0)-1678955682:84416),systemResources.CPU_02,19207,4.00 percent
2023-03-16 16:34:42,(2(0)-1678955682:84507),systemResources.CPU_03,19208,8.91 percent
2023-03-16 16:34:42,(2(0)-1678955682:84602),systemResources.CPU_04,19209,3.03 percent
2023-03-16 16:34:42,(2(0)-1678955682:84720),systemResources.CPU_05,19210,6.00 percent
2023-03-16 16:34:42,(2(0)-1678955682:83634),blockDrv.BD_Cycles,256,27
2023-03-16 16:34:43,(2(0)-1678955683:84098),blockDrv.BD_Cycles,256,28
2023-03-16 16:34:43,(2(0)-1678955683:84256),systemResources.CPU_01,19206,4.04 percent
2023-03-16 16:34:43,(2(0)-1678955683:84281),systemResources.CPU_02,19207,1.02 percent
2023-03-16 16:34:43,(2(0)-1678955683:84301),systemResources.CPU_03,19208,3.06 percent
2023-03-16 16:34:43,(2(0)-1678955683:84322),systemResources.CPU_04,19209,3.09 percent
2023-03-16 16:34:43,(2(0)-1678955683:84342),systemResources.CPU_05,19210,2.04 percent
2023-03-16 16:34:43,(2(0)-1678955683:84362),systemResources.CPU_06,19211,1.02 percent
2023-03-16 16:34:43,(2(0)-1678955683:84382),systemResources.CPU_07,19212,1.02 percent
2023-03-16 16:34:43,(2(0)-1678955683:84382),systemResources.CPU,19204,2.04 percent
2023-03-16 16:34:43,(2(0)-1678955683:84401),systemResources.MEMORY_TOTAL,19200,8117348 KB
2023-03-16 16:34:43,(2(0)-1678955683:84401),systemResources.MEMORY_USED,19201,7970928 KB
2023-03-16 16:34:43,(2(0)-1678955683:84406),systemResources.NON_VOLATILE_FREE,19203,50727828 KB
2023-03-16 16:34:43,(2(0)-1678955683:84406),systemResources.NON_VOLATILE_TOTAL,19202,102624184 KB
2023-03-16 16:34:43,(2(0)-1678955683:84407),systemResources.FRAMEWORK_VERSION,19221,v3.1.1-4-g91c578ee3
2023-03-16 16:34:43,(2(0)-1678955683:84408),systemResources.PROJECT_VERSION,19222,v3.1.1-4-g91c578ee3
2023-03-16 16:34:43,(2(0)-1678955683:84212),systemResources.CPU_00,19205,1.01 percent
2023-03-16 16:34:43,(2(0)-1678955683:84698),sendBuffComp.SendState,9732,SEND_IDLE
2023-03-16 16:34:44,(2(0)-1678955684:84716),systemResources.CPU_00,19205,2.00 percent
2023-03-16 16:34:44,(2(0)-1678955684:84773),systemResources.CPU_01,19206,1.01 percent
2023-03-16 16:34:43,(2(0)-1678955683:84830),pingRcvr.PR_NumPings,2560,7
2023-03-16 16:34:44,(2(0)-1678955684:84232),blockDrv.BD_Cycles,256,29
2023-03-16 16:34:45,(2(0)-1678955685:99406),blockDrv.BD_Cycles,256,30
2023-03-16 16:34:45,(2(0)-1678955685:100091),systemResources.CPU_01,19206,3.03 percent
2023-03-16 16:34:45,(2(0)-1678955685:100112),systemResources.CPU_02,19207,1.00 percent
2023-03-16 16:34:45,(2(0)-1678955685:100132),systemResources.CPU_03,19208,2.97 percent
2023-03-16 16:34:45,(2(0)-1678955685:100152),systemResources.CPU_04,19209,1.00 percent
2023-03-16 16:34:45,(2(0)-1678955685:100172),systemResources.CPU_05,19210,0.00 percent
2023-03-16 16:34:45,(2(0)-1678955685:100193),systemResources.CPU_06,19211,4.08 percent
2023-03-16 16:34:45,(2(0)-1678955685:100213),systemResources.CPU_07,19212,5.94 percent
2023-03-16 16:34:45,(2(0)-1678955685:100213),systemResources.CPU,19204,3.61 percent
2023-03-16 16:34:45,(2(0)-1678955685:100231),systemResources.MEMORY_TOTAL,19200,8117348 KB
2023-03-16 16:34:45,(2(0)-1678955685:100231),systemResources.MEMORY_USED,19201,7965424 KB
2023-03-16 16:34:45,(2(0)-1678955685:100235),systemResources.NON_VOLATILE_FREE,19203,50727764 KB
2023-03-16 16:34:45,(2(0)-1678955685:100235),systemResources.NON_VOLATILE_TOTAL,19202,102624184 KB
2023-03-16 16:34:45,(2(0)-1678955685:100237),systemResources.FRAMEWORK_VERSION,19221,v3.1.1-4-g91c578ee3
2023-03-16 16:34:45,(2(0)-1678955685:100237),systemResources.PROJECT_VERSION,19222,v3.1.1-4-g91c578ee3
2023-03-16 16:34:45,(2(0)-1678955685:100062),systemResources.CPU_00,19205,10.89 percent
2023-03-16 16:34:45,(2(0)-1678955685:100153),sendBuffComp.SendState,9732,SEND_IDLE
2023-03-16 16:34:46,(2(0)-1678955686:104124),systemResources.CPU_00,19205,5.15 percent
2023-03-16 16:34:46,(2(0)-1678955686:104153),systemResources.CPU_01,19206,6.00 percent
2023-03-16 16:34:46,(2(0)-1678955686:104174),systemResources.CPU_02,19207,3.06 percent
2023-03-16 16:34:46,(2(0)-1678955686:104194),systemResources.CPU_03,19208,3.06 percent
2023-03-16 16:34:46,(2(0)-1678955686:104214),systemResources.CPU_04,19209,1.02 percent
2023-03-16 16:34:46,(2(0)-1678955686:104235),systemResources.CPU_05,19210,2.02 percent
2023-03-16 16:34:46,(2(0)-1678955686:104255),systemResources.CPU_06,19211,4.17 percent
2023-03-16 16:34:46,(2(0)-1678955686:104276),systemResources.CPU_07,19212,9.09 percent
2023-03-16 16:34:46,(2(0)-1678955686:104276),systemResources.CPU,19204,4.20 percent
2023-03-16 16:34:46,(2(0)-1678955686:104294),systemResources.MEMORY_TOTAL,19200,8117348 KB
2023-03-16 16:34:46,(2(0)-1678955686:104295),systemResources.MEMORY_USED,19201,7966360 KB
2023-03-16 16:34:46,(2(0)-1678955686:104299),systemResources.NON_VOLATILE_FREE,19203,50727724 KB
2023-03-16 16:34:46,(2(0)-1678955686:104300),systemResources.NON_VOLATILE_TOTAL,19202,102624184 KB
2023-03-16 16:34:46,(2(0)-1678955686:104301),systemResources.FRAMEWORK_VERSION,19221,v3.1.1-4-g91c578ee3
2023-03-16 16:34:46,(2(0)-1678955686:104302),systemResources.PROJECT_VERSION,19222,v3.1.1-4-g91c578ee3
2023-03-16 16:34:46,(2(0)-1678955686:103985),blockDrv.BD_Cycles,256,31
2023-03-16 16:34:47,(2(0)-1678955687:113067),blockDrv.BD_Cycles,256,32
2023-03-16 16:34:47,(2(0)-1678955687:113372),systemResources.CPU_01,19206,3.03 percent
2023-03-16 16:34:47,(2(0)-1678955687:113393),systemResources.CPU_02,19207,2.04 percent
2023-03-16 16:34:47,(2(0)-1678955687:113414),systemResources.CPU_03,19208,4.04 percent
2023-03-16 16:34:47,(2(0)-1678955687:113344),systemResources.CPU_00,19205,2.02 percent
2023-03-16 16:34:47,(2(0)-1678955687:113159),sendBuffComp.SendState,9732,SEND_IDLE
2023-03-16 16:34:46,(2(0)-1678955686:214257),cmdDisp.CommandsDispatched,1280,1
2023-03-16 16:34:47,(2(0)-1678955687:113289),fileUplinkBufferManager.HiBuffs,17410,1
2023-03-16 16:34:48,(2(0)-1678955688:121187),systemResources.CPU_00,19205,1.00 percent
2023-03-16 16:34:48,(2(0)-1678955688:121289),systemResources.CPU_01,19206,0.00 percent
2023-03-16 16:34:48,(2(0)-1678955688:121381),systemResources.CPU_02,19207,3.96 percent
2023-03-16 16:34:47,(2(0)-1678955687:113435),systemResources.CPU_04,19209,3.96 percent
2023-03-16 16:34:47,(2(0)-1678955687:113481),systemResources.CPU_05,19210,2.00 percent
2023-03-16 16:34:47,(2(0)-1678955687:113502),systemResources.CPU_06,19211,2.02 percent
2023-03-16 16:34:47,(2(0)-1678955687:113523),systemResources.CPU_07,19212,0.00 percent
2023-03-16 16:34:47,(2(0)-1678955687:113523),systemResources.CPU,19204,2.39 percent
2023-03-16 16:34:47,(2(0)-1678955687:113542),systemResources.MEMORY_TOTAL,19200,8117348 KB
2023-03-16 16:34:47,(2(0)-1678955687:113543),systemResources.MEMORY_USED,19201,7966700 KB
2023-03-16 16:34:47,(2(0)-1678955687:113547),systemResources.NON_VOLATILE_FREE,19203,50727684 KB
2023-03-16 16:34:47,(2(0)-1678955687:113547),systemResources.NON_VOLATILE_TOTAL,19202,102624184 KB
2023-03-16 16:34:47,(2(0)-1678955687:113549),systemResources.FRAMEWORK_VERSION,19221,v3.1.1-4-g91c578ee3
2023-03-16 16:34:47,(2(0)-1678955687:113550),systemResources.PROJECT_VERSION,19222,v3.1.1-4-g91c578ee3
2023-03-16 16:34:47,(2(0)-1678955687:113549),pingRcvr.PR_NumPings,2560,8
2023-03-16 16:34:48,(2(0)-1678955688:120229),blockDrv.BD_Cycles,256,33
2023-03-16 16:34:49,(2(0)-1678955689:124401),blockDrv.BD_Cycles,256,34
2023-03-16 16:34:48,(2(0)-1678955688:121470),systemResources.CPU_03,19208,2.97 percent
2023-03-16 16:34:48,(2(0)-1678955688:121560),systemResources.CPU_04,19209,0.00 percent
2023-03-16 16:34:48,(2(0)-1678955688:121651),systemResources.CPU_05,19210,1.00 percent
2023-03-16 16:34:48,(2(0)-1678955688:121741),systemResources.CPU_06,19211,2.00 percent
2023-03-16 16:34:48,(2(0)-1678955688:121831),systemResources.CPU_07,19212,3.00 percent
2023-03-16 16:34:48,(2(0)-1678955688:121833),systemResources.CPU,19204,1.74 percent
2023-03-16 16:34:48,(2(0)-1678955688:121961),systemResources.MEMORY_TOTAL,19200,8117348 KB
2023-03-16 16:34:48,(2(0)-1678955688:121965),systemResources.MEMORY_USED,19201,7966716 KB
2023-03-16 16:34:48,(2(0)-1678955688:121980),systemResources.NON_VOLATILE_FREE,19203,50727812 KB
2023-03-16 16:34:48,(2(0)-1678955688:121982),systemResources.NON_VOLATILE_TOTAL,19202,102624184 KB
2023-03-16 16:34:48,(2(0)-1678955688:121985),systemResources.FRAMEWORK_VERSION,19221,v3.1.1-4-g91c578ee3
2023-03-16 16:34:48,(2(0)-1678955688:121988),systemResources.PROJECT_VERSION,19222,v3.1.1-4-g91c578ee3
2023-03-16 16:34:49,(2(0)-1678955689:124718),sendBuffComp.SendState,9732,SEND_IDLE
2023-03-16 16:34:50,(2(0)-1678955690:137593),systemResources.CPU_00,19205,2.04 percent
2023-03-16 16:34:50,(2(0)-1678955690:137737),systemResources.CPU_01,19206,4.00 percent
2023-03-16 16:34:49,(2(0)-1678955689:125180),systemResources.CPU_02,19207,9.90 percent
2023-03-16 16:34:49,(2(0)-1678955689:125270),systemResources.CPU_03,19208,3.03 percent
2023-03-16 16:34:49,(2(0)-1678955689:125360),systemResources.CPU_04,19209,1.00 percent
2023-03-16 16:34:49,(2(0)-1678955689:125449),systemResources.CPU_05,19210,0.00 percent
2023-03-16 16:34:49,(2(0)-1678955689:125538),systemResources.CPU_06,19211,0.00 percent
2023-03-16 16:34:49,(2(0)-1678955689:125628),systemResources.CPU_07,19212,3.03 percent
2023-03-16 16:34:49,(2(0)-1678955689:125630),systemResources.CPU,19204,2.74 percent
2023-03-16 16:34:49,(2(0)-1678955689:125694),systemResources.MEMORY_TOTAL,19200,8117348 KB
2023-03-16 16:34:49,(2(0)-1678955689:125696),systemResources.MEMORY_USED,19201,7965400 KB
2023-03-16 16:34:49,(2(0)-1678955689:125710),systemResources.NON_VOLATILE_FREE,19203,50727780 KB
2023-03-16 16:34:49,(2(0)-1678955689:125711),systemResources.NON_VOLATILE_TOTAL,19202,102624184 KB
2023-03-16 16:34:49,(2(0)-1678955689:125715),systemResources.FRAMEWORK_VERSION,19221,v3.1.1-4-g91c578ee3
2023-03-16 16:34:49,(2(0)-1678955689:125718),systemResources.PROJECT_VERSION,19222,v3.1.1-4-g91c578ee3
2023-03-16 16:34:50,(2(0)-1678955690:136948),blockDrv.BD_Cycles,256,35
2023-03-16 16:34:51,(2(0)-1678955691:146154),blockDrv.BD_Cycles,256,36
2023-03-16 16:34:51,(2(0)-1678955691:146901),systemResources.CPU_01,19206,2.02 percent
2023-03-16 16:34:51,(2(0)-1678955691:146942),systemResources.CPU_02,19207,4.00 percent
2023-03-16 16:34:51,(2(0)-1678955691:146982),systemResources.CPU_03,19208,2.00 percent
2023-03-16 16:34:51,(2(0)-1678955691:147023),systemResources.CPU_04,19209,2.97 percent
2023-03-16 16:34:51,(2(0)-1678955691:147063),systemResources.CPU_05,19210,1.00 percent
2023-03-16 16:34:51,(2(0)-1678955691:147124),systemResources.CPU_06,19211,2.06 percent
2023-03-16 16:34:50,(2(0)-1678955690:138280),systemResources.CPU_07,19212,6.12 percent
2023-03-16 16:34:50,(2(0)-1678955690:138282),systemResources.CPU,19204,3.92 percent
2023-03-16 16:34:50,(2(0)-1678955690:138345),systemResources.MEMORY_TOTAL,19200,8117348 KB
2023-03-16 16:34:50,(2(0)-1678955690:138347),systemResources.MEMORY_USED,19201,7965184 KB
2023-03-16 16:34:50,(2(0)-1678955690:138361),systemResources.NON_VOLATILE_FREE,19203,50727744 KB
2023-03-16 16:34:50,(2(0)-1678955690:138362),systemResources.NON_VOLATILE_TOTAL,19202,102624184 KB
2023-03-16 16:34:50,(2(0)-1678955690:138366),systemResources.FRAMEWORK_VERSION,19221,v3.1.1-4-g91c578ee3
2023-03-16 16:34:50,(2(0)-1678955690:138369),systemResources.PROJECT_VERSION,19222,v3.1.1-4-g91c578ee3
2023-03-16 16:34:51,(2(0)-1678955691:146848),systemResources.CPU_00,19205,1.00 percent
2023-03-16 16:34:51,(2(0)-1678955691:146418),sendBuffComp.SendState,9732,SEND_IDLE
2023-03-16 16:34:51,(2(0)-1678955691:147193),systemResources.CPU_07,19212,5.94 percent
2023-03-16 16:34:51,(2(0)-1678955691:147195),systemResources.CPU,19204,2.62 percent
2023-03-16 16:34:51,(2(0)-1678955691:147231),systemResources.MEMORY_TOTAL,19200,8117348 KB
2023-03-16 16:34:51,(2(0)-1678955691:147232),systemResources.MEMORY_USED,19201,7966660 KB
2023-03-16 16:34:51,(2(0)-1678955691:147239),systemResources.NON_VOLATILE_FREE,19203,50727712 KB
2023-03-16 16:34:51,(2(0)-1678955691:147240),systemResources.NON_VOLATILE_TOTAL,19202,102624184 KB
2023-03-16 16:34:51,(2(0)-1678955691:147242),systemResources.FRAMEWORK_VERSION,19221,v3.1.1-4-g91c578ee3
2023-03-16 16:34:51,(2(0)-1678955691:147244),systemResources.PROJECT_VERSION,19222,v3.1.1-4-g91c578ee3
2023-03-16 16:34:51,(2(0)-1678955691:147322),pingRcvr.PR_NumPings,2560,9
2023-03-16 16:34:52,(2(0)-1678955692:158919),blockDrv.BD_Cycles,256,37
2023-03-16 16:34:53,(2(0)-1678955693:160186),blockDrv.BD_Cycles,256,38
2023-03-16 16:34:53,(2(0)-1678955693:160550),systemResources.CPU_01,19206,4.17 percent
2023-03-16 16:34:53,(2(0)-1678955693:160649),systemResources.CPU_02,19207,6.00 percent
2023-03-16 16:34:53,(2(0)-1678955693:160724),systemResources.CPU_03,19208,4.04 percent
2023-03-16 16:34:53,(2(0)-1678955693:160763),systemResources.CPU_04,19209,4.04 percent
2023-03-16 16:34:53,(2(0)-1678955693:160800),systemResources.CPU_05,19210,4.08 percent
2023-03-16 16:34:52,(2(0)-1678955692:159744),systemResources.CPU_06,19211,2.97 percent
2023-03-16 16:34:52,(2(0)-1678955692:159777),systemResources.CPU_07,19212,3.00 percent
2023-03-16 16:34:52,(2(0)-1678955692:159778),systemResources.CPU,19204,1.74 percent
2023-03-16 16:34:52,(2(0)-1678955692:159808),systemResources.MEMORY_TOTAL,19200,8117348 KB
2023-03-16 16:34:52,(2(0)-1678955692:159811),systemResources.MEMORY_USED,19201,7968128 KB
2023-03-16 16:34:52,(2(0)-1678955692:159816),systemResources.NON_VOLATILE_FREE,19203,50727680 KB
2023-03-16 16:34:52,(2(0)-1678955692:159817),systemResources.NON_VOLATILE_TOTAL,19202,102624184 KB
2023-03-16 16:34:52,(2(0)-1678955692:159819),systemResources.FRAMEWORK_VERSION,19221,v3.1.1-4-g91c578ee3
2023-03-16 16:34:52,(2(0)-1678955692:159820),systemResources.PROJECT_VERSION,19222,v3.1.1-4-g91c578ee3
2023-03-16 16:34:53,(2(0)-1678955693:160500),systemResources.CPU_00,19205,5.05 percent
2023-03-16 16:34:53,(2(0)-1678955693:160304),sendBuffComp.SendState,9732,SEND_IDLE
2023-03-16 16:34:53,(2(0)-1678955693:160837),systemResources.CPU_06,19211,5.10 percent
2023-03-16 16:34:53,(2(0)-1678955693:160876),systemResources.CPU_07,19212,9.18 percent
2023-03-16 16:34:53,(2(0)-1678955693:160877),systemResources.CPU,19204,5.21 percent
2023-03-16 16:34:53,(2(0)-1678955693:160904),systemResources.MEMORY_TOTAL,19200,8117348 KB
2023-03-16 16:34:53,(2(0)-1678955693:160905),systemResources.MEMORY_USED,19201,7970124 KB
2023-03-16 16:34:53,(2(0)-1678955693:160911),systemResources.NON_VOLATILE_FREE,19203,50727804 KB
2023-03-16 16:34:53,(2(0)-1678955693:160912),systemResources.NON_VOLATILE_TOTAL,19202,102624184 KB
2023-03-16 16:34:53,(2(0)-1678955693:160914),systemResources.FRAMEWORK_VERSION,19221,v3.1.1-4-g91c578ee3
2023-03-16 16:34:53,(2(0)-1678955693:160915),systemResources.PROJECT_VERSION,19222,v3.1.1-4-g91c578ee3
2023-03-16 16:34:54,(2(0)-1678955694:163855),blockDrv.BD_Cycles,256,39
2023-03-16 16:34:55,(2(0)-1678955695:171099),blockDrv.BD_Cycles,256,40
2023-03-16 16:34:54,(2(0)-1678955694:164347),systemResources.CPU_01,19206,3.03 percent
2023-03-16 16:34:54,(2(0)-1678955694:164470),systemResources.CPU_02,19207,3.00 percent
2023-03-16 16:34:54,(2(0)-1678955694:164541),systemResources.CPU_03,19208,3.03 percent
2023-03-16 16:34:54,(2(0)-1678955694:164608),systemResources.CPU_04,19209,2.04 percent
2023-03-16 16:34:54,(2(0)-1678955694:164675),systemResources.CPU_05,19210,3.06 percent
2023-03-16 16:34:54,(2(0)-1678955694:164747),systemResources.CPU_06,19211,4.12 percent
2023-03-16 16:34:54,(2(0)-1678955694:164819),systemResources.CPU_07,19212,4.04 percent
2023-03-16 16:34:54,(2(0)-1678955694:164821),systemResources.CPU,19204,3.29 percent
2023-03-16 16:34:54,(2(0)-1678955694:164871),systemResources.MEMORY_TOTAL,19200,8117348 KB
2023-03-16 16:34:54,(2(0)-1678955694:164873),systemResources.MEMORY_USED,19201,7969932 KB
2023-03-16 16:34:54,(2(0)-1678955694:164883),systemResources.NON_VOLATILE_FREE,19203,50727772 KB
2023-03-16 16:34:54,(2(0)-1678955694:164884),systemResources.NON_VOLATILE_TOTAL,19202,102624184 KB
2023-03-16 16:34:54,(2(0)-1678955694:164887),systemResources.FRAMEWORK_VERSION,19221,v3.1.1-4-g91c578ee3
2023-03-16 16:34:54,(2(0)-1678955694:164890),systemResources.PROJECT_VERSION,19222,v3.1.1-4-g91c578ee3
2023-03-16 16:34:54,(2(0)-1678955694:164209),systemResources.CPU_00,19205,4.00 percent
2023-03-16 16:34:55,(2(0)-1678955695:171828),sendBuffComp.SendState,9732,SEND_IDLE
2023-03-16 16:34:55,(2(0)-1678955695:171880),systemResources.CPU_00,19205,0.00 percent
2023-03-16 16:34:55,(2(0)-1678955695:171907),systemResources.CPU_01,19206,2.00 percent
2023-03-16 16:34:55,(2(0)-1678955695:171932),systemResources.CPU_02,19207,3.96 percent
2023-03-16 16:34:55,(2(0)-1678955695:171955),systemResources.CPU_03,19208,3.00 percent
2023-03-16 16:34:55,(2(0)-1678955695:171979),systemResources.CPU_04,19209,6.06 percent
2023-03-16 16:34:55,(2(0)-1678955695:172003),systemResources.CPU_05,19210,6.93 percent
2023-03-16 16:34:55,(2(0)-1678955695:172027),systemResources.CPU_06,19211,3.92 percent
2023-03-16 16:34:55,(2(0)-1678955695:172051),systemResources.CPU_07,19212,1.01 percent
2023-03-16 16:34:55,(2(0)-1678955695:172051),systemResources.CPU,19204,3.36 percent
2023-03-16 16:34:55,(2(0)-1678955695:172071),systemResources.MEMORY_TOTAL,19200,8117348 KB
2023-03-16 16:34:55,(2(0)-1678955695:172071),systemResources.MEMORY_USED,19201,7969684 KB
2023-03-16 16:34:55,(2(0)-1678955695:172076),systemResources.NON_VOLATILE_FREE,19203,50727736 KB
2023-03-16 16:34:55,(2(0)-1678955695:172076),systemResources.NON_VOLATILE_TOTAL,19202,102624184 KB
2023-03-16 16:34:55,(2(0)-1678955695:172078),systemResources.FRAMEWORK_VERSION,19221,v3.1.1-4-g91c578ee3
2023-03-16 16:34:55,(2(0)-1678955695:172079),systemResources.PROJECT_VERSION,19222,v3.1.1-4-g91c578ee3
2023-03-16 16:34:55,(2(0)-1678955695:172293),pingRcvr.PR_NumPings,2560,10
2023-03-16 16:34:56,(2(0)-1678955696:171788),blockDrv.BD_Cycles,256,41
2023-03-16 16:34:56,(2(0)-1678955696:163706),cmdDisp.CommandsDispatched,1280,2
2023-03-16 16:34:56,(2(0)-1678955696:163768),getEnvData.mDSSData,19968,{'stateFlag_A': 0, 'stateFlag_B': 1, 'royaw': 0.33203125, 'piyaw': 0.33203125, 'flgSP': 0}
2023-03-16 16:34:56,(2(0)-1678955696:163771),getEnvData.mThrDistribute,19969,{'flagABChoose': 204, 'wPulse': 0, 'stateFlag': 1}
2023-03-16 16:34:56,(2(0)-1678955696:163785),processInData.angle1,20480,0.0
2023-03-16 16:34:56,(2(0)-1678955696:163786),processInData.angle2,20481,0.0
2023-03-16 16:34:56,(2(0)-1678955696:163787),processInData.rate1,20483,0.0
2023-03-16 16:34:56,(2(0)-1678955696:163787),processInData.rate2,20484,0.0
2023-03-16 16:34:56,(2(0)-1678955696:163788),processInData.rate3,20485,0.0
2023-03-16 16:34:56,(2(0)-1678955696:163792),processOutData.MODE,20736,SAM_DAMP
2023-03-16 16:34:56,(2(0)-1678955696:164456),setSensorState.PARAMETER,19712,{'wPulse': 0}
2023-03-16 16:34:57,(2(0)-1678955697:175634),blockDrv.BD_Cycles,256,42
2023-03-16 16:34:56,(2(0)-1678955696:172273),systemResources.CPU_01,19206,4.12 percent
2023-03-16 16:34:56,(2(0)-1678955696:172304),systemResources.CPU_02,19207,4.08 percent
2023-03-16 16:34:56,(2(0)-1678955696:172336),systemResources.CPU_03,19208,2.06 percent
2023-03-16 16:34:56,(2(0)-1678955696:172367),systemResources.CPU_04,19209,4.08 percent
2023-03-16 16:34:56,(2(0)-1678955696:172398),systemResources.CPU_05,19210,3.09 percent
2023-03-16 16:34:56,(2(0)-1678955696:172429),systemResources.CPU_06,19211,2.04 percent
2023-03-16 16:34:56,(2(0)-1678955696:172460),systemResources.CPU_07,19212,5.00 percent
2023-03-16 16:34:56,(2(0)-1678955696:172461),systemResources.CPU,19204,3.95 percent
2023-03-16 16:34:56,(2(0)-1678955696:172485),systemResources.MEMORY_TOTAL,19200,8117348 KB
2023-03-16 16:34:56,(2(0)-1678955696:172486),systemResources.MEMORY_USED,19201,7971044 KB
2023-03-16 16:34:56,(2(0)-1678955696:172491),systemResources.NON_VOLATILE_FREE,19203,50727700 KB
2023-03-16 16:34:56,(2(0)-1678955696:172492),systemResources.NON_VOLATILE_TOTAL,19202,102624184 KB
2023-03-16 16:34:56,(2(0)-1678955696:172493),systemResources.FRAMEWORK_VERSION,19221,v3.1.1-4-g91c578ee3
2023-03-16 16:34:56,(2(0)-1678955696:172494),systemResources.PROJECT_VERSION,19222,v3.1.1-4-g91c578ee3
2023-03-16 16:34:56,(2(0)-1678955696:172233),systemResources.CPU_00,19205,7.14 percent
2023-03-16 16:34:57,(2(0)-1678955697:175697),sendBuffComp.SendState,9732,SEND_IDLE
2023-03-16 16:34:58,(2(0)-1678955698:185092),systemResources.CPU_00,19205,2.02 percent
2023-03-16 16:34:57,(2(0)-1678955697:175798),systemResources.CPU_01,19206,9.00 percent
2023-03-16 16:34:57,(2(0)-1678955697:175820),systemResources.CPU_02,19207,8.00 percent
2023-03-16 16:34:57,(2(0)-1678955697:175854),systemResources.CPU_03,19208,10.20 percent
2023-03-16 16:34:57,(2(0)-1678955697:175887),systemResources.CPU_04,19209,3.96 percent
2023-03-16 16:34:57,(2(0)-1678955697:175908),systemResources.CPU_05,19210,9.00 percent
2023-03-16 16:34:57,(2(0)-1678955697:175928),systemResources.CPU_06,19211,4.04 percent
2023-03-16 16:34:57,(2(0)-1678955697:175949),systemResources.CPU_07,19212,9.18 percent
2023-03-16 16:34:57,(2(0)-1678955697:175949),systemResources.CPU,19204,7.56 percent
2023-03-16 16:34:57,(2(0)-1678955697:175968),systemResources.MEMORY_TOTAL,19200,8117348 KB
2023-03-16 16:34:57,(2(0)-1678955697:175968),systemResources.MEMORY_USED,19201,7970712 KB
2023-03-16 16:34:57,(2(0)-1678955697:175972),systemResources.NON_VOLATILE_FREE,19203,50727668 KB
2023-03-16 16:34:57,(2(0)-1678955697:175972),systemResources.NON_VOLATILE_TOTAL,19202,102624184 KB
2023-03-16 16:34:57,(2(0)-1678955697:175973),systemResources.FRAMEWORK_VERSION,19221,v3.1.1-4-g91c578ee3
2023-03-16 16:34:57,(2(0)-1678955697:175974),systemResources.PROJECT_VERSION,19222,v3.1.1-4-g91c578ee3
2023-03-16 16:34:58,(2(0)-1678955698:184064),blockDrv.BD_Cycles,256,43
2023-03-16 16:34:57,(2(0)-1678955697:307787),getEnvData.mDSSData,19968,{'stateFlag_A': 0, 'stateFlag_B': 1, 'royaw': 0.33203125, 'piyaw': 0.33203125, 'flgSP': 0}
2023-03-16 16:34:57,(2(0)-1678955697:307792),getEnvData.mThrDistribute,19969,{'flagABChoose': 204, 'wPulse': 0, 'stateFlag': 1}
2023-03-16 16:34:57,(2(0)-1678955697:307799),processInData.angle1,20480,0.0
2023-03-16 16:34:57,(2(0)-1678955697:307800),processInData.angle2,20481,0.0
2023-03-16 16:34:57,(2(0)-1678955697:307800),processInData.rate1,20483,0.0
2023-03-16 16:34:57,(2(0)-1678955697:307800),processInData.rate2,20484,0.0
2023-03-16 16:34:57,(2(0)-1678955697:307801),processInData.rate3,20485,0.0
2023-03-16 16:34:57,(2(0)-1678955697:307802),processOutData.MODE,20736,SAM_DAMP
2023-03-16 16:34:57,(2(0)-1678955697:308026),setSensorState.PARAMETER,19712,{'wPulse': 0}
2023-03-16 16:34:59,(2(0)-1678955699:191146),blockDrv.BD_Cycles,256,44
2023-03-16 16:34:58,(2(0)-1678955698:185200),systemResources.CPU_01,19206,2.04 percent
2023-03-16 16:34:58,(2(0)-1678955698:185291),systemResources.CPU_02,19207,9.09 percent
2023-03-16 16:34:58,(2(0)-1678955698:185381),systemResources.CPU_03,19208,6.00 percent
2023-03-16 16:34:58,(2(0)-1678955698:185469),systemResources.CPU_04,19209,1.01 percent
2023-03-16 16:34:58,(2(0)-1678955698:185559),systemResources.CPU_05,19210,8.00 percent
2023-03-16 16:34:58,(2(0)-1678955698:185648),systemResources.CPU_06,19211,4.00 percent
2023-03-16 16:34:58,(2(0)-1678955698:185737),systemResources.CPU_07,19212,5.94 percent
2023-03-16 16:34:58,(2(0)-1678955698:185739),systemResources.CPU,19204,4.76 percent
2023-03-16 16:34:58,(2(0)-1678955698:185802),systemResources.MEMORY_TOTAL,19200,8117348 KB
2023-03-16 16:34:58,(2(0)-1678955698:185804),systemResources.MEMORY_USED,19201,7969640 KB
2023-03-16 16:34:58,(2(0)-1678955698:185818),systemResources.NON_VOLATILE_FREE,19203,50727792 KB
2023-03-16 16:34:58,(2(0)-1678955698:185819),systemResources.NON_VOLATILE_TOTAL,19202,102624184 KB
2023-03-16 16:34:58,(2(0)-1678955698:185823),systemResources.FRAMEWORK_VERSION,19221,v3.1.1-4-g91c578ee3
2023-03-16 16:34:58,(2(0)-1678955698:185826),systemResources.PROJECT_VERSION,19222,v3.1.1-4-g91c578ee3
2023-03-16 16:34:58,(2(0)-1678955698:434171),getEnvData.mDSSData,19968,{'stateFlag_A': 0, 'stateFlag_B': 1, 'royaw': 0.33203125, 'piyaw': 0.33203125, 'flgSP': 0}
2023-03-16 16:34:58,(2(0)-1678955698:434184),getEnvData.mThrDistribute,19969,{'flagABChoose': 204, 'wPulse': 0, 'stateFlag': 1}
2023-03-16 16:34:58,(2(0)-1678955698:434206),processInData.angle1,20480,0.0
2023-03-16 16:34:58,(2(0)-1678955698:434208),processInData.angle2,20481,0.0
2023-03-16 16:34:58,(2(0)-1678955698:434209),processInData.rate1,20483,0.0
2023-03-16 16:34:58,(2(0)-1678955698:434210),processInData.rate2,20484,0.0
2023-03-16 16:34:58,(2(0)-1678955698:434212),processInData.rate3,20485,0.0
2023-03-16 16:34:58,(2(0)-1678955698:434216),processOutData.MODE,20736,SAM_DAMP
2023-03-16 16:34:58,(2(0)-1678955698:435090),setSensorState.PARAMETER,19712,{'wPulse': 0}
2023-03-16 16:34:59,(2(0)-1678955699:191258),sendBuffComp.SendState,9732,SEND_IDLE
2023-03-16 16:34:59,(2(0)-1678955699:191377),systemResources.CPU_00,19205,12.12 percent
2023-03-16 16:34:59,(2(0)-1678955699:191434),systemResources.CPU_01,19206,2.00 percent
2023-03-16 16:34:59,(2(0)-1678955699:191469),systemResources.CPU_02,19207,4.00 percent
2023-03-16 16:34:59,(2(0)-1678955699:191502),systemResources.CPU_03,19208,3.00 percent
2023-03-16 16:34:59,(2(0)-1678955699:191535),systemResources.CPU_04,19209,6.86 percent
2023-03-16 16:34:59,(2(0)-1678955699:191569),systemResources.CPU_05,19210,3.03 percent
2023-03-16 16:34:59,(2(0)-1678955699:191592),systemResources.CPU_06,19211,7.14 percent
2023-03-16 16:34:59,(2(0)-1678955699:191613),systemResources.CPU_07,19212,2.02 percent
2023-03-16 16:34:59,(2(0)-1678955699:191614),systemResources.CPU,19204,5.02 percent
2023-03-16 16:34:59,(2(0)-1678955699:191631),systemResources.MEMORY_TOTAL,19200,8117348 KB
2023-03-16 16:34:59,(2(0)-1678955699:191632),systemResources.MEMORY_USED,19201,7970548 KB
2023-03-16 16:34:59,(2(0)-1678955699:191636),systemResources.NON_VOLATILE_FREE,19203,50727760 KB
2023-03-16 16:34:59,(2(0)-1678955699:191637),systemResources.NON_VOLATILE_TOTAL,19202,102624184 KB
2023-03-16 16:34:59,(2(0)-1678955699:191638),systemResources.FRAMEWORK_VERSION,19221,v3.1.1-4-g91c578ee3
2023-03-16 16:34:59,(2(0)-1678955699:191639),systemResources.PROJECT_VERSION,19222,v3.1.1-4-g91c578ee3
2023-03-16 16:34:59,(2(0)-1678955699:191375),pingRcvr.PR_NumPings,2560,11
2023-03-16 16:35:00,(2(0)-1678955700:196547),blockDrv.BD_Cycles,256,45
2023-03-16 16:34:59,(2(0)-1678955699:605197),getEnvData.mDSSData,19968,{'stateFlag_A': 0, 'stateFlag_B': 1, 'royaw': 0.33203125, 'piyaw': 0.33203125, 'flgSP': 0}
2023-03-16 16:34:59,(2(0)-1678955699:605203),getEnvData.mThrDistribute,19969,{'flagABChoose': 204, 'wPulse': 0, 'stateFlag': 1}
2023-03-16 16:34:59,(2(0)-1678955699:605212),processInData.angle1,20480,0.0
2023-03-16 16:34:59,(2(0)-1678955699:605213),processInData.angle2,20481,0.0
2023-03-16 16:34:59,(2(0)-1678955699:605213),processInData.rate1,20483,0.0
2023-03-16 16:34:59,(2(0)-1678955699:605213),processInData.rate2,20484,0.0
2023-03-16 16:34:59,(2(0)-1678955699:605214),processInData.rate3,20485,0.0
2023-03-16 16:34:59,(2(0)-1678955699:605216),processOutData.MODE,20736,SAM_DAMP
2023-03-16 16:34:59,(2(0)-1678955699:605526),setSensorState.PARAMETER,19712,{'wPulse': 0}
2023-03-16 16:35:01,(2(0)-1678955701:199057),blockDrv.BD_Cycles,256,46
2023-03-16 16:35:00,(2(0)-1678955700:197249),systemResources.CPU_01,19206,6.12 percent
2023-03-16 16:35:00,(2(0)-1678955700:197297),systemResources.CPU_02,19207,2.97 percent
2023-03-16 16:35:00,(2(0)-1678955700:197345),systemResources.CPU_03,19208,2.04 percent
2023-03-16 16:35:00,(2(0)-1678955700:197394),systemResources.CPU_04,19209,4.08 percent
2023-03-16 16:35:00,(2(0)-1678955700:197443),systemResources.CPU_05,19210,11.00 percent
2023-03-16 16:35:00,(2(0)-1678955700:197491),systemResources.CPU_06,19211,3.03 percent
2023-03-16 16:35:00,(2(0)-1678955700:197540),systemResources.CPU_07,19212,3.96 percent
2023-03-16 16:35:00,(2(0)-1678955700:197541),systemResources.CPU,19204,4.53 percent
2023-03-16 16:35:00,(2(0)-1678955700:197579),systemResources.MEMORY_TOTAL,19200,8117348 KB
2023-03-16 16:35:00,(2(0)-1678955700:197580),systemResources.MEMORY_USED,19201,7972220 KB
2023-03-16 16:35:00,(2(0)-1678955700:197588),systemResources.NON_VOLATILE_FREE,19203,50727724 KB
2023-03-16 16:35:00,(2(0)-1678955700:197589),systemResources.NON_VOLATILE_TOTAL,19202,102624184 KB
2023-03-16 16:35:00,(2(0)-1678955700:197591),systemResources.FRAMEWORK_VERSION,19221,v3.1.1-4-g91c578ee3
2023-03-16 16:35:00,(2(0)-1678955700:197593),systemResources.PROJECT_VERSION,19222,v3.1.1-4-g91c578ee3
2023-03-16 16:35:00,(2(0)-1678955700:197188),systemResources.CPU_00,19205,3.00 percent
2023-03-16 16:35:01,(2(0)-1678955701:199180),sendBuffComp.SendState,9732,SEND_IDLE
2023-03-16 16:35:00,(2(0)-1678955700:739820),getEnvData.mDSSData,19968,{'stateFlag_A': 0, 'stateFlag_B': 1, 'royaw': 0.33203125, 'piyaw': 0.33203125, 'flgSP': 0}
2023-03-16 16:35:00,(2(0)-1678955700:739825),getEnvData.mThrDistribute,19969,{'flagABChoose': 204, 'wPulse': 0, 'stateFlag': 1}
2023-03-16 16:35:00,(2(0)-1678955700:739833),processInData.angle1,20480,0.0
2023-03-16 16:35:00,(2(0)-1678955700:739833),processInData.angle2,20481,0.0
2023-03-16 16:35:00,(2(0)-1678955700:739833),processInData.rate1,20483,0.0
2023-03-16 16:35:00,(2(0)-1678955700:739834),processInData.rate2,20484,0.0
2023-03-16 16:35:00,(2(0)-1678955700:739834),processInData.rate3,20485,0.0
2023-03-16 16:35:00,(2(0)-1678955700:739835),processOutData.MODE,20736,SAM_DAMP
2023-03-16 16:35:00,(2(0)-1678955700:740211),setSensorState.PARAMETER,19712,{'wPulse': 0}
2023-03-16 16:35:02,(2(0)-1678955702:204872),systemResources.CPU_00,19205,9.18 percent
2023-03-16 16:35:02,(2(0)-1678955702:204902),systemResources.CPU_01,19206,3.03 percent
2023-03-16 16:35:02,(2(0)-1678955702:204929),systemResources.CPU_02,19207,11.88 percent
2023-03-16 16:35:02,(2(0)-1678955702:204957),systemResources.CPU_03,19208,2.02 percent
2023-03-16 16:35:02,(2(0)-1678955702:204979),systemResources.CPU_04,19209,6.93 percent
2023-03-16 16:35:02,(2(0)-1678955702:204999),systemResources.CPU_05,19210,4.90 percent
2023-03-16 16:35:02,(2(0)-1678955702:205020),systemResources.CPU_06,19211,2.06 percent
2023-03-16 16:35:02,(2(0)-1678955702:205041),systemResources.CPU_07,19212,2.04 percent
2023-03-16 16:35:02,(2(0)-1678955702:205041),systemResources.CPU,19204,5.26 percent
2023-03-16 16:35:02,(2(0)-1678955702:205059),systemResources.MEMORY_TOTAL,19200,8117348 KB
2023-03-16 16:35:02,(2(0)-1678955702:205059),systemResources.MEMORY_USED,19201,7973996 KB
2023-03-16 16:35:02,(2(0)-1678955702:205064),systemResources.NON_VOLATILE_FREE,19203,50727600 KB
2023-03-16 16:35:02,(2(0)-1678955702:205064),systemResources.NON_VOLATILE_TOTAL,19202,102624184 KB
2023-03-16 16:35:02,(2(0)-1678955702:205065),systemResources.FRAMEWORK_VERSION,19221,v3.1.1-4-g91c578ee3
2023-03-16 16:35:02,(2(0)-1678955702:205066),systemResources.PROJECT_VERSION,19222,v3.1.1-4-g91c578ee3
2023-03-16 16:35:02,(2(0)-1678955702:204655),blockDrv.BD_Cycles,256,47
2023-03-16 16:35:01,(2(0)-1678955701:864098),getEnvData.mDSSData,19968,{'stateFlag_A': 0, 'stateFlag_B': 1, 'royaw': 0.33203125, 'piyaw': 0.33203125, 'flgSP': 0}
2023-03-16 16:35:01,(2(0)-1678955701:864111),getEnvData.mThrDistribute,19969,{'flagABChoose': 204, 'wPulse': 0, 'stateFlag': 1}
2023-03-16 16:35:01,(2(0)-1678955701:864131),processInData.angle1,20480,0.0
2023-03-16 16:35:01,(2(0)-1678955701:864132),processInData.angle2,20481,0.0
2023-03-16 16:35:01,(2(0)-1678955701:864134),processInData.rate1,20483,0.0
2023-03-16 16:35:01,(2(0)-1678955701:864135),processInData.rate2,20484,0.0
2023-03-16 16:35:01,(2(0)-1678955701:864136),processInData.rate3,20485,0.0
2023-03-16 16:35:01,(2(0)-1678955701:864139),processOutData.MODE,20736,SAM_DAMP
2023-03-16 16:35:01,(2(0)-1678955701:864824),setSensorState.PARAMETER,19712,{'wPulse': 0}
2023-03-16 16:35:03,(2(0)-1678955703:208436),blockDrv.BD_Cycles,256,48
2023-03-16 16:35:03,(2(0)-1678955703:6646),getEnvData.mDSSData,19968,{'stateFlag_A': 0, 'stateFlag_B': 1, 'royaw': 0.33203125, 'piyaw': 0.33203125, 'flgSP': 0}
2023-03-16 16:35:03,(2(0)-1678955703:6652),getEnvData.mThrDistribute,19969,{'flagABChoose': 204, 'wPulse': 0, 'stateFlag': 1}
2023-03-16 16:35:03,(2(0)-1678955703:6660),processInData.angle1,20480,0.0
2023-03-16 16:35:03,(2(0)-1678955703:6661),processInData.angle2,20481,0.0
2023-03-16 16:35:03,(2(0)-1678955703:6661),processInData.rate1,20483,0.0
2023-03-16 16:35:03,(2(0)-1678955703:6662),processInData.rate2,20484,0.0
2023-03-16 16:35:03,(2(0)-1678955703:6662),processInData.rate3,20485,0.0
2023-03-16 16:35:03,(2(0)-1678955703:6664),processOutData.MODE,20736,SAM_DAMP
2023-03-16 16:35:03,(2(0)-1678955703:7001),setSensorState.PARAMETER,19712,{'wPulse': 0}
2023-03-16 16:35:03,(2(0)-1678955703:208494),sendBuffComp.SendState,9732,SEND_IDLE
2023-03-16 16:35:03,(2(0)-1678955703:208523),systemResources.CPU_00,19205,3.06 percent
2023-03-16 16:35:03,(2(0)-1678955703:208545),systemResources.CPU_01,19206,9.18 percent
2023-03-16 16:35:03,(2(0)-1678955703:208566),systemResources.CPU_02,19207,1.01 percent
2023-03-16 16:35:03,(2(0)-1678955703:208614),systemResources.CPU_03,19208,8.00 percent
2023-03-16 16:35:03,(2(0)-1678955703:208634),systemResources.CPU_04,19209,2.02 percent
2023-03-16 16:35:03,(2(0)-1678955703:208668),systemResources.CPU_05,19210,1.02 percent
2023-03-16 16:35:03,(2(0)-1678955703:208688),systemResources.CPU_06,19211,5.00 percent
2023-03-16 16:35:03,(2(0)-1678955703:208708),systemResources.CPU_07,19212,4.08 percent
2023-03-16 16:35:03,(2(0)-1678955703:208709),systemResources.CPU,19204,4.17 percent
2023-03-16 16:35:03,(2(0)-1678955703:208726),systemResources.MEMORY_TOTAL,19200,8117348 KB
2023-03-16 16:35:03,(2(0)-1678955703:208726),systemResources.MEMORY_USED,19201,7976132 KB
2023-03-16 16:35:03,(2(0)-1678955703:208730),systemResources.NON_VOLATILE_FREE,19203,50727728 KB
2023-03-16 16:35:03,(2(0)-1678955703:208730),systemResources.NON_VOLATILE_TOTAL,19202,102624184 KB
2023-03-16 16:35:03,(2(0)-1678955703:208731),systemResources.FRAMEWORK_VERSION,19221,v3.1.1-4-g91c578ee3
2023-03-16 16:35:03,(2(0)-1678955703:208732),systemResources.PROJECT_VERSION,19222,v3.1.1-4-g91c578ee3
2023-03-16 16:35:03,(2(0)-1678955703:208634),pingRcvr.PR_NumPings,2560,12
2023-03-16 16:35:04,(2(0)-1678955704:214650),blockDrv.BD_Cycles,256,49
2023-03-16 16:35:04,(2(0)-1678955704:132596),getEnvData.mDSSData,19968,{'stateFlag_A': 0, 'stateFlag_B': 1, 'royaw': 0.33203125, 'piyaw': 0.33203125, 'flgSP': 0}
2023-03-16 16:35:04,(2(0)-1678955704:132610),getEnvData.mThrDistribute,19969,{'flagABChoose': 204, 'wPulse': 0, 'stateFlag': 1}
2023-03-16 16:35:04,(2(0)-1678955704:132631),processInData.angle1,20480,0.0
2023-03-16 16:35:04,(2(0)-1678955704:132632),processInData.angle2,20481,0.0
2023-03-16 16:35:04,(2(0)-1678955704:132633),processInData.rate1,20483,0.0
2023-03-16 16:35:04,(2(0)-1678955704:132634),processInData.rate2,20484,0.0
2023-03-16 16:35:04,(2(0)-1678955704:132636),processInData.rate3,20485,0.0
2023-03-16 16:35:04,(2(0)-1678955704:132639),processOutData.MODE,20736,SAM_DAMP
2023-03-16 16:35:04,(2(0)-1678955704:133397),setSensorState.PARAMETER,19712,{'wPulse': 0}
2023-03-16 16:35:05,(2(0)-1678955705:220719),blockDrv.BD_Cycles,256,50
2023-03-16 16:35:04,(2(0)-1678955704:215047),systemResources.CPU_01,19206,7.92 percent
2023-03-16 16:35:04,(2(0)-1678955704:215071),systemResources.CPU_02,19207,1.98 percent
2023-03-16 16:35:04,(2(0)-1678955704:215092),systemResources.CPU_03,19208,2.02 percent
2023-03-16 16:35:04,(2(0)-1678955704:215112),systemResources.CPU_04,19209,2.02 percent
2023-03-16 16:35:04,(2(0)-1678955704:215132),systemResources.CPU_05,19210,1.01 percent
2023-03-16 16:35:04,(2(0)-1678955704:215153),systemResources.CPU_06,19211,2.06 percent
2023-03-16 16:35:04,(2(0)-1678955704:215173),systemResources.CPU_07,19212,4.04 percent
2023-03-16 16:35:04,(2(0)-1678955704:215173),systemResources.CPU,19204,3.13 percent
2023-03-16 16:35:04,(2(0)-1678955704:215191),systemResources.MEMORY_TOTAL,19200,8117348 KB
2023-03-16 16:35:04,(2(0)-1678955704:215192),systemResources.MEMORY_USED,19201,7987636 KB
2023-03-16 16:35:04,(2(0)-1678955704:215196),systemResources.NON_VOLATILE_FREE,19203,50727696 KB
2023-03-16 16:35:04,(2(0)-1678955704:215196),systemResources.NON_VOLATILE_TOTAL,19202,102624184 KB
2023-03-16 16:35:04,(2(0)-1678955704:215197),systemResources.FRAMEWORK_VERSION,19221,v3.1.1-4-g91c578ee3
2023-03-16 16:35:04,(2(0)-1678955704:215198),systemResources.PROJECT_VERSION,19222,v3.1.1-4-g91c578ee3
2023-03-16 16:35:04,(2(0)-1678955704:214889),systemResources.CPU_00,19205,4.00 percent
2023-03-16 16:35:05,(2(0)-1678955705:220913),sendBuffComp.SendState,9732,SEND_IDLE
2023-03-16 16:35:05,(2(0)-1678955705:221428),systemResources.CPU_00,19205,4.04 percent
2023-03-16 16:35:05,(2(0)-1678955705:221574),systemResources.CPU_01,19206,3.06 percent
2023-03-16 16:35:05,(2(0)-1678955705:221675),systemResources.CPU_02,19207,3.06 percent
2023-03-16 16:35:05,(2(0)-1678955705:221778),systemResources.CPU_03,19208,4.95 percent
2023-03-16 16:35:05,(2(0)-1678955705:221871),systemResources.CPU_04,19209,5.00 percent
2023-03-16 16:35:05,(2(0)-1678955705:221962),systemResources.CPU_05,19210,5.00 percent
2023-03-16 16:35:05,(2(0)-1678955705:222052),systemResources.CPU_06,19211,6.00 percent
2023-03-16 16:35:05,(2(0)-1678955705:222143),systemResources.CPU_07,19212,8.08 percent
2023-03-16 16:35:05,(2(0)-1678955705:222145),systemResources.CPU,19204,4.90 percent
2023-03-16 16:35:05,(2(0)-1678955705:222217),systemResources.MEMORY_TOTAL,19200,8117348 KB
2023-03-16 16:35:05,(2(0)-1678955705:222327),systemResources.MEMORY_USED,19201,7968556 KB
2023-03-16 16:35:05,(2(0)-1678955705:222345),systemResources.NON_VOLATILE_FREE,19203,50727664 KB
2023-03-16 16:35:05,(2(0)-1678955705:222346),systemResources.NON_VOLATILE_TOTAL,19202,102624184 KB
2023-03-16 16:35:05,(2(0)-1678955705:222350),systemResources.FRAMEWORK_VERSION,19221,v3.1.1-4-g91c578ee3
2023-03-16 16:35:05,(2(0)-1678955705:222353),systemResources.PROJECT_VERSION,19222,v3.1.1-4-g91c578ee3
2023-03-16 16:35:06,(2(0)-1678955706:227817),blockDrv.BD_Cycles,256,51
2023-03-16 16:35:05,(2(0)-1678955705:266896),getEnvData.mDSSData,19968,{'stateFlag_A': 0, 'stateFlag_B': 1, 'royaw': 0.33203125, 'piyaw': 0.33203125, 'flgSP': 0}
2023-03-16 16:35:05,(2(0)-1678955705:266902),getEnvData.mThrDistribute,19969,{'flagABChoose': 204, 'wPulse': 0, 'stateFlag': 1}
2023-03-16 16:35:05,(2(0)-1678955705:266912),processInData.angle1,20480,0.0
2023-03-16 16:35:05,(2(0)-1678955705:266913),processInData.angle2,20481,0.0
2023-03-16 16:35:05,(2(0)-1678955705:266913),processInData.rate1,20483,0.0
2023-03-16 16:35:05,(2(0)-1678955705:266914),processInData.rate2,20484,0.0
2023-03-16 16:35:05,(2(0)-1678955705:266915),processInData.rate3,20485,0.0
2023-03-16 16:35:05,(2(0)-1678955705:266916),processOutData.MODE,20736,SAM_DAMP
2023-03-16 16:35:05,(2(0)-1678955705:267259),setSensorState.PARAMETER,19712,{'wPulse': 0}
2023-03-16 16:35:07,(2(0)-1678955707:231022),blockDrv.BD_Cycles,256,52
2023-03-16 16:35:06,(2(0)-1678955706:228556),systemResources.CPU_01,19206,2.06 percent
2023-03-16 16:35:06,(2(0)-1678955706:228648),systemResources.CPU_02,19207,2.02 percent
2023-03-16 16:35:06,(2(0)-1678955706:228738),systemResources.CPU_03,19208,2.04 percent
2023-03-16 16:35:06,(2(0)-1678955706:228827),systemResources.CPU_04,19209,9.09 percent
2023-03-16 16:35:06,(2(0)-1678955706:228917),systemResources.CPU_05,19210,2.02 percent
2023-03-16 16:35:06,(2(0)-1678955706:229007),systemResources.CPU_06,19211,4.04 percent
2023-03-16 16:35:06,(2(0)-1678955706:229097),systemResources.CPU_07,19212,4.00 percent
2023-03-16 16:35:06,(2(0)-1678955706:229099),systemResources.CPU,19204,4.55 percent
2023-03-16 16:35:06,(2(0)-1678955706:229162),systemResources.MEMORY_TOTAL,19200,8117348 KB
2023-03-16 16:35:06,(2(0)-1678955706:229164),systemResources.MEMORY_USED,19201,7967356 KB
2023-03-16 16:35:06,(2(0)-1678955706:229178),systemResources.NON_VOLATILE_FREE,19203,50727628 KB
2023-03-16 16:35:06,(2(0)-1678955706:229179),systemResources.NON_VOLATILE_TOTAL,19202,102624184 KB
2023-03-16 16:35:06,(2(0)-1678955706:229183),systemResources.FRAMEWORK_VERSION,19221,v3.1.1-4-g91c578ee3
2023-03-16 16:35:06,(2(0)-1678955706:229185),systemResources.PROJECT_VERSION,19222,v3.1.1-4-g91c578ee3
2023-03-16 16:35:06,(2(0)-1678955706:228451),systemResources.CPU_00,19205,11.11 percent
2023-03-16 16:35:07,(2(0)-1678955707:231079),sendBuffComp.SendState,9732,SEND_IDLE
2023-03-16 16:35:06,(2(0)-1678955706:417260),getEnvData.mDSSData,19968,{'stateFlag_A': 0, 'stateFlag_B': 1, 'royaw': 0.33203125, 'piyaw': 0.33203125, 'flgSP': 0}
2023-03-16 16:35:06,(2(0)-1678955706:417265),getEnvData.mThrDistribute,19969,{'flagABChoose': 204, 'wPulse': 0, 'stateFlag': 1}
2023-03-16 16:35:06,(2(0)-1678955706:417273),processInData.angle1,20480,0.0
2023-03-16 16:35:06,(2(0)-1678955706:417274),processInData.angle2,20481,0.0
2023-03-16 16:35:06,(2(0)-1678955706:417274),processInData.rate1,20483,0.0
2023-03-16 16:35:06,(2(0)-1678955706:417274),processInData.rate2,20484,0.0
2023-03-16 16:35:06,(2(0)-1678955706:417275),processInData.rate3,20485,0.0
2023-03-16 16:35:06,(2(0)-1678955706:417276),processOutData.MODE,20736,SAM_DAMP
2023-03-16 16:35:06,(2(0)-1678955706:417582),setSensorState.PARAMETER,19712,{'wPulse': 0}
2023-03-16 16:35:07,(2(0)-1678955707:231463),systemResources.CPU_00,19205,8.16 percent
2023-03-16 16:35:07,(2(0)-1678955707:231489),systemResources.CPU_01,19206,27.27 percent
2023-03-16 16:35:07,(2(0)-1678955707:231510),systemResources.CPU_02,19207,7.07 percent
2023-03-16 16:35:07,(2(0)-1678955707:231531),systemResources.CPU_03,19208,19.19 percent
2023-03-16 16:35:07,(2(0)-1678955707:231551),systemResources.CPU_04,19209,11.22 percent
2023-03-16 16:35:07,(2(0)-1678955707:231571),systemResources.CPU_05,19210,5.15 percent
2023-03-16 16:35:07,(2(0)-1678955707:231591),systemResources.CPU_06,19211,9.38 percent
2023-03-16 16:35:07,(2(0)-1678955707:231612),systemResources.CPU_07,19212,9.90 percent
2023-03-16 16:35:07,(2(0)-1678955707:231612),systemResources.CPU,19204,12.17 percent
2023-03-16 16:35:07,(2(0)-1678955707:231630),systemResources.MEMORY_TOTAL,19200,8117348 KB
2023-03-16 16:35:07,(2(0)-1678955707:231631),systemResources.MEMORY_USED,19201,7765464 KB
2023-03-16 16:35:07,(2(0)-1678955707:231635),systemResources.NON_VOLATILE_FREE,19203,50727976 KB
2023-03-16 16:35:07,(2(0)-1678955707:231636),systemResources.NON_VOLATILE_TOTAL,19202,102624184 KB
2023-03-16 16:35:07,(2(0)-1678955707:231637),systemResources.FRAMEWORK_VERSION,19221,v3.1.1-4-g91c578ee3
2023-03-16 16:35:07,(2(0)-1678955707:231638),systemResources.PROJECT_VERSION,19222,v3.1.1-4-g91c578ee3
2023-03-16 16:35:07,(2(0)-1678955707:231300),pingRcvr.PR_NumPings,2560,13
2023-03-16 16:35:08,(2(0)-1678955708:240977),blockDrv.BD_Cycles,256,53
2023-03-16 16:35:07,(2(0)-1678955707:556519),getEnvData.mDSSData,19968,{'stateFlag_A': 0, 'stateFlag_B': 1, 'royaw': 0.33203125, 'piyaw': 0.33203125, 'flgSP': 0}
2023-03-16 16:35:07,(2(0)-1678955707:556534),getEnvData.mThrDistribute,19969,{'flagABChoose': 204, 'wPulse': 0, 'stateFlag': 1}
2023-03-16 16:35:07,(2(0)-1678955707:556557),processInData.angle1,20480,0.0
2023-03-16 16:35:07,(2(0)-1678955707:556559),processInData.angle2,20481,0.0
2023-03-16 16:35:07,(2(0)-1678955707:556560),processInData.rate1,20483,0.0
2023-03-16 16:35:07,(2(0)-1678955707:556562),processInData.rate2,20484,0.0
2023-03-16 16:35:07,(2(0)-1678955707:556563),processInData.rate3,20485,0.0
2023-03-16 16:35:07,(2(0)-1678955707:556567),processOutData.MODE,20736,SAM_DAMP
2023-03-16 16:35:07,(2(0)-1678955707:557416),setSensorState.PARAMETER,19712,{'wPulse': 0}
2023-03-16 16:35:09,(2(0)-1678955709:245650),blockDrv.BD_Cycles,256,54
2023-03-16 16:35:09,(2(0)-1678955709:245914),systemResources.CPU_01,19206,1.00 percent
2023-03-16 16:35:08,(2(0)-1678955708:241297),systemResources.CPU_02,19207,2.97 percent
2023-03-16 16:35:08,(2(0)-1678955708:241333),systemResources.CPU_03,19208,1.02 percent
2023-03-16 16:35:08,(2(0)-1678955708:241371),systemResources.CPU_04,19209,3.00 percent
2023-03-16 16:35:08,(2(0)-1678955708:241413),systemResources.CPU_05,19210,3.00 percent
2023-03-16 16:35:08,(2(0)-1678955708:241439),systemResources.CPU_06,19211,8.16 percent
2023-03-16 16:35:08,(2(0)-1678955708:241462),systemResources.CPU_07,19212,3.96 percent
2023-03-16 16:35:08,(2(0)-1678955708:241462),systemResources.CPU,19204,4.39 percent
2023-03-16 16:35:08,(2(0)-1678955708:241480),systemResources.MEMORY_TOTAL,19200,8117348 KB
2023-03-16 16:35:08,(2(0)-1678955708:241481),systemResources.MEMORY_USED,19201,7640536 KB
2023-03-16 16:35:08,(2(0)-1678955708:241485),systemResources.NON_VOLATILE_FREE,19203,50727840 KB
2023-03-16 16:35:08,(2(0)-1678955708:241485),systemResources.NON_VOLATILE_TOTAL,19202,102624184 KB
2023-03-16 16:35:08,(2(0)-1678955708:241487),systemResources.FRAMEWORK_VERSION,19221,v3.1.1-4-g91c578ee3
2023-03-16 16:35:08,(2(0)-1678955708:241487),systemResources.PROJECT_VERSION,19222,v3.1.1-4-g91c578ee3
2023-03-16 16:35:09,(2(0)-1678955709:245881),systemResources.CPU_00,19205,0.00 percent
2023-03-16 16:35:08,(2(0)-1678955708:705598),getEnvData.mDSSData,19968,{'stateFlag_A': 0, 'stateFlag_B': 1, 'royaw': 0.33203125, 'piyaw': 0.33203125, 'flgSP': 0}
2023-03-16 16:35:08,(2(0)-1678955708:705611),getEnvData.mThrDistribute,19969,{'flagABChoose': 204, 'wPulse': 0, 'stateFlag': 1}
2023-03-16 16:35:08,(2(0)-1678955708:705632),processInData.angle1,20480,0.0
2023-03-16 16:35:08,(2(0)-1678955708:705633),processInData.angle2,20481,0.0
2023-03-16 16:35:08,(2(0)-1678955708:705634),processInData.rate1,20483,0.0
2023-03-16 16:35:08,(2(0)-1678955708:705636),processInData.rate2,20484,0.0
2023-03-16 16:35:08,(2(0)-1678955708:705637),processInData.rate3,20485,0.0
2023-03-16 16:35:08,(2(0)-1678955708:705640),processOutData.MODE,20736,SAM_DAMP
2023-03-16 16:35:08,(2(0)-1678955708:706515),setSensorState.PARAMETER,19712,{'wPulse': 0}
2023-03-16 16:35:09,(2(0)-1678955709:245930),sendBuffComp.SendState,9732,SEND_IDLE
2023-03-16 16:35:10,(2(0)-1678955710:247119),systemResources.CPU_00,19205,2.02 percent
2023-03-16 16:35:10,(2(0)-1678955710:247218),systemResources.CPU_01,19206,4.08 percent
2023-03-16 16:35:10,(2(0)-1678955710:247347),systemResources.CPU_02,19207,9.28 percent
2023-03-16 16:35:09,(2(0)-1678955709:245971),systemResources.CPU_03,19208,2.02 percent
2023-03-16 16:35:09,(2(0)-1678955709:246000),systemResources.CPU_04,19209,1.98 percent
2023-03-16 16:35:09,(2(0)-1678955709:246028),systemResources.CPU_05,19210,1.98 percent
2023-03-16 16:35:09,(2(0)-1678955709:246056),systemResources.CPU_06,19211,13.13 percent
2023-03-16 16:35:09,(2(0)-1678955709:246084),systemResources.CPU_07,19212,1.01 percent
2023-03-16 16:35:09,(2(0)-1678955709:246084),systemResources.CPU,19204,2.64 percent
2023-03-16 16:35:09,(2(0)-1678955709:246106),systemResources.MEMORY_TOTAL,19200,8117348 KB
2023-03-16 16:35:09,(2(0)-1678955709:246107),systemResources.MEMORY_USED,19201,7640836 KB
2023-03-16 16:35:09,(2(0)-1678955709:246112),systemResources.NON_VOLATILE_FREE,19203,50727840 KB
2023-03-16 16:35:09,(2(0)-1678955709:246112),systemResources.NON_VOLATILE_TOTAL,19202,102624184 KB
2023-03-16 16:35:09,(2(0)-1678955709:246114),systemResources.FRAMEWORK_VERSION,19221,v3.1.1-4-g91c578ee3
2023-03-16 16:35:09,(2(0)-1678955709:246115),systemResources.PROJECT_VERSION,19222,v3.1.1-4-g91c578ee3
2023-03-16 16:35:10,(2(0)-1678955710:246511),blockDrv.BD_Cycles,256,55
2023-03-16 16:35:09,(2(0)-1678955709:843048),getEnvData.mDSSData,19968,{'stateFlag_A': 0, 'stateFlag_B': 1, 'royaw': 0.33203125, 'piyaw': 0.33203125, 'flgSP': 0}
2023-03-16 16:35:09,(2(0)-1678955709:843063),getEnvData.mThrDistribute,19969,{'flagABChoose': 204, 'wPulse': 0, 'stateFlag': 1}
2023-03-16 16:35:09,(2(0)-1678955709:843086),processInData.angle1,20480,0.0
2023-03-16 16:35:09,(2(0)-1678955709:843088),processInData.angle2,20481,0.0
2023-03-16 16:35:09,(2(0)-1678955709:843090),processInData.rate1,20483,0.0
2023-03-16 16:35:09,(2(0)-1678955709:843091),processInData.rate2,20484,0.0
2023-03-16 16:35:09,(2(0)-1678955709:843093),processInData.rate3,20485,0.0
2023-03-16 16:35:09,(2(0)-1678955709:843096),processOutData.MODE,20736,SAM_DAMP
2023-03-16 16:35:09,(2(0)-1678955709:843928),setSensorState.PARAMETER,19712,{'wPulse': 0}
2023-03-16 16:35:11,(2(0)-1678955711:247133),blockDrv.BD_Cycles,256,56
2023-03-16 16:35:10,(2(0)-1678955710:247637),systemResources.CPU_03,19208,3.00 percent
2023-03-16 16:35:10,(2(0)-1678955710:248060),systemResources.CPU_04,19209,0.00 percent
2023-03-16 16:35:10,(2(0)-1678955710:248177),systemResources.CPU_05,19210,8.08 percent
2023-03-16 16:35:10,(2(0)-1678955710:248262),systemResources.CPU_06,19211,2.04 percent
2023-03-16 16:35:10,(2(0)-1678955710:248344),systemResources.CPU_07,19212,2.04 percent
2023-03-16 16:35:10,(2(0)-1678955710:248346),systemResources.CPU,19204,3.82 percent
2023-03-16 16:35:10,(2(0)-1678955710:248405),systemResources.MEMORY_TOTAL,19200,8117348 KB
2023-03-16 16:35:10,(2(0)-1678955710:248407),systemResources.MEMORY_USED,19201,7640612 KB
2023-03-16 16:35:10,(2(0)-1678955710:248420),systemResources.NON_VOLATILE_FREE,19203,50727836 KB
2023-03-16 16:35:10,(2(0)-1678955710:248421),systemResources.NON_VOLATILE_TOTAL,19202,102624184 KB
2023-03-16 16:35:10,(2(0)-1678955710:248424),systemResources.FRAMEWORK_VERSION,19221,v3.1.1-4-g91c578ee3
2023-03-16 16:35:10,(2(0)-1678955710:248427),systemResources.PROJECT_VERSION,19222,v3.1.1-4-g91c578ee3
2023-03-16 16:35:11,(2(0)-1678955711:247156),sendBuffComp.SendState,9732,SEND_IDLE
2023-03-16 16:35:10,(2(0)-1678955710:988088),getEnvData.mDSSData,19968,{'stateFlag_A': 0, 'stateFlag_B': 1, 'royaw': 0.33203125, 'piyaw': 0.33203125, 'flgSP': 0}
2023-03-16 16:35:10,(2(0)-1678955710:988095),getEnvData.mThrDistribute,19969,{'flagABChoose': 204, 'wPulse': 0, 'stateFlag': 1}
2023-03-16 16:35:10,(2(0)-1678955710:988108),processInData.angle1,20480,0.0
2023-03-16 16:35:10,(2(0)-1678955710:988108),processInData.angle2,20481,0.0
2023-03-16 16:35:10,(2(0)-1678955710:988109),processInData.rate1,20483,0.0
2023-03-16 16:35:10,(2(0)-1678955710:988110),processInData.rate2,20484,0.0
2023-03-16 16:35:10,(2(0)-1678955710:988111),processInData.rate3,20485,0.0
2023-03-16 16:35:10,(2(0)-1678955710:988113),processOutData.MODE,20736,SAM_DAMP
2023-03-16 16:35:10,(2(0)-1678955710:988560),setSensorState.PARAMETER,19712,{'wPulse': 0}
2023-03-16 16:35:11,(2(0)-1678955711:247329),systemResources.CPU_00,19205,5.00 percent
2023-03-16 16:35:11,(2(0)-1678955711:247359),systemResources.CPU_01,19206,9.28 percent
2023-03-16 16:35:11,(2(0)-1678955711:247381),systemResources.CPU_02,19207,6.19 percent
2023-03-16 16:35:11,(2(0)-1678955711:247401),systemResources.CPU_03,19208,4.17 percent
2023-03-16 16:35:11,(2(0)-1678955711:247422),systemResources.CPU_04,19209,11.00 percent
2023-03-16 16:35:11,(2(0)-1678955711:247442),systemResources.CPU_05,19210,2.04 percent
2023-03-16 16:35:11,(2(0)-1678955711:247463),systemResources.CPU_06,19211,5.10 percent
2023-03-16 16:35:11,(2(0)-1678955711:247483),systemResources.CPU_07,19212,7.14 percent
2023-03-16 16:35:11,(2(0)-1678955711:247484),systemResources.CPU,19204,6.24 percent
2023-03-16 16:35:11,(2(0)-1678955711:247501),systemResources.MEMORY_TOTAL,19200,8117348 KB
2023-03-16 16:35:11,(2(0)-1678955711:247501),systemResources.MEMORY_USED,19201,7641360 KB
2023-03-16 16:35:11,(2(0)-1678955711:247505),systemResources.NON_VOLATILE_FREE,19203,50727836 KB
2023-03-16 16:35:11,(2(0)-1678955711:247506),systemResources.NON_VOLATILE_TOTAL,19202,102624184 KB
2023-03-16 16:35:11,(2(0)-1678955711:247507),systemResources.FRAMEWORK_VERSION,19221,v3.1.1-4-g91c578ee3
2023-03-16 16:35:11,(2(0)-1678955711:247508),systemResources.PROJECT_VERSION,19222,v3.1.1-4-g91c578ee3
2023-03-16 16:35:11,(2(0)-1678955711:247293),pingRcvr.PR_NumPings,2560,14
2023-03-16 16:35:12,(2(0)-1678955712:260303),blockDrv.BD_Cycles,256,57
2023-03-16 16:35:12,(2(0)-1678955712:150749),getEnvData.mDSSData,19968,{'stateFlag_A': 0, 'stateFlag_B': 1, 'royaw': 0.33203125, 'piyaw': 0.33203125, 'flgSP': 0}
2023-03-16 16:35:12,(2(0)-1678955712:150757),getEnvData.mThrDistribute,19969,{'flagABChoose': 204, 'wPulse': 0, 'stateFlag': 1}
2023-03-16 16:35:12,(2(0)-1678955712:150816),processInData.angle1,20480,0.0
2023-03-16 16:35:12,(2(0)-1678955712:150816),processInData.angle2,20481,0.0
2023-03-16 16:35:12,(2(0)-1678955712:150817),processInData.rate1,20483,0.0
2023-03-16 16:35:12,(2(0)-1678955712:150818),processInData.rate2,20484,0.0
2023-03-16 16:35:12,(2(0)-1678955712:150819),processInData.rate3,20485,0.0
2023-03-16 16:35:12,(2(0)-1678955712:150821),processOutData.MODE,20736,SAM_DAMP
2023-03-16 16:35:12,(2(0)-1678955712:151715),setSensorState.PARAMETER,19712,{'wPulse': 0}
