Hit Ctrl-C to quit
EVENT: (1280) (2:1678969912,508544) DIAGNOSTIC: (cmdDisp) OpCodeRegistered : Opcode 0x2100 registered to port 0 slot 0
EVENT: (1280) (2:1678969912,508584) DIAGNOSTIC: (cmdDisp) OpCodeRegistered : Opcode 0x2101 registered to port 0 slot 1
EVENT: (1280) (2:1678969912,508592) DIAGNOSTIC: (cmdDisp) OpCodeRegistered : Opcode 0x2102 registered to port 0 slot 2
EVENT: (1280) (2:1678969912,508596) DIAGNOSTIC: (cmdDisp) OpCodeRegistered : Opcode 0x2200 registered to port 1 slot 3
EVENT: (1280) (2:1678969912,508600) DIAGNOSTIC: (cmdDisp) OpCodeRegistered : Opcode 0x2201 registered to port 1 slot 4
EVENT: (1280) (2:1678969912,508603) DIAGNOSTIC: (cmdDisp) OpCodeRegistered : Opcode 0x2202 registered to port 1 slot 5
EVENT: (1280) (2:1678969912,508607) DIAGNOSTIC: (cmdDisp) OpCodeRegistered : Opcode 0x2300 registered to port 2 slot 6
EVENT: (1280) (2:1678969912,508610) DIAGNOSTIC: (cmdDisp) OpCodeRegistered : Opcode 0x2301 registered to port 2 slot 7
EVENT: (1280) (2:1678969912,508614) DIAGNOSTIC: (cmdDisp) OpCodeRegistered : Opcode 0x2302 registered to port 2 slot 8
EVENT: (1280) (2:1678969912,508617) DIAGNOSTIC: (cmdDisp) OpCodeRegistered : Opcode 0x2400 registered to port 3 slot 9
EVENT: (1280) (2:1678969912,508621) DIAGNOSTIC: (cmdDisp) OpCodeRegistered : Opcode 0x2401 registered to port 3 slot 10
EVENT: (1280) (2:1678969912,508624) DIAGNOSTIC: (cmdDisp) OpCodeRegistered : Opcode 0x2402 registered to port 3 slot 11
EVENT: (1280) (2:1678969912,508628) DIAGNOSTIC: (cmdDisp) OpCodeRegistered : Opcode 0x2500 registered to port 4 slot 12
EVENT: (1280) (2:1678969912,508632) DIAGNOSTIC: (cmdDisp) OpCodeRegistered : Opcode 0x2501 registered to port 4 slot 13
EVENT: (1280) (2:1678969912,508635) DIAGNOSTIC: (cmdDisp) OpCodeRegistered : Opcode 0x2502 registered to port 4 slot 14
EVENT: (1280) (2:1678969912,508639) DIAGNOSTIC: (cmdDisp) OpCodeRegistered : Opcode 0x500 registered to port 5 slot 15
EVENT: (1280) (2:1678969912,508642) DIAGNOSTIC: (cmdDisp) OpCodeRegistered : Opcode 0x501 registered to port 5 slot 16
EVENT: (1280) (2:1678969912,508646) DIAGNOSTIC: (cmdDisp) OpCodeRegistered : Opcode 0x502 registered to port 5 slot 17
EVENT: (1280) (2:1678969912,508649) DIAGNOSTIC: (cmdDisp) OpCodeRegistered : Opcode 0x503 registered to port 5 slot 18
EVENT: (1280) (2:1678969912,508653) DIAGNOSTIC: (cmdDisp) OpCodeRegistered : Opcode 0x600 registered to port 6 slot 19
EVENT: (1280) (2:1678969912,508657) DIAGNOSTIC: (cmdDisp) OpCodeRegistered : Opcode 0x601 registered to port 6 slot 20
EVENT: (1280) (2:1678969912,508661) DIAGNOSTIC: (cmdDisp) OpCodeRegistered : Opcode 0x602 registered to port 6 slot 21
EVENT: (1280) (2:1678969912,508664) DIAGNOSTIC: (cmdDisp) OpCodeRegistered : Opcode 0x603 registered to port 6 slot 22
EVENT: (1280) (2:1678969912,508668) DIAGNOSTIC: (cmdDisp) OpCodeRegistered : Opcode 0x604 registered to port 6 slot 23
EVENT: (1280) (2:1678969912,508671) DIAGNOSTIC: (cmdDisp) OpCodeRegistered : Opcode 0x605 registered to port 6 slot 24
EVENT: (1280) (2:1678969912,508675) DIAGNOSTIC: (cmdDisp) OpCodeRegistered : Opcode 0x606 registered to port 6 slot 25
EVENT: (1280) (2:1678969912,508678) DIAGNOSTIC: (cmdDisp) OpCodeRegistered : Opcode 0x607 registered to port 6 slot 26
EVENT: (1280) (2:1678969912,508682) DIAGNOSTIC: (cmdDisp) OpCodeRegistered : Opcode 0xe00 registered to port 7 slot 27
EVENT: (1280) (2:1678969912,508686) DIAGNOSTIC: (cmdDisp) OpCodeRegistered : Opcode 0xe01 registered to port 7 slot 28
EVENT: (1280) (2:1678969912,508689) DIAGNOSTIC: (cmdDisp) OpCodeRegistered : Opcode 0xb00 registered to port 8 slot 29
EVENT: (1280) (2:1678969912,508693) DIAGNOSTIC: (cmdDisp) OpCodeRegistered : Opcode 0xb02 registered to port 8 slot 30
EVENT: (1280) (2:1678969912,508696) DIAGNOSTIC: (cmdDisp) OpCodeRegistered : Opcode 0xb03 registered to port 8 slot 31
EVENT: (1280) (2:1678969912,508700) DIAGNOSTIC: (cmdDisp) OpCodeRegistered : Opcode 0x700 registered to port 9 slot 32
EVENT: (1280) (2:1678969912,508704) DIAGNOSTIC: (cmdDisp) OpCodeRegistered : Opcode 0x701 registered to port 9 slot 33
EVENT: (1280) (2:1678969912,508707) DIAGNOSTIC: (cmdDisp) OpCodeRegistered : Opcode 0x702 registered to port 9 slot 34
EVENT: (1280) (2:1678969912,508716) DIAGNOSTIC: (cmdDisp) OpCodeRegistered : Opcode 0x800 registered to port 10 slot 35
EVENT: (1280) (2:1678969912,508720) DIAGNOSTIC: (cmdDisp) OpCodeRegistered : Opcode 0x801 registered to port 10 slot 36
EVENT: (1280) (2:1678969912,508724) DIAGNOSTIC: (cmdDisp) OpCodeRegistered : Opcode 0x802 registered to port 10 slot 37
EVENT: (1280) (2:1678969912,508728) DIAGNOSTIC: (cmdDisp) OpCodeRegistered : Opcode 0x803 registered to port 10 slot 38
EVENT: (1280) (2:1678969912,508731) DIAGNOSTIC: (cmdDisp) OpCodeRegistered : Opcode 0x804 registered to port 10 slot 39
EVENT: (1280) (2:1678969912,508735) DIAGNOSTIC: (cmdDisp) OpCodeRegistered : Opcode 0x805 registered to port 10 slot 40
EVENT: (1280) (2:1678969912,508739) DIAGNOSTIC: (cmdDisp) OpCodeRegistered : Opcode 0x2000 registered to port 11 slot 41
EVENT: (1280) (2:1678969912,508742) DIAGNOSTIC: (cmdDisp) OpCodeRegistered : Opcode 0x2001 registered to port 11 slot 42
EVENT: (1280) (2:1678969912,508746) DIAGNOSTIC: (cmdDisp) OpCodeRegistered : Opcode 0x2002 registered to port 11 slot 43
EVENT: (1280) (2:1678969912,508750) DIAGNOSTIC: (cmdDisp) OpCodeRegistered : Opcode 0xa00 registered to port 12 slot 44
EVENT: (1280) (2:1678969912,508754) DIAGNOSTIC: (cmdDisp) OpCodeRegistered : Opcode 0xd00 registered to port 13 slot 45
EVENT: (1280) (2:1678969912,508758) DIAGNOSTIC: (cmdDisp) OpCodeRegistered : Opcode 0x4700 registered to port 14 slot 46
EVENT: (1280) (2:1678969912,508762) DIAGNOSTIC: (cmdDisp) OpCodeRegistered : Opcode 0x4701 registered to port 14 slot 47
EVENT: (1280) (2:1678969912,508765) DIAGNOSTIC: (cmdDisp) OpCodeRegistered : Opcode 0x4702 registered to port 14 slot 48
EVENT: (1280) (2:1678969912,508769) DIAGNOSTIC: (cmdDisp) OpCodeRegistered : Opcode 0x4703 registered to port 14 slot 49
EVENT: (1280) (2:1678969912,508773) DIAGNOSTIC: (cmdDisp) OpCodeRegistered : Opcode 0x2600 registered to port 15 slot 50
EVENT: (1280) (2:1678969912,508776) DIAGNOSTIC: (cmdDisp) OpCodeRegistered : Opcode 0x2601 registered to port 15 slot 51
EVENT: (1280) (2:1678969912,508780) DIAGNOSTIC: (cmdDisp) OpCodeRegistered : Opcode 0x2602 registered to port 15 slot 52
EVENT: (1280) (2:1678969912,508784) DIAGNOSTIC: (cmdDisp) OpCodeRegistered : Opcode 0x2603 registered to port 15 slot 53
EVENT: (1280) (2:1678969912,508787) DIAGNOSTIC: (cmdDisp) OpCodeRegistered : Opcode 0x260a registered to port 15 slot 54
EVENT: (1280) (2:1678969912,508791) DIAGNOSTIC: (cmdDisp) OpCodeRegistered : Opcode 0x260b registered to port 15 slot 55
EVENT: (1280) (2:1678969912,508795) DIAGNOSTIC: (cmdDisp) OpCodeRegistered : Opcode 0x260c registered to port 15 slot 56
EVENT: (1280) (2:1678969912,508798) DIAGNOSTIC: (cmdDisp) OpCodeRegistered : Opcode 0x260d registered to port 15 slot 57
EVENT: (1280) (2:1678969912,508802) DIAGNOSTIC: (cmdDisp) OpCodeRegistered : Opcode 0x4b00 registered to port 16 slot 58
EVENT: (1280) (2:1678969912,508806) DIAGNOSTIC: (cmdDisp) OpCodeRegistered : Opcode 0x4b01 registered to port 16 slot 59
EVENT: (3335) (2:1678969912,508833) ACTIVITY_HI: (prmDb) PrmFileLoadComplete : Parameter file load completed. Read 4 records.
EVENT: (3328) (2:1678969912,508892) WARNING_LO: (prmDb) PrmIdNotFound : Parameter ID 0x4700 not found
EVENT: (3328) (2:1678969912,508902) WARNING_LO: (prmDb) PrmIdNotFound : Parameter ID 0x4701 not found
EVENT: (3328) (2:1678969912,508906) WARNING_LO: (prmDb) PrmIdNotFound : Parameter ID 0x2600 not found
EVENT: (3328) (2:1678969912,508910) WARNING_LO: (prmDb) PrmIdNotFound : Parameter ID 0x2601 not found
[WARNING] High task priority of 140 being clamped to 99
pthread_create: Insufficient permissions to create thread. May not set thread priority without permission. Operation not permitted
[WARNING] Insufficient Permissions:
[WARNING] Insufficient permissions to set task priority or set task CPU affinity on task TP_blockDrv. Creating task without priority nor affinity.
[WARNING] Please use no-argument <component>.start() calls, set priority/affinity to TASK_DEFAULT or ensure user has correct permissions for operating system.
[WARNING]      Note: future releases of fprime will fail when setting priority/affinity without sufficient permissions 

[WARNING] Task priority set and permissions unavailable. Discarding priority.
pthread_create: Insufficient permissions to create thread. May not set thread priority without permission. Operation not permitted
[WARNING] Insufficient Permissions:
[WARNING] Insufficient permissions to set task priority or set task CPU affinity on task TP_chanTlm. Creating task without priority nor affinity.
[WARNING] Please use no-argument <component>.start() calls, set priority/affinity to TASK_DEFAULT or ensure user has correct permissions for operating system.
[WARNING]      Note: future releases of fprime will fail when setting priority/affinity without sufficient permissions 

[WARNING] Task priority set and permissions unavailable. Discarding priority.
[WARNING] High task priority of 101 being clamped to 99
pthread_create: Insufficient permissions to create thread. May not set thread priority without permission. Operation not permitted
[WARNING] Insufficient Permissions:
[WARNING] Insufficient permissions to set task priority or set task CPU affinity on task TP_cmdDisp. Creating task without priority nor affinity.
[WARNING] Please use no-argument <component>.start() calls, set priority/affinity to TASK_DEFAULT or ensure user has correct permissions for operating system.
[WARNING]      Note: future releases of fprime will fail when setting priority/affinity without sufficient permissions 

[WARNING] Task priority set and permissions unavailable. Discarding priority.
[WARNING] High task priority of 100 being clamped to 99
pthread_create: Insufficient permissions to create thread. May not set thread priority without permission. Operation not permitted
[WARNING] Insufficient Permissions:
[WARNING] Insufficient permissions to set task priority or set task CPU affinity on task TP_cmdSeq. Creating task without priority nor affinity.
[WARNING] Please use no-argument <component>.start() calls, set priority/affinity to TASK_DEFAULT or ensure user has correct permissions for operating system.
[WARNING]      Note: future releases of fprime will fail when setting priority/affinity without sufficient permissions 

[WARNING] Task priority set and permissions unavailable. Discarding priority.
[WARNING] High task priority of 100 being clamped to 99
pthread_create: Insufficient permissions to create thread. May not set thread priority without permission. Operation not permitted
[WARNING] Insufficient Permissions:
[WARNING] Insufficient permissions to set task priority or set task CPU affinity on task TP_ReceiveTask. Creating task without priority nor affinity.
[WARNING] Please use no-argument <component>.start() calls, set priority/affinity to TASK_DEFAULT or ensure user has correct permissions for operating system.
[WARNING]      Note: future releases of fprime will fail when setting priority/affinity without sufficient permissions 

[WARNING] Task priority set and permissions unavailable. Discarding priority.
[WARNING] High task priority of 100 being clamped to 99
Connected to 0.0.0.0:50000 as a tcp client
pthread_create: Insufficient permissions to create thread. May not set thread priority without permission. Operation not permitted
[WARNING] Insufficient Permissions:
[WARNING] Insufficient permissions to set task priority or set task CPU affinity on task TP_control. Creating task without priority nor affinity.
[WARNING] Please use no-argument <component>.start() calls, set priority/affinity to TASK_DEFAULT or ensure user has correct permissions for operating system.
[WARNING]      Note: future releases of fprime will fail when setting priority/affinity without sufficient permissions 

[WARNING] Task priority set and permissions unavailable. Discarding priority.
pthread_create: Insufficient permissions to create thread. May not set thread priority without permission. Operation not permitted
[WARNING] Insufficient Permissions:
[WARNING] Insufficient permissions to set task priority or set task CPU affinity on task TP_eventLogger. Creating task without priority nor affinity.
[WARNING] Please use no-argument <component>.start() calls, set priority/affinity to TASK_DEFAULT or ensure user has correct permissions for operating system.
[WARNING]      Note: future releases of fprime will fail when setting priority/affinity without sufficient permissions 

[WARNING] Task priority set and permissions unavailable. Discarding priority.
[WARNING] High task priority of 100 being clamped to 99
pthread_create: Insufficient permissions to create thread. May not set thread priority without permission. Operation not permitted
[WARNING] Insufficient Permissions:
[WARNING] Insufficient permissions to set task priority or set task CPU affinity on task TP_fileDownlink. Creating task without priority nor affinity.
[WARNING] Please use no-argument <component>.start() calls, set priority/affinity to TASK_DEFAULT or ensure user has correct permissions for operating system.
[WARNING]      Note: future releases of fprime will fail when setting priority/affinity without sufficient permissions 

[WARNING] Task priority set and permissions unavailable. Discarding priority.
[WARNING] High task priority of 100 being clamped to 99
pthread_create: Insufficient permissions to create thread. May not set thread priority without permission. Operation not permitted
[WARNING] Insufficient Permissions:
[WARNING] Insufficient permissions to set task priority or set task CPU affinity on task TP_fileManager. Creating task without priority nor affinity.
[WARNING] Please use no-argument <component>.start() calls, set priority/affinity to TASK_DEFAULT or ensure user has correct permissions for operating system.
[WARNING]      Note: future releases of fprime will fail when setting priority/affinity without sufficient permissions 

[WARNING] Task priority set and permissions unavailable. Discarding priority.
[WARNING] High task priority of 100 being clamped to 99
pthread_create: Insufficient permissions to create thread. May not set thread priority without permission. Operation not permitted
[WARNING] Insufficient Permissions:
[WARNING] Insufficient permissions to set task priority or set task CPU affinity on task TP_fileUplink. Creating task without priority nor affinity.
[WARNING] Please use no-argument <component>.start() calls, set priority/affinity to TASK_DEFAULT or ensure user has correct permissions for operating system.
[WARNING]      Note: future releases of fprime will fail when setting priority/affinity without sufficient permissions 

[WARNING] Task priority set and permissions unavailable. Discarding priority.
[WARNING] High task priority of 100 being clamped to 99
pthread_create: Insufficient permissions to create thread. May not set thread priority without permission. Operation not permitted
[WARNING] Insufficient Permissions:
[WARNING] Insufficient permissions to set task priority or set task CPU affinity on task TP_pingRcvr. Creating task without priority nor affinity.
[WARNING] Please use no-argument <component>.start() calls, set priority/affinity to TASK_DEFAULT or ensure user has correct permissions for operating system.
[WARNING]      Note: future releases of fprime will fail when setting priority/affinity without sufficient permissions 

[WARNING] Task priority set and permissions unavailable. Discarding priority.
pthread_create: Insufficient permissions to create thread. May not set thread priority without permission. Operation not permitted
[WARNING] Insufficient Permissions:
[WARNING] Insufficient permissions to set task priority or set task CPU affinity on task TP_prmDb. Creating task without priority nor affinity.
[WARNING] Please use no-argument <component>.start() calls, set priority/affinity to TASK_DEFAULT or ensure user has correct permissions for operating system.
[WARNING]      Note: future releases of fprime will fail when setting priority/affinity without sufficient permissions 

[WARNING] Task priority set and permissions unavailable. Discarding priority.
[WARNING] High task priority of 120 being clamped to 99
pthread_create: Insufficient permissions to create thread. May not set thread priority without permission. Operation not permitted
[WARNING] Insufficient Permissions:
[WARNING] Insufficient permissions to set task priority or set task CPU affinity on task TP_rateGroup1Comp. Creating task without priority nor affinity.
[WARNING] Please use no-argument <component>.start() calls, set priority/affinity to TASK_DEFAULT or ensure user has correct permissions for operating system.
[WARNING]      Note: future releases of fprime will fail when setting priority/affinity without sufficient permissions 

[WARNING] Task priority set and permissions unavailable. Discarding priority.
[WARNING] High task priority of 119 being clamped to 99
EVENT: (512) (2:1678969912,512061) DIAGNOSTIC: (rateGroup1Comp) RateGroupStarted : Rate group started.
pthread_create: Insufficient permissions to create thread. May not set thread priority without permission. Operation not permitted
[WARNING] Insufficient Permissions:
[WARNING] Insufficient permissions to set task priority or set task CPU affinity on task TP_rateGroup2Comp. Creating task without priority nor affinity.
[WARNING] Please use no-argument <component>.start() calls, set priority/affinity to TASK_DEFAULT or ensure user has correct permissions for operating system.
[WARNING]      Note: future releases of fprime will fail when setting priority/affinity without sufficient permissions 

[WARNING] Task priority set and permissions unavailable. Discarding priority.
[WARNING] High task priority of 118 being clamped to 99
EVENT: (768) (2:1678969912,512296) DIAGNOSTIC: (rateGroup2Comp) RateGroupStarted : Rate group started.
pthread_create: Insufficient permissions to create thread. May not set thread priority without permission. Operation not permitted
[WARNING] Insufficient Permissions:
[WARNING] Insufficient permissions to set task priority or set task CPU affinity on task TP_rateGroup3Comp. Creating task without priority nor affinity.
[WARNING] Please use no-argument <component>.start() calls, set priority/affinity to TASK_DEFAULT or ensure user has correct permissions for operating system.
[WARNING]      Note: future releases of fprime will fail when setting priority/affinity without sufficient permissions 

[WARNING] Task priority set and permissions unavailable. Discarding priority.
EVENT: (1024) (2:1678969912,512486) DIAGNOSTIC: (rateGroup3Comp) RateGroupStarted : Rate group started.
EVENT: (3584) (2:1678969925,121630) ACTIVITY_LO: (control) START_CONTROL : start control
EVENT: (1281) (2:1678969925,121614) COMMAND: (cmdDisp) OpCodeDispatched : Opcode 0xe00 dispatched to port 7
EVENT: (9984) (2:1678969925,361337) ACTIVITY_LO: (thrDistribute) THRUSTER : Thruster 20 jet
EVENT: (9984) (2:1678969926,389037) ACTIVITY_LO: (thrDistribute) THRUSTER : Thruster 20 jet
EVENT: (9984) (2:1678969927,417633) ACTIVITY_LO: (thrDistribute) THRUSTER : Thruster 20 jet
EVENT: (9984) (2:1678969928,445596) ACTIVITY_LO: (thrDistribute) THRUSTER : Thruster 20 jet
EVENT: (9984) (2:1678969929,472186) ACTIVITY_LO: (thrDistribute) THRUSTER : Thruster 20 jet
EVENT: (9984) (2:1678969930,500079) ACTIVITY_LO: (thrDistribute) THRUSTER : Thruster 20 jet
EVENT: (9984) (2:1678969931,400804) ACTIVITY_LO: (thrDistribute) THRUSTER : Thruster 20 jet
EVENT: (9984) (2:1678969932,557607) ACTIVITY_LO: (thrDistribute) THRUSTER : Thruster 4 jet
EVENT: (9984) (2:1678969933,585969) ACTIVITY_LO: (thrDistribute) THRUSTER : Thruster 4 jet
EVENT: (9984) (2:1678969934,613384) ACTIVITY_LO: (thrDistribute) THRUSTER : Thruster 20 jet
EVENT: (9984) (2:1678969935,641543) ACTIVITY_LO: (thrDistribute) THRUSTER : Thruster 4 jet
EVENT: (9984) (2:1678969936,669848) ACTIVITY_LO: (thrDistribute) THRUSTER : Thruster 20 jet
EVENT: (9984) (2:1678969937,698265) ACTIVITY_LO: (thrDistribute) THRUSTER : Thruster 4 jet
EVENT: (9984) (2:1678969938,728021) ACTIVITY_LO: (thrDistribute) THRUSTER : Thruster 4 jet
EVENT: (9984) (2:1678969939,626952) ACTIVITY_LO: (thrDistribute) THRUSTER : Thruster 20 jet
EVENT: (9984) (2:1678969940,655125) ACTIVITY_LO: (thrDistribute) THRUSTER : Thruster 4 jet
EVENT: (9984) (2:1678969941,812013) ACTIVITY_LO: (thrDistribute) THRUSTER : Thruster 20 jet
Fatal Python error: initsite: Failed to import the site module
Traceback (most recent call last):
  File "/home/kokaze/anaconda3/envs/fprime-venv/lib/python3.7/site.py", line 579, in <module>
    main()
  File "/home/kokaze/anaconda3/envs/fprime-venv/lib/python3.7/site.py", line 566, in main
    known_paths = addsitepackages(known_paths)
  File "/home/kokaze/anaconda3/envs/fprime-venv/lib/python3.7/site.py", line 349, in addsitepackages
    addsitedir(sitedir, known_paths)
  File "/home/kokaze/anaconda3/envs/fprime-venv/lib/python3.7/site.py", line 207, in addsitedir
    addpackage(sitedir, name, known_paths)
  File "/home/kokaze/anaconda3/envs/fprime-venv/lib/python3.7/site.py", line 168, in addpackage
    exec(line)
  File "<string>", line 1, in <module>
KeyboardInterrupt
[WARNING] Failed to recv from port with status -8 and errno 107
[WARNING] Failed to open port with status -4 and errno 111
[ERROR] Failed to send framed data: 1
[ERROR] Failed to send framed data: 1
[ERROR] Failed to send framed data: 1
[ERROR] Failed to send framed data: 1
[ERROR] Failed to send framed data: 1
[ERROR] Failed to send framed data: 1
[ERROR] Failed to send framed data: 1
[ERROR] Failed to send framed data: 1
[ERROR] Failed to send framed data: 1
[ERROR] Failed to send framed data: 1
[ERROR] Failed to send framed data: 1
[ERROR] Failed to send framed data: 1
[ERROR] Failed to send framed data: 1
[ERROR] Failed to send framed data: 1
[ERROR] Failed to send framed data: 1
[ERROR] Failed to send framed data: 1
[ERROR] Failed to send framed data: 1
[ERROR] Failed to send framed data: 1
[ERROR] Failed to send framed data: 1
[ERROR] Failed to send framed data: 1
[ERROR] Failed to send framed data: 1
[ERROR] Failed to send framed data: 1
[ERROR] Failed to send framed data: 1
[ERROR] Failed to send framed data: 1
[ERROR] Failed to send framed data: 1
[ERROR] Failed to send framed data: 1
[ERROR] Failed to send framed data: 1
[ERROR] Failed to send framed data: 1
[ERROR] Failed to send framed data: 1
[ERROR] Failed to send framed data: 1
[ERROR] Failed to send framed data: 1
[ERROR] Failed to send framed data: 1
[ERROR] Failed to send framed data: 1
[ERROR] Failed to send framed data: 1
[ERROR] Failed to send framed data: 1
[ERROR] Failed to send framed data: 1
[ERROR] Failed to send framed data: 1
[ERROR] Failed to send framed data: 1
[ERROR] Failed to send framed data: 1
[ERROR] Failed to send framed data: 1
[ERROR] Failed to send framed data: 1
[ERROR] Failed to send framed data: 1
[ERROR] Failed to send framed data: 1
[ERROR] Failed to send framed data: 1
[ERROR] Failed to send framed data: 1
[ERROR] Failed to send framed data: 1
[ERROR] Failed to send framed data: 1
[ERROR] Failed to send framed data: 1
[ERROR] Failed to send framed data: 1
[ERROR] Failed to send framed data: 1
[ERROR] Failed to send framed data: 1
[ERROR] Failed to send framed data: 1
[ERROR] Failed to send framed data: 1
[ERROR] Failed to send framed data: 1
[ERROR] Failed to send framed data: 1
[ERROR] Failed to send framed data: 1
[ERROR] Failed to send framed data: 1
[ERROR] Failed to send framed data: 1
[ERROR] Failed to send framed data: 1
[ERROR] Failed to send framed data: 1
[ERROR] Failed to send framed data: 1
[ERROR] Failed to send framed data: 1
[ERROR] Failed to send framed data: 1
[ERROR] Failed to send framed data: 1
[ERROR] Failed to send framed data: 1
[ERROR] Failed to send framed data: 1
[ERROR] Failed to send framed data: 1
[ERROR] Failed to send framed data: 1
[ERROR] Failed to send framed data: 1
[ERROR] Failed to send framed data: 1
[ERROR] Failed to send framed data: 1
[ERROR] Failed to send framed data: 1
[ERROR] Failed to send framed data: 1
[ERROR] Failed to send framed data: 1
[ERROR] Failed to send framed data: 1
[ERROR] Failed to send framed data: 1
[ERROR] Failed to send framed data: 1
[ERROR] Failed to send framed data: 1
[ERROR] Failed to send framed data: 1
[ERROR] Failed to send framed data: 1
[ERROR] Failed to send framed data: 1
[ERROR] Failed to send framed data: 1
[ERROR] Failed to send framed data: 1
[ERROR] Failed to send framed data: 1
[ERROR] Failed to send framed data: 1
[ERROR] Failed to send framed data: 1
[ERROR] Failed to send framed data: 1
[ERROR] Failed to send framed data: 1
[ERROR] Failed to send framed data: 1
[ERROR] Failed to send framed data: 1
[ERROR] Failed to send framed data: 1
[ERROR] Failed to send framed data: 1
[ERROR] Failed to send framed data: 1
[ERROR] Failed to send framed data: 1
[ERROR] Failed to send framed data: 1
[ERROR] Failed to send framed data: 1
[ERROR] Failed to send framed data: 1
[ERROR] Failed to send framed data: 1
[ERROR] Failed to send framed data: 1
[ERROR] Failed to send framed data: 1
[ERROR] Failed to send framed data: 1
[ERROR] Failed to send framed data: 1
[ERROR] Failed to send framed data: 1
[ERROR] Failed to send framed data: 1
[ERROR] Failed to send framed data: 1
[ERROR] Failed to send framed data: 1
[ERROR] Failed to send framed data: 1
[ERROR] Failed to send framed data: 1
[WARNING] Failed to open port with status -4 and errno 111
[ERROR] Failed to send framed data: 1
[ERROR] Failed to send framed data: 1
[ERROR] Failed to send framed data: 1
[ERROR] Failed to send framed data: 1
[ERROR] Failed to send framed data: 1
[ERROR] Failed to send framed data: 1
[ERROR] Failed to send framed data: 1
[ERROR] Failed to send framed data: 1
[ERROR] Failed to send framed data: 1
[ERROR] Failed to send framed data: 1
[ERROR] Failed to send framed data: 1
[ERROR] Failed to send framed data: 1
[ERROR] Failed to send framed data: 1
[ERROR] Failed to send framed data: 1
[ERROR] Failed to send framed data: 1
[ERROR] Failed to send framed data: 1
[ERROR] Failed to send framed data: 1
[ERROR] Failed to send framed data: 1
EVENT: (9984) (2:1678969944,767346) ACTIVITY_LO: (thrDistribute) THRUSTER : Thruster 20 jet
[ERROR] Failed to send framed data: 1
[ERROR] Failed to send framed data: 1
[ERROR] Failed to send framed data: 1
[ERROR] Failed to send framed data: 1
[ERROR] Failed to send framed data: 1
[ERROR] Failed to send framed data: 1
[ERROR] Failed to send framed data: 1
[ERROR] Failed to send framed data: 1
[ERROR] Failed to send framed data: 1
[ERROR] Failed to send framed data: 1
[ERROR] Failed to send framed data: 1
[ERROR] Failed to send framed data: 1
[ERROR] Failed to send framed data: 1
[ERROR] Failed to send framed data: 1
[ERROR] Failed to send framed data: 1
[ERROR] Failed to send framed data: 1
[ERROR] Failed to send framed data: 1
[ERROR] Failed to send framed data: 1
