2023-03-16 20:15:04,(2(0)-1678968904:822906),cmdDisp.OpCodeDispatched,1281,EventSeverity.COMMAND,Opcode 0xe00 dispatched to port 7
2023-03-16 20:15:04,(2(0)-1678968904:822950),control.START_CONTROL,3584,EventSeverity.ACTIVITY_LO,start control
2023-03-16 20:15:04,(2(0)-1678968904:946804),protectFromSunlight.PROCESS_OUT_DATA,21248,EventSeverity.ACTIVITY_LO,Protect from Sunlight
2023-03-16 20:15:04,(2(0)-1678968904:996093),thrDistribute.DOTHRUSTER,9985,EventSeverity.ACTIVITY_LO,DO Thruster
2023-03-16 20:15:04,(2(0)-1678968904:996151),thrDistribute.THRUSTER,9984,EventSeverity.ACTIVITY_LO,Thruster 92 jet
2023-03-16 20:15:04,(2(0)-1678968904:996159),thrDistribute.THRUSTER,9984,EventSeverity.ACTIVITY_LO,Thruster 3 jet
2023-03-16 20:15:04,(2(0)-1678968904:996163),thrDistribute.THRUSTER,9984,EventSeverity.ACTIVITY_LO,Thruster 4 jet
2023-03-16 20:15:05,(2(0)-1678968905:975880),protectFromSunlight.PROCESS_OUT_DATA,21248,EventSeverity.ACTIVITY_LO,Protect from Sunlight
2023-03-16 20:15:06,(2(0)-1678968906:24416),thrDistribute.DOTHRUSTER,9985,EventSeverity.ACTIVITY_LO,DO Thruster
2023-03-16 20:15:06,(2(0)-1678968906:24461),thrDistribute.THRUSTER,9984,EventSeverity.ACTIVITY_LO,Thruster 162 jet
2023-03-16 20:15:06,(2(0)-1678968906:24466),thrDistribute.THRUSTER,9984,EventSeverity.ACTIVITY_LO,Thruster 2 jet
2023-03-16 20:15:07,(2(0)-1678968907:15090),protectFromSunlight.PROCESS_OUT_DATA,21248,EventSeverity.ACTIVITY_LO,Protect from Sunlight
2023-03-16 20:15:07,(2(0)-1678968907:51910),thrDistribute.DOTHRUSTER,9985,EventSeverity.ACTIVITY_LO,DO Thruster
2023-03-16 20:15:07,(2(0)-1678968907:51972),thrDistribute.THRUSTER,9984,EventSeverity.ACTIVITY_LO,Thruster 162 jet
2023-03-16 20:15:07,(2(0)-1678968907:51979),thrDistribute.THRUSTER,9984,EventSeverity.ACTIVITY_LO,Thruster 2 jet
2023-03-16 20:15:08,(2(0)-1678968908:38087),protectFromSunlight.PROCESS_OUT_DATA,21248,EventSeverity.ACTIVITY_LO,Protect from Sunlight
2023-03-16 20:15:08,(2(0)-1678968908:80792),thrDistribute.DOTHRUSTER,9985,EventSeverity.ACTIVITY_LO,DO Thruster
2023-03-16 20:15:08,(2(0)-1678968908:80885),thrDistribute.THRUSTER,9984,EventSeverity.ACTIVITY_LO,Thruster 162 jet
2023-03-16 20:15:08,(2(0)-1678968908:80895),thrDistribute.THRUSTER,9984,EventSeverity.ACTIVITY_LO,Thruster 2 jet
2023-03-16 20:15:09,(2(0)-1678968909:71799),protectFromSunlight.PROCESS_OUT_DATA,21248,EventSeverity.ACTIVITY_LO,Protect from Sunlight
2023-03-16 20:15:09,(2(0)-1678968909:108744),thrDistribute.DOTHRUSTER,9985,EventSeverity.ACTIVITY_LO,DO Thruster
2023-03-16 20:15:09,(2(0)-1678968909:108803),thrDistribute.THRUSTER,9984,EventSeverity.ACTIVITY_LO,Thruster 162 jet
2023-03-16 20:15:09,(2(0)-1678968909:108821),thrDistribute.THRUSTER,9984,EventSeverity.ACTIVITY_LO,Thruster 2 jet
2023-03-16 20:15:10,(2(0)-1678968910:121671),protectFromSunlight.PROCESS_OUT_DATA,21248,EventSeverity.ACTIVITY_LO,Protect from Sunlight
2023-03-16 20:15:10,(2(0)-1678968910:136788),thrDistribute.DOTHRUSTER,9985,EventSeverity.ACTIVITY_LO,DO Thruster
2023-03-16 20:15:10,(2(0)-1678968910:136904),thrDistribute.THRUSTER,9984,EventSeverity.ACTIVITY_LO,Thruster 162 jet
2023-03-16 20:15:10,(2(0)-1678968910:136914),thrDistribute.THRUSTER,9984,EventSeverity.ACTIVITY_LO,Thruster 2 jet
2023-03-16 20:15:11,(2(0)-1678968911:139248),protectFromSunlight.PROCESS_OUT_DATA,21248,EventSeverity.ACTIVITY_LO,Protect from Sunlight
2023-03-16 20:15:11,(2(0)-1678968911:165083),thrDistribute.DOTHRUSTER,9985,EventSeverity.ACTIVITY_LO,DO Thruster
2023-03-16 20:15:11,(2(0)-1678968911:165391),thrDistribute.THRUSTER,9984,EventSeverity.ACTIVITY_LO,Thruster 162 jet
2023-03-16 20:15:11,(2(0)-1678968911:167121),thrDistribute.THRUSTER,9984,EventSeverity.ACTIVITY_LO,Thruster 2 jet
2023-03-16 20:15:12,(2(0)-1678968912:165036),protectFromSunlight.PROCESS_OUT_DATA,21248,EventSeverity.ACTIVITY_LO,Protect from Sunlight
2023-03-16 20:15:12,(2(0)-1678968912:193025),thrDistribute.DOTHRUSTER,9985,EventSeverity.ACTIVITY_LO,DO Thruster
2023-03-16 20:15:12,(2(0)-1678968912:193094),thrDistribute.THRUSTER,9984,EventSeverity.ACTIVITY_LO,Thruster 162 jet
2023-03-16 20:15:12,(2(0)-1678968912:193103),thrDistribute.THRUSTER,9984,EventSeverity.ACTIVITY_LO,Thruster 2 jet
2023-03-16 20:15:13,(2(0)-1678968913:188442),protectFromSunlight.PROCESS_OUT_DATA,21248,EventSeverity.ACTIVITY_LO,Protect from Sunlight
2023-03-16 20:15:13,(2(0)-1678968913:222124),thrDistribute.DOTHRUSTER,9985,EventSeverity.ACTIVITY_LO,DO Thruster
2023-03-16 20:15:13,(2(0)-1678968913:222189),thrDistribute.THRUSTER,9984,EventSeverity.ACTIVITY_LO,Thruster 162 jet
2023-03-16 20:15:13,(2(0)-1678968913:222198),thrDistribute.THRUSTER,9984,EventSeverity.ACTIVITY_LO,Thruster 2 jet
2023-03-16 20:15:14,(2(0)-1678968914:220594),protectFromSunlight.PROCESS_OUT_DATA,21248,EventSeverity.ACTIVITY_LO,Protect from Sunlight
2023-03-16 20:15:14,(2(0)-1678968914:250255),thrDistribute.DOTHRUSTER,9985,EventSeverity.ACTIVITY_LO,DO Thruster
2023-03-16 20:15:14,(2(0)-1678968914:250329),thrDistribute.THRUSTER,9984,EventSeverity.ACTIVITY_LO,Thruster 162 jet
2023-03-16 20:15:14,(2(0)-1678968914:250338),thrDistribute.THRUSTER,9984,EventSeverity.ACTIVITY_LO,Thruster 2 jet
2023-03-16 20:15:15,(2(0)-1678968915:245682),protectFromSunlight.PROCESS_OUT_DATA,21248,EventSeverity.ACTIVITY_LO,Protect from Sunlight
2023-03-16 20:15:15,(2(0)-1678968915:278286),thrDistribute.DOTHRUSTER,9985,EventSeverity.ACTIVITY_LO,DO Thruster
2023-03-16 20:15:15,(2(0)-1678968915:278438),thrDistribute.THRUSTER,9984,EventSeverity.ACTIVITY_LO,Thruster 162 jet
2023-03-16 20:15:15,(2(0)-1678968915:278450),thrDistribute.THRUSTER,9984,EventSeverity.ACTIVITY_LO,Thruster 2 jet
2023-03-16 20:15:16,(2(0)-1678968916:272465),protectFromSunlight.PROCESS_OUT_DATA,21248,EventSeverity.ACTIVITY_LO,Protect from Sunlight
2023-03-16 20:15:16,(2(0)-1678968916:306266),thrDistribute.DOTHRUSTER,9985,EventSeverity.ACTIVITY_LO,DO Thruster
2023-03-16 20:15:16,(2(0)-1678968916:306320),thrDistribute.THRUSTER,9984,EventSeverity.ACTIVITY_LO,Thruster 162 jet
2023-03-16 20:15:16,(2(0)-1678968916:306327),thrDistribute.THRUSTER,9984,EventSeverity.ACTIVITY_LO,Thruster 2 jet
2023-03-16 20:15:17,(2(0)-1678968917:315674),protectFromSunlight.PROCESS_OUT_DATA,21248,EventSeverity.ACTIVITY_LO,Protect from Sunlight
2023-03-16 20:15:17,(2(0)-1678968917:335027),thrDistribute.DOTHRUSTER,9985,EventSeverity.ACTIVITY_LO,DO Thruster
2023-03-16 20:15:17,(2(0)-1678968917:335072),thrDistribute.THRUSTER,9984,EventSeverity.ACTIVITY_LO,Thruster 162 jet
2023-03-16 20:15:17,(2(0)-1678968917:335078),thrDistribute.THRUSTER,9984,EventSeverity.ACTIVITY_LO,Thruster 2 jet
2023-03-16 20:15:18,(2(0)-1678968918:344422),protectFromSunlight.PROCESS_OUT_DATA,21248,EventSeverity.ACTIVITY_LO,Protect from Sunlight
2023-03-16 20:15:18,(2(0)-1678968918:362239),thrDistribute.DOTHRUSTER,9985,EventSeverity.ACTIVITY_LO,DO Thruster
2023-03-16 20:15:18,(2(0)-1678968918:362299),thrDistribute.THRUSTER,9984,EventSeverity.ACTIVITY_LO,Thruster 162 jet
2023-03-16 20:15:18,(2(0)-1678968918:362345),thrDistribute.THRUSTER,9984,EventSeverity.ACTIVITY_LO,Thruster 2 jet
2023-03-16 20:15:19,(2(0)-1678968919:371957),protectFromSunlight.PROCESS_OUT_DATA,21248,EventSeverity.ACTIVITY_LO,Protect from Sunlight
2023-03-16 20:15:19,(2(0)-1678968919:391258),thrDistribute.DOTHRUSTER,9985,EventSeverity.ACTIVITY_LO,DO Thruster
2023-03-16 20:15:19,(2(0)-1678968919:391321),thrDistribute.THRUSTER,9984,EventSeverity.ACTIVITY_LO,Thruster 162 jet
2023-03-16 20:15:19,(2(0)-1678968919:391328),thrDistribute.THRUSTER,9984,EventSeverity.ACTIVITY_LO,Thruster 2 jet
2023-03-16 20:15:20,(2(0)-1678968920:401721),protectFromSunlight.PROCESS_OUT_DATA,21248,EventSeverity.ACTIVITY_LO,Protect from Sunlight
2023-03-16 20:15:20,(2(0)-1678968920:418734),thrDistribute.DOTHRUSTER,9985,EventSeverity.ACTIVITY_LO,DO Thruster
2023-03-16 20:15:20,(2(0)-1678968920:418797),thrDistribute.THRUSTER,9984,EventSeverity.ACTIVITY_LO,Thruster 162 jet
2023-03-16 20:15:20,(2(0)-1678968920:418806),thrDistribute.THRUSTER,9984,EventSeverity.ACTIVITY_LO,Thruster 2 jet
2023-03-16 20:15:21,(2(0)-1678968921:438171),protectFromSunlight.PROCESS_OUT_DATA,21248,EventSeverity.ACTIVITY_LO,Protect from Sunlight
2023-03-16 20:15:21,(2(0)-1678968921:446455),thrDistribute.DOTHRUSTER,9985,EventSeverity.ACTIVITY_LO,DO Thruster
2023-03-16 20:15:21,(2(0)-1678968921:446509),thrDistribute.THRUSTER,9984,EventSeverity.ACTIVITY_LO,Thruster 162 jet
2023-03-16 20:15:21,(2(0)-1678968921:446516),thrDistribute.THRUSTER,9984,EventSeverity.ACTIVITY_LO,Thruster 2 jet
2023-03-16 20:15:22,(2(0)-1678968922:456461),protectFromSunlight.PROCESS_OUT_DATA,21248,EventSeverity.ACTIVITY_LO,Protect from Sunlight
2023-03-16 20:15:23,(2(0)-1678968923:475227),protectFromSunlight.PROCESS_OUT_DATA,21248,EventSeverity.ACTIVITY_LO,Protect from Sunlight
2023-03-16 20:15:23,(2(0)-1678968923:503199),thrDistribute.DOTHRUSTER,9985,EventSeverity.ACTIVITY_LO,DO Thruster
2023-03-16 20:15:23,(2(0)-1678968923:503270),thrDistribute.THRUSTER,9984,EventSeverity.ACTIVITY_LO,Thruster 162 jet
2023-03-16 20:15:23,(2(0)-1678968923:503284),thrDistribute.THRUSTER,9984,EventSeverity.ACTIVITY_LO,Thruster 2 jet
2023-03-16 20:15:24,(2(0)-1678968924:506548),protectFromSunlight.PROCESS_OUT_DATA,21248,EventSeverity.ACTIVITY_LO,Protect from Sunlight
2023-03-16 20:15:24,(2(0)-1678968924:530799),thrDistribute.DOTHRUSTER,9985,EventSeverity.ACTIVITY_LO,DO Thruster
2023-03-16 20:15:24,(2(0)-1678968924:530906),thrDistribute.THRUSTER,9984,EventSeverity.ACTIVITY_LO,Thruster 162 jet
2023-03-16 20:15:24,(2(0)-1678968924:530922),thrDistribute.THRUSTER,9984,EventSeverity.ACTIVITY_LO,Thruster 2 jet
2023-03-16 20:15:25,(2(0)-1678968925:529489),protectFromSunlight.PROCESS_OUT_DATA,21248,EventSeverity.ACTIVITY_LO,Protect from Sunlight
2023-03-16 20:15:26,(2(0)-1678968926:549623),protectFromSunlight.PROCESS_OUT_DATA,21248,EventSeverity.ACTIVITY_LO,Protect from Sunlight
2023-03-16 20:15:26,(2(0)-1678968926:584674),thrDistribute.DOTHRUSTER,9985,EventSeverity.ACTIVITY_LO,DO Thruster
2023-03-16 20:15:26,(2(0)-1678968926:584743),thrDistribute.THRUSTER,9984,EventSeverity.ACTIVITY_LO,Thruster 162 jet
2023-03-16 20:15:26,(2(0)-1678968926:584751),thrDistribute.THRUSTER,9984,EventSeverity.ACTIVITY_LO,Thruster 2 jet
2023-03-16 20:15:27,(2(0)-1678968927:587886),protectFromSunlight.PROCESS_OUT_DATA,21248,EventSeverity.ACTIVITY_LO,Protect from Sunlight
2023-03-16 20:15:27,(2(0)-1678968927:612928),thrDistribute.DOTHRUSTER,9985,EventSeverity.ACTIVITY_LO,DO Thruster
2023-03-16 20:15:27,(2(0)-1678968927:613010),thrDistribute.THRUSTER,9984,EventSeverity.ACTIVITY_LO,Thruster 162 jet
2023-03-16 20:15:27,(2(0)-1678968927:613026),thrDistribute.THRUSTER,9984,EventSeverity.ACTIVITY_LO,Thruster 2 jet
2023-03-16 20:15:28,(2(0)-1678968928:632438),protectFromSunlight.PROCESS_OUT_DATA,21248,EventSeverity.ACTIVITY_LO,Protect from Sunlight
2023-03-16 20:15:28,(2(0)-1678968928:641176),thrDistribute.DOTHRUSTER,9985,EventSeverity.ACTIVITY_LO,DO Thruster
2023-03-16 20:15:28,(2(0)-1678968928:641349),thrDistribute.THRUSTER,9984,EventSeverity.ACTIVITY_LO,Thruster 162 jet
2023-03-16 20:15:28,(2(0)-1678968928:641394),thrDistribute.THRUSTER,9984,EventSeverity.ACTIVITY_LO,Thruster 2 jet
2023-03-16 20:15:29,(2(0)-1678968929:665494),protectFromSunlight.PROCESS_OUT_DATA,21248,EventSeverity.ACTIVITY_LO,Protect from Sunlight
2023-03-16 20:15:29,(2(0)-1678968929:668385),thrDistribute.DOTHRUSTER,9985,EventSeverity.ACTIVITY_LO,DO Thruster
2023-03-16 20:15:29,(2(0)-1678968929:668425),thrDistribute.THRUSTER,9984,EventSeverity.ACTIVITY_LO,Thruster 162 jet
2023-03-16 20:15:29,(2(0)-1678968929:668432),thrDistribute.THRUSTER,9984,EventSeverity.ACTIVITY_LO,Thruster 2 jet
2023-03-16 20:15:30,(2(0)-1678968930:698983),protectFromSunlight.PROCESS_OUT_DATA,21248,EventSeverity.ACTIVITY_LO,Protect from Sunlight
2023-03-16 20:15:30,(2(0)-1678968930:824746),thrDistribute.DOTHRUSTER,9985,EventSeverity.ACTIVITY_LO,DO Thruster
2023-03-16 20:15:30,(2(0)-1678968930:824827),thrDistribute.THRUSTER,9984,EventSeverity.ACTIVITY_LO,Thruster 162 jet
2023-03-16 20:15:30,(2(0)-1678968930:824888),thrDistribute.THRUSTER,9984,EventSeverity.ACTIVITY_LO,Thruster 2 jet
2023-03-16 20:15:31,(2(0)-1678968931:739650),protectFromSunlight.PROCESS_OUT_DATA,21248,EventSeverity.ACTIVITY_LO,Protect from Sunlight
2023-03-16 20:15:31,(2(0)-1678968931:852916),thrDistribute.DOTHRUSTER,9985,EventSeverity.ACTIVITY_LO,DO Thruster
2023-03-16 20:15:31,(2(0)-1678968931:852982),thrDistribute.THRUSTER,9984,EventSeverity.ACTIVITY_LO,Thruster 162 jet
2023-03-16 20:15:31,(2(0)-1678968931:853039),thrDistribute.THRUSTER,9984,EventSeverity.ACTIVITY_LO,Thruster 2 jet
2023-03-16 20:15:32,(2(0)-1678968932:767252),protectFromSunlight.PROCESS_OUT_DATA,21248,EventSeverity.ACTIVITY_LO,Protect from Sunlight
2023-03-16 20:15:32,(2(0)-1678968932:879933),thrDistribute.DOTHRUSTER,9985,EventSeverity.ACTIVITY_LO,DO Thruster
2023-03-16 20:15:32,(2(0)-1678968932:880043),thrDistribute.THRUSTER,9984,EventSeverity.ACTIVITY_LO,Thruster 162 jet
2023-03-16 20:15:32,(2(0)-1678968932:880070),thrDistribute.THRUSTER,9984,EventSeverity.ACTIVITY_LO,Thruster 2 jet
2023-03-16 20:15:33,(2(0)-1678968933:792110),protectFromSunlight.PROCESS_OUT_DATA,21248,EventSeverity.ACTIVITY_LO,Protect from Sunlight
2023-03-16 20:15:33,(2(0)-1678968933:907051),thrDistribute.DOTHRUSTER,9985,EventSeverity.ACTIVITY_LO,DO Thruster
2023-03-16 20:15:33,(2(0)-1678968933:907110),thrDistribute.THRUSTER,9984,EventSeverity.ACTIVITY_LO,Thruster 162 jet
2023-03-16 20:15:33,(2(0)-1678968933:907121),thrDistribute.THRUSTER,9984,EventSeverity.ACTIVITY_LO,Thruster 2 jet
2023-03-16 20:15:34,(2(0)-1678968934:830858),protectFromSunlight.PROCESS_OUT_DATA,21248,EventSeverity.ACTIVITY_LO,Protect from Sunlight
2023-03-16 20:15:34,(2(0)-1678968934:935486),thrDistribute.DOTHRUSTER,9985,EventSeverity.ACTIVITY_LO,DO Thruster
2023-03-16 20:15:34,(2(0)-1678968934:935556),thrDistribute.THRUSTER,9984,EventSeverity.ACTIVITY_LO,Thruster 162 jet
2023-03-16 20:15:34,(2(0)-1678968934:935566),thrDistribute.THRUSTER,9984,EventSeverity.ACTIVITY_LO,Thruster 2 jet
2023-03-16 20:15:35,(2(0)-1678968935:860704),protectFromSunlight.PROCESS_OUT_DATA,21248,EventSeverity.ACTIVITY_LO,Protect from Sunlight
2023-03-16 20:15:35,(2(0)-1678968935:962932),thrDistribute.DOTHRUSTER,9985,EventSeverity.ACTIVITY_LO,DO Thruster
2023-03-16 20:15:35,(2(0)-1678968935:963096),thrDistribute.THRUSTER,9984,EventSeverity.ACTIVITY_LO,Thruster 162 jet
2023-03-16 20:15:35,(2(0)-1678968935:963126),thrDistribute.THRUSTER,9984,EventSeverity.ACTIVITY_LO,Thruster 2 jet
2023-03-16 20:15:36,(2(0)-1678968936:892274),protectFromSunlight.PROCESS_OUT_DATA,21248,EventSeverity.ACTIVITY_LO,Protect from Sunlight
2023-03-16 20:15:37,(2(0)-1678968937:916867),protectFromSunlight.PROCESS_OUT_DATA,21248,EventSeverity.ACTIVITY_LO,Protect from Sunlight
2023-03-16 20:15:38,(2(0)-1678968938:19968),thrDistribute.DOTHRUSTER,9985,EventSeverity.ACTIVITY_LO,DO Thruster
2023-03-16 20:15:38,(2(0)-1678968938:20062),thrDistribute.THRUSTER,9984,EventSeverity.ACTIVITY_LO,Thruster 162 jet
2023-03-16 20:15:38,(2(0)-1678968938:20074),thrDistribute.THRUSTER,9984,EventSeverity.ACTIVITY_LO,Thruster 2 jet
2023-03-16 20:15:38,(2(0)-1678968938:955674),protectFromSunlight.PROCESS_OUT_DATA,21248,EventSeverity.ACTIVITY_LO,Protect from Sunlight
2023-03-16 20:15:39,(2(0)-1678968939:47173),thrDistribute.DOTHRUSTER,9985,EventSeverity.ACTIVITY_LO,DO Thruster
2023-03-16 20:15:39,(2(0)-1678968939:47201),thrDistribute.THRUSTER,9984,EventSeverity.ACTIVITY_LO,Thruster 162 jet
2023-03-16 20:15:39,(2(0)-1678968939:47207),thrDistribute.THRUSTER,9984,EventSeverity.ACTIVITY_LO,Thruster 2 jet
2023-03-16 20:15:39,(2(0)-1678968939:979519),protectFromSunlight.PROCESS_OUT_DATA,21248,EventSeverity.ACTIVITY_LO,Protect from Sunlight
2023-03-16 20:15:40,(2(0)-1678968940:74412),thrDistribute.DOTHRUSTER,9985,EventSeverity.ACTIVITY_LO,DO Thruster
2023-03-16 20:15:40,(2(0)-1678968940:74499),thrDistribute.THRUSTER,9984,EventSeverity.ACTIVITY_LO,Thruster 162 jet
2023-03-16 20:15:40,(2(0)-1678968940:74509),thrDistribute.THRUSTER,9984,EventSeverity.ACTIVITY_LO,Thruster 2 jet
2023-03-16 20:15:41,(2(0)-1678968941:1643),protectFromSunlight.PROCESS_OUT_DATA,21248,EventSeverity.ACTIVITY_LO,Protect from Sunlight
2023-03-16 20:15:41,(2(0)-1678968941:102424),thrDistribute.DOTHRUSTER,9985,EventSeverity.ACTIVITY_LO,DO Thruster
2023-03-16 20:15:41,(2(0)-1678968941:102518),thrDistribute.THRUSTER,9984,EventSeverity.ACTIVITY_LO,Thruster 162 jet
2023-03-16 20:15:41,(2(0)-1678968941:102532),thrDistribute.THRUSTER,9984,EventSeverity.ACTIVITY_LO,Thruster 2 jet
2023-03-16 20:15:42,(2(0)-1678968942:26034),protectFromSunlight.PROCESS_OUT_DATA,21248,EventSeverity.ACTIVITY_LO,Protect from Sunlight
2023-03-16 20:15:42,(2(0)-1678968942:129334),thrDistribute.DOTHRUSTER,9985,EventSeverity.ACTIVITY_LO,DO Thruster
2023-03-16 20:15:42,(2(0)-1678968942:129417),thrDistribute.THRUSTER,9984,EventSeverity.ACTIVITY_LO,Thruster 162 jet
2023-03-16 20:15:42,(2(0)-1678968942:129434),thrDistribute.THRUSTER,9984,EventSeverity.ACTIVITY_LO,Thruster 2 jet
2023-03-16 20:15:43,(2(0)-1678968943:88351),protectFromSunlight.PROCESS_OUT_DATA,21248,EventSeverity.ACTIVITY_LO,Protect from Sunlight
2023-03-16 20:15:43,(2(0)-1678968943:157141),thrDistribute.DOTHRUSTER,9985,EventSeverity.ACTIVITY_LO,DO Thruster
2023-03-16 20:15:43,(2(0)-1678968943:157192),thrDistribute.THRUSTER,9984,EventSeverity.ACTIVITY_LO,Thruster 162 jet
2023-03-16 20:15:43,(2(0)-1678968943:157201),thrDistribute.THRUSTER,9984,EventSeverity.ACTIVITY_LO,Thruster 2 jet
2023-03-16 20:15:44,(2(0)-1678968944:124916),protectFromSunlight.PROCESS_OUT_DATA,21248,EventSeverity.ACTIVITY_LO,Protect from Sunlight
2023-03-16 20:15:45,(2(0)-1678968945:145070),protectFromSunlight.PROCESS_OUT_DATA,21248,EventSeverity.ACTIVITY_LO,Protect from Sunlight
2023-03-16 20:15:45,(2(0)-1678968945:211704),thrDistribute.DOTHRUSTER,9985,EventSeverity.ACTIVITY_LO,DO Thruster
2023-03-16 20:15:45,(2(0)-1678968945:211806),thrDistribute.THRUSTER,9984,EventSeverity.ACTIVITY_LO,Thruster 162 jet
2023-03-16 20:15:45,(2(0)-1678968945:211824),thrDistribute.THRUSTER,9984,EventSeverity.ACTIVITY_LO,Thruster 2 jet
2023-03-16 20:15:46,(2(0)-1678968946:165070),protectFromSunlight.PROCESS_OUT_DATA,21248,EventSeverity.ACTIVITY_LO,Protect from Sunlight
2023-03-16 20:15:46,(2(0)-1678968946:239113),thrDistribute.DOTHRUSTER,9985,EventSeverity.ACTIVITY_LO,DO Thruster
2023-03-16 20:15:46,(2(0)-1678968946:239191),thrDistribute.THRUSTER,9984,EventSeverity.ACTIVITY_LO,Thruster 162 jet
2023-03-16 20:15:46,(2(0)-1678968946:239201),thrDistribute.THRUSTER,9984,EventSeverity.ACTIVITY_LO,Thruster 2 jet
2023-03-16 20:15:47,(2(0)-1678968947:184876),protectFromSunlight.PROCESS_OUT_DATA,21248,EventSeverity.ACTIVITY_LO,Protect from Sunlight
2023-03-16 20:15:48,(2(0)-1678968948:214518),protectFromSunlight.PROCESS_OUT_DATA,21248,EventSeverity.ACTIVITY_LO,Protect from Sunlight
2023-03-16 20:15:48,(2(0)-1678968948:295766),thrDistribute.DOTHRUSTER,9985,EventSeverity.ACTIVITY_LO,DO Thruster
2023-03-16 20:15:48,(2(0)-1678968948:295824),thrDistribute.THRUSTER,9984,EventSeverity.ACTIVITY_LO,Thruster 162 jet
2023-03-16 20:15:48,(2(0)-1678968948:295833),thrDistribute.THRUSTER,9984,EventSeverity.ACTIVITY_LO,Thruster 2 jet
2023-03-16 20:15:49,(2(0)-1678968949:241655),protectFromSunlight.PROCESS_OUT_DATA,21248,EventSeverity.ACTIVITY_LO,Protect from Sunlight
2023-03-16 20:15:49,(2(0)-1678968949:323512),thrDistribute.DOTHRUSTER,9985,EventSeverity.ACTIVITY_LO,DO Thruster
2023-03-16 20:15:49,(2(0)-1678968949:323588),thrDistribute.THRUSTER,9984,EventSeverity.ACTIVITY_LO,Thruster 162 jet
2023-03-16 20:15:49,(2(0)-1678968949:323599),thrDistribute.THRUSTER,9984,EventSeverity.ACTIVITY_LO,Thruster 2 jet
2023-03-16 20:15:50,(2(0)-1678968950:264127),protectFromSunlight.PROCESS_OUT_DATA,21248,EventSeverity.ACTIVITY_LO,Protect from Sunlight
2023-03-16 20:15:50,(2(0)-1678968950:351056),thrDistribute.DOTHRUSTER,9985,EventSeverity.ACTIVITY_LO,DO Thruster
2023-03-16 20:15:50,(2(0)-1678968950:351155),thrDistribute.THRUSTER,9984,EventSeverity.ACTIVITY_LO,Thruster 162 jet
2023-03-16 20:15:50,(2(0)-1678968950:351170),thrDistribute.THRUSTER,9984,EventSeverity.ACTIVITY_LO,Thruster 2 jet
2023-03-16 20:15:51,(2(0)-1678968951:289103),protectFromSunlight.PROCESS_OUT_DATA,21248,EventSeverity.ACTIVITY_LO,Protect from Sunlight
2023-03-16 20:15:52,(2(0)-1678968952:312748),protectFromSunlight.PROCESS_OUT_DATA,21248,EventSeverity.ACTIVITY_LO,Protect from Sunlight
2023-03-16 20:15:52,(2(0)-1678968952:406559),thrDistribute.DOTHRUSTER,9985,EventSeverity.ACTIVITY_LO,DO Thruster
2023-03-16 20:15:52,(2(0)-1678968952:406607),thrDistribute.THRUSTER,9984,EventSeverity.ACTIVITY_LO,Thruster 162 jet
2023-03-16 20:15:52,(2(0)-1678968952:406612),thrDistribute.THRUSTER,9984,EventSeverity.ACTIVITY_LO,Thruster 2 jet
2023-03-16 20:15:53,(2(0)-1678968953:360907),protectFromSunlight.PROCESS_OUT_DATA,21248,EventSeverity.ACTIVITY_LO,Protect from Sunlight
2023-03-16 20:15:53,(2(0)-1678968953:434048),thrDistribute.DOTHRUSTER,9985,EventSeverity.ACTIVITY_LO,DO Thruster
2023-03-16 20:15:53,(2(0)-1678968953:434124),thrDistribute.THRUSTER,9984,EventSeverity.ACTIVITY_LO,Thruster 162 jet
2023-03-16 20:15:53,(2(0)-1678968953:434130),thrDistribute.THRUSTER,9984,EventSeverity.ACTIVITY_LO,Thruster 2 jet
2023-03-16 20:15:54,(2(0)-1678968954:387636),protectFromSunlight.PROCESS_OUT_DATA,21248,EventSeverity.ACTIVITY_LO,Protect from Sunlight
2023-03-16 20:15:55,(2(0)-1678968955:436585),protectFromSunlight.PROCESS_OUT_DATA,21248,EventSeverity.ACTIVITY_LO,Protect from Sunlight
2023-03-16 20:15:55,(2(0)-1678968955:489192),thrDistribute.DOTHRUSTER,9985,EventSeverity.ACTIVITY_LO,DO Thruster
2023-03-16 20:15:55,(2(0)-1678968955:489285),thrDistribute.THRUSTER,9984,EventSeverity.ACTIVITY_LO,Thruster 162 jet
2023-03-16 20:15:55,(2(0)-1678968955:489293),thrDistribute.THRUSTER,9984,EventSeverity.ACTIVITY_LO,Thruster 2 jet
2023-03-16 20:15:56,(2(0)-1678968956:485456),protectFromSunlight.PROCESS_OUT_DATA,21248,EventSeverity.ACTIVITY_LO,Protect from Sunlight
2023-03-16 20:15:56,(2(0)-1678968956:517664),thrDistribute.DOTHRUSTER,9985,EventSeverity.ACTIVITY_LO,DO Thruster
2023-03-16 20:15:56,(2(0)-1678968956:517717),thrDistribute.THRUSTER,9984,EventSeverity.ACTIVITY_LO,Thruster 162 jet
2023-03-16 20:15:56,(2(0)-1678968956:517736),thrDistribute.THRUSTER,9984,EventSeverity.ACTIVITY_LO,Thruster 2 jet
2023-03-16 20:15:57,(2(0)-1678968957:516602),protectFromSunlight.PROCESS_OUT_DATA,21248,EventSeverity.ACTIVITY_LO,Protect from Sunlight
2023-03-16 20:15:57,(2(0)-1678968957:545733),thrDistribute.DOTHRUSTER,9985,EventSeverity.ACTIVITY_LO,DO Thruster
2023-03-16 20:15:57,(2(0)-1678968957:545795),thrDistribute.THRUSTER,9984,EventSeverity.ACTIVITY_LO,Thruster 162 jet
2023-03-16 20:15:57,(2(0)-1678968957:545804),thrDistribute.THRUSTER,9984,EventSeverity.ACTIVITY_LO,Thruster 2 jet
2023-03-16 20:15:58,(2(0)-1678968958:577124),protectFromSunlight.PROCESS_OUT_DATA,21248,EventSeverity.ACTIVITY_LO,Protect from Sunlight
2023-03-16 20:15:58,(2(0)-1678968958:702746),thrDistribute.DOTHRUSTER,9985,EventSeverity.ACTIVITY_LO,DO Thruster
2023-03-16 20:15:58,(2(0)-1678968958:702939),thrDistribute.THRUSTER,9984,EventSeverity.ACTIVITY_LO,Thruster 162 jet
2023-03-16 20:15:58,(2(0)-1678968958:702969),thrDistribute.THRUSTER,9984,EventSeverity.ACTIVITY_LO,Thruster 2 jet
2023-03-16 20:15:59,(2(0)-1678968959:606996),protectFromSunlight.PROCESS_OUT_DATA,21248,EventSeverity.ACTIVITY_LO,Protect from Sunlight
2023-03-16 20:15:59,(2(0)-1678968959:730354),thrDistribute.DOTHRUSTER,9985,EventSeverity.ACTIVITY_LO,DO Thruster
2023-03-16 20:15:59,(2(0)-1678968959:730565),thrDistribute.THRUSTER,9984,EventSeverity.ACTIVITY_LO,Thruster 162 jet
2023-03-16 20:15:59,(2(0)-1678968959:730628),thrDistribute.THRUSTER,9984,EventSeverity.ACTIVITY_LO,Thruster 2 jet
2023-03-16 20:16:00,(2(0)-1678968960:624449),protectFromSunlight.PROCESS_OUT_DATA,21248,EventSeverity.ACTIVITY_LO,Protect from Sunlight
2023-03-16 20:16:00,(2(0)-1678968960:631090),thrDistribute.DOTHRUSTER,9985,EventSeverity.ACTIVITY_LO,DO Thruster
2023-03-16 20:16:00,(2(0)-1678968960:631141),thrDistribute.THRUSTER,9984,EventSeverity.ACTIVITY_LO,Thruster 162 jet
2023-03-16 20:16:00,(2(0)-1678968960:631148),thrDistribute.THRUSTER,9984,EventSeverity.ACTIVITY_LO,Thruster 2 jet
2023-03-16 20:16:01,(2(0)-1678968961:645711),protectFromSunlight.PROCESS_OUT_DATA,21248,EventSeverity.ACTIVITY_LO,Protect from Sunlight
2023-03-16 20:16:02,(2(0)-1678968962:666174),protectFromSunlight.PROCESS_OUT_DATA,21248,EventSeverity.ACTIVITY_LO,Protect from Sunlight
2023-03-16 20:16:02,(2(0)-1678968962:686504),thrDistribute.DOTHRUSTER,9985,EventSeverity.ACTIVITY_LO,DO Thruster
2023-03-16 20:16:02,(2(0)-1678968962:686571),thrDistribute.THRUSTER,9984,EventSeverity.ACTIVITY_LO,Thruster 162 jet
2023-03-16 20:16:02,(2(0)-1678968962:686580),thrDistribute.THRUSTER,9984,EventSeverity.ACTIVITY_LO,Thruster 2 jet
2023-03-16 20:16:03,(2(0)-1678968963:700534),protectFromSunlight.PROCESS_OUT_DATA,21248,EventSeverity.ACTIVITY_LO,Protect from Sunlight
2023-03-16 20:16:03,(2(0)-1678968963:716213),thrDistribute.DOTHRUSTER,9985,EventSeverity.ACTIVITY_LO,DO Thruster
2023-03-16 20:16:03,(2(0)-1678968963:716315),thrDistribute.THRUSTER,9984,EventSeverity.ACTIVITY_LO,Thruster 162 jet
2023-03-16 20:16:03,(2(0)-1678968963:716321),thrDistribute.THRUSTER,9984,EventSeverity.ACTIVITY_LO,Thruster 2 jet
2023-03-16 20:16:04,(2(0)-1678968964:732725),protectFromSunlight.PROCESS_OUT_DATA,21248,EventSeverity.ACTIVITY_LO,Protect from Sunlight
2023-03-16 20:16:04,(2(0)-1678968964:745337),thrDistribute.DOTHRUSTER,9985,EventSeverity.ACTIVITY_LO,DO Thruster
2023-03-16 20:16:04,(2(0)-1678968964:745422),thrDistribute.THRUSTER,9984,EventSeverity.ACTIVITY_LO,Thruster 162 jet
2023-03-16 20:16:04,(2(0)-1678968964:745430),thrDistribute.THRUSTER,9984,EventSeverity.ACTIVITY_LO,Thruster 2 jet
2023-03-16 20:16:05,(2(0)-1678968965:784458),protectFromSunlight.PROCESS_OUT_DATA,21248,EventSeverity.ACTIVITY_LO,Protect from Sunlight
2023-03-16 20:16:05,(2(0)-1678968965:903077),thrDistribute.DOTHRUSTER,9985,EventSeverity.ACTIVITY_LO,DO Thruster
2023-03-16 20:16:05,(2(0)-1678968965:903208),thrDistribute.THRUSTER,9984,EventSeverity.ACTIVITY_LO,Thruster 162 jet
2023-03-16 20:16:05,(2(0)-1678968965:903230),thrDistribute.THRUSTER,9984,EventSeverity.ACTIVITY_LO,Thruster 2 jet
2023-03-16 20:16:06,(2(0)-1678968966:779235),protectFromSunlight.PROCESS_OUT_DATA,21248,EventSeverity.ACTIVITY_LO,Protect from Sunlight
