2023-03-16 20:05:02,(2(0)-1678968302:158976),cmdDisp.OpCodeDispatched,1281,EventSeverity.COMMAND,Opcode 0xe00 dispatched to port 7
2023-03-16 20:05:02,(2(0)-1678968302:159033),control.START_CONTROL,3584,EventSeverity.ACTIVITY_LO,start control
2023-03-16 20:05:02,(2(0)-1678968302:289950),protectFromSunlight.PROCESS_OUT_DATA,21248,EventSeverity.ACTIVITY_LO,Protect from Sunlight
2023-03-16 20:05:02,(2(0)-1678968302:367657),thrDistribute.DOTHRUSTER,9985,EventSeverity.ACTIVITY_LO,DO Thruster
2023-03-16 20:05:02,(2(0)-1678968302:367719),thrDistribute.THRUSTER,9984,EventSeverity.ACTIVITY_LO,Thruster 3 jet
2023-03-16 20:05:02,(2(0)-1678968302:367727),thrDistribute.THRUSTER,9984,EventSeverity.ACTIVITY_LO,Thruster 4 jet
2023-03-16 20:05:03,(2(0)-1678968303:337400),protectFromSunlight.PROCESS_OUT_DATA,21248,EventSeverity.ACTIVITY_LO,Protect from Sunlight
2023-03-16 20:05:03,(2(0)-1678968303:395474),thrDistribute.DOTHRUSTER,9985,EventSeverity.ACTIVITY_LO,DO Thruster
2023-03-16 20:05:03,(2(0)-1678968303:395545),thrDistribute.THRUSTER,9984,EventSeverity.ACTIVITY_LO,Thruster 4 jet
2023-03-16 20:05:04,(2(0)-1678968304:369243),protectFromSunlight.PROCESS_OUT_DATA,21248,EventSeverity.ACTIVITY_LO,Protect from Sunlight
2023-03-16 20:05:04,(2(0)-1678968304:422619),thrDistribute.DOTHRUSTER,9985,EventSeverity.ACTIVITY_LO,DO Thruster
2023-03-16 20:05:04,(2(0)-1678968304:422672),thrDistribute.THRUSTER,9984,EventSeverity.ACTIVITY_LO,Thruster 4 jet
2023-03-16 20:05:05,(2(0)-1678968305:419481),protectFromSunlight.PROCESS_OUT_DATA,21248,EventSeverity.ACTIVITY_LO,Protect from Sunlight
2023-03-16 20:05:05,(2(0)-1678968305:451732),thrDistribute.DOTHRUSTER,9985,EventSeverity.ACTIVITY_LO,DO Thruster
2023-03-16 20:05:05,(2(0)-1678968305:451786),thrDistribute.THRUSTER,9984,EventSeverity.ACTIVITY_LO,Thruster 4 jet
2023-03-16 20:05:06,(2(0)-1678968306:441247),protectFromSunlight.PROCESS_OUT_DATA,21248,EventSeverity.ACTIVITY_LO,Protect from Sunlight
2023-03-16 20:05:06,(2(0)-1678968306:477768),thrDistribute.DOTHRUSTER,9985,EventSeverity.ACTIVITY_LO,DO Thruster
2023-03-16 20:05:06,(2(0)-1678968306:477829),thrDistribute.THRUSTER,9984,EventSeverity.ACTIVITY_LO,Thruster 4 jet
2023-03-16 20:05:07,(2(0)-1678968307:465247),protectFromSunlight.PROCESS_OUT_DATA,21248,EventSeverity.ACTIVITY_LO,Protect from Sunlight
2023-03-16 20:05:07,(2(0)-1678968307:505994),thrDistribute.DOTHRUSTER,9985,EventSeverity.ACTIVITY_LO,DO Thruster
2023-03-16 20:05:07,(2(0)-1678968307:506040),thrDistribute.THRUSTER,9984,EventSeverity.ACTIVITY_LO,Thruster 4 jet
2023-03-16 20:05:08,(2(0)-1678968308:481080),protectFromSunlight.PROCESS_OUT_DATA,21248,EventSeverity.ACTIVITY_LO,Protect from Sunlight
2023-03-16 20:05:08,(2(0)-1678968308:533801),thrDistribute.DOTHRUSTER,9985,EventSeverity.ACTIVITY_LO,DO Thruster
2023-03-16 20:05:08,(2(0)-1678968308:533882),thrDistribute.THRUSTER,9984,EventSeverity.ACTIVITY_LO,Thruster 4 jet
2023-03-16 20:05:09,(2(0)-1678968309:512951),protectFromSunlight.PROCESS_OUT_DATA,21248,EventSeverity.ACTIVITY_LO,Protect from Sunlight
2023-03-16 20:05:09,(2(0)-1678968309:562688),thrDistribute.DOTHRUSTER,9985,EventSeverity.ACTIVITY_LO,DO Thruster
2023-03-16 20:05:09,(2(0)-1678968309:562745),thrDistribute.THRUSTER,9984,EventSeverity.ACTIVITY_LO,Thruster 4 jet
2023-03-16 20:05:10,(2(0)-1678968310:556726),protectFromSunlight.PROCESS_OUT_DATA,21248,EventSeverity.ACTIVITY_LO,Protect from Sunlight
2023-03-16 20:05:10,(2(0)-1678968310:591703),thrDistribute.DOTHRUSTER,9985,EventSeverity.ACTIVITY_LO,DO Thruster
2023-03-16 20:05:10,(2(0)-1678968310:591792),thrDistribute.THRUSTER,9984,EventSeverity.ACTIVITY_LO,Thruster 4 jet
2023-03-16 20:05:11,(2(0)-1678968311:596841),protectFromSunlight.PROCESS_OUT_DATA,21248,EventSeverity.ACTIVITY_LO,Protect from Sunlight
2023-03-16 20:05:11,(2(0)-1678968311:619023),thrDistribute.DOTHRUSTER,9985,EventSeverity.ACTIVITY_LO,DO Thruster
2023-03-16 20:05:11,(2(0)-1678968311:619074),thrDistribute.THRUSTER,9984,EventSeverity.ACTIVITY_LO,Thruster 4 jet
2023-03-16 20:05:12,(2(0)-1678968312:619163),protectFromSunlight.PROCESS_OUT_DATA,21248,EventSeverity.ACTIVITY_LO,Protect from Sunlight
2023-03-16 20:05:12,(2(0)-1678968312:646998),thrDistribute.DOTHRUSTER,9985,EventSeverity.ACTIVITY_LO,DO Thruster
2023-03-16 20:05:12,(2(0)-1678968312:647060),thrDistribute.THRUSTER,9984,EventSeverity.ACTIVITY_LO,Thruster 4 jet
2023-03-16 20:05:13,(2(0)-1678968313:645906),protectFromSunlight.PROCESS_OUT_DATA,21248,EventSeverity.ACTIVITY_LO,Protect from Sunlight
2023-03-16 20:05:13,(2(0)-1678968313:674415),thrDistribute.DOTHRUSTER,9985,EventSeverity.ACTIVITY_LO,DO Thruster
2023-03-16 20:05:13,(2(0)-1678968313:674479),thrDistribute.THRUSTER,9984,EventSeverity.ACTIVITY_LO,Thruster 4 jet
2023-03-16 20:05:14,(2(0)-1678968314:679718),protectFromSunlight.PROCESS_OUT_DATA,21248,EventSeverity.ACTIVITY_LO,Protect from Sunlight
2023-03-16 20:05:14,(2(0)-1678968314:700820),thrDistribute.DOTHRUSTER,9985,EventSeverity.ACTIVITY_LO,DO Thruster
2023-03-16 20:05:14,(2(0)-1678968314:700897),thrDistribute.THRUSTER,9984,EventSeverity.ACTIVITY_LO,Thruster 4 jet
2023-03-16 20:05:15,(2(0)-1678968315:697510),protectFromSunlight.PROCESS_OUT_DATA,21248,EventSeverity.ACTIVITY_LO,Protect from Sunlight
2023-03-16 20:05:15,(2(0)-1678968315:728696),thrDistribute.DOTHRUSTER,9985,EventSeverity.ACTIVITY_LO,DO Thruster
2023-03-16 20:05:15,(2(0)-1678968315:728764),thrDistribute.THRUSTER,9984,EventSeverity.ACTIVITY_LO,Thruster 4 jet
2023-03-16 20:05:16,(2(0)-1678968316:730430),protectFromSunlight.PROCESS_OUT_DATA,21248,EventSeverity.ACTIVITY_LO,Protect from Sunlight
2023-03-16 20:05:16,(2(0)-1678968316:754679),thrDistribute.DOTHRUSTER,9985,EventSeverity.ACTIVITY_LO,DO Thruster
2023-03-16 20:05:16,(2(0)-1678968316:754733),thrDistribute.THRUSTER,9984,EventSeverity.ACTIVITY_LO,Thruster 4 jet
2023-03-16 20:05:17,(2(0)-1678968317:758783),protectFromSunlight.PROCESS_OUT_DATA,21248,EventSeverity.ACTIVITY_LO,Protect from Sunlight
2023-03-16 20:05:17,(2(0)-1678968317:782117),thrDistribute.DOTHRUSTER,9985,EventSeverity.ACTIVITY_LO,DO Thruster
2023-03-16 20:05:17,(2(0)-1678968317:782236),thrDistribute.THRUSTER,9984,EventSeverity.ACTIVITY_LO,Thruster 4 jet
2023-03-16 20:05:18,(2(0)-1678968318:782925),protectFromSunlight.PROCESS_OUT_DATA,21248,EventSeverity.ACTIVITY_LO,Protect from Sunlight
2023-03-16 20:05:18,(2(0)-1678968318:809371),thrDistribute.DOTHRUSTER,9985,EventSeverity.ACTIVITY_LO,DO Thruster
2023-03-16 20:05:18,(2(0)-1678968318:809435),thrDistribute.THRUSTER,9984,EventSeverity.ACTIVITY_LO,Thruster 4 jet
2023-03-16 20:05:19,(2(0)-1678968319:833397),protectFromSunlight.PROCESS_OUT_DATA,21248,EventSeverity.ACTIVITY_LO,Protect from Sunlight
2023-03-16 20:05:20,(2(0)-1678968320:867729),protectFromSunlight.PROCESS_OUT_DATA,21248,EventSeverity.ACTIVITY_LO,Protect from Sunlight
2023-03-16 20:05:20,(2(0)-1678968320:989975),thrDistribute.DOTHRUSTER,9985,EventSeverity.ACTIVITY_LO,DO Thruster
2023-03-16 20:05:20,(2(0)-1678968320:990028),thrDistribute.THRUSTER,9984,EventSeverity.ACTIVITY_LO,Thruster 4 jet
2023-03-16 20:05:21,(2(0)-1678968321:908836),protectFromSunlight.PROCESS_OUT_DATA,21248,EventSeverity.ACTIVITY_LO,Protect from Sunlight
2023-03-16 20:05:22,(2(0)-1678968322:17078),thrDistribute.DOTHRUSTER,9985,EventSeverity.ACTIVITY_LO,DO Thruster
2023-03-16 20:05:22,(2(0)-1678968322:17128),thrDistribute.THRUSTER,9984,EventSeverity.ACTIVITY_LO,Thruster 4 jet
2023-03-16 20:05:22,(2(0)-1678968322:944782),protectFromSunlight.PROCESS_OUT_DATA,21248,EventSeverity.ACTIVITY_LO,Protect from Sunlight
2023-03-16 20:05:23,(2(0)-1678968323:968126),protectFromSunlight.PROCESS_OUT_DATA,21248,EventSeverity.ACTIVITY_LO,Protect from Sunlight
2023-03-16 20:05:24,(2(0)-1678968324:71872),thrDistribute.DOTHRUSTER,9985,EventSeverity.ACTIVITY_LO,DO Thruster
2023-03-16 20:05:24,(2(0)-1678968324:71906),thrDistribute.THRUSTER,9984,EventSeverity.ACTIVITY_LO,Thruster 4 jet
2023-03-16 20:05:24,(2(0)-1678968324:992571),protectFromSunlight.PROCESS_OUT_DATA,21248,EventSeverity.ACTIVITY_LO,Protect from Sunlight
2023-03-16 20:05:25,(2(0)-1678968325:101024),thrDistribute.DOTHRUSTER,9985,EventSeverity.ACTIVITY_LO,DO Thruster
2023-03-16 20:05:25,(2(0)-1678968325:101104),thrDistribute.THRUSTER,9984,EventSeverity.ACTIVITY_LO,Thruster 4 jet
2023-03-16 20:05:26,(2(0)-1678968326:25846),protectFromSunlight.PROCESS_OUT_DATA,21248,EventSeverity.ACTIVITY_LO,Protect from Sunlight
2023-03-16 20:05:26,(2(0)-1678968326:129363),thrDistribute.DOTHRUSTER,9985,EventSeverity.ACTIVITY_LO,DO Thruster
2023-03-16 20:05:26,(2(0)-1678968326:129536),thrDistribute.THRUSTER,9984,EventSeverity.ACTIVITY_LO,Thruster 4 jet
2023-03-16 20:05:27,(2(0)-1678968327:62185),protectFromSunlight.PROCESS_OUT_DATA,21248,EventSeverity.ACTIVITY_LO,Protect from Sunlight
2023-03-16 20:05:27,(2(0)-1678968327:158540),thrDistribute.DOTHRUSTER,9985,EventSeverity.ACTIVITY_LO,DO Thruster
2023-03-16 20:05:27,(2(0)-1678968327:158683),thrDistribute.THRUSTER,9984,EventSeverity.ACTIVITY_LO,Thruster 4 jet
2023-03-16 20:05:28,(2(0)-1678968328:98299),protectFromSunlight.PROCESS_OUT_DATA,21248,EventSeverity.ACTIVITY_LO,Protect from Sunlight
2023-03-16 20:05:28,(2(0)-1678968328:186302),thrDistribute.DOTHRUSTER,9985,EventSeverity.ACTIVITY_LO,DO Thruster
2023-03-16 20:05:28,(2(0)-1678968328:186421),thrDistribute.THRUSTER,9984,EventSeverity.ACTIVITY_LO,Thruster 4 jet
2023-03-16 20:05:29,(2(0)-1678968329:129548),protectFromSunlight.PROCESS_OUT_DATA,21248,EventSeverity.ACTIVITY_LO,Protect from Sunlight
2023-03-16 20:05:29,(2(0)-1678968329:214225),thrDistribute.DOTHRUSTER,9985,EventSeverity.ACTIVITY_LO,DO Thruster
2023-03-16 20:05:29,(2(0)-1678968329:214329),thrDistribute.THRUSTER,9984,EventSeverity.ACTIVITY_LO,Thruster 4 jet
2023-03-16 20:05:30,(2(0)-1678968330:158402),protectFromSunlight.PROCESS_OUT_DATA,21248,EventSeverity.ACTIVITY_LO,Protect from Sunlight
2023-03-16 20:05:30,(2(0)-1678968330:241913),thrDistribute.DOTHRUSTER,9985,EventSeverity.ACTIVITY_LO,DO Thruster
2023-03-16 20:05:30,(2(0)-1678968330:242002),thrDistribute.THRUSTER,9984,EventSeverity.ACTIVITY_LO,Thruster 4 jet
2023-03-16 20:05:31,(2(0)-1678968331:189012),protectFromSunlight.PROCESS_OUT_DATA,21248,EventSeverity.ACTIVITY_LO,Protect from Sunlight
2023-03-16 20:05:31,(2(0)-1678968331:269753),thrDistribute.DOTHRUSTER,9985,EventSeverity.ACTIVITY_LO,DO Thruster
2023-03-16 20:05:31,(2(0)-1678968331:269789),thrDistribute.THRUSTER,9984,EventSeverity.ACTIVITY_LO,Thruster 4 jet
2023-03-16 20:05:32,(2(0)-1678968332:211952),protectFromSunlight.PROCESS_OUT_DATA,21248,EventSeverity.ACTIVITY_LO,Protect from Sunlight
2023-03-16 20:05:32,(2(0)-1678968332:299515),thrDistribute.DOTHRUSTER,9985,EventSeverity.ACTIVITY_LO,DO Thruster
2023-03-16 20:05:32,(2(0)-1678968332:299672),thrDistribute.THRUSTER,9984,EventSeverity.ACTIVITY_LO,Thruster 4 jet
2023-03-16 20:05:33,(2(0)-1678968333:237546),protectFromSunlight.PROCESS_OUT_DATA,21248,EventSeverity.ACTIVITY_LO,Protect from Sunlight
2023-03-16 20:05:33,(2(0)-1678968333:327499),thrDistribute.DOTHRUSTER,9985,EventSeverity.ACTIVITY_LO,DO Thruster
2023-03-16 20:05:33,(2(0)-1678968333:327643),thrDistribute.THRUSTER,9984,EventSeverity.ACTIVITY_LO,Thruster 4 jet
2023-03-16 20:05:34,(2(0)-1678968334:268660),protectFromSunlight.PROCESS_OUT_DATA,21248,EventSeverity.ACTIVITY_LO,Protect from Sunlight
2023-03-16 20:05:35,(2(0)-1678968335:284202),protectFromSunlight.PROCESS_OUT_DATA,21248,EventSeverity.ACTIVITY_LO,Protect from Sunlight
2023-03-16 20:05:35,(2(0)-1678968335:383671),thrDistribute.DOTHRUSTER,9985,EventSeverity.ACTIVITY_LO,DO Thruster
2023-03-16 20:05:35,(2(0)-1678968335:383859),thrDistribute.THRUSTER,9984,EventSeverity.ACTIVITY_LO,Thruster 4 jet
2023-03-16 20:05:36,(2(0)-1678968336:319607),protectFromSunlight.PROCESS_OUT_DATA,21248,EventSeverity.ACTIVITY_LO,Protect from Sunlight
2023-03-16 20:05:36,(2(0)-1678968336:411250),thrDistribute.DOTHRUSTER,9985,EventSeverity.ACTIVITY_LO,DO Thruster
2023-03-16 20:05:36,(2(0)-1678968336:411399),thrDistribute.THRUSTER,9984,EventSeverity.ACTIVITY_LO,Thruster 4 jet
2023-03-16 20:05:37,(2(0)-1678968337:352228),protectFromSunlight.PROCESS_OUT_DATA,21248,EventSeverity.ACTIVITY_LO,Protect from Sunlight
2023-03-16 20:05:37,(2(0)-1678968337:437944),thrDistribute.DOTHRUSTER,9985,EventSeverity.ACTIVITY_LO,DO Thruster
2023-03-16 20:05:37,(2(0)-1678968337:438107),thrDistribute.THRUSTER,9984,EventSeverity.ACTIVITY_LO,Thruster 4 jet
2023-03-16 20:05:38,(2(0)-1678968338:384999),protectFromSunlight.PROCESS_OUT_DATA,21248,EventSeverity.ACTIVITY_LO,Protect from Sunlight
2023-03-16 20:05:38,(2(0)-1678968338:464863),thrDistribute.DOTHRUSTER,9985,EventSeverity.ACTIVITY_LO,DO Thruster
2023-03-16 20:05:38,(2(0)-1678968338:464926),thrDistribute.THRUSTER,9984,EventSeverity.ACTIVITY_LO,Thruster 4 jet
2023-03-16 20:05:39,(2(0)-1678968339:424807),protectFromSunlight.PROCESS_OUT_DATA,21248,EventSeverity.ACTIVITY_LO,Protect from Sunlight
2023-03-16 20:05:39,(2(0)-1678968339:492442),thrDistribute.DOTHRUSTER,9985,EventSeverity.ACTIVITY_LO,DO Thruster
2023-03-16 20:05:39,(2(0)-1678968339:492498),thrDistribute.THRUSTER,9984,EventSeverity.ACTIVITY_LO,Thruster 4 jet
2023-03-16 20:05:40,(2(0)-1678968340:470910),protectFromSunlight.PROCESS_OUT_DATA,21248,EventSeverity.ACTIVITY_LO,Protect from Sunlight
2023-03-16 20:05:40,(2(0)-1678968340:520698),thrDistribute.DOTHRUSTER,9985,EventSeverity.ACTIVITY_LO,DO Thruster
2023-03-16 20:05:40,(2(0)-1678968340:520758),thrDistribute.THRUSTER,9984,EventSeverity.ACTIVITY_LO,Thruster 4 jet
2023-03-16 20:05:41,(2(0)-1678968341:512554),protectFromSunlight.PROCESS_OUT_DATA,21248,EventSeverity.ACTIVITY_LO,Protect from Sunlight
2023-03-16 20:05:42,(2(0)-1678968342:547027),protectFromSunlight.PROCESS_OUT_DATA,21248,EventSeverity.ACTIVITY_LO,Protect from Sunlight
2023-03-16 20:05:42,(2(0)-1678968342:577081),thrDistribute.DOTHRUSTER,9985,EventSeverity.ACTIVITY_LO,DO Thruster
2023-03-16 20:05:42,(2(0)-1678968342:577137),thrDistribute.THRUSTER,9984,EventSeverity.ACTIVITY_LO,Thruster 4 jet
2023-03-16 20:05:43,(2(0)-1678968343:586609),protectFromSunlight.PROCESS_OUT_DATA,21248,EventSeverity.ACTIVITY_LO,Protect from Sunlight
2023-03-16 20:05:43,(2(0)-1678968343:605429),thrDistribute.DOTHRUSTER,9985,EventSeverity.ACTIVITY_LO,DO Thruster
2023-03-16 20:05:43,(2(0)-1678968343:605483),thrDistribute.THRUSTER,9984,EventSeverity.ACTIVITY_LO,Thruster 4 jet
2023-03-16 20:05:44,(2(0)-1678968344:629269),protectFromSunlight.PROCESS_OUT_DATA,21248,EventSeverity.ACTIVITY_LO,Protect from Sunlight
2023-03-16 20:05:45,(2(0)-1678968345:654527),protectFromSunlight.PROCESS_OUT_DATA,21248,EventSeverity.ACTIVITY_LO,Protect from Sunlight
2023-03-16 20:05:45,(2(0)-1678968345:662018),thrDistribute.DOTHRUSTER,9985,EventSeverity.ACTIVITY_LO,DO Thruster
2023-03-16 20:05:45,(2(0)-1678968345:662051),thrDistribute.THRUSTER,9984,EventSeverity.ACTIVITY_LO,Thruster 4 jet
2023-03-16 20:05:46,(2(0)-1678968346:692260),protectFromSunlight.PROCESS_OUT_DATA,21248,EventSeverity.ACTIVITY_LO,Protect from Sunlight
2023-03-16 20:05:46,(2(0)-1678968346:818001),thrDistribute.DOTHRUSTER,9985,EventSeverity.ACTIVITY_LO,DO Thruster
2023-03-16 20:05:46,(2(0)-1678968346:818052),thrDistribute.THRUSTER,9984,EventSeverity.ACTIVITY_LO,Thruster 4 jet
2023-03-16 20:05:47,(2(0)-1678968347:711520),protectFromSunlight.PROCESS_OUT_DATA,21248,EventSeverity.ACTIVITY_LO,Protect from Sunlight
2023-03-16 20:05:47,(2(0)-1678968347:717639),thrDistribute.DOTHRUSTER,9985,EventSeverity.ACTIVITY_LO,DO Thruster
2023-03-16 20:05:47,(2(0)-1678968347:717735),thrDistribute.THRUSTER,9984,EventSeverity.ACTIVITY_LO,Thruster 4 jet
2023-03-16 20:05:48,(2(0)-1678968348:746902),protectFromSunlight.PROCESS_OUT_DATA,21248,EventSeverity.ACTIVITY_LO,Protect from Sunlight
2023-03-16 20:05:49,(2(0)-1678968349:771056),protectFromSunlight.PROCESS_OUT_DATA,21248,EventSeverity.ACTIVITY_LO,Protect from Sunlight
2023-03-16 20:05:49,(2(0)-1678968349:774835),thrDistribute.DOTHRUSTER,9985,EventSeverity.ACTIVITY_LO,DO Thruster
2023-03-16 20:05:49,(2(0)-1678968349:774885),thrDistribute.THRUSTER,9984,EventSeverity.ACTIVITY_LO,Thruster 4 jet
2023-03-16 20:05:50,(2(0)-1678968350:791046),protectFromSunlight.PROCESS_OUT_DATA,21248,EventSeverity.ACTIVITY_LO,Protect from Sunlight
2023-03-16 20:05:50,(2(0)-1678968350:802966),thrDistribute.DOTHRUSTER,9985,EventSeverity.ACTIVITY_LO,DO Thruster
2023-03-16 20:05:50,(2(0)-1678968350:803021),thrDistribute.THRUSTER,9984,EventSeverity.ACTIVITY_LO,Thruster 4 jet
2023-03-16 20:05:51,(2(0)-1678968351:815307),protectFromSunlight.PROCESS_OUT_DATA,21248,EventSeverity.ACTIVITY_LO,Protect from Sunlight
2023-03-16 20:05:52,(2(0)-1678968352:837304),protectFromSunlight.PROCESS_OUT_DATA,21248,EventSeverity.ACTIVITY_LO,Protect from Sunlight
2023-03-16 20:05:52,(2(0)-1678968352:858944),thrDistribute.DOTHRUSTER,9985,EventSeverity.ACTIVITY_LO,DO Thruster
2023-03-16 20:05:52,(2(0)-1678968352:858995),thrDistribute.THRUSTER,9984,EventSeverity.ACTIVITY_LO,Thruster 4 jet
2023-03-16 20:05:53,(2(0)-1678968353:871199),protectFromSunlight.PROCESS_OUT_DATA,21248,EventSeverity.ACTIVITY_LO,Protect from Sunlight
2023-03-16 20:05:53,(2(0)-1678968353:886666),thrDistribute.DOTHRUSTER,9985,EventSeverity.ACTIVITY_LO,DO Thruster
2023-03-16 20:05:53,(2(0)-1678968353:886706),thrDistribute.THRUSTER,9984,EventSeverity.ACTIVITY_LO,Thruster 4 jet
2023-03-16 20:05:54,(2(0)-1678968354:889930),protectFromSunlight.PROCESS_OUT_DATA,21248,EventSeverity.ACTIVITY_LO,Protect from Sunlight
2023-03-16 20:05:54,(2(0)-1678968354:913424),thrDistribute.DOTHRUSTER,9985,EventSeverity.ACTIVITY_LO,DO Thruster
2023-03-16 20:05:54,(2(0)-1678968354:913490),thrDistribute.THRUSTER,9984,EventSeverity.ACTIVITY_LO,Thruster 4 jet
2023-03-16 20:05:55,(2(0)-1678968355:915697),protectFromSunlight.PROCESS_OUT_DATA,21248,EventSeverity.ACTIVITY_LO,Protect from Sunlight
2023-03-16 20:05:55,(2(0)-1678968355:941699),thrDistribute.DOTHRUSTER,9985,EventSeverity.ACTIVITY_LO,DO Thruster
2023-03-16 20:05:55,(2(0)-1678968355:941762),thrDistribute.THRUSTER,9984,EventSeverity.ACTIVITY_LO,Thruster 4 jet
2023-03-16 20:05:56,(2(0)-1678968356:934606),protectFromSunlight.PROCESS_OUT_DATA,21248,EventSeverity.ACTIVITY_LO,Protect from Sunlight
2023-03-16 20:05:56,(2(0)-1678968356:969426),thrDistribute.DOTHRUSTER,9985,EventSeverity.ACTIVITY_LO,DO Thruster
2023-03-16 20:05:56,(2(0)-1678968356:969591),thrDistribute.THRUSTER,9984,EventSeverity.ACTIVITY_LO,Thruster 4 jet
2023-03-16 20:05:57,(2(0)-1678968357:956785),protectFromSunlight.PROCESS_OUT_DATA,21248,EventSeverity.ACTIVITY_LO,Protect from Sunlight
2023-03-16 20:05:57,(2(0)-1678968357:998065),thrDistribute.DOTHRUSTER,9985,EventSeverity.ACTIVITY_LO,DO Thruster
2023-03-16 20:05:57,(2(0)-1678968357:998153),thrDistribute.THRUSTER,9984,EventSeverity.ACTIVITY_LO,Thruster 4 jet
2023-03-16 20:05:58,(2(0)-1678968358:985699),protectFromSunlight.PROCESS_OUT_DATA,21248,EventSeverity.ACTIVITY_LO,Protect from Sunlight
2023-03-16 20:06:00,(2(0)-1678968360:28302),protectFromSunlight.PROCESS_OUT_DATA,21248,EventSeverity.ACTIVITY_LO,Protect from Sunlight
2023-03-16 20:06:00,(2(0)-1678968360:54646),thrDistribute.DOTHRUSTER,9985,EventSeverity.ACTIVITY_LO,DO Thruster
2023-03-16 20:06:00,(2(0)-1678968360:54729),thrDistribute.THRUSTER,9984,EventSeverity.ACTIVITY_LO,Thruster 4 jet
2023-03-16 20:06:01,(2(0)-1678968361:51325),protectFromSunlight.PROCESS_OUT_DATA,21248,EventSeverity.ACTIVITY_LO,Protect from Sunlight
2023-03-16 20:06:01,(2(0)-1678968361:82330),thrDistribute.DOTHRUSTER,9985,EventSeverity.ACTIVITY_LO,DO Thruster
2023-03-16 20:06:01,(2(0)-1678968361:82359),thrDistribute.THRUSTER,9984,EventSeverity.ACTIVITY_LO,Thruster 4 jet
2023-03-16 20:06:02,(2(0)-1678968362:109564),protectFromSunlight.PROCESS_OUT_DATA,21248,EventSeverity.ACTIVITY_LO,Protect from Sunlight
2023-03-16 20:06:02,(2(0)-1678968362:110524),thrDistribute.DOTHRUSTER,9985,EventSeverity.ACTIVITY_LO,DO Thruster
2023-03-16 20:06:02,(2(0)-1678968362:110554),thrDistribute.THRUSTER,9984,EventSeverity.ACTIVITY_LO,Thruster 4 jet
2023-03-16 20:06:03,(2(0)-1678968363:147522),protectFromSunlight.PROCESS_OUT_DATA,21248,EventSeverity.ACTIVITY_LO,Protect from Sunlight
2023-03-16 20:06:03,(2(0)-1678968363:266105),thrDistribute.DOTHRUSTER,9985,EventSeverity.ACTIVITY_LO,DO Thruster
2023-03-16 20:06:03,(2(0)-1678968363:266145),thrDistribute.THRUSTER,9984,EventSeverity.ACTIVITY_LO,Thruster 4 jet
2023-03-16 20:06:04,(2(0)-1678968364:177832),protectFromSunlight.PROCESS_OUT_DATA,21248,EventSeverity.ACTIVITY_LO,Protect from Sunlight
2023-03-16 20:06:04,(2(0)-1678968364:299544),thrDistribute.DOTHRUSTER,9985,EventSeverity.ACTIVITY_LO,DO Thruster
2023-03-16 20:06:04,(2(0)-1678968364:299653),thrDistribute.THRUSTER,9984,EventSeverity.ACTIVITY_LO,Thruster 4 jet
2023-03-16 20:06:05,(2(0)-1678968365:208689),protectFromSunlight.PROCESS_OUT_DATA,21248,EventSeverity.ACTIVITY_LO,Protect from Sunlight
2023-03-16 20:06:05,(2(0)-1678968365:325995),thrDistribute.DOTHRUSTER,9985,EventSeverity.ACTIVITY_LO,DO Thruster
2023-03-16 20:06:05,(2(0)-1678968365:326054),thrDistribute.THRUSTER,9984,EventSeverity.ACTIVITY_LO,Thruster 4 jet
2023-03-16 20:06:06,(2(0)-1678968366:226079),protectFromSunlight.PROCESS_OUT_DATA,21248,EventSeverity.ACTIVITY_LO,Protect from Sunlight
2023-03-16 20:06:06,(2(0)-1678968366:226301),thrDistribute.DOTHRUSTER,9985,EventSeverity.ACTIVITY_LO,DO Thruster
2023-03-16 20:06:06,(2(0)-1678968366:226344),thrDistribute.THRUSTER,9984,EventSeverity.ACTIVITY_LO,Thruster 4 jet
2023-03-16 20:06:07,(2(0)-1678968367:245170),protectFromSunlight.PROCESS_OUT_DATA,21248,EventSeverity.ACTIVITY_LO,Protect from Sunlight
2023-03-16 20:06:07,(2(0)-1678968367:255633),thrDistribute.DOTHRUSTER,9985,EventSeverity.ACTIVITY_LO,DO Thruster
2023-03-16 20:06:07,(2(0)-1678968367:255696),thrDistribute.THRUSTER,9984,EventSeverity.ACTIVITY_LO,Thruster 4 jet
2023-03-16 20:06:08,(2(0)-1678968368:264483),protectFromSunlight.PROCESS_OUT_DATA,21248,EventSeverity.ACTIVITY_LO,Protect from Sunlight
2023-03-16 20:06:08,(2(0)-1678968368:284593),thrDistribute.DOTHRUSTER,9985,EventSeverity.ACTIVITY_LO,DO Thruster
2023-03-16 20:06:08,(2(0)-1678968368:284658),thrDistribute.THRUSTER,9984,EventSeverity.ACTIVITY_LO,Thruster 4 jet
2023-03-16 20:06:09,(2(0)-1678968369:295401),protectFromSunlight.PROCESS_OUT_DATA,21248,EventSeverity.ACTIVITY_LO,Protect from Sunlight
2023-03-16 20:06:09,(2(0)-1678968369:311625),thrDistribute.DOTHRUSTER,9985,EventSeverity.ACTIVITY_LO,DO Thruster
2023-03-16 20:06:09,(2(0)-1678968369:311698),thrDistribute.THRUSTER,9984,EventSeverity.ACTIVITY_LO,Thruster 4 jet
2023-03-16 20:06:10,(2(0)-1678968370:312573),protectFromSunlight.PROCESS_OUT_DATA,21248,EventSeverity.ACTIVITY_LO,Protect from Sunlight
2023-03-16 20:06:11,(2(0)-1678968371:333188),protectFromSunlight.PROCESS_OUT_DATA,21248,EventSeverity.ACTIVITY_LO,Protect from Sunlight
2023-03-16 20:06:11,(2(0)-1678968371:369119),thrDistribute.DOTHRUSTER,9985,EventSeverity.ACTIVITY_LO,DO Thruster
2023-03-16 20:06:11,(2(0)-1678968371:369326),thrDistribute.THRUSTER,9984,EventSeverity.ACTIVITY_LO,Thruster 4 jet
2023-03-16 20:06:12,(2(0)-1678968372:358197),protectFromSunlight.PROCESS_OUT_DATA,21248,EventSeverity.ACTIVITY_LO,Protect from Sunlight
2023-03-16 20:06:12,(2(0)-1678968372:397278),thrDistribute.DOTHRUSTER,9985,EventSeverity.ACTIVITY_LO,DO Thruster
2023-03-16 20:06:12,(2(0)-1678968372:397342),thrDistribute.THRUSTER,9984,EventSeverity.ACTIVITY_LO,Thruster 4 jet
2023-03-16 20:06:13,(2(0)-1678968373:406692),protectFromSunlight.PROCESS_OUT_DATA,21248,EventSeverity.ACTIVITY_LO,Protect from Sunlight
2023-03-16 20:06:14,(2(0)-1678968374:448119),protectFromSunlight.PROCESS_OUT_DATA,21248,EventSeverity.ACTIVITY_LO,Protect from Sunlight
2023-03-16 20:06:14,(2(0)-1678968374:453996),thrDistribute.DOTHRUSTER,9985,EventSeverity.ACTIVITY_LO,DO Thruster
2023-03-16 20:06:14,(2(0)-1678968374:454039),thrDistribute.THRUSTER,9984,EventSeverity.ACTIVITY_LO,Thruster 4 jet
2023-03-16 20:06:15,(2(0)-1678968375:475211),protectFromSunlight.PROCESS_OUT_DATA,21248,EventSeverity.ACTIVITY_LO,Protect from Sunlight
2023-03-16 20:06:15,(2(0)-1678968375:481976),thrDistribute.DOTHRUSTER,9985,EventSeverity.ACTIVITY_LO,DO Thruster
2023-03-16 20:06:15,(2(0)-1678968375:482041),thrDistribute.THRUSTER,9984,EventSeverity.ACTIVITY_LO,Thruster 4 jet
2023-03-16 20:06:16,(2(0)-1678968376:502019),protectFromSunlight.PROCESS_OUT_DATA,21248,EventSeverity.ACTIVITY_LO,Protect from Sunlight
2023-03-16 20:06:16,(2(0)-1678968376:510238),thrDistribute.DOTHRUSTER,9985,EventSeverity.ACTIVITY_LO,DO Thruster
2023-03-16 20:06:16,(2(0)-1678968376:510302),thrDistribute.THRUSTER,9984,EventSeverity.ACTIVITY_LO,Thruster 4 jet
2023-03-16 20:06:17,(2(0)-1678968377:527912),protectFromSunlight.PROCESS_OUT_DATA,21248,EventSeverity.ACTIVITY_LO,Protect from Sunlight
2023-03-16 20:06:18,(2(0)-1678968378:552654),protectFromSunlight.PROCESS_OUT_DATA,21248,EventSeverity.ACTIVITY_LO,Protect from Sunlight
2023-03-16 20:06:18,(2(0)-1678968378:568173),thrDistribute.DOTHRUSTER,9985,EventSeverity.ACTIVITY_LO,DO Thruster
2023-03-16 20:06:18,(2(0)-1678968378:568241),thrDistribute.THRUSTER,9984,EventSeverity.ACTIVITY_LO,Thruster 4 jet
2023-03-16 20:06:19,(2(0)-1678968379:592794),protectFromSunlight.PROCESS_OUT_DATA,21248,EventSeverity.ACTIVITY_LO,Protect from Sunlight
2023-03-16 20:06:19,(2(0)-1678968379:596878),thrDistribute.DOTHRUSTER,9985,EventSeverity.ACTIVITY_LO,DO Thruster
2023-03-16 20:06:19,(2(0)-1678968379:596943),thrDistribute.THRUSTER,9984,EventSeverity.ACTIVITY_LO,Thruster 4 jet
2023-03-16 20:06:20,(2(0)-1678968380:617960),protectFromSunlight.PROCESS_OUT_DATA,21248,EventSeverity.ACTIVITY_LO,Protect from Sunlight
2023-03-16 20:06:21,(2(0)-1678968381:648460),protectFromSunlight.PROCESS_OUT_DATA,21248,EventSeverity.ACTIVITY_LO,Protect from Sunlight
2023-03-16 20:06:21,(2(0)-1678968381:652693),thrDistribute.DOTHRUSTER,9985,EventSeverity.ACTIVITY_LO,DO Thruster
2023-03-16 20:06:21,(2(0)-1678968381:652755),thrDistribute.THRUSTER,9984,EventSeverity.ACTIVITY_LO,Thruster 4 jet
2023-03-16 20:06:22,(2(0)-1678968382:680251),protectFromSunlight.PROCESS_OUT_DATA,21248,EventSeverity.ACTIVITY_LO,Protect from Sunlight
2023-03-16 20:06:22,(2(0)-1678968382:681505),thrDistribute.DOTHRUSTER,9985,EventSeverity.ACTIVITY_LO,DO Thruster
2023-03-16 20:06:22,(2(0)-1678968382:681549),thrDistribute.THRUSTER,9984,EventSeverity.ACTIVITY_LO,Thruster 4 jet
2023-03-16 20:06:23,(2(0)-1678968383:713962),protectFromSunlight.PROCESS_OUT_DATA,21248,EventSeverity.ACTIVITY_LO,Protect from Sunlight
2023-03-16 20:06:23,(2(0)-1678968383:838905),thrDistribute.DOTHRUSTER,9985,EventSeverity.ACTIVITY_LO,DO Thruster
2023-03-16 20:06:23,(2(0)-1678968383:839068),thrDistribute.THRUSTER,9984,EventSeverity.ACTIVITY_LO,Thruster 4 jet
2023-03-16 20:06:24,(2(0)-1678968384:735070),protectFromSunlight.PROCESS_OUT_DATA,21248,EventSeverity.ACTIVITY_LO,Protect from Sunlight
2023-03-16 20:06:24,(2(0)-1678968384:737689),thrDistribute.DOTHRUSTER,9985,EventSeverity.ACTIVITY_LO,DO Thruster
2023-03-16 20:06:24,(2(0)-1678968384:737732),thrDistribute.THRUSTER,9984,EventSeverity.ACTIVITY_LO,Thruster 4 jet
2023-03-16 20:06:25,(2(0)-1678968385:750782),protectFromSunlight.PROCESS_OUT_DATA,21248,EventSeverity.ACTIVITY_LO,Protect from Sunlight
2023-03-16 20:06:25,(2(0)-1678968385:767486),thrDistribute.DOTHRUSTER,9985,EventSeverity.ACTIVITY_LO,DO Thruster
2023-03-16 20:06:25,(2(0)-1678968385:767547),thrDistribute.THRUSTER,9984,EventSeverity.ACTIVITY_LO,Thruster 4 jet
2023-03-16 20:06:26,(2(0)-1678968386:766367),protectFromSunlight.PROCESS_OUT_DATA,21248,EventSeverity.ACTIVITY_LO,Protect from Sunlight
2023-03-16 20:06:26,(2(0)-1678968386:795059),thrDistribute.DOTHRUSTER,9985,EventSeverity.ACTIVITY_LO,DO Thruster
2023-03-16 20:06:26,(2(0)-1678968386:795110),thrDistribute.THRUSTER,9984,EventSeverity.ACTIVITY_LO,Thruster 4 jet
2023-03-16 20:06:27,(2(0)-1678968387:783257),protectFromSunlight.PROCESS_OUT_DATA,21248,EventSeverity.ACTIVITY_LO,Protect from Sunlight
2023-03-16 20:06:28,(2(0)-1678968388:813568),protectFromSunlight.PROCESS_OUT_DATA,21248,EventSeverity.ACTIVITY_LO,Protect from Sunlight
2023-03-16 20:06:28,(2(0)-1678968388:850903),thrDistribute.DOTHRUSTER,9985,EventSeverity.ACTIVITY_LO,DO Thruster
2023-03-16 20:06:28,(2(0)-1678968388:850958),thrDistribute.THRUSTER,9984,EventSeverity.ACTIVITY_LO,Thruster 4 jet
2023-03-16 20:06:29,(2(0)-1678968389:833423),protectFromSunlight.PROCESS_OUT_DATA,21248,EventSeverity.ACTIVITY_LO,Protect from Sunlight
2023-03-16 20:06:29,(2(0)-1678968389:878959),thrDistribute.DOTHRUSTER,9985,EventSeverity.ACTIVITY_LO,DO Thruster
2023-03-16 20:06:29,(2(0)-1678968389:879010),thrDistribute.THRUSTER,9984,EventSeverity.ACTIVITY_LO,Thruster 4 jet
2023-03-16 20:06:30,(2(0)-1678968390:879543),protectFromSunlight.PROCESS_OUT_DATA,21248,EventSeverity.ACTIVITY_LO,Protect from Sunlight
2023-03-16 20:06:30,(2(0)-1678968390:907063),thrDistribute.DOTHRUSTER,9985,EventSeverity.ACTIVITY_LO,DO Thruster
2023-03-16 20:06:30,(2(0)-1678968390:907128),thrDistribute.THRUSTER,9984,EventSeverity.ACTIVITY_LO,Thruster 4 jet
2023-03-16 20:06:31,(2(0)-1678968391:923548),protectFromSunlight.PROCESS_OUT_DATA,21248,EventSeverity.ACTIVITY_LO,Protect from Sunlight
2023-03-16 20:06:31,(2(0)-1678968391:935563),thrDistribute.DOTHRUSTER,9985,EventSeverity.ACTIVITY_LO,DO Thruster
2023-03-16 20:06:31,(2(0)-1678968391:935609),thrDistribute.THRUSTER,9984,EventSeverity.ACTIVITY_LO,Thruster 4 jet
2023-03-16 20:06:32,(2(0)-1678968392:952970),protectFromSunlight.PROCESS_OUT_DATA,21248,EventSeverity.ACTIVITY_LO,Protect from Sunlight
2023-03-16 20:06:32,(2(0)-1678968392:965448),thrDistribute.DOTHRUSTER,9985,EventSeverity.ACTIVITY_LO,DO Thruster
2023-03-16 20:06:32,(2(0)-1678968392:965612),thrDistribute.THRUSTER,9984,EventSeverity.ACTIVITY_LO,Thruster 4 jet
2023-03-16 20:06:33,(2(0)-1678968393:976723),protectFromSunlight.PROCESS_OUT_DATA,21248,EventSeverity.ACTIVITY_LO,Protect from Sunlight
2023-03-16 20:06:33,(2(0)-1678968393:993585),thrDistribute.DOTHRUSTER,9985,EventSeverity.ACTIVITY_LO,DO Thruster
2023-03-16 20:06:33,(2(0)-1678968393:993651),thrDistribute.THRUSTER,9984,EventSeverity.ACTIVITY_LO,Thruster 4 jet
2023-03-16 20:06:34,(2(0)-1678968394:998753),protectFromSunlight.PROCESS_OUT_DATA,21248,EventSeverity.ACTIVITY_LO,Protect from Sunlight
2023-03-16 20:06:35,(2(0)-1678968395:21357),thrDistribute.DOTHRUSTER,9985,EventSeverity.ACTIVITY_LO,DO Thruster
2023-03-16 20:06:35,(2(0)-1678968395:21395),thrDistribute.THRUSTER,9984,EventSeverity.ACTIVITY_LO,Thruster 4 jet
2023-03-16 20:06:36,(2(0)-1678968396:42194),protectFromSunlight.PROCESS_OUT_DATA,21248,EventSeverity.ACTIVITY_LO,Protect from Sunlight
2023-03-16 20:06:36,(2(0)-1678968396:48406),thrDistribute.DOTHRUSTER,9985,EventSeverity.ACTIVITY_LO,DO Thruster
2023-03-16 20:06:36,(2(0)-1678968396:48454),thrDistribute.THRUSTER,9984,EventSeverity.ACTIVITY_LO,Thruster 4 jet
2023-03-16 20:06:37,(2(0)-1678968397:70982),protectFromSunlight.PROCESS_OUT_DATA,21248,EventSeverity.ACTIVITY_LO,Protect from Sunlight
2023-03-16 20:06:37,(2(0)-1678968397:77958),thrDistribute.DOTHRUSTER,9985,EventSeverity.ACTIVITY_LO,DO Thruster
2023-03-16 20:06:37,(2(0)-1678968397:77996),thrDistribute.THRUSTER,9984,EventSeverity.ACTIVITY_LO,Thruster 4 jet
2023-03-16 20:06:38,(2(0)-1678968398:100517),protectFromSunlight.PROCESS_OUT_DATA,21248,EventSeverity.ACTIVITY_LO,Protect from Sunlight
2023-03-16 20:06:38,(2(0)-1678968398:106364),thrDistribute.DOTHRUSTER,9985,EventSeverity.ACTIVITY_LO,DO Thruster
2023-03-16 20:06:38,(2(0)-1678968398:106452),thrDistribute.THRUSTER,9984,EventSeverity.ACTIVITY_LO,Thruster 4 jet
2023-03-16 20:06:39,(2(0)-1678968399:146939),protectFromSunlight.PROCESS_OUT_DATA,21248,EventSeverity.ACTIVITY_LO,Protect from Sunlight
2023-03-16 20:06:40,(2(0)-1678968400:205238),protectFromSunlight.PROCESS_OUT_DATA,21248,EventSeverity.ACTIVITY_LO,Protect from Sunlight
2023-03-16 20:06:40,(2(0)-1678968400:289133),thrDistribute.DOTHRUSTER,9985,EventSeverity.ACTIVITY_LO,DO Thruster
2023-03-16 20:06:40,(2(0)-1678968400:289193),thrDistribute.THRUSTER,9984,EventSeverity.ACTIVITY_LO,Thruster 4 jet
2023-03-16 20:06:41,(2(0)-1678968401:224698),protectFromSunlight.PROCESS_OUT_DATA,21248,EventSeverity.ACTIVITY_LO,Protect from Sunlight
2023-03-16 20:06:41,(2(0)-1678968401:316238),thrDistribute.DOTHRUSTER,9985,EventSeverity.ACTIVITY_LO,DO Thruster
2023-03-16 20:06:41,(2(0)-1678968401:316330),thrDistribute.THRUSTER,9984,EventSeverity.ACTIVITY_LO,Thruster 4 jet
2023-03-16 20:06:42,(2(0)-1678968402:248287),protectFromSunlight.PROCESS_OUT_DATA,21248,EventSeverity.ACTIVITY_LO,Protect from Sunlight
2023-03-16 20:06:42,(2(0)-1678968402:343415),thrDistribute.DOTHRUSTER,9985,EventSeverity.ACTIVITY_LO,DO Thruster
2023-03-16 20:06:42,(2(0)-1678968402:343514),thrDistribute.THRUSTER,9984,EventSeverity.ACTIVITY_LO,Thruster 4 jet
2023-03-16 20:06:43,(2(0)-1678968403:265566),protectFromSunlight.PROCESS_OUT_DATA,21248,EventSeverity.ACTIVITY_LO,Protect from Sunlight
2023-03-16 20:06:43,(2(0)-1678968403:370242),thrDistribute.DOTHRUSTER,9985,EventSeverity.ACTIVITY_LO,DO Thruster
2023-03-16 20:06:43,(2(0)-1678968403:370393),thrDistribute.THRUSTER,9984,EventSeverity.ACTIVITY_LO,Thruster 4 jet
2023-03-16 20:06:44,(2(0)-1678968404:283628),protectFromSunlight.PROCESS_OUT_DATA,21248,EventSeverity.ACTIVITY_LO,Protect from Sunlight
2023-03-16 20:06:44,(2(0)-1678968404:398641),thrDistribute.DOTHRUSTER,9985,EventSeverity.ACTIVITY_LO,DO Thruster
2023-03-16 20:06:44,(2(0)-1678968404:398791),thrDistribute.THRUSTER,9984,EventSeverity.ACTIVITY_LO,Thruster 4 jet
2023-03-16 20:06:45,(2(0)-1678968405:304831),protectFromSunlight.PROCESS_OUT_DATA,21248,EventSeverity.ACTIVITY_LO,Protect from Sunlight
2023-03-16 20:06:45,(2(0)-1678968405:425456),thrDistribute.DOTHRUSTER,9985,EventSeverity.ACTIVITY_LO,DO Thruster
2023-03-16 20:06:45,(2(0)-1678968405:425624),thrDistribute.THRUSTER,9984,EventSeverity.ACTIVITY_LO,Thruster 4 jet
2023-03-16 20:06:46,(2(0)-1678968406:336086),protectFromSunlight.PROCESS_OUT_DATA,21248,EventSeverity.ACTIVITY_LO,Protect from Sunlight
2023-03-16 20:06:47,(2(0)-1678968407:359963),protectFromSunlight.PROCESS_OUT_DATA,21248,EventSeverity.ACTIVITY_LO,Protect from Sunlight
2023-03-16 20:06:47,(2(0)-1678968407:480693),thrDistribute.DOTHRUSTER,9985,EventSeverity.ACTIVITY_LO,DO Thruster
2023-03-16 20:06:47,(2(0)-1678968407:480985),thrDistribute.THRUSTER,9984,EventSeverity.ACTIVITY_LO,Thruster 4 jet
2023-03-16 20:06:48,(2(0)-1678968408:398211),protectFromSunlight.PROCESS_OUT_DATA,21248,EventSeverity.ACTIVITY_LO,Protect from Sunlight
2023-03-16 20:06:48,(2(0)-1678968408:507011),thrDistribute.DOTHRUSTER,9985,EventSeverity.ACTIVITY_LO,DO Thruster
2023-03-16 20:06:48,(2(0)-1678968408:507117),thrDistribute.THRUSTER,9984,EventSeverity.ACTIVITY_LO,Thruster 4 jet
2023-03-16 20:06:49,(2(0)-1678968409:426144),protectFromSunlight.PROCESS_OUT_DATA,21248,EventSeverity.ACTIVITY_LO,Protect from Sunlight
2023-03-16 20:06:50,(2(0)-1678968410:445963),protectFromSunlight.PROCESS_OUT_DATA,21248,EventSeverity.ACTIVITY_LO,Protect from Sunlight
2023-03-16 20:06:50,(2(0)-1678968410:561646),thrDistribute.DOTHRUSTER,9985,EventSeverity.ACTIVITY_LO,DO Thruster
2023-03-16 20:06:50,(2(0)-1678968410:561731),thrDistribute.THRUSTER,9984,EventSeverity.ACTIVITY_LO,Thruster 4 jet
2023-03-16 20:06:51,(2(0)-1678968411:469048),protectFromSunlight.PROCESS_OUT_DATA,21248,EventSeverity.ACTIVITY_LO,Protect from Sunlight
2023-03-16 20:06:51,(2(0)-1678968411:588610),thrDistribute.DOTHRUSTER,9985,EventSeverity.ACTIVITY_LO,DO Thruster
2023-03-16 20:06:51,(2(0)-1678968411:588659),thrDistribute.THRUSTER,9984,EventSeverity.ACTIVITY_LO,Thruster 4 jet
2023-03-16 20:06:52,(2(0)-1678968412:488880),protectFromSunlight.PROCESS_OUT_DATA,21248,EventSeverity.ACTIVITY_LO,Protect from Sunlight
2023-03-16 20:06:52,(2(0)-1678968412:616321),thrDistribute.DOTHRUSTER,9985,EventSeverity.ACTIVITY_LO,DO Thruster
2023-03-16 20:06:52,(2(0)-1678968412:616376),thrDistribute.THRUSTER,9984,EventSeverity.ACTIVITY_LO,Thruster 4 jet
2023-03-16 20:06:53,(2(0)-1678968413:527788),protectFromSunlight.PROCESS_OUT_DATA,21248,EventSeverity.ACTIVITY_LO,Protect from Sunlight
2023-03-16 20:06:53,(2(0)-1678968413:644557),thrDistribute.DOTHRUSTER,9985,EventSeverity.ACTIVITY_LO,DO Thruster
2023-03-16 20:06:53,(2(0)-1678968413:644740),thrDistribute.THRUSTER,9984,EventSeverity.ACTIVITY_LO,Thruster 4 jet
2023-03-16 20:06:54,(2(0)-1678968414:550581),protectFromSunlight.PROCESS_OUT_DATA,21248,EventSeverity.ACTIVITY_LO,Protect from Sunlight
2023-03-16 20:06:54,(2(0)-1678968414:671345),thrDistribute.DOTHRUSTER,9985,EventSeverity.ACTIVITY_LO,DO Thruster
2023-03-16 20:06:54,(2(0)-1678968414:671407),thrDistribute.THRUSTER,9984,EventSeverity.ACTIVITY_LO,Thruster 4 jet
2023-03-16 20:06:55,(2(0)-1678968415:594658),protectFromSunlight.PROCESS_OUT_DATA,21248,EventSeverity.ACTIVITY_LO,Protect from Sunlight
2023-03-16 20:06:55,(2(0)-1678968415:698865),thrDistribute.DOTHRUSTER,9985,EventSeverity.ACTIVITY_LO,DO Thruster
2023-03-16 20:06:55,(2(0)-1678968415:698964),thrDistribute.THRUSTER,9984,EventSeverity.ACTIVITY_LO,Thruster 4 jet
2023-03-16 20:06:56,(2(0)-1678968416:628184),protectFromSunlight.PROCESS_OUT_DATA,21248,EventSeverity.ACTIVITY_LO,Protect from Sunlight
2023-03-16 20:06:57,(2(0)-1678968417:645476),protectFromSunlight.PROCESS_OUT_DATA,21248,EventSeverity.ACTIVITY_LO,Protect from Sunlight
2023-03-16 20:06:57,(2(0)-1678968417:753589),thrDistribute.DOTHRUSTER,9985,EventSeverity.ACTIVITY_LO,DO Thruster
2023-03-16 20:06:57,(2(0)-1678968417:753720),thrDistribute.THRUSTER,9984,EventSeverity.ACTIVITY_LO,Thruster 4 jet
2023-03-16 20:06:58,(2(0)-1678968418:675746),protectFromSunlight.PROCESS_OUT_DATA,21248,EventSeverity.ACTIVITY_LO,Protect from Sunlight
2023-03-16 20:06:58,(2(0)-1678968418:781327),thrDistribute.DOTHRUSTER,9985,EventSeverity.ACTIVITY_LO,DO Thruster
2023-03-16 20:06:58,(2(0)-1678968418:781372),thrDistribute.THRUSTER,9984,EventSeverity.ACTIVITY_LO,Thruster 4 jet
2023-03-16 20:06:59,(2(0)-1678968419:694763),protectFromSunlight.PROCESS_OUT_DATA,21248,EventSeverity.ACTIVITY_LO,Protect from Sunlight
2023-03-16 20:06:59,(2(0)-1678968419:809702),thrDistribute.DOTHRUSTER,9985,EventSeverity.ACTIVITY_LO,DO Thruster
2023-03-16 20:06:59,(2(0)-1678968419:809871),thrDistribute.THRUSTER,9984,EventSeverity.ACTIVITY_LO,Thruster 4 jet
2023-03-16 20:07:00,(2(0)-1678968420:735249),protectFromSunlight.PROCESS_OUT_DATA,21248,EventSeverity.ACTIVITY_LO,Protect from Sunlight
2023-03-16 20:07:00,(2(0)-1678968420:837574),thrDistribute.DOTHRUSTER,9985,EventSeverity.ACTIVITY_LO,DO Thruster
2023-03-16 20:07:00,(2(0)-1678968420:837875),thrDistribute.THRUSTER,9984,EventSeverity.ACTIVITY_LO,Thruster 4 jet
2023-03-16 20:07:01,(2(0)-1678968421:775263),protectFromSunlight.PROCESS_OUT_DATA,21248,EventSeverity.ACTIVITY_LO,Protect from Sunlight
2023-03-16 20:07:01,(2(0)-1678968421:863772),thrDistribute.DOTHRUSTER,9985,EventSeverity.ACTIVITY_LO,DO Thruster
2023-03-16 20:07:01,(2(0)-1678968421:863850),thrDistribute.THRUSTER,9984,EventSeverity.ACTIVITY_LO,Thruster 4 jet
2023-03-16 20:07:02,(2(0)-1678968422:817305),protectFromSunlight.PROCESS_OUT_DATA,21248,EventSeverity.ACTIVITY_LO,Protect from Sunlight
2023-03-16 20:07:02,(2(0)-1678968422:891263),thrDistribute.DOTHRUSTER,9985,EventSeverity.ACTIVITY_LO,DO Thruster
2023-03-16 20:07:02,(2(0)-1678968422:891334),thrDistribute.THRUSTER,9984,EventSeverity.ACTIVITY_LO,Thruster 4 jet
2023-03-16 20:07:03,(2(0)-1678968423:837126),protectFromSunlight.PROCESS_OUT_DATA,21248,EventSeverity.ACTIVITY_LO,Protect from Sunlight
2023-03-16 20:07:03,(2(0)-1678968423:919164),thrDistribute.DOTHRUSTER,9985,EventSeverity.ACTIVITY_LO,DO Thruster
2023-03-16 20:07:03,(2(0)-1678968423:919262),thrDistribute.THRUSTER,9984,EventSeverity.ACTIVITY_LO,Thruster 4 jet
