2023-03-16 20:20:38,(2(0)-1678969238:453029),cmdDisp.OpCodeDispatched,1281,EventSeverity.COMMAND,Opcode 0xe00 dispatched to port 7
2023-03-16 20:20:38,(2(0)-1678969238:453090),control.START_CONTROL,3584,EventSeverity.ACTIVITY_LO,start control
2023-03-16 20:20:38,(2(0)-1678969238:578676),protectFromSunlight.PROCESS_OUT_DATA,21248,EventSeverity.ACTIVITY_LO,Protect from Sunlight
2023-03-16 20:20:38,(2(0)-1678969238:647465),thrDistribute.DOTHRUSTER,9985,EventSeverity.ACTIVITY_LO,DO Thruster
2023-03-16 20:20:38,(2(0)-1678969238:647544),thrDistribute.THRUSTER,9984,EventSeverity.ACTIVITY_LO,Thruster 128 jet
2023-03-16 20:20:39,(2(0)-1678969239:596933),protectFromSunlight.PROCESS_OUT_DATA,21248,EventSeverity.ACTIVITY_LO,Protect from Sunlight
2023-03-16 20:20:39,(2(0)-1678969239:676995),thrDistribute.DOTHRUSTER,9985,EventSeverity.ACTIVITY_LO,DO Thruster
2023-03-16 20:20:39,(2(0)-1678969239:677069),thrDistribute.THRUSTER,9984,EventSeverity.ACTIVITY_LO,Thruster 172 jet
2023-03-16 20:20:39,(2(0)-1678969239:677081),thrDistribute.THRUSTER,9984,EventSeverity.ACTIVITY_LO,Thruster 3 jet
2023-03-16 20:20:39,(2(0)-1678969239:677086),thrDistribute.THRUSTER,9984,EventSeverity.ACTIVITY_LO,Thruster 4 jet
2023-03-16 20:20:40,(2(0)-1678969240:636329),protectFromSunlight.PROCESS_OUT_DATA,21248,EventSeverity.ACTIVITY_LO,Protect from Sunlight
2023-03-16 20:20:40,(2(0)-1678969240:704610),thrDistribute.DOTHRUSTER,9985,EventSeverity.ACTIVITY_LO,DO Thruster
2023-03-16 20:20:40,(2(0)-1678969240:704708),thrDistribute.THRUSTER,9984,EventSeverity.ACTIVITY_LO,Thruster 172 jet
2023-03-16 20:20:40,(2(0)-1678969240:704725),thrDistribute.THRUSTER,9984,EventSeverity.ACTIVITY_LO,Thruster 3 jet
2023-03-16 20:20:40,(2(0)-1678969240:704731),thrDistribute.THRUSTER,9984,EventSeverity.ACTIVITY_LO,Thruster 4 jet
2023-03-16 20:20:41,(2(0)-1678969241:673611),protectFromSunlight.PROCESS_OUT_DATA,21248,EventSeverity.ACTIVITY_LO,Protect from Sunlight
2023-03-16 20:20:41,(2(0)-1678969241:732262),thrDistribute.DOTHRUSTER,9985,EventSeverity.ACTIVITY_LO,DO Thruster
2023-03-16 20:20:41,(2(0)-1678969241:732314),thrDistribute.THRUSTER,9984,EventSeverity.ACTIVITY_LO,Thruster 172 jet
2023-03-16 20:20:41,(2(0)-1678969241:732322),thrDistribute.THRUSTER,9984,EventSeverity.ACTIVITY_LO,Thruster 3 jet
2023-03-16 20:20:41,(2(0)-1678969241:732326),thrDistribute.THRUSTER,9984,EventSeverity.ACTIVITY_LO,Thruster 4 jet
2023-03-16 20:20:42,(2(0)-1678969242:700521),protectFromSunlight.PROCESS_OUT_DATA,21248,EventSeverity.ACTIVITY_LO,Protect from Sunlight
2023-03-16 20:20:42,(2(0)-1678969242:760058),thrDistribute.DOTHRUSTER,9985,EventSeverity.ACTIVITY_LO,DO Thruster
2023-03-16 20:20:42,(2(0)-1678969242:760129),thrDistribute.THRUSTER,9984,EventSeverity.ACTIVITY_LO,Thruster 172 jet
2023-03-16 20:20:42,(2(0)-1678969242:760140),thrDistribute.THRUSTER,9984,EventSeverity.ACTIVITY_LO,Thruster 3 jet
2023-03-16 20:20:42,(2(0)-1678969242:760145),thrDistribute.THRUSTER,9984,EventSeverity.ACTIVITY_LO,Thruster 4 jet
2023-03-16 20:20:43,(2(0)-1678969243:719959),protectFromSunlight.PROCESS_OUT_DATA,21248,EventSeverity.ACTIVITY_LO,Protect from Sunlight
2023-03-16 20:20:43,(2(0)-1678969243:787394),thrDistribute.DOTHRUSTER,9985,EventSeverity.ACTIVITY_LO,DO Thruster
2023-03-16 20:20:43,(2(0)-1678969243:787456),thrDistribute.THRUSTER,9984,EventSeverity.ACTIVITY_LO,Thruster 172 jet
2023-03-16 20:20:43,(2(0)-1678969243:787467),thrDistribute.THRUSTER,9984,EventSeverity.ACTIVITY_LO,Thruster 3 jet
2023-03-16 20:20:43,(2(0)-1678969243:787472),thrDistribute.THRUSTER,9984,EventSeverity.ACTIVITY_LO,Thruster 4 jet
2023-03-16 20:20:44,(2(0)-1678969244:749237),protectFromSunlight.PROCESS_OUT_DATA,21248,EventSeverity.ACTIVITY_LO,Protect from Sunlight
2023-03-16 20:20:44,(2(0)-1678969244:816634),thrDistribute.DOTHRUSTER,9985,EventSeverity.ACTIVITY_LO,DO Thruster
2023-03-16 20:20:44,(2(0)-1678969244:816673),thrDistribute.THRUSTER,9984,EventSeverity.ACTIVITY_LO,Thruster 172 jet
2023-03-16 20:20:44,(2(0)-1678969244:816679),thrDistribute.THRUSTER,9984,EventSeverity.ACTIVITY_LO,Thruster 3 jet
2023-03-16 20:20:44,(2(0)-1678969244:816682),thrDistribute.THRUSTER,9984,EventSeverity.ACTIVITY_LO,Thruster 4 jet
2023-03-16 20:20:45,(2(0)-1678969245:780464),protectFromSunlight.PROCESS_OUT_DATA,21248,EventSeverity.ACTIVITY_LO,Protect from Sunlight
2023-03-16 20:20:45,(2(0)-1678969245:844113),thrDistribute.DOTHRUSTER,9985,EventSeverity.ACTIVITY_LO,DO Thruster
2023-03-16 20:20:45,(2(0)-1678969245:844244),thrDistribute.THRUSTER,9984,EventSeverity.ACTIVITY_LO,Thruster 172 jet
2023-03-16 20:20:45,(2(0)-1678969245:844357),thrDistribute.THRUSTER,9984,EventSeverity.ACTIVITY_LO,Thruster 3 jet
2023-03-16 20:20:45,(2(0)-1678969245:844455),thrDistribute.THRUSTER,9984,EventSeverity.ACTIVITY_LO,Thruster 4 jet
2023-03-16 20:20:46,(2(0)-1678969246:809381),protectFromSunlight.PROCESS_OUT_DATA,21248,EventSeverity.ACTIVITY_LO,Protect from Sunlight
2023-03-16 20:20:46,(2(0)-1678969246:870787),thrDistribute.DOTHRUSTER,9985,EventSeverity.ACTIVITY_LO,DO Thruster
2023-03-16 20:20:46,(2(0)-1678969246:870855),thrDistribute.THRUSTER,9984,EventSeverity.ACTIVITY_LO,Thruster 172 jet
2023-03-16 20:20:46,(2(0)-1678969246:870863),thrDistribute.THRUSTER,9984,EventSeverity.ACTIVITY_LO,Thruster 3 jet
2023-03-16 20:20:46,(2(0)-1678969246:870867),thrDistribute.THRUSTER,9984,EventSeverity.ACTIVITY_LO,Thruster 4 jet
2023-03-16 20:20:47,(2(0)-1678969247:841711),protectFromSunlight.PROCESS_OUT_DATA,21248,EventSeverity.ACTIVITY_LO,Protect from Sunlight
2023-03-16 20:20:47,(2(0)-1678969247:898556),thrDistribute.DOTHRUSTER,9985,EventSeverity.ACTIVITY_LO,DO Thruster
2023-03-16 20:20:47,(2(0)-1678969247:898624),thrDistribute.THRUSTER,9984,EventSeverity.ACTIVITY_LO,Thruster 172 jet
2023-03-16 20:20:47,(2(0)-1678969247:898658),thrDistribute.THRUSTER,9984,EventSeverity.ACTIVITY_LO,Thruster 3 jet
2023-03-16 20:20:47,(2(0)-1678969247:898695),thrDistribute.THRUSTER,9984,EventSeverity.ACTIVITY_LO,Thruster 4 jet
2023-03-16 20:20:48,(2(0)-1678969248:904813),protectFromSunlight.PROCESS_OUT_DATA,21248,EventSeverity.ACTIVITY_LO,Protect from Sunlight
2023-03-16 20:20:48,(2(0)-1678969248:926369),thrDistribute.DOTHRUSTER,9985,EventSeverity.ACTIVITY_LO,DO Thruster
2023-03-16 20:20:48,(2(0)-1678969248:926515),thrDistribute.THRUSTER,9984,EventSeverity.ACTIVITY_LO,Thruster 172 jet
2023-03-16 20:20:48,(2(0)-1678969248:926543),thrDistribute.THRUSTER,9984,EventSeverity.ACTIVITY_LO,Thruster 3 jet
2023-03-16 20:20:48,(2(0)-1678969248:926548),thrDistribute.THRUSTER,9984,EventSeverity.ACTIVITY_LO,Thruster 4 jet
2023-03-16 20:20:49,(2(0)-1678969249:944475),protectFromSunlight.PROCESS_OUT_DATA,21248,EventSeverity.ACTIVITY_LO,Protect from Sunlight
2023-03-16 20:20:49,(2(0)-1678969249:953939),thrDistribute.DOTHRUSTER,9985,EventSeverity.ACTIVITY_LO,DO Thruster
2023-03-16 20:20:49,(2(0)-1678969249:953985),thrDistribute.THRUSTER,9984,EventSeverity.ACTIVITY_LO,Thruster 172 jet
2023-03-16 20:20:49,(2(0)-1678969249:954000),thrDistribute.THRUSTER,9984,EventSeverity.ACTIVITY_LO,Thruster 3 jet
2023-03-16 20:20:49,(2(0)-1678969249:954003),thrDistribute.THRUSTER,9984,EventSeverity.ACTIVITY_LO,Thruster 4 jet
2023-03-16 20:20:50,(2(0)-1678969250:965221),protectFromSunlight.PROCESS_OUT_DATA,21248,EventSeverity.ACTIVITY_LO,Protect from Sunlight
2023-03-16 20:20:50,(2(0)-1678969250:981322),thrDistribute.DOTHRUSTER,9985,EventSeverity.ACTIVITY_LO,DO Thruster
2023-03-16 20:20:50,(2(0)-1678969250:981387),thrDistribute.THRUSTER,9984,EventSeverity.ACTIVITY_LO,Thruster 172 jet
2023-03-16 20:20:50,(2(0)-1678969250:981414),thrDistribute.THRUSTER,9984,EventSeverity.ACTIVITY_LO,Thruster 3 jet
2023-03-16 20:20:50,(2(0)-1678969250:981417),thrDistribute.THRUSTER,9984,EventSeverity.ACTIVITY_LO,Thruster 4 jet
2023-03-16 20:20:51,(2(0)-1678969251:993810),protectFromSunlight.PROCESS_OUT_DATA,21248,EventSeverity.ACTIVITY_LO,Protect from Sunlight
2023-03-16 20:20:52,(2(0)-1678969252:9772),thrDistribute.DOTHRUSTER,9985,EventSeverity.ACTIVITY_LO,DO Thruster
2023-03-16 20:20:52,(2(0)-1678969252:9826),thrDistribute.THRUSTER,9984,EventSeverity.ACTIVITY_LO,Thruster 172 jet
2023-03-16 20:20:52,(2(0)-1678969252:9834),thrDistribute.THRUSTER,9984,EventSeverity.ACTIVITY_LO,Thruster 3 jet
2023-03-16 20:20:52,(2(0)-1678969252:9837),thrDistribute.THRUSTER,9984,EventSeverity.ACTIVITY_LO,Thruster 4 jet
2023-03-16 20:20:53,(2(0)-1678969253:22435),protectFromSunlight.PROCESS_OUT_DATA,21248,EventSeverity.ACTIVITY_LO,Protect from Sunlight
2023-03-16 20:20:53,(2(0)-1678969253:38189),thrDistribute.DOTHRUSTER,9985,EventSeverity.ACTIVITY_LO,DO Thruster
2023-03-16 20:20:53,(2(0)-1678969253:38249),thrDistribute.THRUSTER,9984,EventSeverity.ACTIVITY_LO,Thruster 172 jet
2023-03-16 20:20:53,(2(0)-1678969253:38256),thrDistribute.THRUSTER,9984,EventSeverity.ACTIVITY_LO,Thruster 3 jet
2023-03-16 20:20:53,(2(0)-1678969253:38281),thrDistribute.THRUSTER,9984,EventSeverity.ACTIVITY_LO,Thruster 4 jet
2023-03-16 20:20:54,(2(0)-1678969254:71421),protectFromSunlight.PROCESS_OUT_DATA,21248,EventSeverity.ACTIVITY_LO,Protect from Sunlight
2023-03-16 20:20:54,(2(0)-1678969254:194907),thrDistribute.DOTHRUSTER,9985,EventSeverity.ACTIVITY_LO,DO Thruster
2023-03-16 20:20:54,(2(0)-1678969254:194986),thrDistribute.THRUSTER,9984,EventSeverity.ACTIVITY_LO,Thruster 172 jet
2023-03-16 20:20:54,(2(0)-1678969254:194997),thrDistribute.THRUSTER,9984,EventSeverity.ACTIVITY_LO,Thruster 3 jet
2023-03-16 20:20:54,(2(0)-1678969254:195003),thrDistribute.THRUSTER,9984,EventSeverity.ACTIVITY_LO,Thruster 4 jet
2023-03-16 20:20:55,(2(0)-1678969255:95294),protectFromSunlight.PROCESS_OUT_DATA,21248,EventSeverity.ACTIVITY_LO,Protect from Sunlight
2023-03-16 20:20:55,(2(0)-1678969255:223780),thrDistribute.DOTHRUSTER,9985,EventSeverity.ACTIVITY_LO,DO Thruster
2023-03-16 20:20:55,(2(0)-1678969255:223923),thrDistribute.THRUSTER,9984,EventSeverity.ACTIVITY_LO,Thruster 172 jet
2023-03-16 20:20:55,(2(0)-1678969255:223944),thrDistribute.THRUSTER,9984,EventSeverity.ACTIVITY_LO,Thruster 3 jet
2023-03-16 20:20:55,(2(0)-1678969255:223954),thrDistribute.THRUSTER,9984,EventSeverity.ACTIVITY_LO,Thruster 4 jet
2023-03-16 20:20:56,(2(0)-1678969256:131436),protectFromSunlight.PROCESS_OUT_DATA,21248,EventSeverity.ACTIVITY_LO,Protect from Sunlight
2023-03-16 20:20:57,(2(0)-1678969257:164601),protectFromSunlight.PROCESS_OUT_DATA,21248,EventSeverity.ACTIVITY_LO,Protect from Sunlight
2023-03-16 20:20:57,(2(0)-1678969257:280103),thrDistribute.DOTHRUSTER,9985,EventSeverity.ACTIVITY_LO,DO Thruster
2023-03-16 20:20:57,(2(0)-1678969257:280163),thrDistribute.THRUSTER,9984,EventSeverity.ACTIVITY_LO,Thruster 172 jet
2023-03-16 20:20:57,(2(0)-1678969257:280171),thrDistribute.THRUSTER,9984,EventSeverity.ACTIVITY_LO,Thruster 3 jet
2023-03-16 20:20:57,(2(0)-1678969257:280175),thrDistribute.THRUSTER,9984,EventSeverity.ACTIVITY_LO,Thruster 4 jet
2023-03-16 20:20:58,(2(0)-1678969258:183709),protectFromSunlight.PROCESS_OUT_DATA,21248,EventSeverity.ACTIVITY_LO,Protect from Sunlight
2023-03-16 20:20:58,(2(0)-1678969258:307065),thrDistribute.DOTHRUSTER,9985,EventSeverity.ACTIVITY_LO,DO Thruster
2023-03-16 20:20:58,(2(0)-1678969258:307128),thrDistribute.THRUSTER,9984,EventSeverity.ACTIVITY_LO,Thruster 172 jet
2023-03-16 20:20:58,(2(0)-1678969258:307137),thrDistribute.THRUSTER,9984,EventSeverity.ACTIVITY_LO,Thruster 3 jet
2023-03-16 20:20:58,(2(0)-1678969258:307141),thrDistribute.THRUSTER,9984,EventSeverity.ACTIVITY_LO,Thruster 4 jet
2023-03-16 20:20:59,(2(0)-1678969259:223744),protectFromSunlight.PROCESS_OUT_DATA,21248,EventSeverity.ACTIVITY_LO,Protect from Sunlight
2023-03-16 20:21:00,(2(0)-1678969260:243085),protectFromSunlight.PROCESS_OUT_DATA,21248,EventSeverity.ACTIVITY_LO,Protect from Sunlight
2023-03-16 20:21:00,(2(0)-1678969260:363128),thrDistribute.DOTHRUSTER,9985,EventSeverity.ACTIVITY_LO,DO Thruster
2023-03-16 20:21:00,(2(0)-1678969260:363321),thrDistribute.THRUSTER,9984,EventSeverity.ACTIVITY_LO,Thruster 172 jet
2023-03-16 20:21:00,(2(0)-1678969260:363352),thrDistribute.THRUSTER,9984,EventSeverity.ACTIVITY_LO,Thruster 3 jet
2023-03-16 20:21:00,(2(0)-1678969260:363367),thrDistribute.THRUSTER,9984,EventSeverity.ACTIVITY_LO,Thruster 4 jet
2023-03-16 20:21:01,(2(0)-1678969261:269541),protectFromSunlight.PROCESS_OUT_DATA,21248,EventSeverity.ACTIVITY_LO,Protect from Sunlight
2023-03-16 20:21:01,(2(0)-1678969261:390323),thrDistribute.DOTHRUSTER,9985,EventSeverity.ACTIVITY_LO,DO Thruster
2023-03-16 20:21:01,(2(0)-1678969261:390378),thrDistribute.THRUSTER,9984,EventSeverity.ACTIVITY_LO,Thruster 172 jet
2023-03-16 20:21:01,(2(0)-1678969261:390385),thrDistribute.THRUSTER,9984,EventSeverity.ACTIVITY_LO,Thruster 3 jet
2023-03-16 20:21:01,(2(0)-1678969261:390388),thrDistribute.THRUSTER,9984,EventSeverity.ACTIVITY_LO,Thruster 4 jet
2023-03-16 20:21:02,(2(0)-1678969262:301441),protectFromSunlight.PROCESS_OUT_DATA,21248,EventSeverity.ACTIVITY_LO,Protect from Sunlight
2023-03-16 20:21:02,(2(0)-1678969262:419205),thrDistribute.DOTHRUSTER,9985,EventSeverity.ACTIVITY_LO,DO Thruster
2023-03-16 20:21:02,(2(0)-1678969262:419249),thrDistribute.THRUSTER,9984,EventSeverity.ACTIVITY_LO,Thruster 172 jet
2023-03-16 20:21:02,(2(0)-1678969262:419255),thrDistribute.THRUSTER,9984,EventSeverity.ACTIVITY_LO,Thruster 3 jet
2023-03-16 20:21:02,(2(0)-1678969262:419259),thrDistribute.THRUSTER,9984,EventSeverity.ACTIVITY_LO,Thruster 4 jet
2023-03-16 20:21:03,(2(0)-1678969263:324218),protectFromSunlight.PROCESS_OUT_DATA,21248,EventSeverity.ACTIVITY_LO,Protect from Sunlight
2023-03-16 20:21:03,(2(0)-1678969263:447295),thrDistribute.DOTHRUSTER,9985,EventSeverity.ACTIVITY_LO,DO Thruster
2023-03-16 20:21:03,(2(0)-1678969263:447354),thrDistribute.THRUSTER,9984,EventSeverity.ACTIVITY_LO,Thruster 172 jet
2023-03-16 20:21:03,(2(0)-1678969263:447361),thrDistribute.THRUSTER,9984,EventSeverity.ACTIVITY_LO,Thruster 3 jet
2023-03-16 20:21:03,(2(0)-1678969263:447364),thrDistribute.THRUSTER,9984,EventSeverity.ACTIVITY_LO,Thruster 4 jet
2023-03-16 20:21:04,(2(0)-1678969264:350258),protectFromSunlight.PROCESS_OUT_DATA,21248,EventSeverity.ACTIVITY_LO,Protect from Sunlight
2023-03-16 20:21:04,(2(0)-1678969264:475393),thrDistribute.DOTHRUSTER,9985,EventSeverity.ACTIVITY_LO,DO Thruster
2023-03-16 20:21:04,(2(0)-1678969264:475501),thrDistribute.THRUSTER,9984,EventSeverity.ACTIVITY_LO,Thruster 172 jet
2023-03-16 20:21:04,(2(0)-1678969264:475518),thrDistribute.THRUSTER,9984,EventSeverity.ACTIVITY_LO,Thruster 3 jet
2023-03-16 20:21:04,(2(0)-1678969264:475525),thrDistribute.THRUSTER,9984,EventSeverity.ACTIVITY_LO,Thruster 4 jet
2023-03-16 20:21:05,(2(0)-1678969265:370040),protectFromSunlight.PROCESS_OUT_DATA,21248,EventSeverity.ACTIVITY_LO,Protect from Sunlight
2023-03-16 20:21:05,(2(0)-1678969265:375840),thrDistribute.DOTHRUSTER,9985,EventSeverity.ACTIVITY_LO,DO Thruster
2023-03-16 20:21:05,(2(0)-1678969265:375897),thrDistribute.THRUSTER,9984,EventSeverity.ACTIVITY_LO,Thruster 172 jet
2023-03-16 20:21:05,(2(0)-1678969265:375905),thrDistribute.THRUSTER,9984,EventSeverity.ACTIVITY_LO,Thruster 3 jet
2023-03-16 20:21:05,(2(0)-1678969265:375908),thrDistribute.THRUSTER,9984,EventSeverity.ACTIVITY_LO,Thruster 4 jet
2023-03-16 20:21:06,(2(0)-1678969266:390399),protectFromSunlight.PROCESS_OUT_DATA,21248,EventSeverity.ACTIVITY_LO,Protect from Sunlight
2023-03-16 20:21:06,(2(0)-1678969266:403322),thrDistribute.DOTHRUSTER,9985,EventSeverity.ACTIVITY_LO,DO Thruster
2023-03-16 20:21:06,(2(0)-1678969266:403375),thrDistribute.THRUSTER,9984,EventSeverity.ACTIVITY_LO,Thruster 172 jet
2023-03-16 20:21:06,(2(0)-1678969266:403394),thrDistribute.THRUSTER,9984,EventSeverity.ACTIVITY_LO,Thruster 3 jet
2023-03-16 20:21:06,(2(0)-1678969266:403399),thrDistribute.THRUSTER,9984,EventSeverity.ACTIVITY_LO,Thruster 4 jet
2023-03-16 20:21:07,(2(0)-1678969267:423921),protectFromSunlight.PROCESS_OUT_DATA,21248,EventSeverity.ACTIVITY_LO,Protect from Sunlight
2023-03-16 20:21:07,(2(0)-1678969267:432461),thrDistribute.DOTHRUSTER,9985,EventSeverity.ACTIVITY_LO,DO Thruster
2023-03-16 20:21:07,(2(0)-1678969267:432508),thrDistribute.THRUSTER,9984,EventSeverity.ACTIVITY_LO,Thruster 172 jet
2023-03-16 20:21:07,(2(0)-1678969267:432515),thrDistribute.THRUSTER,9984,EventSeverity.ACTIVITY_LO,Thruster 3 jet
2023-03-16 20:21:07,(2(0)-1678969267:432518),thrDistribute.THRUSTER,9984,EventSeverity.ACTIVITY_LO,Thruster 4 jet
2023-03-16 20:21:08,(2(0)-1678969268:443837),protectFromSunlight.PROCESS_OUT_DATA,21248,EventSeverity.ACTIVITY_LO,Protect from Sunlight
2023-03-16 20:21:08,(2(0)-1678969268:459491),thrDistribute.DOTHRUSTER,9985,EventSeverity.ACTIVITY_LO,DO Thruster
2023-03-16 20:21:08,(2(0)-1678969268:459533),thrDistribute.THRUSTER,9984,EventSeverity.ACTIVITY_LO,Thruster 172 jet
2023-03-16 20:21:08,(2(0)-1678969268:459538),thrDistribute.THRUSTER,9984,EventSeverity.ACTIVITY_LO,Thruster 3 jet
2023-03-16 20:21:08,(2(0)-1678969268:459549),thrDistribute.THRUSTER,9984,EventSeverity.ACTIVITY_LO,Thruster 4 jet
2023-03-16 20:21:09,(2(0)-1678969269:465905),protectFromSunlight.PROCESS_OUT_DATA,21248,EventSeverity.ACTIVITY_LO,Protect from Sunlight
2023-03-16 20:21:09,(2(0)-1678969269:487881),thrDistribute.DOTHRUSTER,9985,EventSeverity.ACTIVITY_LO,DO Thruster
2023-03-16 20:21:09,(2(0)-1678969269:488019),thrDistribute.THRUSTER,9984,EventSeverity.ACTIVITY_LO,Thruster 172 jet
2023-03-16 20:21:09,(2(0)-1678969269:488076),thrDistribute.THRUSTER,9984,EventSeverity.ACTIVITY_LO,Thruster 3 jet
2023-03-16 20:21:09,(2(0)-1678969269:488085),thrDistribute.THRUSTER,9984,EventSeverity.ACTIVITY_LO,Thruster 4 jet
2023-03-16 20:21:10,(2(0)-1678969270:484406),protectFromSunlight.PROCESS_OUT_DATA,21248,EventSeverity.ACTIVITY_LO,Protect from Sunlight
2023-03-16 20:21:11,(2(0)-1678969271:501528),protectFromSunlight.PROCESS_OUT_DATA,21248,EventSeverity.ACTIVITY_LO,Protect from Sunlight
2023-03-16 20:21:11,(2(0)-1678969271:543704),thrDistribute.DOTHRUSTER,9985,EventSeverity.ACTIVITY_LO,DO Thruster
2023-03-16 20:21:11,(2(0)-1678969271:543789),thrDistribute.THRUSTER,9984,EventSeverity.ACTIVITY_LO,Thruster 172 jet
2023-03-16 20:21:11,(2(0)-1678969271:543800),thrDistribute.THRUSTER,9984,EventSeverity.ACTIVITY_LO,Thruster 3 jet
2023-03-16 20:21:11,(2(0)-1678969271:543805),thrDistribute.THRUSTER,9984,EventSeverity.ACTIVITY_LO,Thruster 4 jet
2023-03-16 20:21:12,(2(0)-1678969272:529886),protectFromSunlight.PROCESS_OUT_DATA,21248,EventSeverity.ACTIVITY_LO,Protect from Sunlight
2023-03-16 20:21:12,(2(0)-1678969272:572536),thrDistribute.DOTHRUSTER,9985,EventSeverity.ACTIVITY_LO,DO Thruster
2023-03-16 20:21:12,(2(0)-1678969272:572602),thrDistribute.THRUSTER,9984,EventSeverity.ACTIVITY_LO,Thruster 172 jet
2023-03-16 20:21:12,(2(0)-1678969272:572609),thrDistribute.THRUSTER,9984,EventSeverity.ACTIVITY_LO,Thruster 3 jet
2023-03-16 20:21:12,(2(0)-1678969272:572613),thrDistribute.THRUSTER,9984,EventSeverity.ACTIVITY_LO,Thruster 4 jet
2023-03-16 20:21:13,(2(0)-1678969273:555984),protectFromSunlight.PROCESS_OUT_DATA,21248,EventSeverity.ACTIVITY_LO,Protect from Sunlight
2023-03-16 20:21:13,(2(0)-1678969273:600570),thrDistribute.DOTHRUSTER,9985,EventSeverity.ACTIVITY_LO,DO Thruster
2023-03-16 20:21:13,(2(0)-1678969273:600626),thrDistribute.THRUSTER,9984,EventSeverity.ACTIVITY_LO,Thruster 172 jet
2023-03-16 20:21:13,(2(0)-1678969273:600633),thrDistribute.THRUSTER,9984,EventSeverity.ACTIVITY_LO,Thruster 3 jet
2023-03-16 20:21:13,(2(0)-1678969273:600637),thrDistribute.THRUSTER,9984,EventSeverity.ACTIVITY_LO,Thruster 4 jet
2023-03-16 20:21:14,(2(0)-1678969274:597053),protectFromSunlight.PROCESS_OUT_DATA,21248,EventSeverity.ACTIVITY_LO,Protect from Sunlight
2023-03-16 20:21:14,(2(0)-1678969274:629431),thrDistribute.DOTHRUSTER,9985,EventSeverity.ACTIVITY_LO,DO Thruster
2023-03-16 20:21:14,(2(0)-1678969274:629485),thrDistribute.THRUSTER,9984,EventSeverity.ACTIVITY_LO,Thruster 172 jet
2023-03-16 20:21:14,(2(0)-1678969274:629493),thrDistribute.THRUSTER,9984,EventSeverity.ACTIVITY_LO,Thruster 3 jet
2023-03-16 20:21:14,(2(0)-1678969274:629496),thrDistribute.THRUSTER,9984,EventSeverity.ACTIVITY_LO,Thruster 4 jet
2023-03-16 20:21:15,(2(0)-1678969275:645486),protectFromSunlight.PROCESS_OUT_DATA,21248,EventSeverity.ACTIVITY_LO,Protect from Sunlight
2023-03-16 20:21:15,(2(0)-1678969275:657095),thrDistribute.DOTHRUSTER,9985,EventSeverity.ACTIVITY_LO,DO Thruster
2023-03-16 20:21:15,(2(0)-1678969275:657168),thrDistribute.THRUSTER,9984,EventSeverity.ACTIVITY_LO,Thruster 172 jet
2023-03-16 20:21:15,(2(0)-1678969275:657185),thrDistribute.THRUSTER,9984,EventSeverity.ACTIVITY_LO,Thruster 3 jet
2023-03-16 20:21:15,(2(0)-1678969275:657194),thrDistribute.THRUSTER,9984,EventSeverity.ACTIVITY_LO,Thruster 4 jet
2023-03-16 20:21:16,(2(0)-1678969276:697080),protectFromSunlight.PROCESS_OUT_DATA,21248,EventSeverity.ACTIVITY_LO,Protect from Sunlight
2023-03-16 20:21:16,(2(0)-1678969276:816160),thrDistribute.DOTHRUSTER,9985,EventSeverity.ACTIVITY_LO,DO Thruster
2023-03-16 20:21:16,(2(0)-1678969276:816301),thrDistribute.THRUSTER,9984,EventSeverity.ACTIVITY_LO,Thruster 172 jet
2023-03-16 20:21:16,(2(0)-1678969276:816336),thrDistribute.THRUSTER,9984,EventSeverity.ACTIVITY_LO,Thruster 3 jet
2023-03-16 20:21:16,(2(0)-1678969276:816360),thrDistribute.THRUSTER,9984,EventSeverity.ACTIVITY_LO,Thruster 4 jet
2023-03-16 20:21:17,(2(0)-1678969277:721509),protectFromSunlight.PROCESS_OUT_DATA,21248,EventSeverity.ACTIVITY_LO,Protect from Sunlight
2023-03-16 20:21:18,(2(0)-1678969278:742641),protectFromSunlight.PROCESS_OUT_DATA,21248,EventSeverity.ACTIVITY_LO,Protect from Sunlight
2023-03-16 20:21:18,(2(0)-1678969278:742990),thrDistribute.DOTHRUSTER,9985,EventSeverity.ACTIVITY_LO,DO Thruster
2023-03-16 20:21:18,(2(0)-1678969278:743020),thrDistribute.THRUSTER,9984,EventSeverity.ACTIVITY_LO,Thruster 172 jet
2023-03-16 20:21:18,(2(0)-1678969278:743036),thrDistribute.THRUSTER,9984,EventSeverity.ACTIVITY_LO,Thruster 3 jet
2023-03-16 20:21:18,(2(0)-1678969278:743040),thrDistribute.THRUSTER,9984,EventSeverity.ACTIVITY_LO,Thruster 4 jet
2023-03-16 20:21:19,(2(0)-1678969279:785856),protectFromSunlight.PROCESS_OUT_DATA,21248,EventSeverity.ACTIVITY_LO,Protect from Sunlight
2023-03-16 20:21:19,(2(0)-1678969279:898089),thrDistribute.DOTHRUSTER,9985,EventSeverity.ACTIVITY_LO,DO Thruster
2023-03-16 20:21:19,(2(0)-1678969279:898201),thrDistribute.THRUSTER,9984,EventSeverity.ACTIVITY_LO,Thruster 172 jet
2023-03-16 20:21:19,(2(0)-1678969279:898217),thrDistribute.THRUSTER,9984,EventSeverity.ACTIVITY_LO,Thruster 3 jet
2023-03-16 20:21:19,(2(0)-1678969279:898224),thrDistribute.THRUSTER,9984,EventSeverity.ACTIVITY_LO,Thruster 4 jet
2023-03-16 20:21:20,(2(0)-1678969280:862889),protectFromSunlight.PROCESS_OUT_DATA,21248,EventSeverity.ACTIVITY_LO,Protect from Sunlight
2023-03-16 20:21:21,(2(0)-1678969281:914864),protectFromSunlight.PROCESS_OUT_DATA,21248,EventSeverity.ACTIVITY_LO,Protect from Sunlight
2023-03-16 20:21:21,(2(0)-1678969281:952655),thrDistribute.DOTHRUSTER,9985,EventSeverity.ACTIVITY_LO,DO Thruster
2023-03-16 20:21:21,(2(0)-1678969281:952727),thrDistribute.THRUSTER,9984,EventSeverity.ACTIVITY_LO,Thruster 172 jet
2023-03-16 20:21:21,(2(0)-1678969281:952737),thrDistribute.THRUSTER,9984,EventSeverity.ACTIVITY_LO,Thruster 3 jet
2023-03-16 20:21:21,(2(0)-1678969281:952747),thrDistribute.THRUSTER,9984,EventSeverity.ACTIVITY_LO,Thruster 4 jet
2023-03-16 20:21:22,(2(0)-1678969282:937508),protectFromSunlight.PROCESS_OUT_DATA,21248,EventSeverity.ACTIVITY_LO,Protect from Sunlight
2023-03-16 20:21:22,(2(0)-1678969282:980898),thrDistribute.DOTHRUSTER,9985,EventSeverity.ACTIVITY_LO,DO Thruster
2023-03-16 20:21:22,(2(0)-1678969282:981019),thrDistribute.THRUSTER,9984,EventSeverity.ACTIVITY_LO,Thruster 172 jet
2023-03-16 20:21:22,(2(0)-1678969282:981043),thrDistribute.THRUSTER,9984,EventSeverity.ACTIVITY_LO,Thruster 3 jet
2023-03-16 20:21:22,(2(0)-1678969282:981061),thrDistribute.THRUSTER,9984,EventSeverity.ACTIVITY_LO,Thruster 4 jet
2023-03-16 20:21:23,(2(0)-1678969283:985429),protectFromSunlight.PROCESS_OUT_DATA,21248,EventSeverity.ACTIVITY_LO,Protect from Sunlight
2023-03-16 20:21:24,(2(0)-1678969284:8080),thrDistribute.DOTHRUSTER,9985,EventSeverity.ACTIVITY_LO,DO Thruster
2023-03-16 20:21:24,(2(0)-1678969284:8134),thrDistribute.THRUSTER,9984,EventSeverity.ACTIVITY_LO,Thruster 172 jet
2023-03-16 20:21:24,(2(0)-1678969284:8142),thrDistribute.THRUSTER,9984,EventSeverity.ACTIVITY_LO,Thruster 3 jet
2023-03-16 20:21:24,(2(0)-1678969284:8145),thrDistribute.THRUSTER,9984,EventSeverity.ACTIVITY_LO,Thruster 4 jet
2023-03-16 20:21:25,(2(0)-1678969285:19773),protectFromSunlight.PROCESS_OUT_DATA,21248,EventSeverity.ACTIVITY_LO,Protect from Sunlight
2023-03-16 20:21:26,(2(0)-1678969286:72425),protectFromSunlight.PROCESS_OUT_DATA,21248,EventSeverity.ACTIVITY_LO,Protect from Sunlight
2023-03-16 20:21:26,(2(0)-1678969286:190822),thrDistribute.DOTHRUSTER,9985,EventSeverity.ACTIVITY_LO,DO Thruster
2023-03-16 20:21:26,(2(0)-1678969286:190874),thrDistribute.THRUSTER,9984,EventSeverity.ACTIVITY_LO,Thruster 172 jet
2023-03-16 20:21:26,(2(0)-1678969286:190880),thrDistribute.THRUSTER,9984,EventSeverity.ACTIVITY_LO,Thruster 3 jet
2023-03-16 20:21:26,(2(0)-1678969286:190884),thrDistribute.THRUSTER,9984,EventSeverity.ACTIVITY_LO,Thruster 4 jet
2023-03-16 20:21:27,(2(0)-1678969287:90328),protectFromSunlight.PROCESS_OUT_DATA,21248,EventSeverity.ACTIVITY_LO,Protect from Sunlight
2023-03-16 20:21:27,(2(0)-1678969287:219013),thrDistribute.DOTHRUSTER,9985,EventSeverity.ACTIVITY_LO,DO Thruster
2023-03-16 20:21:27,(2(0)-1678969287:219083),thrDistribute.THRUSTER,9984,EventSeverity.ACTIVITY_LO,Thruster 172 jet
2023-03-16 20:21:27,(2(0)-1678969287:219093),thrDistribute.THRUSTER,9984,EventSeverity.ACTIVITY_LO,Thruster 3 jet
2023-03-16 20:21:27,(2(0)-1678969287:219097),thrDistribute.THRUSTER,9984,EventSeverity.ACTIVITY_LO,Thruster 4 jet
2023-03-16 20:21:28,(2(0)-1678969288:132141),protectFromSunlight.PROCESS_OUT_DATA,21248,EventSeverity.ACTIVITY_LO,Protect from Sunlight
2023-03-16 20:21:29,(2(0)-1678969289:169889),protectFromSunlight.PROCESS_OUT_DATA,21248,EventSeverity.ACTIVITY_LO,Protect from Sunlight
2023-03-16 20:21:29,(2(0)-1678969289:276275),thrDistribute.DOTHRUSTER,9985,EventSeverity.ACTIVITY_LO,DO Thruster
2023-03-16 20:21:29,(2(0)-1678969289:276328),thrDistribute.THRUSTER,9984,EventSeverity.ACTIVITY_LO,Thruster 172 jet
2023-03-16 20:21:29,(2(0)-1678969289:276335),thrDistribute.THRUSTER,9984,EventSeverity.ACTIVITY_LO,Thruster 3 jet
2023-03-16 20:21:29,(2(0)-1678969289:276339),thrDistribute.THRUSTER,9984,EventSeverity.ACTIVITY_LO,Thruster 4 jet
2023-03-16 20:21:30,(2(0)-1678969290:193642),protectFromSunlight.PROCESS_OUT_DATA,21248,EventSeverity.ACTIVITY_LO,Protect from Sunlight
2023-03-16 20:21:30,(2(0)-1678969290:306035),thrDistribute.DOTHRUSTER,9985,EventSeverity.ACTIVITY_LO,DO Thruster
2023-03-16 20:21:30,(2(0)-1678969290:306198),thrDistribute.THRUSTER,9984,EventSeverity.ACTIVITY_LO,Thruster 172 jet
2023-03-16 20:21:30,(2(0)-1678969290:306222),thrDistribute.THRUSTER,9984,EventSeverity.ACTIVITY_LO,Thruster 3 jet
2023-03-16 20:21:30,(2(0)-1678969290:306234),thrDistribute.THRUSTER,9984,EventSeverity.ACTIVITY_LO,Thruster 4 jet
2023-03-16 20:21:31,(2(0)-1678969291:240620),protectFromSunlight.PROCESS_OUT_DATA,21248,EventSeverity.ACTIVITY_LO,Protect from Sunlight
2023-03-16 20:21:31,(2(0)-1678969291:333424),thrDistribute.DOTHRUSTER,9985,EventSeverity.ACTIVITY_LO,DO Thruster
2023-03-16 20:21:31,(2(0)-1678969291:333537),thrDistribute.THRUSTER,9984,EventSeverity.ACTIVITY_LO,Thruster 172 jet
2023-03-16 20:21:31,(2(0)-1678969291:333556),thrDistribute.THRUSTER,9984,EventSeverity.ACTIVITY_LO,Thruster 3 jet
2023-03-16 20:21:31,(2(0)-1678969291:333573),thrDistribute.THRUSTER,9984,EventSeverity.ACTIVITY_LO,Thruster 4 jet
2023-03-16 20:21:32,(2(0)-1678969292:278452),protectFromSunlight.PROCESS_OUT_DATA,21248,EventSeverity.ACTIVITY_LO,Protect from Sunlight
2023-03-16 20:21:32,(2(0)-1678969292:361725),thrDistribute.DOTHRUSTER,9985,EventSeverity.ACTIVITY_LO,DO Thruster
2023-03-16 20:21:32,(2(0)-1678969292:361777),thrDistribute.THRUSTER,9984,EventSeverity.ACTIVITY_LO,Thruster 172 jet
2023-03-16 20:21:32,(2(0)-1678969292:361804),thrDistribute.THRUSTER,9984,EventSeverity.ACTIVITY_LO,Thruster 3 jet
2023-03-16 20:21:32,(2(0)-1678969292:361808),thrDistribute.THRUSTER,9984,EventSeverity.ACTIVITY_LO,Thruster 4 jet
2023-03-16 20:21:33,(2(0)-1678969293:314474),protectFromSunlight.PROCESS_OUT_DATA,21248,EventSeverity.ACTIVITY_LO,Protect from Sunlight
2023-03-16 20:21:33,(2(0)-1678969293:389720),thrDistribute.DOTHRUSTER,9985,EventSeverity.ACTIVITY_LO,DO Thruster
2023-03-16 20:21:33,(2(0)-1678969293:389800),thrDistribute.THRUSTER,9984,EventSeverity.ACTIVITY_LO,Thruster 172 jet
2023-03-16 20:21:33,(2(0)-1678969293:389813),thrDistribute.THRUSTER,9984,EventSeverity.ACTIVITY_LO,Thruster 3 jet
2023-03-16 20:21:33,(2(0)-1678969293:389819),thrDistribute.THRUSTER,9984,EventSeverity.ACTIVITY_LO,Thruster 4 jet
2023-03-16 20:21:34,(2(0)-1678969294:344049),protectFromSunlight.PROCESS_OUT_DATA,21248,EventSeverity.ACTIVITY_LO,Protect from Sunlight
2023-03-16 20:21:34,(2(0)-1678969294:417485),thrDistribute.DOTHRUSTER,9985,EventSeverity.ACTIVITY_LO,DO Thruster
2023-03-16 20:21:34,(2(0)-1678969294:417565),thrDistribute.THRUSTER,9984,EventSeverity.ACTIVITY_LO,Thruster 172 jet
2023-03-16 20:21:34,(2(0)-1678969294:417573),thrDistribute.THRUSTER,9984,EventSeverity.ACTIVITY_LO,Thruster 3 jet
2023-03-16 20:21:34,(2(0)-1678969294:417578),thrDistribute.THRUSTER,9984,EventSeverity.ACTIVITY_LO,Thruster 4 jet
2023-03-16 20:21:35,(2(0)-1678969295:368774),protectFromSunlight.PROCESS_OUT_DATA,21248,EventSeverity.ACTIVITY_LO,Protect from Sunlight
2023-03-16 20:21:36,(2(0)-1678969296:410803),protectFromSunlight.PROCESS_OUT_DATA,21248,EventSeverity.ACTIVITY_LO,Protect from Sunlight
2023-03-16 20:21:36,(2(0)-1678969296:475099),thrDistribute.DOTHRUSTER,9985,EventSeverity.ACTIVITY_LO,DO Thruster
2023-03-16 20:21:36,(2(0)-1678969296:475152),thrDistribute.THRUSTER,9984,EventSeverity.ACTIVITY_LO,Thruster 172 jet
2023-03-16 20:21:36,(2(0)-1678969296:475160),thrDistribute.THRUSTER,9984,EventSeverity.ACTIVITY_LO,Thruster 3 jet
2023-03-16 20:21:36,(2(0)-1678969296:475163),thrDistribute.THRUSTER,9984,EventSeverity.ACTIVITY_LO,Thruster 4 jet
2023-03-16 20:21:37,(2(0)-1678969297:466584),protectFromSunlight.PROCESS_OUT_DATA,21248,EventSeverity.ACTIVITY_LO,Protect from Sunlight
2023-03-16 20:21:37,(2(0)-1678969297:503586),thrDistribute.DOTHRUSTER,9985,EventSeverity.ACTIVITY_LO,DO Thruster
2023-03-16 20:21:37,(2(0)-1678969297:503623),thrDistribute.THRUSTER,9984,EventSeverity.ACTIVITY_LO,Thruster 172 jet
2023-03-16 20:21:37,(2(0)-1678969297:503630),thrDistribute.THRUSTER,9984,EventSeverity.ACTIVITY_LO,Thruster 3 jet
2023-03-16 20:21:37,(2(0)-1678969297:503633),thrDistribute.THRUSTER,9984,EventSeverity.ACTIVITY_LO,Thruster 4 jet
2023-03-16 20:21:38,(2(0)-1678969298:494238),protectFromSunlight.PROCESS_OUT_DATA,21248,EventSeverity.ACTIVITY_LO,Protect from Sunlight
2023-03-16 20:21:38,(2(0)-1678969298:531703),thrDistribute.DOTHRUSTER,9985,EventSeverity.ACTIVITY_LO,DO Thruster
2023-03-16 20:21:38,(2(0)-1678969298:531759),thrDistribute.THRUSTER,9984,EventSeverity.ACTIVITY_LO,Thruster 172 jet
2023-03-16 20:21:38,(2(0)-1678969298:531779),thrDistribute.THRUSTER,9984,EventSeverity.ACTIVITY_LO,Thruster 3 jet
2023-03-16 20:21:38,(2(0)-1678969298:531783),thrDistribute.THRUSTER,9984,EventSeverity.ACTIVITY_LO,Thruster 4 jet
2023-03-16 20:21:39,(2(0)-1678969299:523046),protectFromSunlight.PROCESS_OUT_DATA,21248,EventSeverity.ACTIVITY_LO,Protect from Sunlight
2023-03-16 20:21:39,(2(0)-1678969299:559713),thrDistribute.DOTHRUSTER,9985,EventSeverity.ACTIVITY_LO,DO Thruster
2023-03-16 20:21:39,(2(0)-1678969299:559774),thrDistribute.THRUSTER,9984,EventSeverity.ACTIVITY_LO,Thruster 172 jet
2023-03-16 20:21:39,(2(0)-1678969299:559782),thrDistribute.THRUSTER,9984,EventSeverity.ACTIVITY_LO,Thruster 3 jet
2023-03-16 20:21:39,(2(0)-1678969299:559785),thrDistribute.THRUSTER,9984,EventSeverity.ACTIVITY_LO,Thruster 4 jet
2023-03-16 20:21:40,(2(0)-1678969300:547192),protectFromSunlight.PROCESS_OUT_DATA,21248,EventSeverity.ACTIVITY_LO,Protect from Sunlight
2023-03-16 20:21:40,(2(0)-1678969300:587658),thrDistribute.DOTHRUSTER,9985,EventSeverity.ACTIVITY_LO,DO Thruster
2023-03-16 20:21:40,(2(0)-1678969300:587707),thrDistribute.THRUSTER,9984,EventSeverity.ACTIVITY_LO,Thruster 172 jet
2023-03-16 20:21:40,(2(0)-1678969300:587716),thrDistribute.THRUSTER,9984,EventSeverity.ACTIVITY_LO,Thruster 3 jet
2023-03-16 20:21:40,(2(0)-1678969300:587719),thrDistribute.THRUSTER,9984,EventSeverity.ACTIVITY_LO,Thruster 4 jet
2023-03-16 20:21:41,(2(0)-1678969301:569118),protectFromSunlight.PROCESS_OUT_DATA,21248,EventSeverity.ACTIVITY_LO,Protect from Sunlight
2023-03-16 20:21:41,(2(0)-1678969301:616740),thrDistribute.DOTHRUSTER,9985,EventSeverity.ACTIVITY_LO,DO Thruster
2023-03-16 20:21:41,(2(0)-1678969301:616804),thrDistribute.THRUSTER,9984,EventSeverity.ACTIVITY_LO,Thruster 172 jet
2023-03-16 20:21:41,(2(0)-1678969301:616815),thrDistribute.THRUSTER,9984,EventSeverity.ACTIVITY_LO,Thruster 3 jet
2023-03-16 20:21:41,(2(0)-1678969301:616875),thrDistribute.THRUSTER,9984,EventSeverity.ACTIVITY_LO,Thruster 4 jet
2023-03-16 20:21:42,(2(0)-1678969302:600740),protectFromSunlight.PROCESS_OUT_DATA,21248,EventSeverity.ACTIVITY_LO,Protect from Sunlight
2023-03-16 20:21:42,(2(0)-1678969302:645097),thrDistribute.DOTHRUSTER,9985,EventSeverity.ACTIVITY_LO,DO Thruster
2023-03-16 20:21:42,(2(0)-1678969302:645174),thrDistribute.THRUSTER,9984,EventSeverity.ACTIVITY_LO,Thruster 172 jet
2023-03-16 20:21:42,(2(0)-1678969302:645181),thrDistribute.THRUSTER,9984,EventSeverity.ACTIVITY_LO,Thruster 3 jet
2023-03-16 20:21:42,(2(0)-1678969302:645185),thrDistribute.THRUSTER,9984,EventSeverity.ACTIVITY_LO,Thruster 4 jet
2023-03-16 20:21:43,(2(0)-1678969303:643800),protectFromSunlight.PROCESS_OUT_DATA,21248,EventSeverity.ACTIVITY_LO,Protect from Sunlight
2023-03-16 20:21:43,(2(0)-1678969303:672410),thrDistribute.DOTHRUSTER,9985,EventSeverity.ACTIVITY_LO,DO Thruster
2023-03-16 20:21:43,(2(0)-1678969303:672474),thrDistribute.THRUSTER,9984,EventSeverity.ACTIVITY_LO,Thruster 172 jet
2023-03-16 20:21:43,(2(0)-1678969303:672483),thrDistribute.THRUSTER,9984,EventSeverity.ACTIVITY_LO,Thruster 3 jet
2023-03-16 20:21:43,(2(0)-1678969303:672486),thrDistribute.THRUSTER,9984,EventSeverity.ACTIVITY_LO,Thruster 4 jet
2023-03-16 20:21:44,(2(0)-1678969304:693303),protectFromSunlight.PROCESS_OUT_DATA,21248,EventSeverity.ACTIVITY_LO,Protect from Sunlight
2023-03-16 20:21:44,(2(0)-1678969304:701545),thrDistribute.DOTHRUSTER,9985,EventSeverity.ACTIVITY_LO,DO Thruster
2023-03-16 20:21:44,(2(0)-1678969304:701606),thrDistribute.THRUSTER,9984,EventSeverity.ACTIVITY_LO,Thruster 172 jet
2023-03-16 20:21:44,(2(0)-1678969304:701615),thrDistribute.THRUSTER,9984,EventSeverity.ACTIVITY_LO,Thruster 3 jet
2023-03-16 20:21:44,(2(0)-1678969304:701618),thrDistribute.THRUSTER,9984,EventSeverity.ACTIVITY_LO,Thruster 4 jet
2023-03-16 20:21:45,(2(0)-1678969305:727562),protectFromSunlight.PROCESS_OUT_DATA,21248,EventSeverity.ACTIVITY_LO,Protect from Sunlight
2023-03-16 20:21:45,(2(0)-1678969305:730689),thrDistribute.DOTHRUSTER,9985,EventSeverity.ACTIVITY_LO,DO Thruster
2023-03-16 20:21:45,(2(0)-1678969305:730808),thrDistribute.THRUSTER,9984,EventSeverity.ACTIVITY_LO,Thruster 172 jet
2023-03-16 20:21:45,(2(0)-1678969305:730843),thrDistribute.THRUSTER,9984,EventSeverity.ACTIVITY_LO,Thruster 3 jet
2023-03-16 20:21:45,(2(0)-1678969305:730873),thrDistribute.THRUSTER,9984,EventSeverity.ACTIVITY_LO,Thruster 4 jet
2023-03-16 20:21:46,(2(0)-1678969306:749793),protectFromSunlight.PROCESS_OUT_DATA,21248,EventSeverity.ACTIVITY_LO,Protect from Sunlight
2023-03-16 20:21:47,(2(0)-1678969307:773129),protectFromSunlight.PROCESS_OUT_DATA,21248,EventSeverity.ACTIVITY_LO,Protect from Sunlight
2023-03-16 20:21:47,(2(0)-1678969307:786711),thrDistribute.DOTHRUSTER,9985,EventSeverity.ACTIVITY_LO,DO Thruster
2023-03-16 20:21:47,(2(0)-1678969307:786774),thrDistribute.THRUSTER,9984,EventSeverity.ACTIVITY_LO,Thruster 172 jet
2023-03-16 20:21:47,(2(0)-1678969307:786782),thrDistribute.THRUSTER,9984,EventSeverity.ACTIVITY_LO,Thruster 3 jet
2023-03-16 20:21:47,(2(0)-1678969307:786786),thrDistribute.THRUSTER,9984,EventSeverity.ACTIVITY_LO,Thruster 4 jet
2023-03-16 20:21:48,(2(0)-1678969308:803215),protectFromSunlight.PROCESS_OUT_DATA,21248,EventSeverity.ACTIVITY_LO,Protect from Sunlight
2023-03-16 20:21:48,(2(0)-1678969308:816421),thrDistribute.DOTHRUSTER,9985,EventSeverity.ACTIVITY_LO,DO Thruster
2023-03-16 20:21:48,(2(0)-1678969308:816481),thrDistribute.THRUSTER,9984,EventSeverity.ACTIVITY_LO,Thruster 172 jet
2023-03-16 20:21:48,(2(0)-1678969308:816490),thrDistribute.THRUSTER,9984,EventSeverity.ACTIVITY_LO,Thruster 3 jet
2023-03-16 20:21:48,(2(0)-1678969308:816494),thrDistribute.THRUSTER,9984,EventSeverity.ACTIVITY_LO,Thruster 4 jet
2023-03-16 20:21:49,(2(0)-1678969309:827398),protectFromSunlight.PROCESS_OUT_DATA,21248,EventSeverity.ACTIVITY_LO,Protect from Sunlight
2023-03-16 20:21:50,(2(0)-1678969310:856794),protectFromSunlight.PROCESS_OUT_DATA,21248,EventSeverity.ACTIVITY_LO,Protect from Sunlight
2023-03-16 20:21:50,(2(0)-1678969310:872084),thrDistribute.DOTHRUSTER,9985,EventSeverity.ACTIVITY_LO,DO Thruster
2023-03-16 20:21:50,(2(0)-1678969310:872143),thrDistribute.THRUSTER,9984,EventSeverity.ACTIVITY_LO,Thruster 172 jet
2023-03-16 20:21:50,(2(0)-1678969310:872149),thrDistribute.THRUSTER,9984,EventSeverity.ACTIVITY_LO,Thruster 3 jet
2023-03-16 20:21:50,(2(0)-1678969310:872153),thrDistribute.THRUSTER,9984,EventSeverity.ACTIVITY_LO,Thruster 4 jet
2023-03-16 20:21:51,(2(0)-1678969311:903359),protectFromSunlight.PROCESS_OUT_DATA,21248,EventSeverity.ACTIVITY_LO,Protect from Sunlight
2023-03-16 20:21:52,(2(0)-1678969312:28119),thrDistribute.DOTHRUSTER,9985,EventSeverity.ACTIVITY_LO,DO Thruster
2023-03-16 20:21:52,(2(0)-1678969312:28176),thrDistribute.THRUSTER,9984,EventSeverity.ACTIVITY_LO,Thruster 172 jet
2023-03-16 20:21:52,(2(0)-1678969312:28182),thrDistribute.THRUSTER,9984,EventSeverity.ACTIVITY_LO,Thruster 3 jet
2023-03-16 20:21:52,(2(0)-1678969312:28185),thrDistribute.THRUSTER,9984,EventSeverity.ACTIVITY_LO,Thruster 4 jet
2023-03-16 20:21:52,(2(0)-1678969312:953645),protectFromSunlight.PROCESS_OUT_DATA,21248,EventSeverity.ACTIVITY_LO,Protect from Sunlight
2023-03-16 20:21:53,(2(0)-1678969313:57001),thrDistribute.DOTHRUSTER,9985,EventSeverity.ACTIVITY_LO,DO Thruster
2023-03-16 20:21:53,(2(0)-1678969313:57096),thrDistribute.THRUSTER,9984,EventSeverity.ACTIVITY_LO,Thruster 172 jet
2023-03-16 20:21:53,(2(0)-1678969313:57109),thrDistribute.THRUSTER,9984,EventSeverity.ACTIVITY_LO,Thruster 3 jet
2023-03-16 20:21:53,(2(0)-1678969313:57115),thrDistribute.THRUSTER,9984,EventSeverity.ACTIVITY_LO,Thruster 4 jet
2023-03-16 20:21:53,(2(0)-1678969313:984076),protectFromSunlight.PROCESS_OUT_DATA,21248,EventSeverity.ACTIVITY_LO,Protect from Sunlight
2023-03-16 20:21:55,(2(0)-1678969315:728),protectFromSunlight.PROCESS_OUT_DATA,21248,EventSeverity.ACTIVITY_LO,Protect from Sunlight
2023-03-16 20:21:55,(2(0)-1678969315:113533),thrDistribute.DOTHRUSTER,9985,EventSeverity.ACTIVITY_LO,DO Thruster
2023-03-16 20:21:55,(2(0)-1678969315:113602),thrDistribute.THRUSTER,9984,EventSeverity.ACTIVITY_LO,Thruster 172 jet
2023-03-16 20:21:55,(2(0)-1678969315:113611),thrDistribute.THRUSTER,9984,EventSeverity.ACTIVITY_LO,Thruster 3 jet
2023-03-16 20:21:55,(2(0)-1678969315:113617),thrDistribute.THRUSTER,9984,EventSeverity.ACTIVITY_LO,Thruster 4 jet
2023-03-16 20:21:56,(2(0)-1678969316:31684),protectFromSunlight.PROCESS_OUT_DATA,21248,EventSeverity.ACTIVITY_LO,Protect from Sunlight
2023-03-16 20:21:56,(2(0)-1678969316:141887),thrDistribute.DOTHRUSTER,9985,EventSeverity.ACTIVITY_LO,DO Thruster
2023-03-16 20:21:56,(2(0)-1678969316:141989),thrDistribute.THRUSTER,9984,EventSeverity.ACTIVITY_LO,Thruster 172 jet
2023-03-16 20:21:56,(2(0)-1678969316:142010),thrDistribute.THRUSTER,9984,EventSeverity.ACTIVITY_LO,Thruster 3 jet
2023-03-16 20:21:56,(2(0)-1678969316:142029),thrDistribute.THRUSTER,9984,EventSeverity.ACTIVITY_LO,Thruster 4 jet
2023-03-16 20:21:57,(2(0)-1678969317:54168),protectFromSunlight.PROCESS_OUT_DATA,21248,EventSeverity.ACTIVITY_LO,Protect from Sunlight
2023-03-16 20:21:58,(2(0)-1678969318:89141),protectFromSunlight.PROCESS_OUT_DATA,21248,EventSeverity.ACTIVITY_LO,Protect from Sunlight
2023-03-16 20:21:58,(2(0)-1678969318:199954),thrDistribute.DOTHRUSTER,9985,EventSeverity.ACTIVITY_LO,DO Thruster
2023-03-16 20:21:58,(2(0)-1678969318:200009),thrDistribute.THRUSTER,9984,EventSeverity.ACTIVITY_LO,Thruster 172 jet
2023-03-16 20:21:58,(2(0)-1678969318:200019),thrDistribute.THRUSTER,9984,EventSeverity.ACTIVITY_LO,Thruster 3 jet
2023-03-16 20:21:58,(2(0)-1678969318:200025),thrDistribute.THRUSTER,9984,EventSeverity.ACTIVITY_LO,Thruster 4 jet
2023-03-16 20:21:59,(2(0)-1678969319:127508),protectFromSunlight.PROCESS_OUT_DATA,21248,EventSeverity.ACTIVITY_LO,Protect from Sunlight
2023-03-16 20:21:59,(2(0)-1678969319:228088),thrDistribute.DOTHRUSTER,9985,EventSeverity.ACTIVITY_LO,DO Thruster
2023-03-16 20:21:59,(2(0)-1678969319:228236),thrDistribute.THRUSTER,9984,EventSeverity.ACTIVITY_LO,Thruster 172 jet
2023-03-16 20:21:59,(2(0)-1678969319:228270),thrDistribute.THRUSTER,9984,EventSeverity.ACTIVITY_LO,Thruster 3 jet
2023-03-16 20:21:59,(2(0)-1678969319:228296),thrDistribute.THRUSTER,9984,EventSeverity.ACTIVITY_LO,Thruster 4 jet
2023-03-16 20:22:00,(2(0)-1678969320:156185),protectFromSunlight.PROCESS_OUT_DATA,21248,EventSeverity.ACTIVITY_LO,Protect from Sunlight
2023-03-16 20:22:00,(2(0)-1678969320:256969),thrDistribute.DOTHRUSTER,9985,EventSeverity.ACTIVITY_LO,DO Thruster
2023-03-16 20:22:00,(2(0)-1678969320:257123),thrDistribute.THRUSTER,9984,EventSeverity.ACTIVITY_LO,Thruster 172 jet
2023-03-16 20:22:00,(2(0)-1678969320:257142),thrDistribute.THRUSTER,9984,EventSeverity.ACTIVITY_LO,Thruster 3 jet
2023-03-16 20:22:00,(2(0)-1678969320:257151),thrDistribute.THRUSTER,9984,EventSeverity.ACTIVITY_LO,Thruster 4 jet
2023-03-16 20:22:01,(2(0)-1678969321:180891),protectFromSunlight.PROCESS_OUT_DATA,21248,EventSeverity.ACTIVITY_LO,Protect from Sunlight
2023-03-16 20:22:01,(2(0)-1678969321:284565),thrDistribute.DOTHRUSTER,9985,EventSeverity.ACTIVITY_LO,DO Thruster
2023-03-16 20:22:01,(2(0)-1678969321:284620),thrDistribute.THRUSTER,9984,EventSeverity.ACTIVITY_LO,Thruster 172 jet
2023-03-16 20:22:01,(2(0)-1678969321:284627),thrDistribute.THRUSTER,9984,EventSeverity.ACTIVITY_LO,Thruster 3 jet
2023-03-16 20:22:01,(2(0)-1678969321:284630),thrDistribute.THRUSTER,9984,EventSeverity.ACTIVITY_LO,Thruster 4 jet
2023-03-16 20:22:02,(2(0)-1678969322:231781),protectFromSunlight.PROCESS_OUT_DATA,21248,EventSeverity.ACTIVITY_LO,Protect from Sunlight
2023-03-16 20:22:02,(2(0)-1678969322:313781),thrDistribute.DOTHRUSTER,9985,EventSeverity.ACTIVITY_LO,DO Thruster
2023-03-16 20:22:02,(2(0)-1678969322:313850),thrDistribute.THRUSTER,9984,EventSeverity.ACTIVITY_LO,Thruster 172 jet
2023-03-16 20:22:02,(2(0)-1678969322:313860),thrDistribute.THRUSTER,9984,EventSeverity.ACTIVITY_LO,Thruster 3 jet
2023-03-16 20:22:02,(2(0)-1678969322:313866),thrDistribute.THRUSTER,9984,EventSeverity.ACTIVITY_LO,Thruster 4 jet
2023-03-16 20:22:03,(2(0)-1678969323:252870),protectFromSunlight.PROCESS_OUT_DATA,21248,EventSeverity.ACTIVITY_LO,Protect from Sunlight
2023-03-16 20:22:03,(2(0)-1678969323:341301),thrDistribute.DOTHRUSTER,9985,EventSeverity.ACTIVITY_LO,DO Thruster
2023-03-16 20:22:03,(2(0)-1678969323:341398),thrDistribute.THRUSTER,9984,EventSeverity.ACTIVITY_LO,Thruster 172 jet
2023-03-16 20:22:03,(2(0)-1678969323:341411),thrDistribute.THRUSTER,9984,EventSeverity.ACTIVITY_LO,Thruster 3 jet
2023-03-16 20:22:03,(2(0)-1678969323:341417),thrDistribute.THRUSTER,9984,EventSeverity.ACTIVITY_LO,Thruster 4 jet
2023-03-16 20:22:04,(2(0)-1678969324:272117),protectFromSunlight.PROCESS_OUT_DATA,21248,EventSeverity.ACTIVITY_LO,Protect from Sunlight
2023-03-16 20:22:05,(2(0)-1678969325:314819),protectFromSunlight.PROCESS_OUT_DATA,21248,EventSeverity.ACTIVITY_LO,Protect from Sunlight
2023-03-16 20:22:05,(2(0)-1678969325:397049),thrDistribute.DOTHRUSTER,9985,EventSeverity.ACTIVITY_LO,DO Thruster
2023-03-16 20:22:05,(2(0)-1678969325:397216),thrDistribute.THRUSTER,9984,EventSeverity.ACTIVITY_LO,Thruster 172 jet
2023-03-16 20:22:05,(2(0)-1678969325:397256),thrDistribute.THRUSTER,9984,EventSeverity.ACTIVITY_LO,Thruster 3 jet
2023-03-16 20:22:05,(2(0)-1678969325:397264),thrDistribute.THRUSTER,9984,EventSeverity.ACTIVITY_LO,Thruster 4 jet
2023-03-16 20:22:06,(2(0)-1678969326:342829),protectFromSunlight.PROCESS_OUT_DATA,21248,EventSeverity.ACTIVITY_LO,Protect from Sunlight
2023-03-16 20:22:06,(2(0)-1678969326:425190),thrDistribute.DOTHRUSTER,9985,EventSeverity.ACTIVITY_LO,DO Thruster
2023-03-16 20:22:06,(2(0)-1678969326:425268),thrDistribute.THRUSTER,9984,EventSeverity.ACTIVITY_LO,Thruster 172 jet
2023-03-16 20:22:06,(2(0)-1678969326:425280),thrDistribute.THRUSTER,9984,EventSeverity.ACTIVITY_LO,Thruster 3 jet
2023-03-16 20:22:06,(2(0)-1678969326:425286),thrDistribute.THRUSTER,9984,EventSeverity.ACTIVITY_LO,Thruster 4 jet
2023-03-16 20:22:07,(2(0)-1678969327:369655),protectFromSunlight.PROCESS_OUT_DATA,21248,EventSeverity.ACTIVITY_LO,Protect from Sunlight
2023-03-16 20:22:07,(2(0)-1678969327:454066),thrDistribute.DOTHRUSTER,9985,EventSeverity.ACTIVITY_LO,DO Thruster
2023-03-16 20:22:07,(2(0)-1678969327:454257),thrDistribute.THRUSTER,9984,EventSeverity.ACTIVITY_LO,Thruster 172 jet
2023-03-16 20:22:07,(2(0)-1678969327:454285),thrDistribute.THRUSTER,9984,EventSeverity.ACTIVITY_LO,Thruster 3 jet
2023-03-16 20:22:07,(2(0)-1678969327:454298),thrDistribute.THRUSTER,9984,EventSeverity.ACTIVITY_LO,Thruster 4 jet
2023-03-16 20:22:08,(2(0)-1678969328:388417),protectFromSunlight.PROCESS_OUT_DATA,21248,EventSeverity.ACTIVITY_LO,Protect from Sunlight
2023-03-16 20:22:08,(2(0)-1678969328:482859),thrDistribute.DOTHRUSTER,9985,EventSeverity.ACTIVITY_LO,DO Thruster
2023-03-16 20:22:08,(2(0)-1678969328:482959),thrDistribute.THRUSTER,9984,EventSeverity.ACTIVITY_LO,Thruster 172 jet
2023-03-16 20:22:08,(2(0)-1678969328:483040),thrDistribute.THRUSTER,9984,EventSeverity.ACTIVITY_LO,Thruster 3 jet
2023-03-16 20:22:08,(2(0)-1678969328:483111),thrDistribute.THRUSTER,9984,EventSeverity.ACTIVITY_LO,Thruster 4 jet
2023-03-16 20:22:09,(2(0)-1678969329:411516),protectFromSunlight.PROCESS_OUT_DATA,21248,EventSeverity.ACTIVITY_LO,Protect from Sunlight
2023-03-16 20:22:09,(2(0)-1678969329:510867),thrDistribute.DOTHRUSTER,9985,EventSeverity.ACTIVITY_LO,DO Thruster
2023-03-16 20:22:09,(2(0)-1678969329:510917),thrDistribute.THRUSTER,9984,EventSeverity.ACTIVITY_LO,Thruster 172 jet
2023-03-16 20:22:09,(2(0)-1678969329:510926),thrDistribute.THRUSTER,9984,EventSeverity.ACTIVITY_LO,Thruster 3 jet
2023-03-16 20:22:09,(2(0)-1678969329:510930),thrDistribute.THRUSTER,9984,EventSeverity.ACTIVITY_LO,Thruster 4 jet
2023-03-16 20:22:10,(2(0)-1678969330:434814),protectFromSunlight.PROCESS_OUT_DATA,21248,EventSeverity.ACTIVITY_LO,Protect from Sunlight
2023-03-16 20:22:10,(2(0)-1678969330:539469),thrDistribute.DOTHRUSTER,9985,EventSeverity.ACTIVITY_LO,DO Thruster
2023-03-16 20:22:10,(2(0)-1678969330:539558),thrDistribute.THRUSTER,9984,EventSeverity.ACTIVITY_LO,Thruster 172 jet
2023-03-16 20:22:10,(2(0)-1678969330:539569),thrDistribute.THRUSTER,9984,EventSeverity.ACTIVITY_LO,Thruster 3 jet
2023-03-16 20:22:10,(2(0)-1678969330:539573),thrDistribute.THRUSTER,9984,EventSeverity.ACTIVITY_LO,Thruster 4 jet
2023-03-16 20:22:11,(2(0)-1678969331:478332),protectFromSunlight.PROCESS_OUT_DATA,21248,EventSeverity.ACTIVITY_LO,Protect from Sunlight
2023-03-16 20:22:11,(2(0)-1678969331:567670),thrDistribute.DOTHRUSTER,9985,EventSeverity.ACTIVITY_LO,DO Thruster
2023-03-16 20:22:11,(2(0)-1678969331:567878),thrDistribute.THRUSTER,9984,EventSeverity.ACTIVITY_LO,Thruster 172 jet
2023-03-16 20:22:11,(2(0)-1678969331:567901),thrDistribute.THRUSTER,9984,EventSeverity.ACTIVITY_LO,Thruster 3 jet
2023-03-16 20:22:11,(2(0)-1678969331:567952),thrDistribute.THRUSTER,9984,EventSeverity.ACTIVITY_LO,Thruster 4 jet
2023-03-16 20:22:12,(2(0)-1678969332:502227),protectFromSunlight.PROCESS_OUT_DATA,21248,EventSeverity.ACTIVITY_LO,Protect from Sunlight
2023-03-16 20:22:12,(2(0)-1678969332:595453),thrDistribute.DOTHRUSTER,9985,EventSeverity.ACTIVITY_LO,DO Thruster
2023-03-16 20:22:12,(2(0)-1678969332:595657),thrDistribute.THRUSTER,9984,EventSeverity.ACTIVITY_LO,Thruster 172 jet
2023-03-16 20:22:12,(2(0)-1678969332:595688),thrDistribute.THRUSTER,9984,EventSeverity.ACTIVITY_LO,Thruster 3 jet
2023-03-16 20:22:12,(2(0)-1678969332:595703),thrDistribute.THRUSTER,9984,EventSeverity.ACTIVITY_LO,Thruster 4 jet
2023-03-16 20:22:13,(2(0)-1678969333:525586),protectFromSunlight.PROCESS_OUT_DATA,21248,EventSeverity.ACTIVITY_LO,Protect from Sunlight
2023-03-16 20:22:13,(2(0)-1678969333:625359),thrDistribute.DOTHRUSTER,9985,EventSeverity.ACTIVITY_LO,DO Thruster
2023-03-16 20:22:13,(2(0)-1678969333:625475),thrDistribute.THRUSTER,9984,EventSeverity.ACTIVITY_LO,Thruster 172 jet
2023-03-16 20:22:13,(2(0)-1678969333:625496),thrDistribute.THRUSTER,9984,EventSeverity.ACTIVITY_LO,Thruster 3 jet
2023-03-16 20:22:13,(2(0)-1678969333:625504),thrDistribute.THRUSTER,9984,EventSeverity.ACTIVITY_LO,Thruster 4 jet
2023-03-16 20:22:14,(2(0)-1678969334:551287),protectFromSunlight.PROCESS_OUT_DATA,21248,EventSeverity.ACTIVITY_LO,Protect from Sunlight
2023-03-16 20:22:14,(2(0)-1678969334:655504),thrDistribute.DOTHRUSTER,9985,EventSeverity.ACTIVITY_LO,DO Thruster
2023-03-16 20:22:14,(2(0)-1678969334:655690),thrDistribute.THRUSTER,9984,EventSeverity.ACTIVITY_LO,Thruster 172 jet
2023-03-16 20:22:14,(2(0)-1678969334:655765),thrDistribute.THRUSTER,9984,EventSeverity.ACTIVITY_LO,Thruster 3 jet
2023-03-16 20:22:14,(2(0)-1678969334:655824),thrDistribute.THRUSTER,9984,EventSeverity.ACTIVITY_LO,Thruster 4 jet
2023-03-16 20:22:15,(2(0)-1678969335:573360),protectFromSunlight.PROCESS_OUT_DATA,21248,EventSeverity.ACTIVITY_LO,Protect from Sunlight
2023-03-16 20:22:16,(2(0)-1678969336:592298),protectFromSunlight.PROCESS_OUT_DATA,21248,EventSeverity.ACTIVITY_LO,Protect from Sunlight
2023-03-16 20:22:16,(2(0)-1678969336:713680),thrDistribute.DOTHRUSTER,9985,EventSeverity.ACTIVITY_LO,DO Thruster
2023-03-16 20:22:16,(2(0)-1678969336:713820),thrDistribute.THRUSTER,9984,EventSeverity.ACTIVITY_LO,Thruster 172 jet
2023-03-16 20:22:16,(2(0)-1678969336:713841),thrDistribute.THRUSTER,9984,EventSeverity.ACTIVITY_LO,Thruster 3 jet
2023-03-16 20:22:16,(2(0)-1678969336:713851),thrDistribute.THRUSTER,9984,EventSeverity.ACTIVITY_LO,Thruster 4 jet
2023-03-16 20:22:17,(2(0)-1678969337:636380),protectFromSunlight.PROCESS_OUT_DATA,21248,EventSeverity.ACTIVITY_LO,Protect from Sunlight
2023-03-16 20:22:17,(2(0)-1678969337:742517),thrDistribute.DOTHRUSTER,9985,EventSeverity.ACTIVITY_LO,DO Thruster
2023-03-16 20:22:17,(2(0)-1678969337:742694),thrDistribute.THRUSTER,9984,EventSeverity.ACTIVITY_LO,Thruster 172 jet
2023-03-16 20:22:17,(2(0)-1678969337:742721),thrDistribute.THRUSTER,9984,EventSeverity.ACTIVITY_LO,Thruster 3 jet
2023-03-16 20:22:17,(2(0)-1678969337:742733),thrDistribute.THRUSTER,9984,EventSeverity.ACTIVITY_LO,Thruster 4 jet
2023-03-16 20:22:18,(2(0)-1678969338:682689),protectFromSunlight.PROCESS_OUT_DATA,21248,EventSeverity.ACTIVITY_LO,Protect from Sunlight
2023-03-16 20:22:18,(2(0)-1678969338:770675),thrDistribute.DOTHRUSTER,9985,EventSeverity.ACTIVITY_LO,DO Thruster
2023-03-16 20:22:18,(2(0)-1678969338:770761),thrDistribute.THRUSTER,9984,EventSeverity.ACTIVITY_LO,Thruster 172 jet
2023-03-16 20:22:18,(2(0)-1678969338:770774),thrDistribute.THRUSTER,9984,EventSeverity.ACTIVITY_LO,Thruster 3 jet
2023-03-16 20:22:18,(2(0)-1678969338:770780),thrDistribute.THRUSTER,9984,EventSeverity.ACTIVITY_LO,Thruster 4 jet
2023-03-16 20:22:19,(2(0)-1678969339:727861),protectFromSunlight.PROCESS_OUT_DATA,21248,EventSeverity.ACTIVITY_LO,Protect from Sunlight
2023-03-16 20:22:19,(2(0)-1678969339:798019),thrDistribute.DOTHRUSTER,9985,EventSeverity.ACTIVITY_LO,DO Thruster
2023-03-16 20:22:19,(2(0)-1678969339:798080),thrDistribute.THRUSTER,9984,EventSeverity.ACTIVITY_LO,Thruster 172 jet
2023-03-16 20:22:19,(2(0)-1678969339:798089),thrDistribute.THRUSTER,9984,EventSeverity.ACTIVITY_LO,Thruster 3 jet
2023-03-16 20:22:19,(2(0)-1678969339:798093),thrDistribute.THRUSTER,9984,EventSeverity.ACTIVITY_LO,Thruster 4 jet
2023-03-16 20:22:20,(2(0)-1678969340:751159),protectFromSunlight.PROCESS_OUT_DATA,21248,EventSeverity.ACTIVITY_LO,Protect from Sunlight
2023-03-16 20:22:20,(2(0)-1678969340:828156),thrDistribute.DOTHRUSTER,9985,EventSeverity.ACTIVITY_LO,DO Thruster
2023-03-16 20:22:20,(2(0)-1678969340:828229),thrDistribute.THRUSTER,9984,EventSeverity.ACTIVITY_LO,Thruster 172 jet
2023-03-16 20:22:20,(2(0)-1678969340:828240),thrDistribute.THRUSTER,9984,EventSeverity.ACTIVITY_LO,Thruster 3 jet
2023-03-16 20:22:20,(2(0)-1678969340:828244),thrDistribute.THRUSTER,9984,EventSeverity.ACTIVITY_LO,Thruster 4 jet
2023-03-16 20:22:21,(2(0)-1678969341:769984),protectFromSunlight.PROCESS_OUT_DATA,21248,EventSeverity.ACTIVITY_LO,Protect from Sunlight
2023-03-16 20:22:21,(2(0)-1678969341:857129),thrDistribute.DOTHRUSTER,9985,EventSeverity.ACTIVITY_LO,DO Thruster
2023-03-16 20:22:21,(2(0)-1678969341:857383),thrDistribute.THRUSTER,9984,EventSeverity.ACTIVITY_LO,Thruster 172 jet
2023-03-16 20:22:21,(2(0)-1678969341:857411),thrDistribute.THRUSTER,9984,EventSeverity.ACTIVITY_LO,Thruster 3 jet
2023-03-16 20:22:21,(2(0)-1678969341:857452),thrDistribute.THRUSTER,9984,EventSeverity.ACTIVITY_LO,Thruster 4 jet
2023-03-16 20:22:22,(2(0)-1678969342:793071),protectFromSunlight.PROCESS_OUT_DATA,21248,EventSeverity.ACTIVITY_LO,Protect from Sunlight
2023-03-16 20:22:23,(2(0)-1678969343:838510),protectFromSunlight.PROCESS_OUT_DATA,21248,EventSeverity.ACTIVITY_LO,Protect from Sunlight
2023-03-16 20:22:23,(2(0)-1678969343:914372),thrDistribute.DOTHRUSTER,9985,EventSeverity.ACTIVITY_LO,DO Thruster
2023-03-16 20:22:23,(2(0)-1678969343:914474),thrDistribute.THRUSTER,9984,EventSeverity.ACTIVITY_LO,Thruster 172 jet
2023-03-16 20:22:23,(2(0)-1678969343:914489),thrDistribute.THRUSTER,9984,EventSeverity.ACTIVITY_LO,Thruster 3 jet
2023-03-16 20:22:23,(2(0)-1678969343:914497),thrDistribute.THRUSTER,9984,EventSeverity.ACTIVITY_LO,Thruster 4 jet
2023-03-16 20:22:24,(2(0)-1678969344:862261),protectFromSunlight.PROCESS_OUT_DATA,21248,EventSeverity.ACTIVITY_LO,Protect from Sunlight
2023-03-16 20:22:24,(2(0)-1678969344:943379),thrDistribute.DOTHRUSTER,9985,EventSeverity.ACTIVITY_LO,DO Thruster
2023-03-16 20:22:24,(2(0)-1678969344:943474),thrDistribute.THRUSTER,9984,EventSeverity.ACTIVITY_LO,Thruster 172 jet
2023-03-16 20:22:24,(2(0)-1678969344:943488),thrDistribute.THRUSTER,9984,EventSeverity.ACTIVITY_LO,Thruster 3 jet
2023-03-16 20:22:24,(2(0)-1678969344:943495),thrDistribute.THRUSTER,9984,EventSeverity.ACTIVITY_LO,Thruster 4 jet
2023-03-16 20:22:25,(2(0)-1678969345:892521),protectFromSunlight.PROCESS_OUT_DATA,21248,EventSeverity.ACTIVITY_LO,Protect from Sunlight
2023-03-16 20:22:26,(2(0)-1678969346:916582),protectFromSunlight.PROCESS_OUT_DATA,21248,EventSeverity.ACTIVITY_LO,Protect from Sunlight
2023-03-16 20:22:26,(2(0)-1678969346:999869),thrDistribute.DOTHRUSTER,9985,EventSeverity.ACTIVITY_LO,DO Thruster
2023-03-16 20:22:26,(2(0)-1678969346:999961),thrDistribute.THRUSTER,9984,EventSeverity.ACTIVITY_LO,Thruster 172 jet
2023-03-16 20:22:26,(2(0)-1678969346:999974),thrDistribute.THRUSTER,9984,EventSeverity.ACTIVITY_LO,Thruster 3 jet
2023-03-16 20:22:26,(2(0)-1678969346:999980),thrDistribute.THRUSTER,9984,EventSeverity.ACTIVITY_LO,Thruster 4 jet
2023-03-16 20:22:27,(2(0)-1678969347:933646),protectFromSunlight.PROCESS_OUT_DATA,21248,EventSeverity.ACTIVITY_LO,Protect from Sunlight
2023-03-16 20:22:28,(2(0)-1678969348:27976),thrDistribute.DOTHRUSTER,9985,EventSeverity.ACTIVITY_LO,DO Thruster
2023-03-16 20:22:28,(2(0)-1678969348:28070),thrDistribute.THRUSTER,9984,EventSeverity.ACTIVITY_LO,Thruster 172 jet
2023-03-16 20:22:28,(2(0)-1678969348:28084),thrDistribute.THRUSTER,9984,EventSeverity.ACTIVITY_LO,Thruster 3 jet
2023-03-16 20:22:28,(2(0)-1678969348:28103),thrDistribute.THRUSTER,9984,EventSeverity.ACTIVITY_LO,Thruster 4 jet
2023-03-16 20:22:28,(2(0)-1678969348:979934),protectFromSunlight.PROCESS_OUT_DATA,21248,EventSeverity.ACTIVITY_LO,Protect from Sunlight
2023-03-16 20:22:29,(2(0)-1678969349:56247),thrDistribute.DOTHRUSTER,9985,EventSeverity.ACTIVITY_LO,DO Thruster
2023-03-16 20:22:29,(2(0)-1678969349:56327),thrDistribute.THRUSTER,9984,EventSeverity.ACTIVITY_LO,Thruster 172 jet
2023-03-16 20:22:29,(2(0)-1678969349:56338),thrDistribute.THRUSTER,9984,EventSeverity.ACTIVITY_LO,Thruster 3 jet
2023-03-16 20:22:29,(2(0)-1678969349:56343),thrDistribute.THRUSTER,9984,EventSeverity.ACTIVITY_LO,Thruster 4 jet
2023-03-16 20:22:30,(2(0)-1678969350:15893),protectFromSunlight.PROCESS_OUT_DATA,21248,EventSeverity.ACTIVITY_LO,Protect from Sunlight
2023-03-16 20:22:30,(2(0)-1678969350:84383),thrDistribute.DOTHRUSTER,9985,EventSeverity.ACTIVITY_LO,DO Thruster
2023-03-16 20:22:30,(2(0)-1678969350:84462),thrDistribute.THRUSTER,9984,EventSeverity.ACTIVITY_LO,Thruster 172 jet
2023-03-16 20:22:30,(2(0)-1678969350:84498),thrDistribute.THRUSTER,9984,EventSeverity.ACTIVITY_LO,Thruster 3 jet
2023-03-16 20:22:30,(2(0)-1678969350:84502),thrDistribute.THRUSTER,9984,EventSeverity.ACTIVITY_LO,Thruster 4 jet
2023-03-16 20:22:31,(2(0)-1678969351:58131),protectFromSunlight.PROCESS_OUT_DATA,21248,EventSeverity.ACTIVITY_LO,Protect from Sunlight
2023-03-16 20:22:31,(2(0)-1678969351:113297),thrDistribute.DOTHRUSTER,9985,EventSeverity.ACTIVITY_LO,DO Thruster
2023-03-16 20:22:31,(2(0)-1678969351:113342),thrDistribute.THRUSTER,9984,EventSeverity.ACTIVITY_LO,Thruster 172 jet
2023-03-16 20:22:31,(2(0)-1678969351:113348),thrDistribute.THRUSTER,9984,EventSeverity.ACTIVITY_LO,Thruster 3 jet
2023-03-16 20:22:31,(2(0)-1678969351:113351),thrDistribute.THRUSTER,9984,EventSeverity.ACTIVITY_LO,Thruster 4 jet
2023-03-16 20:22:32,(2(0)-1678969352:107249),protectFromSunlight.PROCESS_OUT_DATA,21248,EventSeverity.ACTIVITY_LO,Protect from Sunlight
2023-03-16 20:22:32,(2(0)-1678969352:141516),thrDistribute.DOTHRUSTER,9985,EventSeverity.ACTIVITY_LO,DO Thruster
2023-03-16 20:22:32,(2(0)-1678969352:141576),thrDistribute.THRUSTER,9984,EventSeverity.ACTIVITY_LO,Thruster 172 jet
2023-03-16 20:22:32,(2(0)-1678969352:141584),thrDistribute.THRUSTER,9984,EventSeverity.ACTIVITY_LO,Thruster 3 jet
2023-03-16 20:22:32,(2(0)-1678969352:141588),thrDistribute.THRUSTER,9984,EventSeverity.ACTIVITY_LO,Thruster 4 jet
2023-03-16 20:22:33,(2(0)-1678969353:151640),protectFromSunlight.PROCESS_OUT_DATA,21248,EventSeverity.ACTIVITY_LO,Protect from Sunlight
2023-03-16 20:22:34,(2(0)-1678969354:171652),protectFromSunlight.PROCESS_OUT_DATA,21248,EventSeverity.ACTIVITY_LO,Protect from Sunlight
2023-03-16 20:22:34,(2(0)-1678969354:201089),thrDistribute.DOTHRUSTER,9985,EventSeverity.ACTIVITY_LO,DO Thruster
2023-03-16 20:22:34,(2(0)-1678969354:201236),thrDistribute.THRUSTER,9984,EventSeverity.ACTIVITY_LO,Thruster 172 jet
2023-03-16 20:22:34,(2(0)-1678969354:201247),thrDistribute.THRUSTER,9984,EventSeverity.ACTIVITY_LO,Thruster 3 jet
2023-03-16 20:22:34,(2(0)-1678969354:201251),thrDistribute.THRUSTER,9984,EventSeverity.ACTIVITY_LO,Thruster 4 jet
2023-03-16 20:22:35,(2(0)-1678969355:190672),protectFromSunlight.PROCESS_OUT_DATA,21248,EventSeverity.ACTIVITY_LO,Protect from Sunlight
2023-03-16 20:22:35,(2(0)-1678969355:230239),thrDistribute.DOTHRUSTER,9985,EventSeverity.ACTIVITY_LO,DO Thruster
2023-03-16 20:22:35,(2(0)-1678969355:230302),thrDistribute.THRUSTER,9984,EventSeverity.ACTIVITY_LO,Thruster 172 jet
2023-03-16 20:22:35,(2(0)-1678969355:230338),thrDistribute.THRUSTER,9984,EventSeverity.ACTIVITY_LO,Thruster 3 jet
2023-03-16 20:22:35,(2(0)-1678969355:230342),thrDistribute.THRUSTER,9984,EventSeverity.ACTIVITY_LO,Thruster 4 jet
2023-03-16 20:22:36,(2(0)-1678969356:210648),protectFromSunlight.PROCESS_OUT_DATA,21248,EventSeverity.ACTIVITY_LO,Protect from Sunlight
2023-03-16 20:22:36,(2(0)-1678969356:260095),thrDistribute.DOTHRUSTER,9985,EventSeverity.ACTIVITY_LO,DO Thruster
2023-03-16 20:22:36,(2(0)-1678969356:260432),thrDistribute.THRUSTER,9984,EventSeverity.ACTIVITY_LO,Thruster 172 jet
2023-03-16 20:22:36,(2(0)-1678969356:260665),thrDistribute.THRUSTER,9984,EventSeverity.ACTIVITY_LO,Thruster 3 jet
2023-03-16 20:22:36,(2(0)-1678969356:260751),thrDistribute.THRUSTER,9984,EventSeverity.ACTIVITY_LO,Thruster 4 jet
2023-03-16 20:22:37,(2(0)-1678969357:230837),protectFromSunlight.PROCESS_OUT_DATA,21248,EventSeverity.ACTIVITY_LO,Protect from Sunlight
2023-03-16 20:22:37,(2(0)-1678969357:286968),thrDistribute.DOTHRUSTER,9985,EventSeverity.ACTIVITY_LO,DO Thruster
2023-03-16 20:22:37,(2(0)-1678969357:287029),thrDistribute.THRUSTER,9984,EventSeverity.ACTIVITY_LO,Thruster 172 jet
2023-03-16 20:22:37,(2(0)-1678969357:287038),thrDistribute.THRUSTER,9984,EventSeverity.ACTIVITY_LO,Thruster 3 jet
2023-03-16 20:22:37,(2(0)-1678969357:287042),thrDistribute.THRUSTER,9984,EventSeverity.ACTIVITY_LO,Thruster 4 jet
2023-03-16 20:22:38,(2(0)-1678969358:249524),protectFromSunlight.PROCESS_OUT_DATA,21248,EventSeverity.ACTIVITY_LO,Protect from Sunlight
2023-03-16 20:22:38,(2(0)-1678969358:315697),thrDistribute.DOTHRUSTER,9985,EventSeverity.ACTIVITY_LO,DO Thruster
2023-03-16 20:22:38,(2(0)-1678969358:315762),thrDistribute.THRUSTER,9984,EventSeverity.ACTIVITY_LO,Thruster 172 jet
2023-03-16 20:22:38,(2(0)-1678969358:315770),thrDistribute.THRUSTER,9984,EventSeverity.ACTIVITY_LO,Thruster 3 jet
2023-03-16 20:22:38,(2(0)-1678969358:315775),thrDistribute.THRUSTER,9984,EventSeverity.ACTIVITY_LO,Thruster 4 jet
2023-03-16 20:22:39,(2(0)-1678969359:268177),protectFromSunlight.PROCESS_OUT_DATA,21248,EventSeverity.ACTIVITY_LO,Protect from Sunlight
2023-03-16 20:22:39,(2(0)-1678969359:344196),thrDistribute.DOTHRUSTER,9985,EventSeverity.ACTIVITY_LO,DO Thruster
2023-03-16 20:22:39,(2(0)-1678969359:344296),thrDistribute.THRUSTER,9984,EventSeverity.ACTIVITY_LO,Thruster 172 jet
2023-03-16 20:22:39,(2(0)-1678969359:344312),thrDistribute.THRUSTER,9984,EventSeverity.ACTIVITY_LO,Thruster 3 jet
2023-03-16 20:22:39,(2(0)-1678969359:344318),thrDistribute.THRUSTER,9984,EventSeverity.ACTIVITY_LO,Thruster 4 jet
2023-03-16 20:22:40,(2(0)-1678969360:311923),protectFromSunlight.PROCESS_OUT_DATA,21248,EventSeverity.ACTIVITY_LO,Protect from Sunlight
2023-03-16 20:22:40,(2(0)-1678969360:373460),thrDistribute.DOTHRUSTER,9985,EventSeverity.ACTIVITY_LO,DO Thruster
2023-03-16 20:22:40,(2(0)-1678969360:373539),thrDistribute.THRUSTER,9984,EventSeverity.ACTIVITY_LO,Thruster 172 jet
2023-03-16 20:22:40,(2(0)-1678969360:373551),thrDistribute.THRUSTER,9984,EventSeverity.ACTIVITY_LO,Thruster 3 jet
2023-03-16 20:22:40,(2(0)-1678969360:373557),thrDistribute.THRUSTER,9984,EventSeverity.ACTIVITY_LO,Thruster 4 jet
2023-03-16 20:22:41,(2(0)-1678969361:357552),protectFromSunlight.PROCESS_OUT_DATA,21248,EventSeverity.ACTIVITY_LO,Protect from Sunlight
2023-03-16 20:22:41,(2(0)-1678969361:401698),thrDistribute.DOTHRUSTER,9985,EventSeverity.ACTIVITY_LO,DO Thruster
2023-03-16 20:22:41,(2(0)-1678969361:401754),thrDistribute.THRUSTER,9984,EventSeverity.ACTIVITY_LO,Thruster 172 jet
2023-03-16 20:22:41,(2(0)-1678969361:401761),thrDistribute.THRUSTER,9984,EventSeverity.ACTIVITY_LO,Thruster 3 jet
2023-03-16 20:22:41,(2(0)-1678969361:401765),thrDistribute.THRUSTER,9984,EventSeverity.ACTIVITY_LO,Thruster 4 jet
2023-03-16 20:22:42,(2(0)-1678969362:379202),protectFromSunlight.PROCESS_OUT_DATA,21248,EventSeverity.ACTIVITY_LO,Protect from Sunlight
2023-03-16 20:22:42,(2(0)-1678969362:430301),thrDistribute.DOTHRUSTER,9985,EventSeverity.ACTIVITY_LO,DO Thruster
2023-03-16 20:22:42,(2(0)-1678969362:430355),thrDistribute.THRUSTER,9984,EventSeverity.ACTIVITY_LO,Thruster 172 jet
2023-03-16 20:22:42,(2(0)-1678969362:430362),thrDistribute.THRUSTER,9984,EventSeverity.ACTIVITY_LO,Thruster 3 jet
2023-03-16 20:22:42,(2(0)-1678969362:430366),thrDistribute.THRUSTER,9984,EventSeverity.ACTIVITY_LO,Thruster 4 jet
2023-03-16 20:22:43,(2(0)-1678969363:402039),protectFromSunlight.PROCESS_OUT_DATA,21248,EventSeverity.ACTIVITY_LO,Protect from Sunlight
2023-03-16 20:22:43,(2(0)-1678969363:458144),thrDistribute.DOTHRUSTER,9985,EventSeverity.ACTIVITY_LO,DO Thruster
2023-03-16 20:22:43,(2(0)-1678969363:458187),thrDistribute.THRUSTER,9984,EventSeverity.ACTIVITY_LO,Thruster 172 jet
2023-03-16 20:22:43,(2(0)-1678969363:458193),thrDistribute.THRUSTER,9984,EventSeverity.ACTIVITY_LO,Thruster 3 jet
2023-03-16 20:22:43,(2(0)-1678969363:458196),thrDistribute.THRUSTER,9984,EventSeverity.ACTIVITY_LO,Thruster 4 jet
2023-03-16 20:22:44,(2(0)-1678969364:431238),protectFromSunlight.PROCESS_OUT_DATA,21248,EventSeverity.ACTIVITY_LO,Protect from Sunlight
2023-03-16 20:22:45,(2(0)-1678969365:477248),protectFromSunlight.PROCESS_OUT_DATA,21248,EventSeverity.ACTIVITY_LO,Protect from Sunlight
2023-03-16 20:22:45,(2(0)-1678969365:514100),thrDistribute.DOTHRUSTER,9985,EventSeverity.ACTIVITY_LO,DO Thruster
2023-03-16 20:22:45,(2(0)-1678969365:514151),thrDistribute.THRUSTER,9984,EventSeverity.ACTIVITY_LO,Thruster 172 jet
2023-03-16 20:22:45,(2(0)-1678969365:514161),thrDistribute.THRUSTER,9984,EventSeverity.ACTIVITY_LO,Thruster 3 jet
2023-03-16 20:22:45,(2(0)-1678969365:514165),thrDistribute.THRUSTER,9984,EventSeverity.ACTIVITY_LO,Thruster 4 jet
2023-03-16 20:22:46,(2(0)-1678969366:503834),protectFromSunlight.PROCESS_OUT_DATA,21248,EventSeverity.ACTIVITY_LO,Protect from Sunlight
2023-03-16 20:22:46,(2(0)-1678969366:543219),thrDistribute.DOTHRUSTER,9985,EventSeverity.ACTIVITY_LO,DO Thruster
2023-03-16 20:22:46,(2(0)-1678969366:543269),thrDistribute.THRUSTER,9984,EventSeverity.ACTIVITY_LO,Thruster 172 jet
2023-03-16 20:22:46,(2(0)-1678969366:543275),thrDistribute.THRUSTER,9984,EventSeverity.ACTIVITY_LO,Thruster 3 jet
2023-03-16 20:22:46,(2(0)-1678969366:543278),thrDistribute.THRUSTER,9984,EventSeverity.ACTIVITY_LO,Thruster 4 jet
2023-03-16 20:22:47,(2(0)-1678969367:529935),protectFromSunlight.PROCESS_OUT_DATA,21248,EventSeverity.ACTIVITY_LO,Protect from Sunlight
2023-03-16 20:22:47,(2(0)-1678969367:571169),thrDistribute.DOTHRUSTER,9985,EventSeverity.ACTIVITY_LO,DO Thruster
2023-03-16 20:22:47,(2(0)-1678969367:571222),thrDistribute.THRUSTER,9984,EventSeverity.ACTIVITY_LO,Thruster 172 jet
2023-03-16 20:22:47,(2(0)-1678969367:571228),thrDistribute.THRUSTER,9984,EventSeverity.ACTIVITY_LO,Thruster 3 jet
2023-03-16 20:22:47,(2(0)-1678969367:571231),thrDistribute.THRUSTER,9984,EventSeverity.ACTIVITY_LO,Thruster 4 jet
2023-03-16 20:22:48,(2(0)-1678969368:576619),protectFromSunlight.PROCESS_OUT_DATA,21248,EventSeverity.ACTIVITY_LO,Protect from Sunlight
2023-03-16 20:22:48,(2(0)-1678969368:599789),thrDistribute.DOTHRUSTER,9985,EventSeverity.ACTIVITY_LO,DO Thruster
2023-03-16 20:22:48,(2(0)-1678969368:599853),thrDistribute.THRUSTER,9984,EventSeverity.ACTIVITY_LO,Thruster 172 jet
2023-03-16 20:22:48,(2(0)-1678969368:599861),thrDistribute.THRUSTER,9984,EventSeverity.ACTIVITY_LO,Thruster 3 jet
2023-03-16 20:22:48,(2(0)-1678969368:599865),thrDistribute.THRUSTER,9984,EventSeverity.ACTIVITY_LO,Thruster 4 jet
2023-03-16 20:22:49,(2(0)-1678969369:595755),protectFromSunlight.PROCESS_OUT_DATA,21248,EventSeverity.ACTIVITY_LO,Protect from Sunlight
2023-03-16 20:22:49,(2(0)-1678969369:628831),thrDistribute.DOTHRUSTER,9985,EventSeverity.ACTIVITY_LO,DO Thruster
2023-03-16 20:22:49,(2(0)-1678969369:628955),thrDistribute.THRUSTER,9984,EventSeverity.ACTIVITY_LO,Thruster 172 jet
2023-03-16 20:22:49,(2(0)-1678969369:628967),thrDistribute.THRUSTER,9984,EventSeverity.ACTIVITY_LO,Thruster 3 jet
2023-03-16 20:22:49,(2(0)-1678969369:628992),thrDistribute.THRUSTER,9984,EventSeverity.ACTIVITY_LO,Thruster 4 jet
2023-03-16 20:22:50,(2(0)-1678969370:613345),protectFromSunlight.PROCESS_OUT_DATA,21248,EventSeverity.ACTIVITY_LO,Protect from Sunlight
2023-03-16 20:22:50,(2(0)-1678969370:659980),thrDistribute.DOTHRUSTER,9985,EventSeverity.ACTIVITY_LO,DO Thruster
2023-03-16 20:22:50,(2(0)-1678969370:660091),thrDistribute.THRUSTER,9984,EventSeverity.ACTIVITY_LO,Thruster 172 jet
2023-03-16 20:22:50,(2(0)-1678969370:660122),thrDistribute.THRUSTER,9984,EventSeverity.ACTIVITY_LO,Thruster 3 jet
2023-03-16 20:22:50,(2(0)-1678969370:660196),thrDistribute.THRUSTER,9984,EventSeverity.ACTIVITY_LO,Thruster 4 jet
2023-03-16 20:22:51,(2(0)-1678969371:639810),protectFromSunlight.PROCESS_OUT_DATA,21248,EventSeverity.ACTIVITY_LO,Protect from Sunlight
2023-03-16 20:22:52,(2(0)-1678969372:668163),protectFromSunlight.PROCESS_OUT_DATA,21248,EventSeverity.ACTIVITY_LO,Protect from Sunlight
2023-03-16 20:22:52,(2(0)-1678969372:723056),thrDistribute.DOTHRUSTER,9985,EventSeverity.ACTIVITY_LO,DO Thruster
2023-03-16 20:22:52,(2(0)-1678969372:723089),thrDistribute.THRUSTER,9984,EventSeverity.ACTIVITY_LO,Thruster 172 jet
2023-03-16 20:22:52,(2(0)-1678969372:723098),thrDistribute.THRUSTER,9984,EventSeverity.ACTIVITY_LO,Thruster 3 jet
2023-03-16 20:22:52,(2(0)-1678969372:723117),thrDistribute.THRUSTER,9984,EventSeverity.ACTIVITY_LO,Thruster 4 jet
2023-03-16 20:22:53,(2(0)-1678969373:715362),protectFromSunlight.PROCESS_OUT_DATA,21248,EventSeverity.ACTIVITY_LO,Protect from Sunlight
2023-03-16 20:22:53,(2(0)-1678969373:754312),thrDistribute.DOTHRUSTER,9985,EventSeverity.ACTIVITY_LO,DO Thruster
2023-03-16 20:22:53,(2(0)-1678969373:754368),thrDistribute.THRUSTER,9984,EventSeverity.ACTIVITY_LO,Thruster 172 jet
2023-03-16 20:22:53,(2(0)-1678969373:754374),thrDistribute.THRUSTER,9984,EventSeverity.ACTIVITY_LO,Thruster 3 jet
2023-03-16 20:22:53,(2(0)-1678969373:754377),thrDistribute.THRUSTER,9984,EventSeverity.ACTIVITY_LO,Thruster 4 jet
2023-03-16 20:22:54,(2(0)-1678969374:746966),protectFromSunlight.PROCESS_OUT_DATA,21248,EventSeverity.ACTIVITY_LO,Protect from Sunlight
2023-03-16 20:22:55,(2(0)-1678969375:793074),protectFromSunlight.PROCESS_OUT_DATA,21248,EventSeverity.ACTIVITY_LO,Protect from Sunlight
2023-03-16 20:22:55,(2(0)-1678969375:812915),thrDistribute.DOTHRUSTER,9985,EventSeverity.ACTIVITY_LO,DO Thruster
2023-03-16 20:22:55,(2(0)-1678969375:813008),thrDistribute.THRUSTER,9984,EventSeverity.ACTIVITY_LO,Thruster 172 jet
2023-03-16 20:22:55,(2(0)-1678969375:813017),thrDistribute.THRUSTER,9984,EventSeverity.ACTIVITY_LO,Thruster 3 jet
2023-03-16 20:22:55,(2(0)-1678969375:813021),thrDistribute.THRUSTER,9984,EventSeverity.ACTIVITY_LO,Thruster 4 jet
2023-03-16 20:22:56,(2(0)-1678969376:834914),protectFromSunlight.PROCESS_OUT_DATA,21248,EventSeverity.ACTIVITY_LO,Protect from Sunlight
2023-03-16 20:22:56,(2(0)-1678969376:843465),thrDistribute.DOTHRUSTER,9985,EventSeverity.ACTIVITY_LO,DO Thruster
2023-03-16 20:22:56,(2(0)-1678969376:843548),thrDistribute.THRUSTER,9984,EventSeverity.ACTIVITY_LO,Thruster 172 jet
2023-03-16 20:22:56,(2(0)-1678969376:843557),thrDistribute.THRUSTER,9984,EventSeverity.ACTIVITY_LO,Thruster 3 jet
2023-03-16 20:22:56,(2(0)-1678969376:843571),thrDistribute.THRUSTER,9984,EventSeverity.ACTIVITY_LO,Thruster 4 jet
2023-03-16 20:22:57,(2(0)-1678969377:876823),protectFromSunlight.PROCESS_OUT_DATA,21248,EventSeverity.ACTIVITY_LO,Protect from Sunlight
2023-03-16 20:22:58,(2(0)-1678969378:1828),thrDistribute.DOTHRUSTER,9985,EventSeverity.ACTIVITY_LO,DO Thruster
2023-03-16 20:22:58,(2(0)-1678969378:1947),thrDistribute.THRUSTER,9984,EventSeverity.ACTIVITY_LO,Thruster 172 jet
2023-03-16 20:22:58,(2(0)-1678969378:2016),thrDistribute.THRUSTER,9984,EventSeverity.ACTIVITY_LO,Thruster 3 jet
2023-03-16 20:22:58,(2(0)-1678969378:2024),thrDistribute.THRUSTER,9984,EventSeverity.ACTIVITY_LO,Thruster 4 jet
2023-03-16 20:22:58,(2(0)-1678969378:914358),protectFromSunlight.PROCESS_OUT_DATA,21248,EventSeverity.ACTIVITY_LO,Protect from Sunlight
2023-03-16 20:22:59,(2(0)-1678969379:929599),protectFromSunlight.PROCESS_OUT_DATA,21248,EventSeverity.ACTIVITY_LO,Protect from Sunlight
2023-03-16 20:22:59,(2(0)-1678969379:929931),thrDistribute.DOTHRUSTER,9985,EventSeverity.ACTIVITY_LO,DO Thruster
2023-03-16 20:22:59,(2(0)-1678969379:929972),thrDistribute.THRUSTER,9984,EventSeverity.ACTIVITY_LO,Thruster 172 jet
2023-03-16 20:22:59,(2(0)-1678969379:929980),thrDistribute.THRUSTER,9984,EventSeverity.ACTIVITY_LO,Thruster 3 jet
2023-03-16 20:22:59,(2(0)-1678969379:929983),thrDistribute.THRUSTER,9984,EventSeverity.ACTIVITY_LO,Thruster 4 jet
2023-03-16 20:23:00,(2(0)-1678969380:950160),protectFromSunlight.PROCESS_OUT_DATA,21248,EventSeverity.ACTIVITY_LO,Protect from Sunlight
2023-03-16 20:23:00,(2(0)-1678969380:958430),thrDistribute.DOTHRUSTER,9985,EventSeverity.ACTIVITY_LO,DO Thruster
2023-03-16 20:23:00,(2(0)-1678969380:958492),thrDistribute.THRUSTER,9984,EventSeverity.ACTIVITY_LO,Thruster 172 jet
2023-03-16 20:23:00,(2(0)-1678969380:958501),thrDistribute.THRUSTER,9984,EventSeverity.ACTIVITY_LO,Thruster 3 jet
2023-03-16 20:23:00,(2(0)-1678969380:958505),thrDistribute.THRUSTER,9984,EventSeverity.ACTIVITY_LO,Thruster 4 jet
2023-03-16 20:23:01,(2(0)-1678969381:978514),protectFromSunlight.PROCESS_OUT_DATA,21248,EventSeverity.ACTIVITY_LO,Protect from Sunlight
2023-03-16 20:23:03,(2(0)-1678969383:17212),protectFromSunlight.PROCESS_OUT_DATA,21248,EventSeverity.ACTIVITY_LO,Protect from Sunlight
2023-03-16 20:23:03,(2(0)-1678969383:18492),thrDistribute.DOTHRUSTER,9985,EventSeverity.ACTIVITY_LO,DO Thruster
2023-03-16 20:23:03,(2(0)-1678969383:18527),thrDistribute.THRUSTER,9984,EventSeverity.ACTIVITY_LO,Thruster 172 jet
2023-03-16 20:23:03,(2(0)-1678969383:18532),thrDistribute.THRUSTER,9984,EventSeverity.ACTIVITY_LO,Thruster 3 jet
2023-03-16 20:23:03,(2(0)-1678969383:18535),thrDistribute.THRUSTER,9984,EventSeverity.ACTIVITY_LO,Thruster 4 jet
2023-03-16 20:23:04,(2(0)-1678969384:36095),protectFromSunlight.PROCESS_OUT_DATA,21248,EventSeverity.ACTIVITY_LO,Protect from Sunlight
2023-03-16 20:23:04,(2(0)-1678969384:46861),thrDistribute.DOTHRUSTER,9985,EventSeverity.ACTIVITY_LO,DO Thruster
2023-03-16 20:23:04,(2(0)-1678969384:46926),thrDistribute.THRUSTER,9984,EventSeverity.ACTIVITY_LO,Thruster 172 jet
2023-03-16 20:23:04,(2(0)-1678969384:46935),thrDistribute.THRUSTER,9984,EventSeverity.ACTIVITY_LO,Thruster 3 jet
2023-03-16 20:23:04,(2(0)-1678969384:46939),thrDistribute.THRUSTER,9984,EventSeverity.ACTIVITY_LO,Thruster 4 jet
2023-03-16 20:23:05,(2(0)-1678969385:61385),protectFromSunlight.PROCESS_OUT_DATA,21248,EventSeverity.ACTIVITY_LO,Protect from Sunlight
2023-03-16 20:23:05,(2(0)-1678969385:75222),thrDistribute.DOTHRUSTER,9985,EventSeverity.ACTIVITY_LO,DO Thruster
2023-03-16 20:23:05,(2(0)-1678969385:75335),thrDistribute.THRUSTER,9984,EventSeverity.ACTIVITY_LO,Thruster 172 jet
2023-03-16 20:23:05,(2(0)-1678969385:75377),thrDistribute.THRUSTER,9984,EventSeverity.ACTIVITY_LO,Thruster 3 jet
2023-03-16 20:23:05,(2(0)-1678969385:75420),thrDistribute.THRUSTER,9984,EventSeverity.ACTIVITY_LO,Thruster 4 jet
2023-03-16 20:23:06,(2(0)-1678969386:93991),protectFromSunlight.PROCESS_OUT_DATA,21248,EventSeverity.ACTIVITY_LO,Protect from Sunlight
2023-03-16 20:23:06,(2(0)-1678969386:104012),thrDistribute.DOTHRUSTER,9985,EventSeverity.ACTIVITY_LO,DO Thruster
2023-03-16 20:23:06,(2(0)-1678969386:104058),thrDistribute.THRUSTER,9984,EventSeverity.ACTIVITY_LO,Thruster 172 jet
2023-03-16 20:23:06,(2(0)-1678969386:104065),thrDistribute.THRUSTER,9984,EventSeverity.ACTIVITY_LO,Thruster 3 jet
2023-03-16 20:23:06,(2(0)-1678969386:104068),thrDistribute.THRUSTER,9984,EventSeverity.ACTIVITY_LO,Thruster 4 jet
2023-03-16 20:23:07,(2(0)-1678969387:142126),protectFromSunlight.PROCESS_OUT_DATA,21248,EventSeverity.ACTIVITY_LO,Protect from Sunlight
2023-03-16 20:23:07,(2(0)-1678969387:261160),thrDistribute.DOTHRUSTER,9985,EventSeverity.ACTIVITY_LO,DO Thruster
2023-03-16 20:23:07,(2(0)-1678969387:261243),thrDistribute.THRUSTER,9984,EventSeverity.ACTIVITY_LO,Thruster 172 jet
2023-03-16 20:23:07,(2(0)-1678969387:261267),thrDistribute.THRUSTER,9984,EventSeverity.ACTIVITY_LO,Thruster 3 jet
2023-03-16 20:23:07,(2(0)-1678969387:261273),thrDistribute.THRUSTER,9984,EventSeverity.ACTIVITY_LO,Thruster 4 jet
2023-03-16 20:23:08,(2(0)-1678969388:166778),protectFromSunlight.PROCESS_OUT_DATA,21248,EventSeverity.ACTIVITY_LO,Protect from Sunlight
2023-03-16 20:23:08,(2(0)-1678969388:289724),thrDistribute.DOTHRUSTER,9985,EventSeverity.ACTIVITY_LO,DO Thruster
2023-03-16 20:23:08,(2(0)-1678969388:289783),thrDistribute.THRUSTER,9984,EventSeverity.ACTIVITY_LO,Thruster 172 jet
2023-03-16 20:23:08,(2(0)-1678969388:289792),thrDistribute.THRUSTER,9984,EventSeverity.ACTIVITY_LO,Thruster 3 jet
2023-03-16 20:23:08,(2(0)-1678969388:289795),thrDistribute.THRUSTER,9984,EventSeverity.ACTIVITY_LO,Thruster 4 jet
2023-03-16 20:23:09,(2(0)-1678969389:194329),protectFromSunlight.PROCESS_OUT_DATA,21248,EventSeverity.ACTIVITY_LO,Protect from Sunlight
2023-03-16 20:23:09,(2(0)-1678969389:319305),thrDistribute.DOTHRUSTER,9985,EventSeverity.ACTIVITY_LO,DO Thruster
2023-03-16 20:23:09,(2(0)-1678969389:319429),thrDistribute.THRUSTER,9984,EventSeverity.ACTIVITY_LO,Thruster 172 jet
2023-03-16 20:23:09,(2(0)-1678969389:319448),thrDistribute.THRUSTER,9984,EventSeverity.ACTIVITY_LO,Thruster 3 jet
2023-03-16 20:23:09,(2(0)-1678969389:319456),thrDistribute.THRUSTER,9984,EventSeverity.ACTIVITY_LO,Thruster 4 jet
2023-03-16 20:23:10,(2(0)-1678969390:216873),protectFromSunlight.PROCESS_OUT_DATA,21248,EventSeverity.ACTIVITY_LO,Protect from Sunlight
2023-03-16 20:23:10,(2(0)-1678969390:219897),thrDistribute.DOTHRUSTER,9985,EventSeverity.ACTIVITY_LO,DO Thruster
2023-03-16 20:23:10,(2(0)-1678969390:219967),thrDistribute.THRUSTER,9984,EventSeverity.ACTIVITY_LO,Thruster 172 jet
2023-03-16 20:23:10,(2(0)-1678969390:219976),thrDistribute.THRUSTER,9984,EventSeverity.ACTIVITY_LO,Thruster 3 jet
2023-03-16 20:23:10,(2(0)-1678969390:220002),thrDistribute.THRUSTER,9984,EventSeverity.ACTIVITY_LO,Thruster 4 jet
2023-03-16 20:23:11,(2(0)-1678969391:238798),protectFromSunlight.PROCESS_OUT_DATA,21248,EventSeverity.ACTIVITY_LO,Protect from Sunlight
2023-03-16 20:23:11,(2(0)-1678969391:249807),thrDistribute.DOTHRUSTER,9985,EventSeverity.ACTIVITY_LO,DO Thruster
2023-03-16 20:23:11,(2(0)-1678969391:249856),thrDistribute.THRUSTER,9984,EventSeverity.ACTIVITY_LO,Thruster 172 jet
2023-03-16 20:23:11,(2(0)-1678969391:249862),thrDistribute.THRUSTER,9984,EventSeverity.ACTIVITY_LO,Thruster 3 jet
2023-03-16 20:23:11,(2(0)-1678969391:249865),thrDistribute.THRUSTER,9984,EventSeverity.ACTIVITY_LO,Thruster 4 jet
2023-03-16 20:23:12,(2(0)-1678969392:278295),protectFromSunlight.PROCESS_OUT_DATA,21248,EventSeverity.ACTIVITY_LO,Protect from Sunlight
2023-03-16 20:23:12,(2(0)-1678969392:406316),thrDistribute.DOTHRUSTER,9985,EventSeverity.ACTIVITY_LO,DO Thruster
2023-03-16 20:23:12,(2(0)-1678969392:406632),thrDistribute.THRUSTER,9984,EventSeverity.ACTIVITY_LO,Thruster 172 jet
2023-03-16 20:23:12,(2(0)-1678969392:406854),thrDistribute.THRUSTER,9984,EventSeverity.ACTIVITY_LO,Thruster 3 jet
2023-03-16 20:23:12,(2(0)-1678969392:406930),thrDistribute.THRUSTER,9984,EventSeverity.ACTIVITY_LO,Thruster 4 jet
2023-03-16 20:23:13,(2(0)-1678969393:325971),protectFromSunlight.PROCESS_OUT_DATA,21248,EventSeverity.ACTIVITY_LO,Protect from Sunlight
2023-03-16 20:23:14,(2(0)-1678969394:346011),protectFromSunlight.PROCESS_OUT_DATA,21248,EventSeverity.ACTIVITY_LO,Protect from Sunlight
2023-03-16 20:23:14,(2(0)-1678969394:460431),thrDistribute.DOTHRUSTER,9985,EventSeverity.ACTIVITY_LO,DO Thruster
2023-03-16 20:23:14,(2(0)-1678969394:460473),thrDistribute.THRUSTER,9984,EventSeverity.ACTIVITY_LO,Thruster 172 jet
2023-03-16 20:23:14,(2(0)-1678969394:460481),thrDistribute.THRUSTER,9984,EventSeverity.ACTIVITY_LO,Thruster 3 jet
2023-03-16 20:23:14,(2(0)-1678969394:460486),thrDistribute.THRUSTER,9984,EventSeverity.ACTIVITY_LO,Thruster 4 jet
2023-03-16 20:23:15,(2(0)-1678969395:363952),protectFromSunlight.PROCESS_OUT_DATA,21248,EventSeverity.ACTIVITY_LO,Protect from Sunlight
2023-03-16 20:23:15,(2(0)-1678969395:490367),thrDistribute.DOTHRUSTER,9985,EventSeverity.ACTIVITY_LO,DO Thruster
2023-03-16 20:23:15,(2(0)-1678969395:490519),thrDistribute.THRUSTER,9984,EventSeverity.ACTIVITY_LO,Thruster 172 jet
2023-03-16 20:23:15,(2(0)-1678969395:490540),thrDistribute.THRUSTER,9984,EventSeverity.ACTIVITY_LO,Thruster 3 jet
2023-03-16 20:23:15,(2(0)-1678969395:490550),thrDistribute.THRUSTER,9984,EventSeverity.ACTIVITY_LO,Thruster 4 jet
2023-03-16 20:23:16,(2(0)-1678969396:388208),protectFromSunlight.PROCESS_OUT_DATA,21248,EventSeverity.ACTIVITY_LO,Protect from Sunlight
2023-03-16 20:23:16,(2(0)-1678969396:389697),thrDistribute.DOTHRUSTER,9985,EventSeverity.ACTIVITY_LO,DO Thruster
2023-03-16 20:23:16,(2(0)-1678969396:389738),thrDistribute.THRUSTER,9984,EventSeverity.ACTIVITY_LO,Thruster 172 jet
2023-03-16 20:23:16,(2(0)-1678969396:389761),thrDistribute.THRUSTER,9984,EventSeverity.ACTIVITY_LO,Thruster 3 jet
2023-03-16 20:23:16,(2(0)-1678969396:389773),thrDistribute.THRUSTER,9984,EventSeverity.ACTIVITY_LO,Thruster 4 jet
2023-03-16 20:23:17,(2(0)-1678969397:410594),protectFromSunlight.PROCESS_OUT_DATA,21248,EventSeverity.ACTIVITY_LO,Protect from Sunlight
2023-03-16 20:23:17,(2(0)-1678969397:418201),thrDistribute.DOTHRUSTER,9985,EventSeverity.ACTIVITY_LO,DO Thruster
2023-03-16 20:23:17,(2(0)-1678969397:418266),thrDistribute.THRUSTER,9984,EventSeverity.ACTIVITY_LO,Thruster 172 jet
2023-03-16 20:23:17,(2(0)-1678969397:418276),thrDistribute.THRUSTER,9984,EventSeverity.ACTIVITY_LO,Thruster 3 jet
2023-03-16 20:23:17,(2(0)-1678969397:418280),thrDistribute.THRUSTER,9984,EventSeverity.ACTIVITY_LO,Thruster 4 jet
2023-03-16 20:23:18,(2(0)-1678969398:438785),protectFromSunlight.PROCESS_OUT_DATA,21248,EventSeverity.ACTIVITY_LO,Protect from Sunlight
2023-03-16 20:23:18,(2(0)-1678969398:447684),thrDistribute.DOTHRUSTER,9985,EventSeverity.ACTIVITY_LO,DO Thruster
2023-03-16 20:23:18,(2(0)-1678969398:447739),thrDistribute.THRUSTER,9984,EventSeverity.ACTIVITY_LO,Thruster 172 jet
2023-03-16 20:23:18,(2(0)-1678969398:447745),thrDistribute.THRUSTER,9984,EventSeverity.ACTIVITY_LO,Thruster 3 jet
2023-03-16 20:23:18,(2(0)-1678969398:447749),thrDistribute.THRUSTER,9984,EventSeverity.ACTIVITY_LO,Thruster 4 jet
2023-03-16 20:23:19,(2(0)-1678969399:459491),protectFromSunlight.PROCESS_OUT_DATA,21248,EventSeverity.ACTIVITY_LO,Protect from Sunlight
2023-03-16 20:23:19,(2(0)-1678969399:477687),thrDistribute.DOTHRUSTER,9985,EventSeverity.ACTIVITY_LO,DO Thruster
2023-03-16 20:23:19,(2(0)-1678969399:477786),thrDistribute.THRUSTER,9984,EventSeverity.ACTIVITY_LO,Thruster 172 jet
2023-03-16 20:23:19,(2(0)-1678969399:477829),thrDistribute.THRUSTER,9984,EventSeverity.ACTIVITY_LO,Thruster 3 jet
2023-03-16 20:23:19,(2(0)-1678969399:477850),thrDistribute.THRUSTER,9984,EventSeverity.ACTIVITY_LO,Thruster 4 jet
2023-03-16 20:23:20,(2(0)-1678969400:484842),protectFromSunlight.PROCESS_OUT_DATA,21248,EventSeverity.ACTIVITY_LO,Protect from Sunlight
2023-03-16 20:23:21,(2(0)-1678969401:513492),protectFromSunlight.PROCESS_OUT_DATA,21248,EventSeverity.ACTIVITY_LO,Protect from Sunlight
2023-03-16 20:23:21,(2(0)-1678969401:533152),thrDistribute.DOTHRUSTER,9985,EventSeverity.ACTIVITY_LO,DO Thruster
2023-03-16 20:23:21,(2(0)-1678969401:533210),thrDistribute.THRUSTER,9984,EventSeverity.ACTIVITY_LO,Thruster 172 jet
2023-03-16 20:23:21,(2(0)-1678969401:533217),thrDistribute.THRUSTER,9984,EventSeverity.ACTIVITY_LO,Thruster 3 jet
2023-03-16 20:23:21,(2(0)-1678969401:533221),thrDistribute.THRUSTER,9984,EventSeverity.ACTIVITY_LO,Thruster 4 jet
2023-03-16 20:23:22,(2(0)-1678969402:537514),protectFromSunlight.PROCESS_OUT_DATA,21248,EventSeverity.ACTIVITY_LO,Protect from Sunlight
2023-03-16 20:23:22,(2(0)-1678969402:562229),thrDistribute.DOTHRUSTER,9985,EventSeverity.ACTIVITY_LO,DO Thruster
2023-03-16 20:23:22,(2(0)-1678969402:562291),thrDistribute.THRUSTER,9984,EventSeverity.ACTIVITY_LO,Thruster 172 jet
2023-03-16 20:23:22,(2(0)-1678969402:562297),thrDistribute.THRUSTER,9984,EventSeverity.ACTIVITY_LO,Thruster 3 jet
2023-03-16 20:23:22,(2(0)-1678969402:562300),thrDistribute.THRUSTER,9984,EventSeverity.ACTIVITY_LO,Thruster 4 jet
2023-03-16 20:23:23,(2(0)-1678969403:566435),protectFromSunlight.PROCESS_OUT_DATA,21248,EventSeverity.ACTIVITY_LO,Protect from Sunlight
2023-03-16 20:23:24,(2(0)-1678969404:475744),protectFromSunlight.PROCESS_OUT_DATA,21248,EventSeverity.ACTIVITY_LO,Protect from Sunlight
