2023-03-16 20:25:11,(2(0)-1678969511:243706),cmdDisp.OpCodeDispatched,1281,EventSeverity.COMMAND,Opcode 0xe00 dispatched to port 7
2023-03-16 20:25:11,(2(0)-1678969511:243725),control.START_CONTROL,3584,EventSeverity.ACTIVITY_LO,start control
2023-03-16 20:25:11,(2(0)-1678969511:378614),protectFromSunlight.PROCESS_OUT_DATA,21248,EventSeverity.ACTIVITY_LO,Protect from Sunlight
2023-03-16 20:25:11,(2(0)-1678969511:397699),thrDistribute.DOTHRUSTER,9985,EventSeverity.ACTIVITY_LO,DO Thruster
2023-03-16 20:25:11,(2(0)-1678969511:397760),thrDistribute.THRUSTER,9984,EventSeverity.ACTIVITY_LO,Thruster 20 jet
2023-03-16 20:25:11,(2(0)-1678969511:397770),thrDistribute.THRUSTER,9984,EventSeverity.ACTIVITY_LO,Thruster 3 jet
2023-03-16 20:25:12,(2(0)-1678969512:418318),protectFromSunlight.PROCESS_OUT_DATA,21248,EventSeverity.ACTIVITY_LO,Protect from Sunlight
2023-03-16 20:25:12,(2(0)-1678969512:424765),thrDistribute.DOTHRUSTER,9985,EventSeverity.ACTIVITY_LO,DO Thruster
2023-03-16 20:25:12,(2(0)-1678969512:424813),thrDistribute.THRUSTER,9984,EventSeverity.ACTIVITY_LO,Thruster 20 jet
2023-03-16 20:25:12,(2(0)-1678969512:424820),thrDistribute.THRUSTER,9984,EventSeverity.ACTIVITY_LO,Thruster 3 jet
2023-03-16 20:25:13,(2(0)-1678969513:463931),protectFromSunlight.PROCESS_OUT_DATA,21248,EventSeverity.ACTIVITY_LO,Protect from Sunlight
2023-03-16 20:25:13,(2(0)-1678969513:581791),thrDistribute.DOTHRUSTER,9985,EventSeverity.ACTIVITY_LO,DO Thruster
2023-03-16 20:25:13,(2(0)-1678969513:581903),thrDistribute.THRUSTER,9984,EventSeverity.ACTIVITY_LO,Thruster 20 jet
2023-03-16 20:25:13,(2(0)-1678969513:581919),thrDistribute.THRUSTER,9984,EventSeverity.ACTIVITY_LO,Thruster 3 jet
2023-03-16 20:25:14,(2(0)-1678969514:505183),protectFromSunlight.PROCESS_OUT_DATA,21248,EventSeverity.ACTIVITY_LO,Protect from Sunlight
2023-03-16 20:25:14,(2(0)-1678969514:608927),thrDistribute.DOTHRUSTER,9985,EventSeverity.ACTIVITY_LO,DO Thruster
2023-03-16 20:25:14,(2(0)-1678969514:608984),thrDistribute.THRUSTER,9984,EventSeverity.ACTIVITY_LO,Thruster 20 jet
2023-03-16 20:25:14,(2(0)-1678969514:608999),thrDistribute.THRUSTER,9984,EventSeverity.ACTIVITY_LO,Thruster 3 jet
2023-03-16 20:25:15,(2(0)-1678969515:557250),protectFromSunlight.PROCESS_OUT_DATA,21248,EventSeverity.ACTIVITY_LO,Protect from Sunlight
2023-03-16 20:25:15,(2(0)-1678969515:637151),thrDistribute.DOTHRUSTER,9985,EventSeverity.ACTIVITY_LO,DO Thruster
2023-03-16 20:25:15,(2(0)-1678969515:637303),thrDistribute.THRUSTER,9984,EventSeverity.ACTIVITY_LO,Thruster 20 jet
2023-03-16 20:25:15,(2(0)-1678969515:637318),thrDistribute.THRUSTER,9984,EventSeverity.ACTIVITY_LO,Thruster 3 jet
2023-03-16 20:25:16,(2(0)-1678969516:584361),protectFromSunlight.PROCESS_OUT_DATA,21248,EventSeverity.ACTIVITY_LO,Protect from Sunlight
2023-03-16 20:25:16,(2(0)-1678969516:665144),thrDistribute.DOTHRUSTER,9985,EventSeverity.ACTIVITY_LO,DO Thruster
2023-03-16 20:25:16,(2(0)-1678969516:665255),thrDistribute.THRUSTER,9984,EventSeverity.ACTIVITY_LO,Thruster 20 jet
2023-03-16 20:25:16,(2(0)-1678969516:665376),thrDistribute.THRUSTER,9984,EventSeverity.ACTIVITY_LO,Thruster 3 jet
2023-03-16 20:25:17,(2(0)-1678969517:630596),protectFromSunlight.PROCESS_OUT_DATA,21248,EventSeverity.ACTIVITY_LO,Protect from Sunlight
2023-03-16 20:25:17,(2(0)-1678969517:693835),thrDistribute.DOTHRUSTER,9985,EventSeverity.ACTIVITY_LO,DO Thruster
2023-03-16 20:25:17,(2(0)-1678969517:693926),thrDistribute.THRUSTER,9984,EventSeverity.ACTIVITY_LO,Thruster 20 jet
2023-03-16 20:25:17,(2(0)-1678969517:693939),thrDistribute.THRUSTER,9984,EventSeverity.ACTIVITY_LO,Thruster 3 jet
2023-03-16 20:25:18,(2(0)-1678969518:650981),protectFromSunlight.PROCESS_OUT_DATA,21248,EventSeverity.ACTIVITY_LO,Protect from Sunlight
2023-03-16 20:25:18,(2(0)-1678969518:722850),thrDistribute.DOTHRUSTER,9985,EventSeverity.ACTIVITY_LO,DO Thruster
2023-03-16 20:25:18,(2(0)-1678969518:722925),thrDistribute.THRUSTER,9984,EventSeverity.ACTIVITY_LO,Thruster 4 jet
2023-03-16 20:25:18,(2(0)-1678969518:722933),thrDistribute.THRUSTER,9984,EventSeverity.ACTIVITY_LO,Thruster 3 jet
2023-03-16 20:25:19,(2(0)-1678969519:666752),protectFromSunlight.PROCESS_OUT_DATA,21248,EventSeverity.ACTIVITY_LO,Protect from Sunlight
2023-03-16 20:25:19,(2(0)-1678969519:750969),thrDistribute.DOTHRUSTER,9985,EventSeverity.ACTIVITY_LO,DO Thruster
2023-03-16 20:25:19,(2(0)-1678969519:751054),thrDistribute.THRUSTER,9984,EventSeverity.ACTIVITY_LO,Thruster 4 jet
2023-03-16 20:25:19,(2(0)-1678969519:751065),thrDistribute.THRUSTER,9984,EventSeverity.ACTIVITY_LO,Thruster 3 jet
2023-03-16 20:25:20,(2(0)-1678969520:684921),protectFromSunlight.PROCESS_OUT_DATA,21248,EventSeverity.ACTIVITY_LO,Protect from Sunlight
2023-03-16 20:25:20,(2(0)-1678969520:779948),thrDistribute.DOTHRUSTER,9985,EventSeverity.ACTIVITY_LO,DO Thruster
2023-03-16 20:25:20,(2(0)-1678969520:780110),thrDistribute.THRUSTER,9984,EventSeverity.ACTIVITY_LO,Thruster 20 jet
2023-03-16 20:25:20,(2(0)-1678969520:780133),thrDistribute.THRUSTER,9984,EventSeverity.ACTIVITY_LO,Thruster 3 jet
2023-03-16 20:25:21,(2(0)-1678969521:726513),protectFromSunlight.PROCESS_OUT_DATA,21248,EventSeverity.ACTIVITY_LO,Protect from Sunlight
2023-03-16 20:25:21,(2(0)-1678969521:808953),thrDistribute.DOTHRUSTER,9985,EventSeverity.ACTIVITY_LO,DO Thruster
2023-03-16 20:25:21,(2(0)-1678969521:809133),thrDistribute.THRUSTER,9984,EventSeverity.ACTIVITY_LO,Thruster 4 jet
2023-03-16 20:25:21,(2(0)-1678969521:809147),thrDistribute.THRUSTER,9984,EventSeverity.ACTIVITY_LO,Thruster 3 jet
2023-03-16 20:25:22,(2(0)-1678969522:743705),protectFromSunlight.PROCESS_OUT_DATA,21248,EventSeverity.ACTIVITY_LO,Protect from Sunlight
2023-03-16 20:25:22,(2(0)-1678969522:838361),thrDistribute.DOTHRUSTER,9985,EventSeverity.ACTIVITY_LO,DO Thruster
2023-03-16 20:25:22,(2(0)-1678969522:838487),thrDistribute.THRUSTER,9984,EventSeverity.ACTIVITY_LO,Thruster 20 jet
2023-03-16 20:25:22,(2(0)-1678969522:838502),thrDistribute.THRUSTER,9984,EventSeverity.ACTIVITY_LO,Thruster 3 jet
2023-03-16 20:25:23,(2(0)-1678969523:767896),protectFromSunlight.PROCESS_OUT_DATA,21248,EventSeverity.ACTIVITY_LO,Protect from Sunlight
2023-03-16 20:25:23,(2(0)-1678969523:866888),thrDistribute.DOTHRUSTER,9985,EventSeverity.ACTIVITY_LO,DO Thruster
2023-03-16 20:25:23,(2(0)-1678969523:866975),thrDistribute.THRUSTER,9984,EventSeverity.ACTIVITY_LO,Thruster 4 jet
2023-03-16 20:25:23,(2(0)-1678969523:866990),thrDistribute.THRUSTER,9984,EventSeverity.ACTIVITY_LO,Thruster 3 jet
2023-03-16 20:25:24,(2(0)-1678969524:791305),protectFromSunlight.PROCESS_OUT_DATA,21248,EventSeverity.ACTIVITY_LO,Protect from Sunlight
2023-03-16 20:25:24,(2(0)-1678969524:895264),thrDistribute.DOTHRUSTER,9985,EventSeverity.ACTIVITY_LO,DO Thruster
2023-03-16 20:25:24,(2(0)-1678969524:895710),thrDistribute.THRUSTER,9984,EventSeverity.ACTIVITY_LO,Thruster 4 jet
2023-03-16 20:25:24,(2(0)-1678969524:895748),thrDistribute.THRUSTER,9984,EventSeverity.ACTIVITY_LO,Thruster 3 jet
2023-03-16 20:25:25,(2(0)-1678969525:812683),protectFromSunlight.PROCESS_OUT_DATA,21248,EventSeverity.ACTIVITY_LO,Protect from Sunlight
2023-03-16 20:25:25,(2(0)-1678969525:922003),thrDistribute.DOTHRUSTER,9985,EventSeverity.ACTIVITY_LO,DO Thruster
2023-03-16 20:25:25,(2(0)-1678969525:922096),thrDistribute.THRUSTER,9984,EventSeverity.ACTIVITY_LO,Thruster 20 jet
2023-03-16 20:25:25,(2(0)-1678969525:922106),thrDistribute.THRUSTER,9984,EventSeverity.ACTIVITY_LO,Thruster 3 jet
2023-03-16 20:25:26,(2(0)-1678969526:829345),protectFromSunlight.PROCESS_OUT_DATA,21248,EventSeverity.ACTIVITY_LO,Protect from Sunlight
2023-03-16 20:25:26,(2(0)-1678969526:949929),thrDistribute.DOTHRUSTER,9985,EventSeverity.ACTIVITY_LO,DO Thruster
2023-03-16 20:25:26,(2(0)-1678969526:949996),thrDistribute.THRUSTER,9984,EventSeverity.ACTIVITY_LO,Thruster 4 jet
2023-03-16 20:25:26,(2(0)-1678969526:950004),thrDistribute.THRUSTER,9984,EventSeverity.ACTIVITY_LO,Thruster 3 jet
2023-03-16 20:25:27,(2(0)-1678969527:847654),protectFromSunlight.PROCESS_OUT_DATA,21248,EventSeverity.ACTIVITY_LO,Protect from Sunlight
2023-03-16 20:25:27,(2(0)-1678969527:850657),thrDistribute.DOTHRUSTER,9985,EventSeverity.ACTIVITY_LO,DO Thruster
2023-03-16 20:25:27,(2(0)-1678969527:850700),thrDistribute.THRUSTER,9984,EventSeverity.ACTIVITY_LO,Thruster 20 jet
2023-03-16 20:25:27,(2(0)-1678969527:850737),thrDistribute.THRUSTER,9984,EventSeverity.ACTIVITY_LO,Thruster 3 jet
2023-03-16 20:25:28,(2(0)-1678969528:868558),protectFromSunlight.PROCESS_OUT_DATA,21248,EventSeverity.ACTIVITY_LO,Protect from Sunlight
2023-03-16 20:25:29,(2(0)-1678969529:914060),protectFromSunlight.PROCESS_OUT_DATA,21248,EventSeverity.ACTIVITY_LO,Protect from Sunlight
2023-03-16 20:25:30,(2(0)-1678969530:35852),thrDistribute.DOTHRUSTER,9985,EventSeverity.ACTIVITY_LO,DO Thruster
2023-03-16 20:25:30,(2(0)-1678969530:35908),thrDistribute.THRUSTER,9984,EventSeverity.ACTIVITY_LO,Thruster 4 jet
2023-03-16 20:25:30,(2(0)-1678969530:35915),thrDistribute.THRUSTER,9984,EventSeverity.ACTIVITY_LO,Thruster 3 jet
2023-03-16 20:25:30,(2(0)-1678969530:930370),protectFromSunlight.PROCESS_OUT_DATA,21248,EventSeverity.ACTIVITY_LO,Protect from Sunlight
2023-03-16 20:25:30,(2(0)-1678969530:937231),thrDistribute.DOTHRUSTER,9985,EventSeverity.ACTIVITY_LO,DO Thruster
2023-03-16 20:25:30,(2(0)-1678969530:937295),thrDistribute.THRUSTER,9984,EventSeverity.ACTIVITY_LO,Thruster 20 jet
2023-03-16 20:25:30,(2(0)-1678969530:937333),thrDistribute.THRUSTER,9984,EventSeverity.ACTIVITY_LO,Thruster 3 jet
2023-03-16 20:25:31,(2(0)-1678969531:945894),protectFromSunlight.PROCESS_OUT_DATA,21248,EventSeverity.ACTIVITY_LO,Protect from Sunlight
2023-03-16 20:25:32,(2(0)-1678969532:970042),protectFromSunlight.PROCESS_OUT_DATA,21248,EventSeverity.ACTIVITY_LO,Protect from Sunlight
2023-03-16 20:25:32,(2(0)-1678969532:994252),thrDistribute.DOTHRUSTER,9985,EventSeverity.ACTIVITY_LO,DO Thruster
2023-03-16 20:25:32,(2(0)-1678969532:994306),thrDistribute.THRUSTER,9984,EventSeverity.ACTIVITY_LO,Thruster 20 jet
2023-03-16 20:25:32,(2(0)-1678969532:994313),thrDistribute.THRUSTER,9984,EventSeverity.ACTIVITY_LO,Thruster 3 jet
2023-03-16 20:25:33,(2(0)-1678969533:996967),protectFromSunlight.PROCESS_OUT_DATA,21248,EventSeverity.ACTIVITY_LO,Protect from Sunlight
2023-03-16 20:25:34,(2(0)-1678969534:22337),thrDistribute.DOTHRUSTER,9985,EventSeverity.ACTIVITY_LO,DO Thruster
2023-03-16 20:25:34,(2(0)-1678969534:22378),thrDistribute.THRUSTER,9984,EventSeverity.ACTIVITY_LO,Thruster 4 jet
2023-03-16 20:25:34,(2(0)-1678969534:22386),thrDistribute.THRUSTER,9984,EventSeverity.ACTIVITY_LO,Thruster 3 jet
2023-03-16 20:25:35,(2(0)-1678969535:27316),protectFromSunlight.PROCESS_OUT_DATA,21248,EventSeverity.ACTIVITY_LO,Protect from Sunlight
2023-03-16 20:25:35,(2(0)-1678969535:51139),thrDistribute.DOTHRUSTER,9985,EventSeverity.ACTIVITY_LO,DO Thruster
2023-03-16 20:25:35,(2(0)-1678969535:51219),thrDistribute.THRUSTER,9984,EventSeverity.ACTIVITY_LO,Thruster 4 jet
2023-03-16 20:25:35,(2(0)-1678969535:51229),thrDistribute.THRUSTER,9984,EventSeverity.ACTIVITY_LO,Thruster 3 jet
2023-03-16 20:25:36,(2(0)-1678969536:61656),protectFromSunlight.PROCESS_OUT_DATA,21248,EventSeverity.ACTIVITY_LO,Protect from Sunlight
2023-03-16 20:25:36,(2(0)-1678969536:79759),thrDistribute.DOTHRUSTER,9985,EventSeverity.ACTIVITY_LO,DO Thruster
2023-03-16 20:25:36,(2(0)-1678969536:79820),thrDistribute.THRUSTER,9984,EventSeverity.ACTIVITY_LO,Thruster 16 jet
2023-03-16 20:25:37,(2(0)-1678969537:92152),protectFromSunlight.PROCESS_OUT_DATA,21248,EventSeverity.ACTIVITY_LO,Protect from Sunlight
2023-03-16 20:25:37,(2(0)-1678969537:108237),thrDistribute.DOTHRUSTER,9985,EventSeverity.ACTIVITY_LO,DO Thruster
2023-03-16 20:25:37,(2(0)-1678969537:108296),thrDistribute.THRUSTER,9984,EventSeverity.ACTIVITY_LO,Thruster 4 jet
2023-03-16 20:25:37,(2(0)-1678969537:108307),thrDistribute.THRUSTER,9984,EventSeverity.ACTIVITY_LO,Thruster 3 jet
2023-03-16 20:25:38,(2(0)-1678969538:117400),protectFromSunlight.PROCESS_OUT_DATA,21248,EventSeverity.ACTIVITY_LO,Protect from Sunlight
2023-03-16 20:25:38,(2(0)-1678969538:136969),thrDistribute.DOTHRUSTER,9985,EventSeverity.ACTIVITY_LO,DO Thruster
2023-03-16 20:25:38,(2(0)-1678969538:137050),thrDistribute.THRUSTER,9984,EventSeverity.ACTIVITY_LO,Thruster 4 jet
2023-03-16 20:25:38,(2(0)-1678969538:137072),thrDistribute.THRUSTER,9984,EventSeverity.ACTIVITY_LO,Thruster 3 jet
2023-03-16 20:25:39,(2(0)-1678969539:137716),protectFromSunlight.PROCESS_OUT_DATA,21248,EventSeverity.ACTIVITY_LO,Protect from Sunlight
2023-03-16 20:25:39,(2(0)-1678969539:165580),thrDistribute.DOTHRUSTER,9985,EventSeverity.ACTIVITY_LO,DO Thruster
2023-03-16 20:25:39,(2(0)-1678969539:165638),thrDistribute.THRUSTER,9984,EventSeverity.ACTIVITY_LO,Thruster 16 jet
2023-03-16 20:25:40,(2(0)-1678969540:158435),protectFromSunlight.PROCESS_OUT_DATA,21248,EventSeverity.ACTIVITY_LO,Protect from Sunlight
2023-03-16 20:25:40,(2(0)-1678969540:194306),thrDistribute.DOTHRUSTER,9985,EventSeverity.ACTIVITY_LO,DO Thruster
2023-03-16 20:25:40,(2(0)-1678969540:194467),thrDistribute.THRUSTER,9984,EventSeverity.ACTIVITY_LO,Thruster 4 jet
2023-03-16 20:25:40,(2(0)-1678969540:194536),thrDistribute.THRUSTER,9984,EventSeverity.ACTIVITY_LO,Thruster 3 jet
2023-03-16 20:25:41,(2(0)-1678969541:185454),protectFromSunlight.PROCESS_OUT_DATA,21248,EventSeverity.ACTIVITY_LO,Protect from Sunlight
2023-03-16 20:25:41,(2(0)-1678969541:222028),thrDistribute.DOTHRUSTER,9985,EventSeverity.ACTIVITY_LO,DO Thruster
2023-03-16 20:25:41,(2(0)-1678969541:222091),thrDistribute.THRUSTER,9984,EventSeverity.ACTIVITY_LO,Thruster 20 jet
2023-03-16 20:25:41,(2(0)-1678969541:222099),thrDistribute.THRUSTER,9984,EventSeverity.ACTIVITY_LO,Thruster 3 jet
2023-03-16 20:25:42,(2(0)-1678969542:209782),protectFromSunlight.PROCESS_OUT_DATA,21248,EventSeverity.ACTIVITY_LO,Protect from Sunlight
2023-03-16 20:25:42,(2(0)-1678969542:249690),thrDistribute.DOTHRUSTER,9985,EventSeverity.ACTIVITY_LO,DO Thruster
2023-03-16 20:25:42,(2(0)-1678969542:249783),thrDistribute.THRUSTER,9984,EventSeverity.ACTIVITY_LO,Thruster 4 jet
2023-03-16 20:25:42,(2(0)-1678969542:249808),thrDistribute.THRUSTER,9984,EventSeverity.ACTIVITY_LO,Thruster 3 jet
2023-03-16 20:25:43,(2(0)-1678969543:235391),protectFromSunlight.PROCESS_OUT_DATA,21248,EventSeverity.ACTIVITY_LO,Protect from Sunlight
2023-03-16 20:25:44,(2(0)-1678969544:264959),protectFromSunlight.PROCESS_OUT_DATA,21248,EventSeverity.ACTIVITY_LO,Protect from Sunlight
2023-03-16 20:25:44,(2(0)-1678969544:304433),thrDistribute.DOTHRUSTER,9985,EventSeverity.ACTIVITY_LO,DO Thruster
2023-03-16 20:25:44,(2(0)-1678969544:304530),thrDistribute.THRUSTER,9984,EventSeverity.ACTIVITY_LO,Thruster 20 jet
2023-03-16 20:25:44,(2(0)-1678969544:304538),thrDistribute.THRUSTER,9984,EventSeverity.ACTIVITY_LO,Thruster 3 jet
2023-03-16 20:25:45,(2(0)-1678969545:307558),protectFromSunlight.PROCESS_OUT_DATA,21248,EventSeverity.ACTIVITY_LO,Protect from Sunlight
2023-03-16 20:25:45,(2(0)-1678969545:333048),thrDistribute.DOTHRUSTER,9985,EventSeverity.ACTIVITY_LO,DO Thruster
2023-03-16 20:25:45,(2(0)-1678969545:333131),thrDistribute.THRUSTER,9984,EventSeverity.ACTIVITY_LO,Thruster 4 jet
2023-03-16 20:25:45,(2(0)-1678969545:333140),thrDistribute.THRUSTER,9984,EventSeverity.ACTIVITY_LO,Thruster 3 jet
2023-03-16 20:25:46,(2(0)-1678969546:340250),protectFromSunlight.PROCESS_OUT_DATA,21248,EventSeverity.ACTIVITY_LO,Protect from Sunlight
2023-03-16 20:25:46,(2(0)-1678969546:361312),thrDistribute.DOTHRUSTER,9985,EventSeverity.ACTIVITY_LO,DO Thruster
2023-03-16 20:25:46,(2(0)-1678969546:361395),thrDistribute.THRUSTER,9984,EventSeverity.ACTIVITY_LO,Thruster 16 jet
2023-03-16 20:25:47,(2(0)-1678969547:363496),protectFromSunlight.PROCESS_OUT_DATA,21248,EventSeverity.ACTIVITY_LO,Protect from Sunlight
2023-03-16 20:25:47,(2(0)-1678969547:390324),thrDistribute.DOTHRUSTER,9985,EventSeverity.ACTIVITY_LO,DO Thruster
2023-03-16 20:25:47,(2(0)-1678969547:390411),thrDistribute.THRUSTER,9984,EventSeverity.ACTIVITY_LO,Thruster 4 jet
2023-03-16 20:25:47,(2(0)-1678969547:390450),thrDistribute.THRUSTER,9984,EventSeverity.ACTIVITY_LO,Thruster 3 jet
2023-03-16 20:25:48,(2(0)-1678969548:387212),protectFromSunlight.PROCESS_OUT_DATA,21248,EventSeverity.ACTIVITY_LO,Protect from Sunlight
2023-03-16 20:25:48,(2(0)-1678969548:417869),thrDistribute.DOTHRUSTER,9985,EventSeverity.ACTIVITY_LO,DO Thruster
2023-03-16 20:25:48,(2(0)-1678969548:417933),thrDistribute.THRUSTER,9984,EventSeverity.ACTIVITY_LO,Thruster 4 jet
2023-03-16 20:25:48,(2(0)-1678969548:417941),thrDistribute.THRUSTER,9984,EventSeverity.ACTIVITY_LO,Thruster 3 jet
2023-03-16 20:25:49,(2(0)-1678969549:409694),protectFromSunlight.PROCESS_OUT_DATA,21248,EventSeverity.ACTIVITY_LO,Protect from Sunlight
2023-03-16 20:25:49,(2(0)-1678969549:445261),thrDistribute.DOTHRUSTER,9985,EventSeverity.ACTIVITY_LO,DO Thruster
2023-03-16 20:25:49,(2(0)-1678969549:445361),thrDistribute.THRUSTER,9984,EventSeverity.ACTIVITY_LO,Thruster 20 jet
2023-03-16 20:25:49,(2(0)-1678969549:445387),thrDistribute.THRUSTER,9984,EventSeverity.ACTIVITY_LO,Thruster 3 jet
2023-03-16 20:25:50,(2(0)-1678969550:454470),protectFromSunlight.PROCESS_OUT_DATA,21248,EventSeverity.ACTIVITY_LO,Protect from Sunlight
2023-03-16 20:25:51,(2(0)-1678969551:480128),protectFromSunlight.PROCESS_OUT_DATA,21248,EventSeverity.ACTIVITY_LO,Protect from Sunlight
2023-03-16 20:25:51,(2(0)-1678969551:503506),thrDistribute.DOTHRUSTER,9985,EventSeverity.ACTIVITY_LO,DO Thruster
2023-03-16 20:25:51,(2(0)-1678969551:503569),thrDistribute.THRUSTER,9984,EventSeverity.ACTIVITY_LO,Thruster 20 jet
2023-03-16 20:25:51,(2(0)-1678969551:503578),thrDistribute.THRUSTER,9984,EventSeverity.ACTIVITY_LO,Thruster 3 jet
2023-03-16 20:25:52,(2(0)-1678969552:505065),protectFromSunlight.PROCESS_OUT_DATA,21248,EventSeverity.ACTIVITY_LO,Protect from Sunlight
2023-03-16 20:25:52,(2(0)-1678969552:532182),thrDistribute.DOTHRUSTER,9985,EventSeverity.ACTIVITY_LO,DO Thruster
2023-03-16 20:25:52,(2(0)-1678969552:532251),thrDistribute.THRUSTER,9984,EventSeverity.ACTIVITY_LO,Thruster 4 jet
2023-03-16 20:25:52,(2(0)-1678969552:532262),thrDistribute.THRUSTER,9984,EventSeverity.ACTIVITY_LO,Thruster 3 jet
2023-03-16 20:25:53,(2(0)-1678969553:522825),protectFromSunlight.PROCESS_OUT_DATA,21248,EventSeverity.ACTIVITY_LO,Protect from Sunlight
2023-03-16 20:25:54,(2(0)-1678969554:581111),protectFromSunlight.PROCESS_OUT_DATA,21248,EventSeverity.ACTIVITY_LO,Protect from Sunlight
2023-03-16 20:25:54,(2(0)-1678969554:588049),thrDistribute.DOTHRUSTER,9985,EventSeverity.ACTIVITY_LO,DO Thruster
2023-03-16 20:25:54,(2(0)-1678969554:588115),thrDistribute.THRUSTER,9984,EventSeverity.ACTIVITY_LO,Thruster 20 jet
2023-03-16 20:25:54,(2(0)-1678969554:588124),thrDistribute.THRUSTER,9984,EventSeverity.ACTIVITY_LO,Thruster 3 jet
2023-03-16 20:25:55,(2(0)-1678969555:600843),protectFromSunlight.PROCESS_OUT_DATA,21248,EventSeverity.ACTIVITY_LO,Protect from Sunlight
2023-03-16 20:25:55,(2(0)-1678969555:615993),thrDistribute.DOTHRUSTER,9985,EventSeverity.ACTIVITY_LO,DO Thruster
2023-03-16 20:25:55,(2(0)-1678969555:616047),thrDistribute.THRUSTER,9984,EventSeverity.ACTIVITY_LO,Thruster 4 jet
2023-03-16 20:25:55,(2(0)-1678969555:616054),thrDistribute.THRUSTER,9984,EventSeverity.ACTIVITY_LO,Thruster 3 jet
2023-03-16 20:25:56,(2(0)-1678969556:635973),protectFromSunlight.PROCESS_OUT_DATA,21248,EventSeverity.ACTIVITY_LO,Protect from Sunlight
2023-03-16 20:25:56,(2(0)-1678969556:645830),thrDistribute.DOTHRUSTER,9985,EventSeverity.ACTIVITY_LO,DO Thruster
2023-03-16 20:25:56,(2(0)-1678969556:645888),thrDistribute.THRUSTER,9984,EventSeverity.ACTIVITY_LO,Thruster 20 jet
2023-03-16 20:25:56,(2(0)-1678969556:645894),thrDistribute.THRUSTER,9984,EventSeverity.ACTIVITY_LO,Thruster 3 jet
2023-03-16 20:25:57,(2(0)-1678969557:668033),protectFromSunlight.PROCESS_OUT_DATA,21248,EventSeverity.ACTIVITY_LO,Protect from Sunlight
2023-03-16 20:25:58,(2(0)-1678969558:688691),protectFromSunlight.PROCESS_OUT_DATA,21248,EventSeverity.ACTIVITY_LO,Protect from Sunlight
2023-03-16 20:25:58,(2(0)-1678969558:700443),thrDistribute.DOTHRUSTER,9985,EventSeverity.ACTIVITY_LO,DO Thruster
2023-03-16 20:25:58,(2(0)-1678969558:700492),thrDistribute.THRUSTER,9984,EventSeverity.ACTIVITY_LO,Thruster 4 jet
2023-03-16 20:25:58,(2(0)-1678969558:700499),thrDistribute.THRUSTER,9984,EventSeverity.ACTIVITY_LO,Thruster 3 jet
2023-03-16 20:25:59,(2(0)-1678969559:709527),protectFromSunlight.PROCESS_OUT_DATA,21248,EventSeverity.ACTIVITY_LO,Protect from Sunlight
2023-03-16 20:25:59,(2(0)-1678969559:727955),thrDistribute.DOTHRUSTER,9985,EventSeverity.ACTIVITY_LO,DO Thruster
2023-03-16 20:25:59,(2(0)-1678969559:728009),thrDistribute.THRUSTER,9984,EventSeverity.ACTIVITY_LO,Thruster 20 jet
2023-03-16 20:25:59,(2(0)-1678969559:728015),thrDistribute.THRUSTER,9984,EventSeverity.ACTIVITY_LO,Thruster 3 jet
2023-03-16 20:26:00,(2(0)-1678969560:727254),protectFromSunlight.PROCESS_OUT_DATA,21248,EventSeverity.ACTIVITY_LO,Protect from Sunlight
2023-03-16 20:26:01,(2(0)-1678969561:756417),protectFromSunlight.PROCESS_OUT_DATA,21248,EventSeverity.ACTIVITY_LO,Protect from Sunlight
2023-03-16 20:26:01,(2(0)-1678969561:783995),thrDistribute.DOTHRUSTER,9985,EventSeverity.ACTIVITY_LO,DO Thruster
2023-03-16 20:26:01,(2(0)-1678969561:784052),thrDistribute.THRUSTER,9984,EventSeverity.ACTIVITY_LO,Thruster 20 jet
2023-03-16 20:26:01,(2(0)-1678969561:784062),thrDistribute.THRUSTER,9984,EventSeverity.ACTIVITY_LO,Thruster 3 jet
2023-03-16 20:26:02,(2(0)-1678969562:799358),protectFromSunlight.PROCESS_OUT_DATA,21248,EventSeverity.ACTIVITY_LO,Protect from Sunlight
2023-03-16 20:26:02,(2(0)-1678969562:812104),thrDistribute.DOTHRUSTER,9985,EventSeverity.ACTIVITY_LO,DO Thruster
2023-03-16 20:26:02,(2(0)-1678969562:812175),thrDistribute.THRUSTER,9984,EventSeverity.ACTIVITY_LO,Thruster 4 jet
2023-03-16 20:26:02,(2(0)-1678969562:812183),thrDistribute.THRUSTER,9984,EventSeverity.ACTIVITY_LO,Thruster 3 jet
2023-03-16 20:26:03,(2(0)-1678969563:842071),protectFromSunlight.PROCESS_OUT_DATA,21248,EventSeverity.ACTIVITY_LO,Protect from Sunlight
2023-03-16 20:26:03,(2(0)-1678969563:969181),thrDistribute.DOTHRUSTER,9985,EventSeverity.ACTIVITY_LO,DO Thruster
2023-03-16 20:26:03,(2(0)-1678969563:969257),thrDistribute.THRUSTER,9984,EventSeverity.ACTIVITY_LO,Thruster 4 jet
2023-03-16 20:26:03,(2(0)-1678969563:969268),thrDistribute.THRUSTER,9984,EventSeverity.ACTIVITY_LO,Thruster 3 jet
2023-03-16 20:26:04,(2(0)-1678969564:857479),protectFromSunlight.PROCESS_OUT_DATA,21248,EventSeverity.ACTIVITY_LO,Protect from Sunlight
2023-03-16 20:26:04,(2(0)-1678969564:869268),thrDistribute.DOTHRUSTER,9985,EventSeverity.ACTIVITY_LO,DO Thruster
2023-03-16 20:26:04,(2(0)-1678969564:869335),thrDistribute.THRUSTER,9984,EventSeverity.ACTIVITY_LO,Thruster 16 jet
2023-03-16 20:26:05,(2(0)-1678969565:889481),protectFromSunlight.PROCESS_OUT_DATA,21248,EventSeverity.ACTIVITY_LO,Protect from Sunlight
2023-03-16 20:26:05,(2(0)-1678969565:896221),thrDistribute.DOTHRUSTER,9985,EventSeverity.ACTIVITY_LO,DO Thruster
2023-03-16 20:26:05,(2(0)-1678969565:896266),thrDistribute.THRUSTER,9984,EventSeverity.ACTIVITY_LO,Thruster 4 jet
2023-03-16 20:26:05,(2(0)-1678969565:896273),thrDistribute.THRUSTER,9984,EventSeverity.ACTIVITY_LO,Thruster 3 jet
2023-03-16 20:26:06,(2(0)-1678969566:910077),protectFromSunlight.PROCESS_OUT_DATA,21248,EventSeverity.ACTIVITY_LO,Protect from Sunlight
2023-03-16 20:26:06,(2(0)-1678969566:924718),thrDistribute.DOTHRUSTER,9985,EventSeverity.ACTIVITY_LO,DO Thruster
2023-03-16 20:26:06,(2(0)-1678969566:924851),thrDistribute.THRUSTER,9984,EventSeverity.ACTIVITY_LO,Thruster 20 jet
2023-03-16 20:26:06,(2(0)-1678969566:924869),thrDistribute.THRUSTER,9984,EventSeverity.ACTIVITY_LO,Thruster 3 jet
2023-03-16 20:26:07,(2(0)-1678969567:932024),protectFromSunlight.PROCESS_OUT_DATA,21248,EventSeverity.ACTIVITY_LO,Protect from Sunlight
2023-03-16 20:26:08,(2(0)-1678969568:972439),protectFromSunlight.PROCESS_OUT_DATA,21248,EventSeverity.ACTIVITY_LO,Protect from Sunlight
2023-03-16 20:26:08,(2(0)-1678969568:979358),thrDistribute.DOTHRUSTER,9985,EventSeverity.ACTIVITY_LO,DO Thruster
2023-03-16 20:26:08,(2(0)-1678969568:979429),thrDistribute.THRUSTER,9984,EventSeverity.ACTIVITY_LO,Thruster 4 jet
2023-03-16 20:26:08,(2(0)-1678969568:979435),thrDistribute.THRUSTER,9984,EventSeverity.ACTIVITY_LO,Thruster 3 jet
2023-03-16 20:26:09,(2(0)-1678969569:998314),protectFromSunlight.PROCESS_OUT_DATA,21248,EventSeverity.ACTIVITY_LO,Protect from Sunlight
2023-03-16 20:26:10,(2(0)-1678969570:5631),thrDistribute.DOTHRUSTER,9985,EventSeverity.ACTIVITY_LO,DO Thruster
2023-03-16 20:26:10,(2(0)-1678969570:5669),thrDistribute.THRUSTER,9984,EventSeverity.ACTIVITY_LO,Thruster 20 jet
2023-03-16 20:26:10,(2(0)-1678969570:5674),thrDistribute.THRUSTER,9984,EventSeverity.ACTIVITY_LO,Thruster 3 jet
2023-03-16 20:26:11,(2(0)-1678969571:31073),protectFromSunlight.PROCESS_OUT_DATA,21248,EventSeverity.ACTIVITY_LO,Protect from Sunlight
2023-03-16 20:26:11,(2(0)-1678969571:31966),thrDistribute.DOTHRUSTER,9985,EventSeverity.ACTIVITY_LO,DO Thruster
2023-03-16 20:26:11,(2(0)-1678969571:32012),thrDistribute.THRUSTER,9984,EventSeverity.ACTIVITY_LO,Thruster 4 jet
2023-03-16 20:26:11,(2(0)-1678969571:32018),thrDistribute.THRUSTER,9984,EventSeverity.ACTIVITY_LO,Thruster 3 jet
2023-03-16 20:26:12,(2(0)-1678969572:74798),protectFromSunlight.PROCESS_OUT_DATA,21248,EventSeverity.ACTIVITY_LO,Protect from Sunlight
2023-03-16 20:26:12,(2(0)-1678969572:187371),thrDistribute.DOTHRUSTER,9985,EventSeverity.ACTIVITY_LO,DO Thruster
2023-03-16 20:26:12,(2(0)-1678969572:187477),thrDistribute.THRUSTER,9984,EventSeverity.ACTIVITY_LO,Thruster 16 jet
2023-03-16 20:26:13,(2(0)-1678969573:104475),protectFromSunlight.PROCESS_OUT_DATA,21248,EventSeverity.ACTIVITY_LO,Protect from Sunlight
2023-03-16 20:26:13,(2(0)-1678969573:214595),thrDistribute.DOTHRUSTER,9985,EventSeverity.ACTIVITY_LO,DO Thruster
2023-03-16 20:26:13,(2(0)-1678969573:214692),thrDistribute.THRUSTER,9984,EventSeverity.ACTIVITY_LO,Thruster 4 jet
2023-03-16 20:26:13,(2(0)-1678969573:214704),thrDistribute.THRUSTER,9984,EventSeverity.ACTIVITY_LO,Thruster 3 jet
2023-03-16 20:26:14,(2(0)-1678969574:135398),protectFromSunlight.PROCESS_OUT_DATA,21248,EventSeverity.ACTIVITY_LO,Protect from Sunlight
2023-03-16 20:26:14,(2(0)-1678969574:241274),thrDistribute.DOTHRUSTER,9985,EventSeverity.ACTIVITY_LO,DO Thruster
2023-03-16 20:26:14,(2(0)-1678969574:241339),thrDistribute.THRUSTER,9984,EventSeverity.ACTIVITY_LO,Thruster 4 jet
2023-03-16 20:26:14,(2(0)-1678969574:241347),thrDistribute.THRUSTER,9984,EventSeverity.ACTIVITY_LO,Thruster 3 jet
2023-03-16 20:26:15,(2(0)-1678969575:161829),protectFromSunlight.PROCESS_OUT_DATA,21248,EventSeverity.ACTIVITY_LO,Protect from Sunlight
2023-03-16 20:26:15,(2(0)-1678969575:268220),thrDistribute.DOTHRUSTER,9985,EventSeverity.ACTIVITY_LO,DO Thruster
2023-03-16 20:26:15,(2(0)-1678969575:268322),thrDistribute.THRUSTER,9984,EventSeverity.ACTIVITY_LO,Thruster 16 jet
2023-03-16 20:26:16,(2(0)-1678969576:195568),protectFromSunlight.PROCESS_OUT_DATA,21248,EventSeverity.ACTIVITY_LO,Protect from Sunlight
2023-03-16 20:26:16,(2(0)-1678969576:297733),thrDistribute.DOTHRUSTER,9985,EventSeverity.ACTIVITY_LO,DO Thruster
2023-03-16 20:26:16,(2(0)-1678969576:297794),thrDistribute.THRUSTER,9984,EventSeverity.ACTIVITY_LO,Thruster 4 jet
2023-03-16 20:26:16,(2(0)-1678969576:297802),thrDistribute.THRUSTER,9984,EventSeverity.ACTIVITY_LO,Thruster 3 jet
2023-03-16 20:26:17,(2(0)-1678969577:218767),protectFromSunlight.PROCESS_OUT_DATA,21248,EventSeverity.ACTIVITY_LO,Protect from Sunlight
2023-03-16 20:26:17,(2(0)-1678969577:326571),thrDistribute.DOTHRUSTER,9985,EventSeverity.ACTIVITY_LO,DO Thruster
2023-03-16 20:26:17,(2(0)-1678969577:326716),thrDistribute.THRUSTER,9984,EventSeverity.ACTIVITY_LO,Thruster 4 jet
2023-03-16 20:26:17,(2(0)-1678969577:326736),thrDistribute.THRUSTER,9984,EventSeverity.ACTIVITY_LO,Thruster 3 jet
2023-03-16 20:26:18,(2(0)-1678969578:242624),protectFromSunlight.PROCESS_OUT_DATA,21248,EventSeverity.ACTIVITY_LO,Protect from Sunlight
2023-03-16 20:26:18,(2(0)-1678969578:353021),thrDistribute.DOTHRUSTER,9985,EventSeverity.ACTIVITY_LO,DO Thruster
2023-03-16 20:26:18,(2(0)-1678969578:353075),thrDistribute.THRUSTER,9984,EventSeverity.ACTIVITY_LO,Thruster 20 jet
2023-03-16 20:26:18,(2(0)-1678969578:353083),thrDistribute.THRUSTER,9984,EventSeverity.ACTIVITY_LO,Thruster 3 jet
2023-03-16 20:26:19,(2(0)-1678969579:267551),protectFromSunlight.PROCESS_OUT_DATA,21248,EventSeverity.ACTIVITY_LO,Protect from Sunlight
2023-03-16 20:26:20,(2(0)-1678969580:297152),protectFromSunlight.PROCESS_OUT_DATA,21248,EventSeverity.ACTIVITY_LO,Protect from Sunlight
2023-03-16 20:26:20,(2(0)-1678969580:408205),thrDistribute.DOTHRUSTER,9985,EventSeverity.ACTIVITY_LO,DO Thruster
2023-03-16 20:26:20,(2(0)-1678969580:408262),thrDistribute.THRUSTER,9984,EventSeverity.ACTIVITY_LO,Thruster 20 jet
2023-03-16 20:26:20,(2(0)-1678969580:408269),thrDistribute.THRUSTER,9984,EventSeverity.ACTIVITY_LO,Thruster 3 jet
2023-03-16 20:26:21,(2(0)-1678969581:317799),protectFromSunlight.PROCESS_OUT_DATA,21248,EventSeverity.ACTIVITY_LO,Protect from Sunlight
2023-03-16 20:26:21,(2(0)-1678969581:434899),thrDistribute.DOTHRUSTER,9985,EventSeverity.ACTIVITY_LO,DO Thruster
2023-03-16 20:26:21,(2(0)-1678969581:434957),thrDistribute.THRUSTER,9984,EventSeverity.ACTIVITY_LO,Thruster 4 jet
2023-03-16 20:26:21,(2(0)-1678969581:434965),thrDistribute.THRUSTER,9984,EventSeverity.ACTIVITY_LO,Thruster 3 jet
2023-03-16 20:26:22,(2(0)-1678969582:360066),protectFromSunlight.PROCESS_OUT_DATA,21248,EventSeverity.ACTIVITY_LO,Protect from Sunlight
2023-03-16 20:26:23,(2(0)-1678969583:407617),protectFromSunlight.PROCESS_OUT_DATA,21248,EventSeverity.ACTIVITY_LO,Protect from Sunlight
2023-03-16 20:26:23,(2(0)-1678969583:493110),thrDistribute.DOTHRUSTER,9985,EventSeverity.ACTIVITY_LO,DO Thruster
2023-03-16 20:26:23,(2(0)-1678969583:493288),thrDistribute.THRUSTER,9984,EventSeverity.ACTIVITY_LO,Thruster 20 jet
2023-03-16 20:26:23,(2(0)-1678969583:493303),thrDistribute.THRUSTER,9984,EventSeverity.ACTIVITY_LO,Thruster 3 jet
2023-03-16 20:26:24,(2(0)-1678969584:451083),protectFromSunlight.PROCESS_OUT_DATA,21248,EventSeverity.ACTIVITY_LO,Protect from Sunlight
2023-03-16 20:26:24,(2(0)-1678969584:520156),thrDistribute.DOTHRUSTER,9985,EventSeverity.ACTIVITY_LO,DO Thruster
2023-03-16 20:26:24,(2(0)-1678969584:520214),thrDistribute.THRUSTER,9984,EventSeverity.ACTIVITY_LO,Thruster 4 jet
2023-03-16 20:26:24,(2(0)-1678969584:520222),thrDistribute.THRUSTER,9984,EventSeverity.ACTIVITY_LO,Thruster 3 jet
2023-03-16 20:26:25,(2(0)-1678969585:479093),protectFromSunlight.PROCESS_OUT_DATA,21248,EventSeverity.ACTIVITY_LO,Protect from Sunlight
2023-03-16 20:26:25,(2(0)-1678969585:546094),thrDistribute.DOTHRUSTER,9985,EventSeverity.ACTIVITY_LO,DO Thruster
2023-03-16 20:26:25,(2(0)-1678969585:546161),thrDistribute.THRUSTER,9984,EventSeverity.ACTIVITY_LO,Thruster 20 jet
2023-03-16 20:26:25,(2(0)-1678969585:546170),thrDistribute.THRUSTER,9984,EventSeverity.ACTIVITY_LO,Thruster 3 jet
2023-03-16 20:26:26,(2(0)-1678969586:476924),protectFromSunlight.PROCESS_OUT_DATA,21248,EventSeverity.ACTIVITY_LO,Protect from Sunlight
