2023-03-18 10:57:32,(2(0)-1679108252:736243),cmdDisp.OpCodeDispatched,1281,EventSeverity.COMMAND,Opcode 0xe00 dispatched to port 7
2023-03-18 10:57:32,(2(0)-1679108252:736373),control.START_CONTROL,3584,EventSeverity.ACTIVITY_LO,start control
2023-03-18 10:57:33,(2(0)-1679108253:249309),thrDistribute.THRUSTER,9984,EventSeverity.ACTIVITY_LO,Thruster 3 jet
2023-03-18 10:57:33,(2(0)-1679108253:249493),thrDistribute.THRUSTER,9984,EventSeverity.ACTIVITY_LO,Thruster 5 jet
2023-03-18 10:57:34,(2(0)-1679108254:276286),thrDistribute.THRUSTER,9984,EventSeverity.ACTIVITY_LO,Thruster 3 jet
2023-03-18 10:57:34,(2(0)-1679108254:276347),thrDistribute.THRUSTER,9984,EventSeverity.ACTIVITY_LO,Thruster 5 jet
2023-03-18 10:57:35,(2(0)-1679108255:431424),thrDistribute.THRUSTER,9984,EventSeverity.ACTIVITY_LO,Thruster 3 jet
2023-03-18 10:57:35,(2(0)-1679108255:431486),thrDistribute.THRUSTER,9984,EventSeverity.ACTIVITY_LO,Thruster 5 jet
2023-03-18 10:57:36,(2(0)-1679108256:460111),thrDistribute.THRUSTER,9984,EventSeverity.ACTIVITY_LO,Thruster 3 jet
2023-03-18 10:57:36,(2(0)-1679108256:460158),thrDistribute.THRUSTER,9984,EventSeverity.ACTIVITY_LO,Thruster 5 jet
2023-03-18 10:57:37,(2(0)-1679108257:488097),thrDistribute.THRUSTER,9984,EventSeverity.ACTIVITY_LO,Thruster 3 jet
2023-03-18 10:57:37,(2(0)-1679108257:488164),thrDistribute.THRUSTER,9984,EventSeverity.ACTIVITY_LO,Thruster 5 jet
2023-03-18 10:57:38,(2(0)-1679108258:515621),thrDistribute.THRUSTER,9984,EventSeverity.ACTIVITY_LO,Thruster 3 jet
2023-03-18 10:57:38,(2(0)-1679108258:515686),thrDistribute.THRUSTER,9984,EventSeverity.ACTIVITY_LO,Thruster 5 jet
2023-03-18 10:57:39,(2(0)-1679108259:543954),thrDistribute.THRUSTER,9984,EventSeverity.ACTIVITY_LO,Thruster 3 jet
2023-03-18 10:57:39,(2(0)-1679108259:544040),thrDistribute.THRUSTER,9984,EventSeverity.ACTIVITY_LO,Thruster 5 jet
2023-03-18 10:57:40,(2(0)-1679108260:701365),thrDistribute.THRUSTER,9984,EventSeverity.ACTIVITY_LO,Thruster 3 jet
2023-03-18 10:57:41,(2(0)-1679108261:729726),thrDistribute.THRUSTER,9984,EventSeverity.ACTIVITY_LO,Thruster 3 jet
2023-03-18 10:57:42,(2(0)-1679108262:757826),thrDistribute.THRUSTER,9984,EventSeverity.ACTIVITY_LO,Thruster 3 jet
2023-03-18 10:57:42,(2(0)-1679108262:757993),thrDistribute.THRUSTER,9984,EventSeverity.ACTIVITY_LO,Thruster 5 jet
2023-03-18 10:57:43,(2(0)-1679108263:784929),thrDistribute.THRUSTER,9984,EventSeverity.ACTIVITY_LO,Thruster 3 jet
2023-03-18 10:57:44,(2(0)-1679108264:812596),thrDistribute.THRUSTER,9984,EventSeverity.ACTIVITY_LO,Thruster 3 jet
2023-03-18 10:57:44,(2(0)-1679108264:812704),thrDistribute.THRUSTER,9984,EventSeverity.ACTIVITY_LO,Thruster 5 jet
2023-03-18 10:57:45,(2(0)-1679108265:840440),thrDistribute.THRUSTER,9984,EventSeverity.ACTIVITY_LO,Thruster 3 jet
2023-03-18 10:57:46,(2(0)-1679108266:868746),thrDistribute.THRUSTER,9984,EventSeverity.ACTIVITY_LO,Thruster 3 jet
2023-03-18 10:57:47,(2(0)-1679108267:896308),thrDistribute.THRUSTER,9984,EventSeverity.ACTIVITY_LO,Thruster 3 jet
2023-03-18 10:57:47,(2(0)-1679108267:896375),thrDistribute.THRUSTER,9984,EventSeverity.ACTIVITY_LO,Thruster 5 jet
2023-03-18 10:57:48,(2(0)-1679108268:922707),thrDistribute.THRUSTER,9984,EventSeverity.ACTIVITY_LO,Thruster 3 jet
2023-03-18 10:57:49,(2(0)-1679108269:950916),thrDistribute.THRUSTER,9984,EventSeverity.ACTIVITY_LO,Thruster 3 jet
2023-03-18 10:57:49,(2(0)-1679108269:951067),thrDistribute.THRUSTER,9984,EventSeverity.ACTIVITY_LO,Thruster 5 jet
2023-03-18 10:57:52,(2(0)-1679108272:136432),thrDistribute.THRUSTER,9984,EventSeverity.ACTIVITY_LO,Thruster 3 jet
2023-03-18 10:57:53,(2(0)-1679108273:167433),thrDistribute.THRUSTER,9984,EventSeverity.ACTIVITY_LO,Thruster 3 jet
2023-03-18 10:57:53,(2(0)-1679108273:167528),thrDistribute.THRUSTER,9984,EventSeverity.ACTIVITY_LO,Thruster 5 jet
2023-03-18 10:57:55,(2(0)-1679108275:352778),thrDistribute.THRUSTER,9984,EventSeverity.ACTIVITY_LO,Thruster 3 jet
2023-03-18 10:57:55,(2(0)-1679108275:353015),thrDistribute.THRUSTER,9984,EventSeverity.ACTIVITY_LO,Thruster 5 jet
2023-03-18 10:57:56,(2(0)-1679108276:251472),thrDistribute.THRUSTER,9984,EventSeverity.ACTIVITY_LO,Thruster 3 jet
2023-03-18 10:57:57,(2(0)-1679108277:279359),thrDistribute.THRUSTER,9984,EventSeverity.ACTIVITY_LO,Thruster 3 jet
2023-03-18 10:57:58,(2(0)-1679108278:308588),thrDistribute.THRUSTER,9984,EventSeverity.ACTIVITY_LO,Thruster 5 jet
2023-03-18 10:57:59,(2(0)-1679108279:336728),thrDistribute.THRUSTER,9984,EventSeverity.ACTIVITY_LO,Thruster 3 jet
2023-03-18 10:58:00,(2(0)-1679108280:366199),thrDistribute.THRUSTER,9984,EventSeverity.ACTIVITY_LO,Thruster 3 jet
2023-03-18 10:58:01,(2(0)-1679108281:394481),thrDistribute.THRUSTER,9984,EventSeverity.ACTIVITY_LO,Thruster 5 jet
2023-03-18 10:58:02,(2(0)-1679108282:421612),thrDistribute.THRUSTER,9984,EventSeverity.ACTIVITY_LO,Thruster 3 jet
2023-03-18 10:58:03,(2(0)-1679108283:579818),thrDistribute.THRUSTER,9984,EventSeverity.ACTIVITY_LO,Thruster 3 jet
2023-03-18 10:58:03,(2(0)-1679108283:580000),thrDistribute.THRUSTER,9984,EventSeverity.ACTIVITY_LO,Thruster 5 jet
2023-03-18 10:58:04,(2(0)-1679108284:607884),thrDistribute.THRUSTER,9984,EventSeverity.ACTIVITY_LO,Thruster 3 jet
2023-03-18 10:58:06,(2(0)-1679108286:664837),thrDistribute.THRUSTER,9984,EventSeverity.ACTIVITY_LO,Thruster 3 jet
2023-03-18 10:58:06,(2(0)-1679108286:665046),thrDistribute.THRUSTER,9984,EventSeverity.ACTIVITY_LO,Thruster 5 jet
2023-03-18 10:58:07,(2(0)-1679108287:693118),thrDistribute.THRUSTER,9984,EventSeverity.ACTIVITY_LO,Thruster 3 jet
2023-03-18 10:58:08,(2(0)-1679108288:592922),thrDistribute.THRUSTER,9984,EventSeverity.ACTIVITY_LO,Thruster 5 jet
2023-03-18 10:58:09,(2(0)-1679108289:622016),thrDistribute.THRUSTER,9984,EventSeverity.ACTIVITY_LO,Thruster 3 jet
2023-03-18 10:58:10,(2(0)-1679108290:650208),thrDistribute.THRUSTER,9984,EventSeverity.ACTIVITY_LO,Thruster 3 jet
2023-03-18 10:58:11,(2(0)-1679108291:678471),thrDistribute.THRUSTER,9984,EventSeverity.ACTIVITY_LO,Thruster 3 jet
2023-03-18 10:58:11,(2(0)-1679108291:678542),thrDistribute.THRUSTER,9984,EventSeverity.ACTIVITY_LO,Thruster 5 jet
2023-03-18 10:58:13,(2(0)-1679108293:734912),thrDistribute.THRUSTER,9984,EventSeverity.ACTIVITY_LO,Thruster 3 jet
2023-03-18 10:58:13,(2(0)-1679108293:734984),thrDistribute.THRUSTER,9984,EventSeverity.ACTIVITY_LO,Thruster 5 jet
2023-03-18 10:58:14,(2(0)-1679108294:764467),thrDistribute.THRUSTER,9984,EventSeverity.ACTIVITY_LO,Thruster 3 jet
2023-03-18 10:58:16,(2(0)-1679108296:822409),thrDistribute.THRUSTER,9984,EventSeverity.ACTIVITY_LO,Thruster 3 jet
2023-03-18 10:58:16,(2(0)-1679108296:822470),thrDistribute.THRUSTER,9984,EventSeverity.ACTIVITY_LO,Thruster 5 jet
2023-03-18 10:58:17,(2(0)-1679108297:850143),thrDistribute.THRUSTER,9984,EventSeverity.ACTIVITY_LO,Thruster 3 jet
2023-03-18 10:58:18,(2(0)-1679108298:878737),thrDistribute.THRUSTER,9984,EventSeverity.ACTIVITY_LO,Thruster 3 jet
2023-03-18 10:58:18,(2(0)-1679108298:878802),thrDistribute.THRUSTER,9984,EventSeverity.ACTIVITY_LO,Thruster 5 jet
2023-03-18 10:58:21,(2(0)-1679108301:63008),thrDistribute.THRUSTER,9984,EventSeverity.ACTIVITY_LO,Thruster 3 jet
2023-03-18 10:58:22,(2(0)-1679108302:90336),thrDistribute.THRUSTER,9984,EventSeverity.ACTIVITY_LO,Thruster 3 jet
2023-03-18 10:58:22,(2(0)-1679108302:90436),thrDistribute.THRUSTER,9984,EventSeverity.ACTIVITY_LO,Thruster 5 jet
2023-03-18 10:58:24,(2(0)-1679108304:147888),thrDistribute.THRUSTER,9984,EventSeverity.ACTIVITY_LO,Thruster 3 jet
2023-03-18 10:58:24,(2(0)-1679108304:148160),thrDistribute.THRUSTER,9984,EventSeverity.ACTIVITY_LO,Thruster 5 jet
2023-03-18 10:58:25,(2(0)-1679108305:177071),thrDistribute.THRUSTER,9984,EventSeverity.ACTIVITY_LO,Thruster 3 jet
2023-03-18 10:58:26,(2(0)-1679108306:205376),thrDistribute.THRUSTER,9984,EventSeverity.ACTIVITY_LO,Thruster 3 jet
2023-03-18 10:58:27,(2(0)-1679108307:233847),thrDistribute.THRUSTER,9984,EventSeverity.ACTIVITY_LO,Thruster 5 jet
2023-03-18 10:58:28,(2(0)-1679108308:262475),thrDistribute.THRUSTER,9984,EventSeverity.ACTIVITY_LO,Thruster 3 jet
2023-03-18 10:58:29,(2(0)-1679108309:291318),thrDistribute.THRUSTER,9984,EventSeverity.ACTIVITY_LO,Thruster 3 jet
2023-03-18 10:58:29,(2(0)-1679108309:291409),thrDistribute.THRUSTER,9984,EventSeverity.ACTIVITY_LO,Thruster 5 jet
2023-03-18 10:58:31,(2(0)-1679108311:347556),thrDistribute.THRUSTER,9984,EventSeverity.ACTIVITY_LO,Thruster 3 jet
2023-03-18 10:58:32,(2(0)-1679108312:376260),thrDistribute.THRUSTER,9984,EventSeverity.ACTIVITY_LO,Thruster 3 jet
2023-03-18 10:58:32,(2(0)-1679108312:376320),thrDistribute.THRUSTER,9984,EventSeverity.ACTIVITY_LO,Thruster 5 jet
2023-03-18 10:58:33,(2(0)-1679108313:403687),thrDistribute.THRUSTER,9984,EventSeverity.ACTIVITY_LO,Thruster 3 jet
2023-03-18 10:58:34,(2(0)-1679108314:431642),thrDistribute.THRUSTER,9984,EventSeverity.ACTIVITY_LO,Thruster 5 jet
2023-03-18 10:58:35,(2(0)-1679108315:460251),thrDistribute.THRUSTER,9984,EventSeverity.ACTIVITY_LO,Thruster 3 jet
2023-03-18 10:58:36,(2(0)-1679108316:489142),thrDistribute.THRUSTER,9984,EventSeverity.ACTIVITY_LO,Thruster 3 jet
2023-03-18 10:58:37,(2(0)-1679108317:648447),thrDistribute.THRUSTER,9984,EventSeverity.ACTIVITY_LO,Thruster 5 jet
2023-03-18 10:58:38,(2(0)-1679108318:678541),thrDistribute.THRUSTER,9984,EventSeverity.ACTIVITY_LO,Thruster 3 jet
2023-03-18 10:58:39,(2(0)-1679108319:706503),thrDistribute.THRUSTER,9984,EventSeverity.ACTIVITY_LO,Thruster 3 jet
2023-03-18 10:58:40,(2(0)-1679108320:734098),thrDistribute.THRUSTER,9984,EventSeverity.ACTIVITY_LO,Thruster 3 jet
2023-03-18 10:58:40,(2(0)-1679108320:734219),thrDistribute.THRUSTER,9984,EventSeverity.ACTIVITY_LO,Thruster 5 jet
2023-03-18 10:58:42,(2(0)-1679108322:789626),thrDistribute.THRUSTER,9984,EventSeverity.ACTIVITY_LO,Thruster 3 jet
2023-03-18 10:58:42,(2(0)-1679108322:789688),thrDistribute.THRUSTER,9984,EventSeverity.ACTIVITY_LO,Thruster 5 jet
2023-03-18 10:58:43,(2(0)-1679108323:818169),thrDistribute.THRUSTER,9984,EventSeverity.ACTIVITY_LO,Thruster 3 jet
2023-03-18 10:58:45,(2(0)-1679108325:873760),thrDistribute.THRUSTER,9984,EventSeverity.ACTIVITY_LO,Thruster 3 jet
2023-03-18 10:58:45,(2(0)-1679108325:873824),thrDistribute.THRUSTER,9984,EventSeverity.ACTIVITY_LO,Thruster 5 jet
2023-03-18 10:58:46,(2(0)-1679108326:900788),thrDistribute.THRUSTER,9984,EventSeverity.ACTIVITY_LO,Thruster 3 jet
2023-03-18 10:58:47,(2(0)-1679108327:929047),thrDistribute.THRUSTER,9984,EventSeverity.ACTIVITY_LO,Thruster 3 jet
2023-03-18 10:58:47,(2(0)-1679108327:929115),thrDistribute.THRUSTER,9984,EventSeverity.ACTIVITY_LO,Thruster 5 jet
2023-03-18 10:58:49,(2(0)-1679108329:985439),thrDistribute.THRUSTER,9984,EventSeverity.ACTIVITY_LO,Thruster 3 jet
2023-03-18 10:58:51,(2(0)-1679108331:13026),thrDistribute.THRUSTER,9984,EventSeverity.ACTIVITY_LO,Thruster 3 jet
2023-03-18 10:58:51,(2(0)-1679108331:13135),thrDistribute.THRUSTER,9984,EventSeverity.ACTIVITY_LO,Thruster 5 jet
2023-03-18 10:58:53,(2(0)-1679108333:69603),thrDistribute.THRUSTER,9984,EventSeverity.ACTIVITY_LO,Thruster 3 jet
2023-03-18 10:58:53,(2(0)-1679108333:69689),thrDistribute.THRUSTER,9984,EventSeverity.ACTIVITY_LO,Thruster 5 jet
2023-03-18 10:58:54,(2(0)-1679108334:97608),thrDistribute.THRUSTER,9984,EventSeverity.ACTIVITY_LO,Thruster 3 jet
2023-03-18 10:58:55,(2(0)-1679108335:253695),thrDistribute.THRUSTER,9984,EventSeverity.ACTIVITY_LO,Thruster 3 jet
2023-03-18 10:58:56,(2(0)-1679108336:280615),thrDistribute.THRUSTER,9984,EventSeverity.ACTIVITY_LO,Thruster 5 jet
2023-03-18 10:58:57,(2(0)-1679108337:310080),thrDistribute.THRUSTER,9984,EventSeverity.ACTIVITY_LO,Thruster 3 jet
2023-03-18 10:58:58,(2(0)-1679108338:337880),thrDistribute.THRUSTER,9984,EventSeverity.ACTIVITY_LO,Thruster 3 jet
2023-03-18 10:58:58,(2(0)-1679108338:338069),thrDistribute.THRUSTER,9984,EventSeverity.ACTIVITY_LO,Thruster 5 jet
2023-03-18 10:59:00,(2(0)-1679108340:264189),thrDistribute.THRUSTER,9984,EventSeverity.ACTIVITY_LO,Thruster 3 jet
2023-03-18 10:59:01,(2(0)-1679108341:292433),thrDistribute.THRUSTER,9984,EventSeverity.ACTIVITY_LO,Thruster 3 jet
2023-03-18 10:59:01,(2(0)-1679108341:292514),thrDistribute.THRUSTER,9984,EventSeverity.ACTIVITY_LO,Thruster 5 jet
2023-03-18 10:59:02,(2(0)-1679108342:335220),protectFromSunlight.PROCESS_OUT_DATA,21248,EventSeverity.ACTIVITY_LO,Protect from Sunlight
2023-03-18 10:59:02,(2(0)-1679108342:451209),thrDistribute.THRUSTER,9984,EventSeverity.ACTIVITY_LO,Thruster 3 jet
2023-03-18 10:59:03,(2(0)-1679108343:392152),protectFromSunlight.PROCESS_OUT_DATA,21248,EventSeverity.ACTIVITY_LO,Protect from Sunlight
2023-03-18 10:59:03,(2(0)-1679108343:477750),thrDistribute.THRUSTER,9984,EventSeverity.ACTIVITY_LO,Thruster 5 jet
2023-03-18 10:59:04,(2(0)-1679108344:427816),protectFromSunlight.PROCESS_OUT_DATA,21248,EventSeverity.ACTIVITY_LO,Protect from Sunlight
2023-03-18 10:59:04,(2(0)-1679108344:506208),thrDistribute.THRUSTER,9984,EventSeverity.ACTIVITY_LO,Thruster 3 jet
2023-03-18 10:59:05,(2(0)-1679108345:476189),protectFromSunlight.PROCESS_OUT_DATA,21248,EventSeverity.ACTIVITY_LO,Protect from Sunlight
2023-03-18 10:59:05,(2(0)-1679108345:535291),thrDistribute.THRUSTER,9984,EventSeverity.ACTIVITY_LO,Thruster 3 jet
2023-03-18 10:59:06,(2(0)-1679108346:495085),protectFromSunlight.PROCESS_OUT_DATA,21248,EventSeverity.ACTIVITY_LO,Protect from Sunlight
2023-03-18 10:59:06,(2(0)-1679108346:563655),thrDistribute.THRUSTER,9984,EventSeverity.ACTIVITY_LO,Thruster 5 jet
2023-03-18 10:59:07,(2(0)-1679108347:515722),protectFromSunlight.PROCESS_OUT_DATA,21248,EventSeverity.ACTIVITY_LO,Protect from Sunlight
2023-03-18 10:59:07,(2(0)-1679108347:592021),thrDistribute.THRUSTER,9984,EventSeverity.ACTIVITY_LO,Thruster 3 jet
2023-03-18 10:59:08,(2(0)-1679108348:563610),protectFromSunlight.PROCESS_OUT_DATA,21248,EventSeverity.ACTIVITY_LO,Protect from Sunlight
2023-03-18 10:59:08,(2(0)-1679108348:619233),thrDistribute.THRUSTER,9984,EventSeverity.ACTIVITY_LO,Thruster 3 jet
2023-03-18 10:59:08,(2(0)-1679108348:619301),thrDistribute.THRUSTER,9984,EventSeverity.ACTIVITY_LO,Thruster 5 jet
2023-03-18 10:59:09,(2(0)-1679108349:593061),protectFromSunlight.PROCESS_OUT_DATA,21248,EventSeverity.ACTIVITY_LO,Protect from Sunlight
2023-03-18 10:59:09,(2(0)-1679108349:646874),thrDistribute.THRUSTER,9984,EventSeverity.ACTIVITY_LO,Thruster 3 jet
2023-03-18 10:59:10,(2(0)-1679108350:623626),protectFromSunlight.PROCESS_OUT_DATA,21248,EventSeverity.ACTIVITY_LO,Protect from Sunlight
2023-03-18 10:59:11,(2(0)-1679108351:648233),protectFromSunlight.PROCESS_OUT_DATA,21248,EventSeverity.ACTIVITY_LO,Protect from Sunlight
2023-03-18 10:59:11,(2(0)-1679108351:703800),thrDistribute.THRUSTER,9984,EventSeverity.ACTIVITY_LO,Thruster 3 jet
2023-03-18 10:59:11,(2(0)-1679108351:703908),thrDistribute.THRUSTER,9984,EventSeverity.ACTIVITY_LO,Thruster 5 jet
2023-03-18 10:59:12,(2(0)-1679108352:674405),protectFromSunlight.PROCESS_OUT_DATA,21248,EventSeverity.ACTIVITY_LO,Protect from Sunlight
2023-03-18 10:59:12,(2(0)-1679108352:730924),thrDistribute.THRUSTER,9984,EventSeverity.ACTIVITY_LO,Thruster 3 jet
2023-03-18 10:59:13,(2(0)-1679108353:695972),protectFromSunlight.PROCESS_OUT_DATA,21248,EventSeverity.ACTIVITY_LO,Protect from Sunlight
2023-03-18 10:59:13,(2(0)-1679108353:758560),thrDistribute.THRUSTER,9984,EventSeverity.ACTIVITY_LO,Thruster 5 jet
2023-03-18 10:59:14,(2(0)-1679108354:741118),protectFromSunlight.PROCESS_OUT_DATA,21248,EventSeverity.ACTIVITY_LO,Protect from Sunlight
2023-03-18 10:59:14,(2(0)-1679108354:786965),thrDistribute.THRUSTER,9984,EventSeverity.ACTIVITY_LO,Thruster 3 jet
2023-03-18 10:59:15,(2(0)-1679108355:763036),protectFromSunlight.PROCESS_OUT_DATA,21248,EventSeverity.ACTIVITY_LO,Protect from Sunlight
2023-03-18 10:59:15,(2(0)-1679108355:816080),thrDistribute.THRUSTER,9984,EventSeverity.ACTIVITY_LO,Thruster 3 jet
2023-03-18 10:59:16,(2(0)-1679108356:804686),protectFromSunlight.PROCESS_OUT_DATA,21248,EventSeverity.ACTIVITY_LO,Protect from Sunlight
2023-03-18 10:59:16,(2(0)-1679108356:845018),thrDistribute.THRUSTER,9984,EventSeverity.ACTIVITY_LO,Thruster 3 jet
2023-03-18 10:59:16,(2(0)-1679108356:845070),thrDistribute.THRUSTER,9984,EventSeverity.ACTIVITY_LO,Thruster 5 jet
2023-03-18 10:59:17,(2(0)-1679108357:852150),protectFromSunlight.PROCESS_OUT_DATA,21248,EventSeverity.ACTIVITY_LO,Protect from Sunlight
2023-03-18 10:59:18,(2(0)-1679108358:887664),protectFromSunlight.PROCESS_OUT_DATA,21248,EventSeverity.ACTIVITY_LO,Protect from Sunlight
2023-03-18 10:59:18,(2(0)-1679108358:900974),thrDistribute.THRUSTER,9984,EventSeverity.ACTIVITY_LO,Thruster 3 jet
2023-03-18 10:59:19,(2(0)-1679108359:905151),protectFromSunlight.PROCESS_OUT_DATA,21248,EventSeverity.ACTIVITY_LO,Protect from Sunlight
2023-03-18 10:59:19,(2(0)-1679108359:928515),thrDistribute.THRUSTER,9984,EventSeverity.ACTIVITY_LO,Thruster 3 jet
2023-03-18 10:59:19,(2(0)-1679108359:928576),thrDistribute.THRUSTER,9984,EventSeverity.ACTIVITY_LO,Thruster 5 jet
2023-03-18 10:59:20,(2(0)-1679108360:944705),protectFromSunlight.PROCESS_OUT_DATA,21248,EventSeverity.ACTIVITY_LO,Protect from Sunlight
2023-03-18 10:59:21,(2(0)-1679108361:970162),protectFromSunlight.PROCESS_OUT_DATA,21248,EventSeverity.ACTIVITY_LO,Protect from Sunlight
2023-03-18 10:59:21,(2(0)-1679108361:982907),thrDistribute.THRUSTER,9984,EventSeverity.ACTIVITY_LO,Thruster 3 jet
2023-03-18 10:59:21,(2(0)-1679108361:982953),thrDistribute.THRUSTER,9984,EventSeverity.ACTIVITY_LO,Thruster 5 jet
2023-03-18 10:59:22,(2(0)-1679108362:994182),protectFromSunlight.PROCESS_OUT_DATA,21248,EventSeverity.ACTIVITY_LO,Protect from Sunlight
2023-03-18 10:59:23,(2(0)-1679108363:11705),thrDistribute.THRUSTER,9984,EventSeverity.ACTIVITY_LO,Thruster 3 jet
2023-03-18 10:59:24,(2(0)-1679108364:33171),protectFromSunlight.PROCESS_OUT_DATA,21248,EventSeverity.ACTIVITY_LO,Protect from Sunlight
2023-03-18 10:59:24,(2(0)-1679108364:39444),thrDistribute.THRUSTER,9984,EventSeverity.ACTIVITY_LO,Thruster 3 jet
2023-03-18 10:59:25,(2(0)-1679108365:58445),protectFromSunlight.PROCESS_OUT_DATA,21248,EventSeverity.ACTIVITY_LO,Protect from Sunlight
2023-03-18 10:59:25,(2(0)-1679108365:67021),thrDistribute.THRUSTER,9984,EventSeverity.ACTIVITY_LO,Thruster 5 jet
2023-03-18 10:59:26,(2(0)-1679108366:106591),protectFromSunlight.PROCESS_OUT_DATA,21248,EventSeverity.ACTIVITY_LO,Protect from Sunlight
2023-03-18 10:59:26,(2(0)-1679108366:225478),thrDistribute.THRUSTER,9984,EventSeverity.ACTIVITY_LO,Thruster 3 jet
2023-03-18 10:59:27,(2(0)-1679108367:141888),protectFromSunlight.PROCESS_OUT_DATA,21248,EventSeverity.ACTIVITY_LO,Protect from Sunlight
2023-03-18 10:59:27,(2(0)-1679108367:253189),thrDistribute.THRUSTER,9984,EventSeverity.ACTIVITY_LO,Thruster 3 jet
2023-03-18 10:59:27,(2(0)-1679108367:253349),thrDistribute.THRUSTER,9984,EventSeverity.ACTIVITY_LO,Thruster 5 jet
2023-03-18 10:59:28,(2(0)-1679108368:192500),protectFromSunlight.PROCESS_OUT_DATA,21248,EventSeverity.ACTIVITY_LO,Protect from Sunlight
2023-03-18 10:59:29,(2(0)-1679108369:220077),protectFromSunlight.PROCESS_OUT_DATA,21248,EventSeverity.ACTIVITY_LO,Protect from Sunlight
2023-03-18 10:59:29,(2(0)-1679108369:309226),thrDistribute.THRUSTER,9984,EventSeverity.ACTIVITY_LO,Thruster 3 jet
2023-03-18 10:59:30,(2(0)-1679108370:268301),protectFromSunlight.PROCESS_OUT_DATA,21248,EventSeverity.ACTIVITY_LO,Protect from Sunlight
2023-03-18 10:59:30,(2(0)-1679108370:338492),thrDistribute.THRUSTER,9984,EventSeverity.ACTIVITY_LO,Thruster 3 jet
2023-03-18 10:59:30,(2(0)-1679108370:338672),thrDistribute.THRUSTER,9984,EventSeverity.ACTIVITY_LO,Thruster 5 jet
2023-03-18 10:59:31,(2(0)-1679108371:292921),protectFromSunlight.PROCESS_OUT_DATA,21248,EventSeverity.ACTIVITY_LO,Protect from Sunlight
2023-03-18 10:59:31,(2(0)-1679108371:367506),thrDistribute.THRUSTER,9984,EventSeverity.ACTIVITY_LO,Thruster 3 jet
2023-03-18 10:59:32,(2(0)-1679108372:310307),protectFromSunlight.PROCESS_OUT_DATA,21248,EventSeverity.ACTIVITY_LO,Protect from Sunlight
2023-03-18 10:59:32,(2(0)-1679108372:395566),thrDistribute.THRUSTER,9984,EventSeverity.ACTIVITY_LO,Thruster 5 jet
2023-03-18 10:59:33,(2(0)-1679108373:330763),protectFromSunlight.PROCESS_OUT_DATA,21248,EventSeverity.ACTIVITY_LO,Protect from Sunlight
2023-03-18 10:59:33,(2(0)-1679108373:424951),thrDistribute.THRUSTER,9984,EventSeverity.ACTIVITY_LO,Thruster 3 jet
2023-03-18 10:59:34,(2(0)-1679108374:372321),protectFromSunlight.PROCESS_OUT_DATA,21248,EventSeverity.ACTIVITY_LO,Protect from Sunlight
2023-03-18 10:59:34,(2(0)-1679108374:452910),thrDistribute.THRUSTER,9984,EventSeverity.ACTIVITY_LO,Thruster 3 jet
2023-03-18 10:59:35,(2(0)-1679108375:392627),protectFromSunlight.PROCESS_OUT_DATA,21248,EventSeverity.ACTIVITY_LO,Protect from Sunlight
2023-03-18 10:59:35,(2(0)-1679108375:481131),thrDistribute.THRUSTER,9984,EventSeverity.ACTIVITY_LO,Thruster 5 jet
2023-03-18 10:59:36,(2(0)-1679108376:441998),protectFromSunlight.PROCESS_OUT_DATA,21248,EventSeverity.ACTIVITY_LO,Protect from Sunlight
2023-03-18 10:59:36,(2(0)-1679108376:508695),thrDistribute.THRUSTER,9984,EventSeverity.ACTIVITY_LO,Thruster 3 jet
2023-03-18 10:59:37,(2(0)-1679108377:458466),protectFromSunlight.PROCESS_OUT_DATA,21248,EventSeverity.ACTIVITY_LO,Protect from Sunlight
2023-03-18 10:59:37,(2(0)-1679108377:535554),thrDistribute.THRUSTER,9984,EventSeverity.ACTIVITY_LO,Thruster 3 jet
2023-03-18 10:59:37,(2(0)-1679108377:535678),thrDistribute.THRUSTER,9984,EventSeverity.ACTIVITY_LO,Thruster 5 jet
2023-03-18 10:59:38,(2(0)-1679108378:513647),protectFromSunlight.PROCESS_OUT_DATA,21248,EventSeverity.ACTIVITY_LO,Protect from Sunlight
2023-03-18 10:59:38,(2(0)-1679108378:563941),thrDistribute.THRUSTER,9984,EventSeverity.ACTIVITY_LO,Thruster 3 jet
2023-03-18 10:59:39,(2(0)-1679108379:541531),protectFromSunlight.PROCESS_OUT_DATA,21248,EventSeverity.ACTIVITY_LO,Protect from Sunlight
2023-03-18 10:59:40,(2(0)-1679108380:583672),protectFromSunlight.PROCESS_OUT_DATA,21248,EventSeverity.ACTIVITY_LO,Protect from Sunlight
2023-03-18 10:59:40,(2(0)-1679108380:620691),thrDistribute.THRUSTER,9984,EventSeverity.ACTIVITY_LO,Thruster 3 jet
2023-03-18 10:59:40,(2(0)-1679108380:620784),thrDistribute.THRUSTER,9984,EventSeverity.ACTIVITY_LO,Thruster 5 jet
2023-03-18 10:59:41,(2(0)-1679108381:605835),protectFromSunlight.PROCESS_OUT_DATA,21248,EventSeverity.ACTIVITY_LO,Protect from Sunlight
2023-03-18 10:59:41,(2(0)-1679108381:648542),thrDistribute.THRUSTER,9984,EventSeverity.ACTIVITY_LO,Thruster 3 jet
2023-03-18 10:59:42,(2(0)-1679108382:637684),protectFromSunlight.PROCESS_OUT_DATA,21248,EventSeverity.ACTIVITY_LO,Protect from Sunlight
2023-03-18 10:59:42,(2(0)-1679108382:678379),thrDistribute.THRUSTER,9984,EventSeverity.ACTIVITY_LO,Thruster 5 jet
2023-03-18 10:59:43,(2(0)-1679108383:662142),protectFromSunlight.PROCESS_OUT_DATA,21248,EventSeverity.ACTIVITY_LO,Protect from Sunlight
2023-03-18 10:59:43,(2(0)-1679108383:705680),thrDistribute.THRUSTER,9984,EventSeverity.ACTIVITY_LO,Thruster 3 jet
2023-03-18 10:59:44,(2(0)-1679108384:687881),protectFromSunlight.PROCESS_OUT_DATA,21248,EventSeverity.ACTIVITY_LO,Protect from Sunlight
2023-03-18 10:59:44,(2(0)-1679108384:732258),thrDistribute.THRUSTER,9984,EventSeverity.ACTIVITY_LO,Thruster 3 jet
2023-03-18 10:59:45,(2(0)-1679108385:723523),protectFromSunlight.PROCESS_OUT_DATA,21248,EventSeverity.ACTIVITY_LO,Protect from Sunlight
2023-03-18 10:59:45,(2(0)-1679108385:761580),thrDistribute.THRUSTER,9984,EventSeverity.ACTIVITY_LO,Thruster 3 jet
2023-03-18 10:59:45,(2(0)-1679108385:761640),thrDistribute.THRUSTER,9984,EventSeverity.ACTIVITY_LO,Thruster 5 jet
2023-03-18 10:59:46,(2(0)-1679108386:753569),protectFromSunlight.PROCESS_OUT_DATA,21248,EventSeverity.ACTIVITY_LO,Protect from Sunlight
2023-03-18 10:59:47,(2(0)-1679108387:783740),protectFromSunlight.PROCESS_OUT_DATA,21248,EventSeverity.ACTIVITY_LO,Protect from Sunlight
2023-03-18 10:59:47,(2(0)-1679108387:817551),thrDistribute.THRUSTER,9984,EventSeverity.ACTIVITY_LO,Thruster 3 jet
2023-03-18 10:59:47,(2(0)-1679108387:817613),thrDistribute.THRUSTER,9984,EventSeverity.ACTIVITY_LO,Thruster 5 jet
2023-03-18 10:59:48,(2(0)-1679108388:804456),protectFromSunlight.PROCESS_OUT_DATA,21248,EventSeverity.ACTIVITY_LO,Protect from Sunlight
2023-03-18 10:59:48,(2(0)-1679108388:845715),thrDistribute.THRUSTER,9984,EventSeverity.ACTIVITY_LO,Thruster 3 jet
2023-03-18 10:59:50,(2(0)-1679108390:901163),thrDistribute.THRUSTER,9984,EventSeverity.ACTIVITY_LO,Thruster 3 jet
2023-03-18 10:59:50,(2(0)-1679108390:901256),thrDistribute.THRUSTER,9984,EventSeverity.ACTIVITY_LO,Thruster 5 jet
2023-03-18 10:59:51,(2(0)-1679108391:929508),thrDistribute.THRUSTER,9984,EventSeverity.ACTIVITY_LO,Thruster 3 jet
2023-03-18 10:59:52,(2(0)-1679108392:958475),thrDistribute.THRUSTER,9984,EventSeverity.ACTIVITY_LO,Thruster 3 jet
2023-03-18 10:59:52,(2(0)-1679108392:958563),thrDistribute.THRUSTER,9984,EventSeverity.ACTIVITY_LO,Thruster 5 jet
2023-03-18 10:59:55,(2(0)-1679108395:145609),thrDistribute.THRUSTER,9984,EventSeverity.ACTIVITY_LO,Thruster 3 jet
2023-03-18 10:59:56,(2(0)-1679108396:173538),thrDistribute.THRUSTER,9984,EventSeverity.ACTIVITY_LO,Thruster 3 jet
2023-03-18 10:59:56,(2(0)-1679108396:173624),thrDistribute.THRUSTER,9984,EventSeverity.ACTIVITY_LO,Thruster 5 jet
2023-03-18 10:59:58,(2(0)-1679108398:231016),thrDistribute.THRUSTER,9984,EventSeverity.ACTIVITY_LO,Thruster 3 jet
2023-03-18 10:59:59,(2(0)-1679108399:258670),thrDistribute.THRUSTER,9984,EventSeverity.ACTIVITY_LO,Thruster 3 jet
2023-03-18 10:59:59,(2(0)-1679108399:258790),thrDistribute.THRUSTER,9984,EventSeverity.ACTIVITY_LO,Thruster 5 jet
2023-03-18 11:00:00,(2(0)-1679108400:286732),thrDistribute.THRUSTER,9984,EventSeverity.ACTIVITY_LO,Thruster 3 jet
2023-03-18 11:00:01,(2(0)-1679108401:316629),thrDistribute.THRUSTER,9984,EventSeverity.ACTIVITY_LO,Thruster 5 jet
2023-03-18 11:00:02,(2(0)-1679108402:345852),thrDistribute.THRUSTER,9984,EventSeverity.ACTIVITY_LO,Thruster 3 jet
2023-03-18 11:00:03,(2(0)-1679108403:373834),thrDistribute.THRUSTER,9984,EventSeverity.ACTIVITY_LO,Thruster 3 jet
2023-03-18 11:00:04,(2(0)-1679108404:401771),thrDistribute.THRUSTER,9984,EventSeverity.ACTIVITY_LO,Thruster 5 jet
2023-03-18 11:00:05,(2(0)-1679108405:429248),thrDistribute.THRUSTER,9984,EventSeverity.ACTIVITY_LO,Thruster 3 jet
2023-03-18 11:00:06,(2(0)-1679108406:457282),thrDistribute.THRUSTER,9984,EventSeverity.ACTIVITY_LO,Thruster 3 jet
2023-03-18 11:00:06,(2(0)-1679108406:457367),thrDistribute.THRUSTER,9984,EventSeverity.ACTIVITY_LO,Thruster 5 jet
2023-03-18 11:00:07,(2(0)-1679108407:485904),thrDistribute.THRUSTER,9984,EventSeverity.ACTIVITY_LO,Thruster 3 jet
2023-03-18 11:00:09,(2(0)-1679108409:544067),thrDistribute.THRUSTER,9984,EventSeverity.ACTIVITY_LO,Thruster 3 jet
2023-03-18 11:00:09,(2(0)-1679108409:544246),thrDistribute.THRUSTER,9984,EventSeverity.ACTIVITY_LO,Thruster 5 jet
2023-03-18 11:00:10,(2(0)-1679108410:570246),thrDistribute.THRUSTER,9984,EventSeverity.ACTIVITY_LO,Thruster 3 jet
2023-03-18 11:00:11,(2(0)-1679108411:598743),thrDistribute.THRUSTER,9984,EventSeverity.ACTIVITY_LO,Thruster 5 jet
2023-03-18 11:00:12,(2(0)-1679108412:755223),thrDistribute.THRUSTER,9984,EventSeverity.ACTIVITY_LO,Thruster 3 jet
2023-03-18 11:00:13,(2(0)-1679108413:784329),thrDistribute.THRUSTER,9984,EventSeverity.ACTIVITY_LO,Thruster 3 jet
2023-03-18 11:00:14,(2(0)-1679108414:812899),thrDistribute.THRUSTER,9984,EventSeverity.ACTIVITY_LO,Thruster 3 jet
2023-03-18 11:00:14,(2(0)-1679108414:813119),thrDistribute.THRUSTER,9984,EventSeverity.ACTIVITY_LO,Thruster 5 jet
2023-03-18 11:00:16,(2(0)-1679108416:872486),thrDistribute.THRUSTER,9984,EventSeverity.ACTIVITY_LO,Thruster 3 jet
2023-03-18 11:00:16,(2(0)-1679108416:872720),thrDistribute.THRUSTER,9984,EventSeverity.ACTIVITY_LO,Thruster 5 jet
2023-03-18 11:00:17,(2(0)-1679108417:900466),thrDistribute.THRUSTER,9984,EventSeverity.ACTIVITY_LO,Thruster 3 jet
2023-03-18 11:00:19,(2(0)-1679108419:958917),thrDistribute.THRUSTER,9984,EventSeverity.ACTIVITY_LO,Thruster 3 jet
2023-03-18 11:00:19,(2(0)-1679108419:959126),thrDistribute.THRUSTER,9984,EventSeverity.ACTIVITY_LO,Thruster 5 jet
2023-03-18 11:00:20,(2(0)-1679108420:985718),thrDistribute.THRUSTER,9984,EventSeverity.ACTIVITY_LO,Thruster 3 jet
2023-03-18 11:00:21,(2(0)-1679108421:884646),thrDistribute.THRUSTER,9984,EventSeverity.ACTIVITY_LO,Thruster 3 jet
2023-03-18 11:00:21,(2(0)-1679108421:884698),thrDistribute.THRUSTER,9984,EventSeverity.ACTIVITY_LO,Thruster 5 jet
2023-03-18 11:00:24,(2(0)-1679108424:70471),thrDistribute.THRUSTER,9984,EventSeverity.ACTIVITY_LO,Thruster 3 jet
2023-03-18 11:00:25,(2(0)-1679108425:98945),thrDistribute.THRUSTER,9984,EventSeverity.ACTIVITY_LO,Thruster 3 jet
2023-03-18 11:00:25,(2(0)-1679108425:99095),thrDistribute.THRUSTER,9984,EventSeverity.ACTIVITY_LO,Thruster 5 jet
2023-03-18 11:00:27,(2(0)-1679108427:155696),thrDistribute.THRUSTER,9984,EventSeverity.ACTIVITY_LO,Thruster 3 jet
2023-03-18 11:00:27,(2(0)-1679108427:155866),thrDistribute.THRUSTER,9984,EventSeverity.ACTIVITY_LO,Thruster 5 jet
2023-03-18 11:00:28,(2(0)-1679108428:183504),thrDistribute.THRUSTER,9984,EventSeverity.ACTIVITY_LO,Thruster 3 jet
2023-03-18 11:00:29,(2(0)-1679108429:212984),thrDistribute.THRUSTER,9984,EventSeverity.ACTIVITY_LO,Thruster 3 jet
2023-03-18 11:00:30,(2(0)-1679108430:241539),thrDistribute.THRUSTER,9984,EventSeverity.ACTIVITY_LO,Thruster 5 jet
2023-03-18 11:00:31,(2(0)-1679108431:271029),thrDistribute.THRUSTER,9984,EventSeverity.ACTIVITY_LO,Thruster 3 jet
2023-03-18 11:00:32,(2(0)-1679108432:300402),thrDistribute.THRUSTER,9984,EventSeverity.ACTIVITY_LO,Thruster 3 jet
2023-03-18 11:00:32,(2(0)-1679108432:300519),thrDistribute.THRUSTER,9984,EventSeverity.ACTIVITY_LO,Thruster 5 jet
2023-03-18 11:00:34,(2(0)-1679108434:358398),thrDistribute.THRUSTER,9984,EventSeverity.ACTIVITY_LO,Thruster 3 jet
2023-03-18 11:00:35,(2(0)-1679108435:386495),thrDistribute.THRUSTER,9984,EventSeverity.ACTIVITY_LO,Thruster 3 jet
2023-03-18 11:00:35,(2(0)-1679108435:386559),thrDistribute.THRUSTER,9984,EventSeverity.ACTIVITY_LO,Thruster 5 jet
2023-03-18 11:00:36,(2(0)-1679108436:414261),thrDistribute.THRUSTER,9984,EventSeverity.ACTIVITY_LO,Thruster 3 jet
2023-03-18 11:00:38,(2(0)-1679108438:471014),thrDistribute.THRUSTER,9984,EventSeverity.ACTIVITY_LO,Thruster 3 jet
2023-03-18 11:00:38,(2(0)-1679108438:471056),thrDistribute.THRUSTER,9984,EventSeverity.ACTIVITY_LO,Thruster 5 jet
2023-03-18 11:00:39,(2(0)-1679108439:498907),thrDistribute.THRUSTER,9984,EventSeverity.ACTIVITY_LO,Thruster 3 jet
2023-03-18 11:00:40,(2(0)-1679108440:527287),thrDistribute.THRUSTER,9984,EventSeverity.ACTIVITY_LO,Thruster 5 jet
2023-03-18 11:00:41,(2(0)-1679108441:684608),thrDistribute.THRUSTER,9984,EventSeverity.ACTIVITY_LO,Thruster 3 jet
2023-03-18 11:00:42,(2(0)-1679108442:713427),thrDistribute.THRUSTER,9984,EventSeverity.ACTIVITY_LO,Thruster 3 jet
2023-03-18 11:00:43,(2(0)-1679108443:741474),thrDistribute.THRUSTER,9984,EventSeverity.ACTIVITY_LO,Thruster 3 jet
2023-03-18 11:00:43,(2(0)-1679108443:741618),thrDistribute.THRUSTER,9984,EventSeverity.ACTIVITY_LO,Thruster 5 jet
2023-03-18 11:00:45,(2(0)-1679108445:797159),thrDistribute.THRUSTER,9984,EventSeverity.ACTIVITY_LO,Thruster 3 jet
2023-03-18 11:00:45,(2(0)-1679108445:797213),thrDistribute.THRUSTER,9984,EventSeverity.ACTIVITY_LO,Thruster 5 jet
2023-03-18 11:00:46,(2(0)-1679108446:824548),thrDistribute.THRUSTER,9984,EventSeverity.ACTIVITY_LO,Thruster 3 jet
2023-03-18 11:00:49,(2(0)-1679108449:7542),thrDistribute.THRUSTER,9984,EventSeverity.ACTIVITY_LO,Thruster 3 jet
2023-03-18 11:00:49,(2(0)-1679108449:7597),thrDistribute.THRUSTER,9984,EventSeverity.ACTIVITY_LO,Thruster 5 jet
2023-03-18 11:00:50,(2(0)-1679108450:163840),thrDistribute.THRUSTER,9984,EventSeverity.ACTIVITY_LO,Thruster 3 jet
2023-03-18 11:00:51,(2(0)-1679108451:191252),thrDistribute.THRUSTER,9984,EventSeverity.ACTIVITY_LO,Thruster 3 jet
2023-03-18 11:00:51,(2(0)-1679108451:191341),thrDistribute.THRUSTER,9984,EventSeverity.ACTIVITY_LO,Thruster 5 jet
2023-03-18 11:00:53,(2(0)-1679108453:246436),thrDistribute.THRUSTER,9984,EventSeverity.ACTIVITY_LO,Thruster 3 jet
2023-03-18 11:00:54,(2(0)-1679108454:274234),thrDistribute.THRUSTER,9984,EventSeverity.ACTIVITY_LO,Thruster 3 jet
2023-03-18 11:00:54,(2(0)-1679108454:274304),thrDistribute.THRUSTER,9984,EventSeverity.ACTIVITY_LO,Thruster 5 jet
2023-03-18 11:00:56,(2(0)-1679108456:331575),thrDistribute.THRUSTER,9984,EventSeverity.ACTIVITY_LO,Thruster 3 jet
2023-03-18 11:00:56,(2(0)-1679108456:331825),thrDistribute.THRUSTER,9984,EventSeverity.ACTIVITY_LO,Thruster 5 jet
2023-03-18 11:00:57,(2(0)-1679108457:361387),thrDistribute.THRUSTER,9984,EventSeverity.ACTIVITY_LO,Thruster 3 jet
2023-03-18 11:00:58,(2(0)-1679108458:391806),thrDistribute.THRUSTER,9984,EventSeverity.ACTIVITY_LO,Thruster 3 jet
2023-03-18 11:00:59,(2(0)-1679108459:419064),thrDistribute.THRUSTER,9984,EventSeverity.ACTIVITY_LO,Thruster 5 jet
2023-03-18 11:01:00,(2(0)-1679108460:447614),thrDistribute.THRUSTER,9984,EventSeverity.ACTIVITY_LO,Thruster 3 jet
2023-03-18 11:01:01,(2(0)-1679108461:476827),thrDistribute.THRUSTER,9984,EventSeverity.ACTIVITY_LO,Thruster 3 jet
2023-03-18 11:01:01,(2(0)-1679108461:477004),thrDistribute.THRUSTER,9984,EventSeverity.ACTIVITY_LO,Thruster 5 jet
2023-03-18 11:01:03,(2(0)-1679108463:532294),thrDistribute.THRUSTER,9984,EventSeverity.ACTIVITY_LO,Thruster 3 jet
2023-03-18 11:01:04,(2(0)-1679108464:559615),thrDistribute.THRUSTER,9984,EventSeverity.ACTIVITY_LO,Thruster 3 jet
2023-03-18 11:01:04,(2(0)-1679108464:559677),thrDistribute.THRUSTER,9984,EventSeverity.ACTIVITY_LO,Thruster 5 jet
2023-03-18 11:01:05,(2(0)-1679108465:587905),thrDistribute.THRUSTER,9984,EventSeverity.ACTIVITY_LO,Thruster 3 jet
2023-03-18 11:01:06,(2(0)-1679108466:746199),thrDistribute.THRUSTER,9984,EventSeverity.ACTIVITY_LO,Thruster 5 jet
2023-03-18 11:01:07,(2(0)-1679108467:771852),thrDistribute.THRUSTER,9984,EventSeverity.ACTIVITY_LO,Thruster 3 jet
2023-03-18 11:01:08,(2(0)-1679108468:800885),thrDistribute.THRUSTER,9984,EventSeverity.ACTIVITY_LO,Thruster 3 jet
2023-03-18 11:01:09,(2(0)-1679108469:829544),thrDistribute.THRUSTER,9984,EventSeverity.ACTIVITY_LO,Thruster 5 jet
2023-03-18 11:01:10,(2(0)-1679108470:857919),thrDistribute.THRUSTER,9984,EventSeverity.ACTIVITY_LO,Thruster 3 jet
2023-03-18 11:01:11,(2(0)-1679108471:885092),thrDistribute.THRUSTER,9984,EventSeverity.ACTIVITY_LO,Thruster 3 jet
2023-03-18 11:01:11,(2(0)-1679108471:885149),thrDistribute.THRUSTER,9984,EventSeverity.ACTIVITY_LO,Thruster 5 jet
2023-03-18 11:01:12,(2(0)-1679108472:912412),thrDistribute.THRUSTER,9984,EventSeverity.ACTIVITY_LO,Thruster 3 jet
2023-03-18 11:01:14,(2(0)-1679108474:969144),thrDistribute.THRUSTER,9984,EventSeverity.ACTIVITY_LO,Thruster 3 jet
2023-03-18 11:01:14,(2(0)-1679108474:969215),thrDistribute.THRUSTER,9984,EventSeverity.ACTIVITY_LO,Thruster 5 jet
2023-03-18 11:01:15,(2(0)-1679108475:997326),thrDistribute.THRUSTER,9984,EventSeverity.ACTIVITY_LO,Thruster 3 jet
2023-03-18 11:01:18,(2(0)-1679108478:52769),thrDistribute.THRUSTER,9984,EventSeverity.ACTIVITY_LO,Thruster 3 jet
2023-03-18 11:01:18,(2(0)-1679108478:52961),thrDistribute.THRUSTER,9984,EventSeverity.ACTIVITY_LO,Thruster 5 jet
2023-03-18 11:01:19,(2(0)-1679108479:79132),thrDistribute.THRUSTER,9984,EventSeverity.ACTIVITY_LO,Thruster 3 jet
2023-03-18 11:01:20,(2(0)-1679108480:106544),thrDistribute.THRUSTER,9984,EventSeverity.ACTIVITY_LO,Thruster 3 jet
2023-03-18 11:01:20,(2(0)-1679108480:106592),thrDistribute.THRUSTER,9984,EventSeverity.ACTIVITY_LO,Thruster 5 jet
2023-03-18 11:01:22,(2(0)-1679108482:160840),thrDistribute.THRUSTER,9984,EventSeverity.ACTIVITY_LO,Thruster 3 jet
2023-03-18 11:01:23,(2(0)-1679108483:187631),thrDistribute.THRUSTER,9984,EventSeverity.ACTIVITY_LO,Thruster 3 jet
2023-03-18 11:01:23,(2(0)-1679108483:187693),thrDistribute.THRUSTER,9984,EventSeverity.ACTIVITY_LO,Thruster 5 jet
2023-03-18 11:01:25,(2(0)-1679108485:242878),thrDistribute.THRUSTER,9984,EventSeverity.ACTIVITY_LO,Thruster 3 jet
2023-03-18 11:01:25,(2(0)-1679108485:242953),thrDistribute.THRUSTER,9984,EventSeverity.ACTIVITY_LO,Thruster 5 jet
2023-03-18 11:01:26,(2(0)-1679108486:269600),thrDistribute.THRUSTER,9984,EventSeverity.ACTIVITY_LO,Thruster 3 jet
2023-03-18 11:01:27,(2(0)-1679108487:296851),thrDistribute.THRUSTER,9984,EventSeverity.ACTIVITY_LO,Thruster 3 jet
2023-03-18 11:01:28,(2(0)-1679108488:324298),thrDistribute.THRUSTER,9984,EventSeverity.ACTIVITY_LO,Thruster 5 jet
2023-03-18 11:01:29,(2(0)-1679108489:352159),thrDistribute.THRUSTER,9984,EventSeverity.ACTIVITY_LO,Thruster 3 jet
2023-03-18 11:01:30,(2(0)-1679108490:379295),thrDistribute.THRUSTER,9984,EventSeverity.ACTIVITY_LO,Thruster 3 jet
2023-03-18 11:01:30,(2(0)-1679108490:379377),thrDistribute.THRUSTER,9984,EventSeverity.ACTIVITY_LO,Thruster 5 jet
2023-03-18 11:01:32,(2(0)-1679108492:566098),thrDistribute.THRUSTER,9984,EventSeverity.ACTIVITY_LO,Thruster 3 jet
2023-03-18 11:01:33,(2(0)-1679108493:594442),thrDistribute.THRUSTER,9984,EventSeverity.ACTIVITY_LO,Thruster 3 jet
2023-03-18 11:01:33,(2(0)-1679108493:594540),thrDistribute.THRUSTER,9984,EventSeverity.ACTIVITY_LO,Thruster 5 jet
2023-03-18 11:01:34,(2(0)-1679108494:621891),thrDistribute.THRUSTER,9984,EventSeverity.ACTIVITY_LO,Thruster 3 jet
2023-03-18 11:01:35,(2(0)-1679108495:649486),thrDistribute.THRUSTER,9984,EventSeverity.ACTIVITY_LO,Thruster 5 jet
2023-03-18 11:01:36,(2(0)-1679108496:678059),thrDistribute.THRUSTER,9984,EventSeverity.ACTIVITY_LO,Thruster 3 jet
2023-03-18 11:01:37,(2(0)-1679108497:705770),thrDistribute.THRUSTER,9984,EventSeverity.ACTIVITY_LO,Thruster 3 jet
2023-03-18 11:01:38,(2(0)-1679108498:734569),thrDistribute.THRUSTER,9984,EventSeverity.ACTIVITY_LO,Thruster 5 jet
2023-03-18 11:01:39,(2(0)-1679108499:761802),thrDistribute.THRUSTER,9984,EventSeverity.ACTIVITY_LO,Thruster 3 jet
2023-03-18 11:01:40,(2(0)-1679108500:789707),thrDistribute.THRUSTER,9984,EventSeverity.ACTIVITY_LO,Thruster 3 jet
2023-03-18 11:01:40,(2(0)-1679108500:789816),thrDistribute.THRUSTER,9984,EventSeverity.ACTIVITY_LO,Thruster 5 jet
2023-03-18 11:01:41,(2(0)-1679108501:818027),thrDistribute.THRUSTER,9984,EventSeverity.ACTIVITY_LO,Thruster 3 jet
2023-03-18 11:01:43,(2(0)-1679108503:874694),thrDistribute.THRUSTER,9984,EventSeverity.ACTIVITY_LO,Thruster 3 jet
2023-03-18 11:01:43,(2(0)-1679108503:874763),thrDistribute.THRUSTER,9984,EventSeverity.ACTIVITY_LO,Thruster 5 jet
2023-03-18 11:01:44,(2(0)-1679108504:902555),thrDistribute.THRUSTER,9984,EventSeverity.ACTIVITY_LO,Thruster 3 jet
2023-03-18 11:01:45,(2(0)-1679108505:930044),thrDistribute.THRUSTER,9984,EventSeverity.ACTIVITY_LO,Thruster 5 jet
2023-03-18 11:01:46,(2(0)-1679108506:958691),thrDistribute.THRUSTER,9984,EventSeverity.ACTIVITY_LO,Thruster 3 jet
2023-03-18 11:01:47,(2(0)-1679108507:987531),thrDistribute.THRUSTER,9984,EventSeverity.ACTIVITY_LO,Thruster 3 jet
2023-03-18 11:01:49,(2(0)-1679108509:14904),thrDistribute.THRUSTER,9984,EventSeverity.ACTIVITY_LO,Thruster 3 jet
2023-03-18 11:01:49,(2(0)-1679108509:14957),thrDistribute.THRUSTER,9984,EventSeverity.ACTIVITY_LO,Thruster 5 jet
2023-03-18 11:01:51,(2(0)-1679108511:69360),thrDistribute.THRUSTER,9984,EventSeverity.ACTIVITY_LO,Thruster 3 jet
2023-03-18 11:01:51,(2(0)-1679108511:69427),thrDistribute.THRUSTER,9984,EventSeverity.ACTIVITY_LO,Thruster 5 jet
2023-03-18 11:01:52,(2(0)-1679108512:98258),thrDistribute.THRUSTER,9984,EventSeverity.ACTIVITY_LO,Thruster 3 jet
2023-03-18 11:01:54,(2(0)-1679108514:284918),thrDistribute.THRUSTER,9984,EventSeverity.ACTIVITY_LO,Thruster 3 jet
2023-03-18 11:01:54,(2(0)-1679108514:285135),thrDistribute.THRUSTER,9984,EventSeverity.ACTIVITY_LO,Thruster 5 jet
2023-03-18 11:01:55,(2(0)-1679108515:311602),thrDistribute.THRUSTER,9984,EventSeverity.ACTIVITY_LO,Thruster 3 jet
2023-03-18 11:01:56,(2(0)-1679108516:339633),thrDistribute.THRUSTER,9984,EventSeverity.ACTIVITY_LO,Thruster 3 jet
2023-03-18 11:01:57,(2(0)-1679108517:367715),thrDistribute.THRUSTER,9984,EventSeverity.ACTIVITY_LO,Thruster 5 jet
2023-03-18 11:01:58,(2(0)-1679108518:397211),thrDistribute.THRUSTER,9984,EventSeverity.ACTIVITY_LO,Thruster 3 jet
2023-03-18 11:01:59,(2(0)-1679108519:424367),thrDistribute.THRUSTER,9984,EventSeverity.ACTIVITY_LO,Thruster 3 jet
2023-03-18 11:01:59,(2(0)-1679108519:424549),thrDistribute.THRUSTER,9984,EventSeverity.ACTIVITY_LO,Thruster 5 jet
2023-03-18 11:02:01,(2(0)-1679108521:480338),thrDistribute.THRUSTER,9984,EventSeverity.ACTIVITY_LO,Thruster 3 jet
2023-03-18 11:02:02,(2(0)-1679108522:508784),thrDistribute.THRUSTER,9984,EventSeverity.ACTIVITY_LO,Thruster 3 jet
2023-03-18 11:02:02,(2(0)-1679108522:508845),thrDistribute.THRUSTER,9984,EventSeverity.ACTIVITY_LO,Thruster 5 jet
2023-03-18 11:02:03,(2(0)-1679108523:536688),thrDistribute.THRUSTER,9984,EventSeverity.ACTIVITY_LO,Thruster 3 jet
2023-03-18 11:02:04,(2(0)-1679108524:563918),thrDistribute.THRUSTER,9984,EventSeverity.ACTIVITY_LO,Thruster 5 jet
2023-03-18 11:02:05,(2(0)-1679108525:592154),thrDistribute.THRUSTER,9984,EventSeverity.ACTIVITY_LO,Thruster 3 jet
2023-03-18 11:02:06,(2(0)-1679108526:620785),thrDistribute.THRUSTER,9984,EventSeverity.ACTIVITY_LO,Thruster 3 jet
2023-03-18 11:02:07,(2(0)-1679108527:649697),thrDistribute.THRUSTER,9984,EventSeverity.ACTIVITY_LO,Thruster 5 jet
2023-03-18 11:02:08,(2(0)-1679108528:677203),thrDistribute.THRUSTER,9984,EventSeverity.ACTIVITY_LO,Thruster 3 jet
2023-03-18 11:02:09,(2(0)-1679108529:832953),thrDistribute.THRUSTER,9984,EventSeverity.ACTIVITY_LO,Thruster 3 jet
2023-03-18 11:02:09,(2(0)-1679108529:833027),thrDistribute.THRUSTER,9984,EventSeverity.ACTIVITY_LO,Thruster 5 jet
2023-03-18 11:02:10,(2(0)-1679108530:860038),thrDistribute.THRUSTER,9984,EventSeverity.ACTIVITY_LO,Thruster 3 jet
2023-03-18 11:02:12,(2(0)-1679108532:917412),thrDistribute.THRUSTER,9984,EventSeverity.ACTIVITY_LO,Thruster 3 jet
2023-03-18 11:02:12,(2(0)-1679108532:917512),thrDistribute.THRUSTER,9984,EventSeverity.ACTIVITY_LO,Thruster 5 jet
2023-03-18 11:02:13,(2(0)-1679108533:948454),thrDistribute.THRUSTER,9984,EventSeverity.ACTIVITY_LO,Thruster 3 jet
2023-03-18 11:02:14,(2(0)-1679108534:976506),thrDistribute.THRUSTER,9984,EventSeverity.ACTIVITY_LO,Thruster 5 jet
2023-03-18 11:02:16,(2(0)-1679108536:5253),thrDistribute.THRUSTER,9984,EventSeverity.ACTIVITY_LO,Thruster 3 jet
2023-03-18 11:02:17,(2(0)-1679108537:33016),thrDistribute.THRUSTER,9984,EventSeverity.ACTIVITY_LO,Thruster 3 jet
2023-03-18 11:02:18,(2(0)-1679108538:59880),thrDistribute.THRUSTER,9984,EventSeverity.ACTIVITY_LO,Thruster 3 jet
2023-03-18 11:02:18,(2(0)-1679108538:59969),thrDistribute.THRUSTER,9984,EventSeverity.ACTIVITY_LO,Thruster 5 jet
2023-03-18 11:02:20,(2(0)-1679108540:117543),thrDistribute.THRUSTER,9984,EventSeverity.ACTIVITY_LO,Thruster 3 jet
2023-03-18 11:02:20,(2(0)-1679108540:117750),thrDistribute.THRUSTER,9984,EventSeverity.ACTIVITY_LO,Thruster 5 jet
2023-03-18 11:02:21,(2(0)-1679108541:145852),thrDistribute.THRUSTER,9984,EventSeverity.ACTIVITY_LO,Thruster 3 jet
2023-03-18 11:02:23,(2(0)-1679108543:203808),thrDistribute.THRUSTER,9984,EventSeverity.ACTIVITY_LO,Thruster 3 jet
2023-03-18 11:02:23,(2(0)-1679108543:204728),thrDistribute.THRUSTER,9984,EventSeverity.ACTIVITY_LO,Thruster 5 jet
2023-03-18 11:02:24,(2(0)-1679108544:232420),thrDistribute.THRUSTER,9984,EventSeverity.ACTIVITY_LO,Thruster 3 jet
2023-03-18 11:02:25,(2(0)-1679108545:262743),thrDistribute.THRUSTER,9984,EventSeverity.ACTIVITY_LO,Thruster 3 jet
2023-03-18 11:02:25,(2(0)-1679108545:262974),thrDistribute.THRUSTER,9984,EventSeverity.ACTIVITY_LO,Thruster 5 jet
2023-03-18 11:02:27,(2(0)-1679108547:317050),thrDistribute.THRUSTER,9984,EventSeverity.ACTIVITY_LO,Thruster 3 jet
2023-03-18 11:02:28,(2(0)-1679108548:345189),thrDistribute.THRUSTER,9984,EventSeverity.ACTIVITY_LO,Thruster 3 jet
2023-03-18 11:02:28,(2(0)-1679108548:345258),thrDistribute.THRUSTER,9984,EventSeverity.ACTIVITY_LO,Thruster 5 jet
2023-03-18 11:02:30,(2(0)-1679108550:401894),thrDistribute.THRUSTER,9984,EventSeverity.ACTIVITY_LO,Thruster 3 jet
2023-03-18 11:02:30,(2(0)-1679108550:401965),thrDistribute.THRUSTER,9984,EventSeverity.ACTIVITY_LO,Thruster 5 jet
2023-03-18 11:02:31,(2(0)-1679108551:429554),thrDistribute.THRUSTER,9984,EventSeverity.ACTIVITY_LO,Thruster 3 jet
2023-03-18 11:02:32,(2(0)-1679108552:587844),thrDistribute.THRUSTER,9984,EventSeverity.ACTIVITY_LO,Thruster 3 jet
2023-03-18 11:02:33,(2(0)-1679108553:616659),thrDistribute.THRUSTER,9984,EventSeverity.ACTIVITY_LO,Thruster 5 jet
2023-03-18 11:02:34,(2(0)-1679108554:643563),thrDistribute.THRUSTER,9984,EventSeverity.ACTIVITY_LO,Thruster 3 jet
2023-03-18 11:02:35,(2(0)-1679108555:671628),thrDistribute.THRUSTER,9984,EventSeverity.ACTIVITY_LO,Thruster 3 jet
2023-03-18 11:02:36,(2(0)-1679108556:699133),thrDistribute.THRUSTER,9984,EventSeverity.ACTIVITY_LO,Thruster 5 jet
2023-03-18 11:02:37,(2(0)-1679108557:727132),thrDistribute.THRUSTER,9984,EventSeverity.ACTIVITY_LO,Thruster 3 jet
2023-03-18 11:02:38,(2(0)-1679108558:755193),thrDistribute.THRUSTER,9984,EventSeverity.ACTIVITY_LO,Thruster 3 jet
2023-03-18 11:02:38,(2(0)-1679108558:755294),thrDistribute.THRUSTER,9984,EventSeverity.ACTIVITY_LO,Thruster 5 jet
2023-03-18 11:02:39,(2(0)-1679108559:782070),thrDistribute.THRUSTER,9984,EventSeverity.ACTIVITY_LO,Thruster 3 jet
2023-03-18 11:02:41,(2(0)-1679108561:838516),thrDistribute.THRUSTER,9984,EventSeverity.ACTIVITY_LO,Thruster 3 jet
2023-03-18 11:02:41,(2(0)-1679108561:838566),thrDistribute.THRUSTER,9984,EventSeverity.ACTIVITY_LO,Thruster 5 jet
2023-03-18 11:02:42,(2(0)-1679108562:866915),thrDistribute.THRUSTER,9984,EventSeverity.ACTIVITY_LO,Thruster 3 jet
2023-03-18 11:02:43,(2(0)-1679108563:895479),thrDistribute.THRUSTER,9984,EventSeverity.ACTIVITY_LO,Thruster 5 jet
2023-03-18 11:02:44,(2(0)-1679108564:923896),thrDistribute.THRUSTER,9984,EventSeverity.ACTIVITY_LO,Thruster 3 jet
2023-03-18 11:02:45,(2(0)-1679108565:953533),thrDistribute.THRUSTER,9984,EventSeverity.ACTIVITY_LO,Thruster 3 jet
2023-03-18 11:02:46,(2(0)-1679108566:981364),thrDistribute.THRUSTER,9984,EventSeverity.ACTIVITY_LO,Thruster 3 jet
2023-03-18 11:02:46,(2(0)-1679108566:981432),thrDistribute.THRUSTER,9984,EventSeverity.ACTIVITY_LO,Thruster 5 jet
2023-03-18 11:02:49,(2(0)-1679108569:165797),thrDistribute.THRUSTER,9984,EventSeverity.ACTIVITY_LO,Thruster 3 jet
2023-03-18 11:02:49,(2(0)-1679108569:165999),thrDistribute.THRUSTER,9984,EventSeverity.ACTIVITY_LO,Thruster 5 jet
2023-03-18 11:02:50,(2(0)-1679108570:193971),thrDistribute.THRUSTER,9984,EventSeverity.ACTIVITY_LO,Thruster 3 jet
2023-03-18 11:02:52,(2(0)-1679108572:248891),thrDistribute.THRUSTER,9984,EventSeverity.ACTIVITY_LO,Thruster 3 jet
2023-03-18 11:02:52,(2(0)-1679108572:248964),thrDistribute.THRUSTER,9984,EventSeverity.ACTIVITY_LO,Thruster 5 jet
2023-03-18 11:02:53,(2(0)-1679108573:277470),thrDistribute.THRUSTER,9984,EventSeverity.ACTIVITY_LO,Thruster 3 jet
2023-03-18 11:02:54,(2(0)-1679108574:305347),thrDistribute.THRUSTER,9984,EventSeverity.ACTIVITY_LO,Thruster 3 jet
2023-03-18 11:02:54,(2(0)-1679108574:305418),thrDistribute.THRUSTER,9984,EventSeverity.ACTIVITY_LO,Thruster 5 jet
2023-03-18 11:02:56,(2(0)-1679108576:360505),thrDistribute.THRUSTER,9984,EventSeverity.ACTIVITY_LO,Thruster 3 jet
2023-03-18 11:02:57,(2(0)-1679108577:389382),thrDistribute.THRUSTER,9984,EventSeverity.ACTIVITY_LO,Thruster 3 jet
2023-03-18 11:02:57,(2(0)-1679108577:389456),thrDistribute.THRUSTER,9984,EventSeverity.ACTIVITY_LO,Thruster 5 jet
2023-03-18 11:02:59,(2(0)-1679108579:446099),thrDistribute.THRUSTER,9984,EventSeverity.ACTIVITY_LO,Thruster 3 jet
2023-03-18 11:02:59,(2(0)-1679108579:446160),thrDistribute.THRUSTER,9984,EventSeverity.ACTIVITY_LO,Thruster 5 jet
2023-03-18 11:03:00,(2(0)-1679108580:603653),thrDistribute.THRUSTER,9984,EventSeverity.ACTIVITY_LO,Thruster 3 jet
2023-03-18 11:03:01,(2(0)-1679108581:631682),thrDistribute.THRUSTER,9984,EventSeverity.ACTIVITY_LO,Thruster 3 jet
2023-03-18 11:03:02,(2(0)-1679108582:658494),thrDistribute.THRUSTER,9984,EventSeverity.ACTIVITY_LO,Thruster 5 jet
2023-03-18 11:03:03,(2(0)-1679108583:686508),thrDistribute.THRUSTER,9984,EventSeverity.ACTIVITY_LO,Thruster 3 jet
2023-03-18 11:03:04,(2(0)-1679108584:714207),thrDistribute.THRUSTER,9984,EventSeverity.ACTIVITY_LO,Thruster 3 jet
2023-03-18 11:03:04,(2(0)-1679108584:714252),thrDistribute.THRUSTER,9984,EventSeverity.ACTIVITY_LO,Thruster 5 jet
2023-03-18 11:03:06,(2(0)-1679108586:770587),thrDistribute.THRUSTER,9984,EventSeverity.ACTIVITY_LO,Thruster 3 jet
2023-03-18 11:03:07,(2(0)-1679108587:797996),thrDistribute.THRUSTER,9984,EventSeverity.ACTIVITY_LO,Thruster 3 jet
2023-03-18 11:03:07,(2(0)-1679108587:798056),thrDistribute.THRUSTER,9984,EventSeverity.ACTIVITY_LO,Thruster 5 jet
2023-03-18 11:03:08,(2(0)-1679108588:826591),thrDistribute.THRUSTER,9984,EventSeverity.ACTIVITY_LO,Thruster 3 jet
2023-03-18 11:03:09,(2(0)-1679108589:855952),thrDistribute.THRUSTER,9984,EventSeverity.ACTIVITY_LO,Thruster 5 jet
2023-03-18 11:03:10,(2(0)-1679108590:883287),thrDistribute.THRUSTER,9984,EventSeverity.ACTIVITY_LO,Thruster 3 jet
2023-03-18 11:03:11,(2(0)-1679108591:910344),thrDistribute.THRUSTER,9984,EventSeverity.ACTIVITY_LO,Thruster 3 jet
2023-03-18 11:03:12,(2(0)-1679108592:939221),thrDistribute.THRUSTER,9984,EventSeverity.ACTIVITY_LO,Thruster 5 jet
2023-03-18 11:03:13,(2(0)-1679108593:966654),thrDistribute.THRUSTER,9984,EventSeverity.ACTIVITY_LO,Thruster 3 jet
2023-03-18 11:03:14,(2(0)-1679108594:995394),thrDistribute.THRUSTER,9984,EventSeverity.ACTIVITY_LO,Thruster 3 jet
2023-03-18 11:03:16,(2(0)-1679108596:22521),thrDistribute.THRUSTER,9984,EventSeverity.ACTIVITY_LO,Thruster 3 jet
2023-03-18 11:03:16,(2(0)-1679108596:22582),thrDistribute.THRUSTER,9984,EventSeverity.ACTIVITY_LO,Thruster 5 jet
2023-03-18 11:03:18,(2(0)-1679108598:77235),thrDistribute.THRUSTER,9984,EventSeverity.ACTIVITY_LO,Thruster 3 jet
2023-03-18 11:03:18,(2(0)-1679108598:77278),thrDistribute.THRUSTER,9984,EventSeverity.ACTIVITY_LO,Thruster 5 jet
2023-03-18 11:03:19,(2(0)-1679108599:234580),thrDistribute.THRUSTER,9984,EventSeverity.ACTIVITY_LO,Thruster 3 jet
2023-03-18 11:03:21,(2(0)-1679108601:288299),thrDistribute.THRUSTER,9984,EventSeverity.ACTIVITY_LO,Thruster 3 jet
2023-03-18 11:03:21,(2(0)-1679108601:288357),thrDistribute.THRUSTER,9984,EventSeverity.ACTIVITY_LO,Thruster 5 jet
2023-03-18 11:03:22,(2(0)-1679108602:316654),thrDistribute.THRUSTER,9984,EventSeverity.ACTIVITY_LO,Thruster 3 jet
2023-03-18 11:03:23,(2(0)-1679108603:343131),thrDistribute.THRUSTER,9984,EventSeverity.ACTIVITY_LO,Thruster 3 jet
2023-03-18 11:03:23,(2(0)-1679108603:343337),thrDistribute.THRUSTER,9984,EventSeverity.ACTIVITY_LO,Thruster 5 jet
2023-03-18 11:03:25,(2(0)-1679108605:398283),thrDistribute.THRUSTER,9984,EventSeverity.ACTIVITY_LO,Thruster 3 jet
2023-03-18 11:03:26,(2(0)-1679108606:425979),thrDistribute.THRUSTER,9984,EventSeverity.ACTIVITY_LO,Thruster 3 jet
2023-03-18 11:03:26,(2(0)-1679108606:426036),thrDistribute.THRUSTER,9984,EventSeverity.ACTIVITY_LO,Thruster 5 jet
2023-03-18 11:03:28,(2(0)-1679108608:481515),thrDistribute.THRUSTER,9984,EventSeverity.ACTIVITY_LO,Thruster 3 jet
2023-03-18 11:03:28,(2(0)-1679108608:481577),thrDistribute.THRUSTER,9984,EventSeverity.ACTIVITY_LO,Thruster 5 jet
2023-03-18 11:03:29,(2(0)-1679108609:510996),thrDistribute.THRUSTER,9984,EventSeverity.ACTIVITY_LO,Thruster 3 jet
2023-03-18 11:03:30,(2(0)-1679108610:539135),thrDistribute.THRUSTER,9984,EventSeverity.ACTIVITY_LO,Thruster 3 jet
2023-03-18 11:03:31,(2(0)-1679108611:567171),thrDistribute.THRUSTER,9984,EventSeverity.ACTIVITY_LO,Thruster 5 jet
2023-03-18 11:03:32,(2(0)-1679108612:595243),thrDistribute.THRUSTER,9984,EventSeverity.ACTIVITY_LO,Thruster 3 jet
2023-03-18 11:03:33,(2(0)-1679108613:623688),thrDistribute.THRUSTER,9984,EventSeverity.ACTIVITY_LO,Thruster 3 jet
2023-03-18 11:03:33,(2(0)-1679108613:623767),thrDistribute.THRUSTER,9984,EventSeverity.ACTIVITY_LO,Thruster 5 jet
2023-03-18 11:03:35,(2(0)-1679108615:680112),thrDistribute.THRUSTER,9984,EventSeverity.ACTIVITY_LO,Thruster 3 jet
2023-03-18 11:03:36,(2(0)-1679108616:707318),thrDistribute.THRUSTER,9984,EventSeverity.ACTIVITY_LO,Thruster 3 jet
2023-03-18 11:03:36,(2(0)-1679108616:707436),thrDistribute.THRUSTER,9984,EventSeverity.ACTIVITY_LO,Thruster 5 jet
2023-03-18 11:03:37,(2(0)-1679108617:734638),thrDistribute.THRUSTER,9984,EventSeverity.ACTIVITY_LO,Thruster 3 jet
2023-03-18 11:03:38,(2(0)-1679108618:762517),thrDistribute.THRUSTER,9984,EventSeverity.ACTIVITY_LO,Thruster 5 jet
2023-03-18 11:03:39,(2(0)-1679108619:919495),thrDistribute.THRUSTER,9984,EventSeverity.ACTIVITY_LO,Thruster 3 jet
2023-03-18 11:03:40,(2(0)-1679108620:946890),thrDistribute.THRUSTER,9984,EventSeverity.ACTIVITY_LO,Thruster 3 jet
2023-03-18 11:03:41,(2(0)-1679108621:974615),thrDistribute.THRUSTER,9984,EventSeverity.ACTIVITY_LO,Thruster 5 jet
2023-03-18 11:03:43,(2(0)-1679108623:2650),thrDistribute.THRUSTER,9984,EventSeverity.ACTIVITY_LO,Thruster 3 jet
2023-03-18 11:03:44,(2(0)-1679108624:29843),thrDistribute.THRUSTER,9984,EventSeverity.ACTIVITY_LO,Thruster 3 jet
2023-03-18 11:03:44,(2(0)-1679108624:29913),thrDistribute.THRUSTER,9984,EventSeverity.ACTIVITY_LO,Thruster 5 jet
2023-03-18 11:03:45,(2(0)-1679108625:58765),thrDistribute.THRUSTER,9984,EventSeverity.ACTIVITY_LO,Thruster 3 jet
2023-03-18 11:03:47,(2(0)-1679108627:115450),thrDistribute.THRUSTER,9984,EventSeverity.ACTIVITY_LO,Thruster 3 jet
2023-03-18 11:03:47,(2(0)-1679108627:115636),thrDistribute.THRUSTER,9984,EventSeverity.ACTIVITY_LO,Thruster 5 jet
2023-03-18 11:03:48,(2(0)-1679108628:142915),thrDistribute.THRUSTER,9984,EventSeverity.ACTIVITY_LO,Thruster 3 jet
2023-03-18 11:03:49,(2(0)-1679108629:169886),thrDistribute.THRUSTER,9984,EventSeverity.ACTIVITY_LO,Thruster 5 jet
2023-03-18 11:03:50,(2(0)-1679108630:197180),thrDistribute.THRUSTER,9984,EventSeverity.ACTIVITY_LO,Thruster 3 jet
2023-03-18 11:03:51,(2(0)-1679108631:226154),thrDistribute.THRUSTER,9984,EventSeverity.ACTIVITY_LO,Thruster 3 jet
2023-03-18 11:03:52,(2(0)-1679108632:253396),thrDistribute.THRUSTER,9984,EventSeverity.ACTIVITY_LO,Thruster 3 jet
2023-03-18 11:03:52,(2(0)-1679108632:253464),thrDistribute.THRUSTER,9984,EventSeverity.ACTIVITY_LO,Thruster 5 jet
2023-03-18 11:03:54,(2(0)-1679108634:309326),thrDistribute.THRUSTER,9984,EventSeverity.ACTIVITY_LO,Thruster 3 jet
2023-03-18 11:03:55,(2(0)-1679108635:337053),thrDistribute.THRUSTER,9984,EventSeverity.ACTIVITY_LO,Thruster 3 jet
2023-03-18 11:03:55,(2(0)-1679108635:337123),thrDistribute.THRUSTER,9984,EventSeverity.ACTIVITY_LO,Thruster 5 jet
2023-03-18 11:03:57,(2(0)-1679108637:522105),thrDistribute.THRUSTER,9984,EventSeverity.ACTIVITY_LO,Thruster 3 jet
2023-03-18 11:03:57,(2(0)-1679108637:522157),thrDistribute.THRUSTER,9984,EventSeverity.ACTIVITY_LO,Thruster 5 jet
2023-03-18 11:03:58,(2(0)-1679108638:550335),thrDistribute.THRUSTER,9984,EventSeverity.ACTIVITY_LO,Thruster 3 jet
2023-03-18 11:03:59,(2(0)-1679108639:579175),thrDistribute.THRUSTER,9984,EventSeverity.ACTIVITY_LO,Thruster 3 jet
2023-03-18 11:04:00,(2(0)-1679108640:606239),thrDistribute.THRUSTER,9984,EventSeverity.ACTIVITY_LO,Thruster 5 jet
2023-03-18 11:04:01,(2(0)-1679108641:632506),thrDistribute.THRUSTER,9984,EventSeverity.ACTIVITY_LO,Thruster 3 jet
2023-03-18 11:04:02,(2(0)-1679108642:659567),thrDistribute.THRUSTER,9984,EventSeverity.ACTIVITY_LO,Thruster 3 jet
2023-03-18 11:04:02,(2(0)-1679108642:659627),thrDistribute.THRUSTER,9984,EventSeverity.ACTIVITY_LO,Thruster 5 jet
2023-03-18 11:04:04,(2(0)-1679108644:714077),thrDistribute.THRUSTER,9984,EventSeverity.ACTIVITY_LO,Thruster 3 jet
2023-03-18 11:04:05,(2(0)-1679108645:742247),thrDistribute.THRUSTER,9984,EventSeverity.ACTIVITY_LO,Thruster 3 jet
2023-03-18 11:04:05,(2(0)-1679108645:742386),thrDistribute.THRUSTER,9984,EventSeverity.ACTIVITY_LO,Thruster 5 jet
2023-03-18 11:04:06,(2(0)-1679108646:772104),thrDistribute.THRUSTER,9984,EventSeverity.ACTIVITY_LO,Thruster 3 jet
2023-03-18 11:04:07,(2(0)-1679108647:929297),thrDistribute.THRUSTER,9984,EventSeverity.ACTIVITY_LO,Thruster 5 jet
2023-03-18 11:04:08,(2(0)-1679108648:956245),thrDistribute.THRUSTER,9984,EventSeverity.ACTIVITY_LO,Thruster 3 jet
2023-03-18 11:04:09,(2(0)-1679108649:985172),thrDistribute.THRUSTER,9984,EventSeverity.ACTIVITY_LO,Thruster 3 jet
2023-03-18 11:04:11,(2(0)-1679108651:10923),thrDistribute.THRUSTER,9984,EventSeverity.ACTIVITY_LO,Thruster 5 jet
2023-03-18 11:04:12,(2(0)-1679108652:39581),thrDistribute.THRUSTER,9984,EventSeverity.ACTIVITY_LO,Thruster 3 jet
2023-03-18 11:04:13,(2(0)-1679108653:67694),thrDistribute.THRUSTER,9984,EventSeverity.ACTIVITY_LO,Thruster 3 jet
2023-03-18 11:04:13,(2(0)-1679108653:67920),thrDistribute.THRUSTER,9984,EventSeverity.ACTIVITY_LO,Thruster 5 jet
2023-03-18 11:04:14,(2(0)-1679108654:96172),thrDistribute.THRUSTER,9984,EventSeverity.ACTIVITY_LO,Thruster 3 jet
2023-03-18 11:04:16,(2(0)-1679108656:152507),thrDistribute.THRUSTER,9984,EventSeverity.ACTIVITY_LO,Thruster 3 jet
2023-03-18 11:04:16,(2(0)-1679108656:152569),thrDistribute.THRUSTER,9984,EventSeverity.ACTIVITY_LO,Thruster 5 jet
2023-03-18 11:04:17,(2(0)-1679108657:179520),thrDistribute.THRUSTER,9984,EventSeverity.ACTIVITY_LO,Thruster 3 jet
2023-03-18 11:04:18,(2(0)-1679108658:206836),thrDistribute.THRUSTER,9984,EventSeverity.ACTIVITY_LO,Thruster 5 jet
2023-03-18 11:04:19,(2(0)-1679108659:235524),thrDistribute.THRUSTER,9984,EventSeverity.ACTIVITY_LO,Thruster 3 jet
2023-03-18 11:04:20,(2(0)-1679108660:262201),thrDistribute.THRUSTER,9984,EventSeverity.ACTIVITY_LO,Thruster 3 jet
2023-03-18 11:04:21,(2(0)-1679108661:289974),thrDistribute.THRUSTER,9984,EventSeverity.ACTIVITY_LO,Thruster 3 jet
2023-03-18 11:04:21,(2(0)-1679108661:290040),thrDistribute.THRUSTER,9984,EventSeverity.ACTIVITY_LO,Thruster 5 jet
2023-03-18 11:04:23,(2(0)-1679108663:475074),thrDistribute.THRUSTER,9984,EventSeverity.ACTIVITY_LO,Thruster 3 jet
2023-03-18 11:04:23,(2(0)-1679108663:475137),thrDistribute.THRUSTER,9984,EventSeverity.ACTIVITY_LO,Thruster 5 jet
2023-03-18 11:04:24,(2(0)-1679108664:502747),thrDistribute.THRUSTER,9984,EventSeverity.ACTIVITY_LO,Thruster 3 jet
2023-03-18 11:04:26,(2(0)-1679108666:812766),thrDistribute.THRUSTER,9984,EventSeverity.ACTIVITY_LO,Thruster 3 jet
2023-03-18 11:04:26,(2(0)-1679108666:812814),thrDistribute.THRUSTER,9984,EventSeverity.ACTIVITY_LO,Thruster 5 jet
2023-03-18 11:04:27,(2(0)-1679108667:841196),thrDistribute.THRUSTER,9984,EventSeverity.ACTIVITY_LO,Thruster 3 jet
2023-03-18 11:04:28,(2(0)-1679108668:870209),thrDistribute.THRUSTER,9984,EventSeverity.ACTIVITY_LO,Thruster 3 jet
2023-03-18 11:04:28,(2(0)-1679108668:870298),thrDistribute.THRUSTER,9984,EventSeverity.ACTIVITY_LO,Thruster 5 jet
2023-03-18 11:04:30,(2(0)-1679108670:926864),thrDistribute.THRUSTER,9984,EventSeverity.ACTIVITY_LO,Thruster 3 jet
2023-03-18 11:04:31,(2(0)-1679108671:955404),thrDistribute.THRUSTER,9984,EventSeverity.ACTIVITY_LO,Thruster 3 jet
2023-03-18 11:04:31,(2(0)-1679108671:955606),thrDistribute.THRUSTER,9984,EventSeverity.ACTIVITY_LO,Thruster 5 jet
2023-03-18 11:04:34,(2(0)-1679108674:13918),thrDistribute.THRUSTER,9984,EventSeverity.ACTIVITY_LO,Thruster 3 jet
2023-03-18 11:04:35,(2(0)-1679108675:42268),thrDistribute.THRUSTER,9984,EventSeverity.ACTIVITY_LO,Thruster 3 jet
2023-03-18 11:04:35,(2(0)-1679108675:42324),thrDistribute.THRUSTER,9984,EventSeverity.ACTIVITY_LO,Thruster 5 jet
2023-03-18 11:04:36,(2(0)-1679108676:69676),thrDistribute.THRUSTER,9984,EventSeverity.ACTIVITY_LO,Thruster 3 jet
2023-03-18 11:04:37,(2(0)-1679108677:97428),thrDistribute.THRUSTER,9984,EventSeverity.ACTIVITY_LO,Thruster 5 jet
2023-03-18 11:04:38,(2(0)-1679108678:125758),thrDistribute.THRUSTER,9984,EventSeverity.ACTIVITY_LO,Thruster 3 jet
2023-03-18 11:04:39,(2(0)-1679108679:152569),thrDistribute.THRUSTER,9984,EventSeverity.ACTIVITY_LO,Thruster 3 jet
2023-03-18 11:04:40,(2(0)-1679108680:94142),protectFromSunlight.PROCESS_OUT_DATA,21248,EventSeverity.ACTIVITY_LO,Protect from Sunlight
2023-03-18 11:04:40,(2(0)-1679108680:180162),thrDistribute.THRUSTER,9984,EventSeverity.ACTIVITY_LO,Thruster 5 jet
2023-03-18 11:04:41,(2(0)-1679108681:135580),protectFromSunlight.PROCESS_OUT_DATA,21248,EventSeverity.ACTIVITY_LO,Protect from Sunlight
2023-03-18 11:04:41,(2(0)-1679108681:208578),thrDistribute.THRUSTER,9984,EventSeverity.ACTIVITY_LO,Thruster 3 jet
2023-03-18 11:04:42,(2(0)-1679108682:153623),protectFromSunlight.PROCESS_OUT_DATA,21248,EventSeverity.ACTIVITY_LO,Protect from Sunlight
2023-03-18 11:04:42,(2(0)-1679108682:237260),thrDistribute.THRUSTER,9984,EventSeverity.ACTIVITY_LO,Thruster 3 jet
2023-03-18 11:04:42,(2(0)-1679108682:237338),thrDistribute.THRUSTER,9984,EventSeverity.ACTIVITY_LO,Thruster 5 jet
2023-03-18 11:04:43,(2(0)-1679108683:173436),protectFromSunlight.PROCESS_OUT_DATA,21248,EventSeverity.ACTIVITY_LO,Protect from Sunlight
2023-03-18 11:04:43,(2(0)-1679108683:265148),thrDistribute.THRUSTER,9984,EventSeverity.ACTIVITY_LO,Thruster 3 jet
2023-03-18 11:04:45,(2(0)-1679108685:320165),thrDistribute.THRUSTER,9984,EventSeverity.ACTIVITY_LO,Thruster 3 jet
2023-03-18 11:04:45,(2(0)-1679108685:320221),thrDistribute.THRUSTER,9984,EventSeverity.ACTIVITY_LO,Thruster 5 jet
2023-03-18 11:04:46,(2(0)-1679108686:349574),thrDistribute.THRUSTER,9984,EventSeverity.ACTIVITY_LO,Thruster 3 jet
2023-03-18 11:04:47,(2(0)-1679108687:377076),thrDistribute.THRUSTER,9984,EventSeverity.ACTIVITY_LO,Thruster 5 jet
2023-03-18 11:04:48,(2(0)-1679108688:405378),thrDistribute.THRUSTER,9984,EventSeverity.ACTIVITY_LO,Thruster 3 jet
2023-03-18 11:04:49,(2(0)-1679108689:434078),thrDistribute.THRUSTER,9984,EventSeverity.ACTIVITY_LO,Thruster 3 jet
2023-03-18 11:04:50,(2(0)-1679108690:462912),thrDistribute.THRUSTER,9984,EventSeverity.ACTIVITY_LO,Thruster 3 jet
2023-03-18 11:04:50,(2(0)-1679108690:463003),thrDistribute.THRUSTER,9984,EventSeverity.ACTIVITY_LO,Thruster 5 jet
2023-03-18 11:04:52,(2(0)-1679108692:519831),thrDistribute.THRUSTER,9984,EventSeverity.ACTIVITY_LO,Thruster 3 jet
2023-03-18 11:04:52,(2(0)-1679108692:519923),thrDistribute.THRUSTER,9984,EventSeverity.ACTIVITY_LO,Thruster 5 jet
2023-03-18 11:04:53,(2(0)-1679108693:547906),thrDistribute.THRUSTER,9984,EventSeverity.ACTIVITY_LO,Thruster 3 jet
2023-03-18 11:04:55,(2(0)-1679108695:603413),thrDistribute.THRUSTER,9984,EventSeverity.ACTIVITY_LO,Thruster 3 jet
2023-03-18 11:04:55,(2(0)-1679108695:603535),thrDistribute.THRUSTER,9984,EventSeverity.ACTIVITY_LO,Thruster 5 jet
2023-03-18 11:04:56,(2(0)-1679108696:631417),thrDistribute.THRUSTER,9984,EventSeverity.ACTIVITY_LO,Thruster 3 jet
2023-03-18 11:04:57,(2(0)-1679108697:659183),thrDistribute.THRUSTER,9984,EventSeverity.ACTIVITY_LO,Thruster 3 jet
2023-03-18 11:04:57,(2(0)-1679108697:659251),thrDistribute.THRUSTER,9984,EventSeverity.ACTIVITY_LO,Thruster 5 jet
2023-03-18 11:04:59,(2(0)-1679108699:715578),thrDistribute.THRUSTER,9984,EventSeverity.ACTIVITY_LO,Thruster 3 jet
2023-03-18 11:05:00,(2(0)-1679108700:741532),thrDistribute.THRUSTER,9984,EventSeverity.ACTIVITY_LO,Thruster 3 jet
2023-03-18 11:05:00,(2(0)-1679108700:741601),thrDistribute.THRUSTER,9984,EventSeverity.ACTIVITY_LO,Thruster 5 jet
2023-03-18 11:05:02,(2(0)-1679108702:799598),thrDistribute.THRUSTER,9984,EventSeverity.ACTIVITY_LO,Thruster 3 jet
2023-03-18 11:05:02,(2(0)-1679108702:799630),thrDistribute.THRUSTER,9984,EventSeverity.ACTIVITY_LO,Thruster 5 jet
2023-03-18 11:05:03,(2(0)-1679108703:828517),thrDistribute.THRUSTER,9984,EventSeverity.ACTIVITY_LO,Thruster 3 jet
2023-03-18 11:05:04,(2(0)-1679108704:857036),thrDistribute.THRUSTER,9984,EventSeverity.ACTIVITY_LO,Thruster 3 jet
2023-03-18 11:05:05,(2(0)-1679108705:886163),thrDistribute.THRUSTER,9984,EventSeverity.ACTIVITY_LO,Thruster 5 jet
2023-03-18 11:05:06,(2(0)-1679108706:886609),protectFromSunlight.PROCESS_OUT_DATA,21248,EventSeverity.ACTIVITY_LO,Protect from Sunlight
2023-03-18 11:05:06,(2(0)-1679108706:914189),thrDistribute.THRUSTER,9984,EventSeverity.ACTIVITY_LO,Thruster 3 jet
2023-03-18 11:05:07,(2(0)-1679108707:910501),protectFromSunlight.PROCESS_OUT_DATA,21248,EventSeverity.ACTIVITY_LO,Protect from Sunlight
2023-03-18 11:05:07,(2(0)-1679108707:941552),thrDistribute.THRUSTER,9984,EventSeverity.ACTIVITY_LO,Thruster 3 jet
2023-03-18 11:05:07,(2(0)-1679108707:941616),thrDistribute.THRUSTER,9984,EventSeverity.ACTIVITY_LO,Thruster 5 jet
2023-03-18 11:05:08,(2(0)-1679108708:930292),protectFromSunlight.PROCESS_OUT_DATA,21248,EventSeverity.ACTIVITY_LO,Protect from Sunlight
2023-03-18 11:05:09,(2(0)-1679108709:997415),thrDistribute.THRUSTER,9984,EventSeverity.ACTIVITY_LO,Thruster 3 jet
2023-03-18 11:05:11,(2(0)-1679108711:26316),thrDistribute.THRUSTER,9984,EventSeverity.ACTIVITY_LO,Thruster 3 jet
2023-03-18 11:05:11,(2(0)-1679108711:26387),thrDistribute.THRUSTER,9984,EventSeverity.ACTIVITY_LO,Thruster 5 jet
2023-03-18 11:05:12,(2(0)-1679108712:54842),thrDistribute.THRUSTER,9984,EventSeverity.ACTIVITY_LO,Thruster 3 jet
2023-03-18 11:05:14,(2(0)-1679108714:110148),thrDistribute.THRUSTER,9984,EventSeverity.ACTIVITY_LO,Thruster 3 jet
2023-03-18 11:05:14,(2(0)-1679108714:110205),thrDistribute.THRUSTER,9984,EventSeverity.ACTIVITY_LO,Thruster 5 jet
2023-03-18 11:05:15,(2(0)-1679108715:138266),thrDistribute.THRUSTER,9984,EventSeverity.ACTIVITY_LO,Thruster 3 jet
2023-03-18 11:05:16,(2(0)-1679108716:167063),thrDistribute.THRUSTER,9984,EventSeverity.ACTIVITY_LO,Thruster 5 jet
2023-03-18 11:05:17,(2(0)-1679108717:195024),thrDistribute.THRUSTER,9984,EventSeverity.ACTIVITY_LO,Thruster 3 jet
2023-03-18 11:05:18,(2(0)-1679108718:223150),thrDistribute.THRUSTER,9984,EventSeverity.ACTIVITY_LO,Thruster 3 jet
2023-03-18 11:05:19,(2(0)-1679108719:253372),thrDistribute.THRUSTER,9984,EventSeverity.ACTIVITY_LO,Thruster 3 jet
2023-03-18 11:05:19,(2(0)-1679108719:253435),thrDistribute.THRUSTER,9984,EventSeverity.ACTIVITY_LO,Thruster 5 jet
2023-03-18 11:05:21,(2(0)-1679108721:311422),thrDistribute.THRUSTER,9984,EventSeverity.ACTIVITY_LO,Thruster 3 jet
2023-03-18 11:05:21,(2(0)-1679108721:311587),thrDistribute.THRUSTER,9984,EventSeverity.ACTIVITY_LO,Thruster 5 jet
2023-03-18 11:05:22,(2(0)-1679108722:288337),protectFromSunlight.PROCESS_OUT_DATA,21248,EventSeverity.ACTIVITY_LO,Protect from Sunlight
2023-03-18 11:05:22,(2(0)-1679108722:338985),thrDistribute.THRUSTER,9984,EventSeverity.ACTIVITY_LO,Thruster 3 jet
2023-03-18 11:05:23,(2(0)-1679108723:317441),protectFromSunlight.PROCESS_OUT_DATA,21248,EventSeverity.ACTIVITY_LO,Protect from Sunlight
2023-03-18 11:05:24,(2(0)-1679108724:363638),protectFromSunlight.PROCESS_OUT_DATA,21248,EventSeverity.ACTIVITY_LO,Protect from Sunlight
2023-03-18 11:05:24,(2(0)-1679108724:394863),thrDistribute.THRUSTER,9984,EventSeverity.ACTIVITY_LO,Thruster 3 jet
2023-03-18 11:05:24,(2(0)-1679108724:394909),thrDistribute.THRUSTER,9984,EventSeverity.ACTIVITY_LO,Thruster 5 jet
2023-03-18 11:05:25,(2(0)-1679108725:385217),protectFromSunlight.PROCESS_OUT_DATA,21248,EventSeverity.ACTIVITY_LO,Protect from Sunlight
2023-03-18 11:05:25,(2(0)-1679108725:422505),thrDistribute.THRUSTER,9984,EventSeverity.ACTIVITY_LO,Thruster 3 jet
2023-03-18 11:05:26,(2(0)-1679108726:438197),protectFromSunlight.PROCESS_OUT_DATA,21248,EventSeverity.ACTIVITY_LO,Protect from Sunlight
2023-03-18 11:05:26,(2(0)-1679108726:450219),thrDistribute.THRUSTER,9984,EventSeverity.ACTIVITY_LO,Thruster 3 jet
2023-03-18 11:05:26,(2(0)-1679108726:450339),thrDistribute.THRUSTER,9984,EventSeverity.ACTIVITY_LO,Thruster 5 jet
2023-03-18 11:05:27,(2(0)-1679108727:484665),protectFromSunlight.PROCESS_OUT_DATA,21248,EventSeverity.ACTIVITY_LO,Protect from Sunlight
2023-03-18 11:05:28,(2(0)-1679108728:530235),protectFromSunlight.PROCESS_OUT_DATA,21248,EventSeverity.ACTIVITY_LO,Protect from Sunlight
2023-03-18 11:05:28,(2(0)-1679108728:634799),thrDistribute.THRUSTER,9984,EventSeverity.ACTIVITY_LO,Thruster 3 jet
2023-03-18 11:05:29,(2(0)-1679108729:550658),protectFromSunlight.PROCESS_OUT_DATA,21248,EventSeverity.ACTIVITY_LO,Protect from Sunlight
2023-03-18 11:05:29,(2(0)-1679108729:663048),thrDistribute.THRUSTER,9984,EventSeverity.ACTIVITY_LO,Thruster 3 jet
2023-03-18 11:05:29,(2(0)-1679108729:663116),thrDistribute.THRUSTER,9984,EventSeverity.ACTIVITY_LO,Thruster 5 jet
2023-03-18 11:05:30,(2(0)-1679108730:595238),protectFromSunlight.PROCESS_OUT_DATA,21248,EventSeverity.ACTIVITY_LO,Protect from Sunlight
2023-03-18 11:05:31,(2(0)-1679108731:624705),protectFromSunlight.PROCESS_OUT_DATA,21248,EventSeverity.ACTIVITY_LO,Protect from Sunlight
2023-03-18 11:05:31,(2(0)-1679108731:720572),thrDistribute.THRUSTER,9984,EventSeverity.ACTIVITY_LO,Thruster 3 jet
2023-03-18 11:05:31,(2(0)-1679108731:720726),thrDistribute.THRUSTER,9984,EventSeverity.ACTIVITY_LO,Thruster 5 jet
2023-03-18 11:05:32,(2(0)-1679108732:655262),protectFromSunlight.PROCESS_OUT_DATA,21248,EventSeverity.ACTIVITY_LO,Protect from Sunlight
2023-03-18 11:05:32,(2(0)-1679108732:746884),thrDistribute.THRUSTER,9984,EventSeverity.ACTIVITY_LO,Thruster 3 jet
2023-03-18 11:05:33,(2(0)-1679108733:688603),protectFromSunlight.PROCESS_OUT_DATA,21248,EventSeverity.ACTIVITY_LO,Protect from Sunlight
2023-03-18 11:05:33,(2(0)-1679108733:776191),thrDistribute.THRUSTER,9984,EventSeverity.ACTIVITY_LO,Thruster 3 jet
2023-03-18 11:05:34,(2(0)-1679108734:712741),protectFromSunlight.PROCESS_OUT_DATA,21248,EventSeverity.ACTIVITY_LO,Protect from Sunlight
2023-03-18 11:05:34,(2(0)-1679108734:803864),thrDistribute.THRUSTER,9984,EventSeverity.ACTIVITY_LO,Thruster 5 jet
2023-03-18 11:05:35,(2(0)-1679108735:731015),protectFromSunlight.PROCESS_OUT_DATA,21248,EventSeverity.ACTIVITY_LO,Protect from Sunlight
2023-03-18 11:05:35,(2(0)-1679108735:831395),thrDistribute.THRUSTER,9984,EventSeverity.ACTIVITY_LO,Thruster 3 jet
2023-03-18 11:05:36,(2(0)-1679108736:755364),protectFromSunlight.PROCESS_OUT_DATA,21248,EventSeverity.ACTIVITY_LO,Protect from Sunlight
2023-03-18 11:05:36,(2(0)-1679108736:860266),thrDistribute.THRUSTER,9984,EventSeverity.ACTIVITY_LO,Thruster 3 jet
2023-03-18 11:05:36,(2(0)-1679108736:860330),thrDistribute.THRUSTER,9984,EventSeverity.ACTIVITY_LO,Thruster 5 jet
2023-03-18 11:05:37,(2(0)-1679108737:776603),protectFromSunlight.PROCESS_OUT_DATA,21248,EventSeverity.ACTIVITY_LO,Protect from Sunlight
2023-03-18 11:05:38,(2(0)-1679108738:800142),protectFromSunlight.PROCESS_OUT_DATA,21248,EventSeverity.ACTIVITY_LO,Protect from Sunlight
2023-03-18 11:05:38,(2(0)-1679108738:917625),thrDistribute.THRUSTER,9984,EventSeverity.ACTIVITY_LO,Thruster 3 jet
2023-03-18 11:05:39,(2(0)-1679108739:841027),protectFromSunlight.PROCESS_OUT_DATA,21248,EventSeverity.ACTIVITY_LO,Protect from Sunlight
2023-03-18 11:05:39,(2(0)-1679108739:946282),thrDistribute.THRUSTER,9984,EventSeverity.ACTIVITY_LO,Thruster 3 jet
2023-03-18 11:05:39,(2(0)-1679108739:946487),thrDistribute.THRUSTER,9984,EventSeverity.ACTIVITY_LO,Thruster 5 jet
2023-03-18 11:05:40,(2(0)-1679108740:896695),protectFromSunlight.PROCESS_OUT_DATA,21248,EventSeverity.ACTIVITY_LO,Protect from Sunlight
2023-03-18 11:05:40,(2(0)-1679108740:973506),thrDistribute.THRUSTER,9984,EventSeverity.ACTIVITY_LO,Thruster 3 jet
2023-03-18 11:05:41,(2(0)-1679108741:923413),protectFromSunlight.PROCESS_OUT_DATA,21248,EventSeverity.ACTIVITY_LO,Protect from Sunlight
2023-03-18 11:05:42,(2(0)-1679108742:1309),thrDistribute.THRUSTER,9984,EventSeverity.ACTIVITY_LO,Thruster 5 jet
2023-03-18 11:05:42,(2(0)-1679108742:947263),protectFromSunlight.PROCESS_OUT_DATA,21248,EventSeverity.ACTIVITY_LO,Protect from Sunlight
2023-03-18 11:05:43,(2(0)-1679108743:29994),thrDistribute.THRUSTER,9984,EventSeverity.ACTIVITY_LO,Thruster 3 jet
2023-03-18 11:05:43,(2(0)-1679108743:969442),protectFromSunlight.PROCESS_OUT_DATA,21248,EventSeverity.ACTIVITY_LO,Protect from Sunlight
2023-03-18 11:05:44,(2(0)-1679108744:58437),thrDistribute.THRUSTER,9984,EventSeverity.ACTIVITY_LO,Thruster 3 jet
2023-03-18 11:05:44,(2(0)-1679108744:988807),protectFromSunlight.PROCESS_OUT_DATA,21248,EventSeverity.ACTIVITY_LO,Protect from Sunlight
2023-03-18 11:05:45,(2(0)-1679108745:86777),thrDistribute.THRUSTER,9984,EventSeverity.ACTIVITY_LO,Thruster 5 jet
2023-03-18 11:05:46,(2(0)-1679108746:6584),protectFromSunlight.PROCESS_OUT_DATA,21248,EventSeverity.ACTIVITY_LO,Protect from Sunlight
2023-03-18 11:05:46,(2(0)-1679108746:115337),thrDistribute.THRUSTER,9984,EventSeverity.ACTIVITY_LO,Thruster 3 jet
2023-03-18 11:05:47,(2(0)-1679108747:31337),protectFromSunlight.PROCESS_OUT_DATA,21248,EventSeverity.ACTIVITY_LO,Protect from Sunlight
2023-03-18 11:05:47,(2(0)-1679108747:141485),thrDistribute.THRUSTER,9984,EventSeverity.ACTIVITY_LO,Thruster 3 jet
2023-03-18 11:05:47,(2(0)-1679108747:141534),thrDistribute.THRUSTER,9984,EventSeverity.ACTIVITY_LO,Thruster 5 jet
2023-03-18 11:05:48,(2(0)-1679108748:49506),protectFromSunlight.PROCESS_OUT_DATA,21248,EventSeverity.ACTIVITY_LO,Protect from Sunlight
2023-03-18 11:05:48,(2(0)-1679108748:169158),thrDistribute.THRUSTER,9984,EventSeverity.ACTIVITY_LO,Thruster 3 jet
2023-03-18 11:05:49,(2(0)-1679108749:95128),protectFromSunlight.PROCESS_OUT_DATA,21248,EventSeverity.ACTIVITY_LO,Protect from Sunlight
2023-03-18 11:05:50,(2(0)-1679108750:115639),protectFromSunlight.PROCESS_OUT_DATA,21248,EventSeverity.ACTIVITY_LO,Protect from Sunlight
2023-03-18 11:05:50,(2(0)-1679108750:227041),thrDistribute.THRUSTER,9984,EventSeverity.ACTIVITY_LO,Thruster 3 jet
2023-03-18 11:05:50,(2(0)-1679108750:227113),thrDistribute.THRUSTER,9984,EventSeverity.ACTIVITY_LO,Thruster 5 jet
2023-03-18 11:05:51,(2(0)-1679108751:160684),protectFromSunlight.PROCESS_OUT_DATA,21248,EventSeverity.ACTIVITY_LO,Protect from Sunlight
2023-03-18 11:05:51,(2(0)-1679108751:256200),thrDistribute.THRUSTER,9984,EventSeverity.ACTIVITY_LO,Thruster 3 jet
2023-03-18 11:05:52,(2(0)-1679108752:182190),protectFromSunlight.PROCESS_OUT_DATA,21248,EventSeverity.ACTIVITY_LO,Protect from Sunlight
2023-03-18 11:05:53,(2(0)-1679108753:225447),protectFromSunlight.PROCESS_OUT_DATA,21248,EventSeverity.ACTIVITY_LO,Protect from Sunlight
2023-03-18 11:05:53,(2(0)-1679108753:314296),thrDistribute.THRUSTER,9984,EventSeverity.ACTIVITY_LO,Thruster 3 jet
2023-03-18 11:05:53,(2(0)-1679108753:314444),thrDistribute.THRUSTER,9984,EventSeverity.ACTIVITY_LO,Thruster 5 jet
2023-03-18 11:05:54,(2(0)-1679108754:247547),protectFromSunlight.PROCESS_OUT_DATA,21248,EventSeverity.ACTIVITY_LO,Protect from Sunlight
2023-03-18 11:05:54,(2(0)-1679108754:341854),thrDistribute.THRUSTER,9984,EventSeverity.ACTIVITY_LO,Thruster 3 jet
2023-03-18 11:05:55,(2(0)-1679108755:270570),protectFromSunlight.PROCESS_OUT_DATA,21248,EventSeverity.ACTIVITY_LO,Protect from Sunlight
2023-03-18 11:05:55,(2(0)-1679108755:369514),thrDistribute.THRUSTER,9984,EventSeverity.ACTIVITY_LO,Thruster 3 jet
2023-03-18 11:05:55,(2(0)-1679108755:369596),thrDistribute.THRUSTER,9984,EventSeverity.ACTIVITY_LO,Thruster 5 jet
2023-03-18 11:05:56,(2(0)-1679108756:294134),protectFromSunlight.PROCESS_OUT_DATA,21248,EventSeverity.ACTIVITY_LO,Protect from Sunlight
2023-03-18 11:05:57,(2(0)-1679108757:315008),protectFromSunlight.PROCESS_OUT_DATA,21248,EventSeverity.ACTIVITY_LO,Protect from Sunlight
2023-03-18 11:05:57,(2(0)-1679108757:428015),thrDistribute.THRUSTER,9984,EventSeverity.ACTIVITY_LO,Thruster 3 jet
2023-03-18 11:05:58,(2(0)-1679108758:334780),protectFromSunlight.PROCESS_OUT_DATA,21248,EventSeverity.ACTIVITY_LO,Protect from Sunlight
2023-03-18 11:05:58,(2(0)-1679108758:455284),thrDistribute.THRUSTER,9984,EventSeverity.ACTIVITY_LO,Thruster 3 jet
2023-03-18 11:05:58,(2(0)-1679108758:455815),thrDistribute.THRUSTER,9984,EventSeverity.ACTIVITY_LO,Thruster 5 jet
2023-03-18 11:05:59,(2(0)-1679108759:372945),protectFromSunlight.PROCESS_OUT_DATA,21248,EventSeverity.ACTIVITY_LO,Protect from Sunlight
2023-03-18 11:06:00,(2(0)-1679108760:391239),protectFromSunlight.PROCESS_OUT_DATA,21248,EventSeverity.ACTIVITY_LO,Protect from Sunlight
2023-03-18 11:06:00,(2(0)-1679108760:512804),thrDistribute.THRUSTER,9984,EventSeverity.ACTIVITY_LO,Thruster 3 jet
2023-03-18 11:06:00,(2(0)-1679108760:512950),thrDistribute.THRUSTER,9984,EventSeverity.ACTIVITY_LO,Thruster 5 jet
2023-03-18 11:06:01,(2(0)-1679108761:436496),protectFromSunlight.PROCESS_OUT_DATA,21248,EventSeverity.ACTIVITY_LO,Protect from Sunlight
2023-03-18 11:06:01,(2(0)-1679108761:540072),thrDistribute.THRUSTER,9984,EventSeverity.ACTIVITY_LO,Thruster 3 jet
2023-03-18 11:06:02,(2(0)-1679108762:456689),protectFromSunlight.PROCESS_OUT_DATA,21248,EventSeverity.ACTIVITY_LO,Protect from Sunlight
2023-03-18 11:06:02,(2(0)-1679108762:567764),thrDistribute.THRUSTER,9984,EventSeverity.ACTIVITY_LO,Thruster 3 jet
2023-03-18 11:06:03,(2(0)-1679108763:474429),protectFromSunlight.PROCESS_OUT_DATA,21248,EventSeverity.ACTIVITY_LO,Protect from Sunlight
2023-03-18 11:06:03,(2(0)-1679108763:596210),thrDistribute.THRUSTER,9984,EventSeverity.ACTIVITY_LO,Thruster 5 jet
2023-03-18 11:06:04,(2(0)-1679108764:509406),protectFromSunlight.PROCESS_OUT_DATA,21248,EventSeverity.ACTIVITY_LO,Protect from Sunlight
2023-03-18 11:06:04,(2(0)-1679108764:625363),thrDistribute.THRUSTER,9984,EventSeverity.ACTIVITY_LO,Thruster 3 jet
2023-03-18 11:06:05,(2(0)-1679108765:550522),protectFromSunlight.PROCESS_OUT_DATA,21248,EventSeverity.ACTIVITY_LO,Protect from Sunlight
2023-03-18 11:06:05,(2(0)-1679108765:652418),thrDistribute.THRUSTER,9984,EventSeverity.ACTIVITY_LO,Thruster 3 jet
2023-03-18 11:06:05,(2(0)-1679108765:652505),thrDistribute.THRUSTER,9984,EventSeverity.ACTIVITY_LO,Thruster 5 jet
2023-03-18 11:06:06,(2(0)-1679108766:569915),protectFromSunlight.PROCESS_OUT_DATA,21248,EventSeverity.ACTIVITY_LO,Protect from Sunlight
2023-03-18 11:06:07,(2(0)-1679108767:596925),protectFromSunlight.PROCESS_OUT_DATA,21248,EventSeverity.ACTIVITY_LO,Protect from Sunlight
2023-03-18 11:06:07,(2(0)-1679108767:709537),thrDistribute.THRUSTER,9984,EventSeverity.ACTIVITY_LO,Thruster 3 jet
2023-03-18 11:06:08,(2(0)-1679108768:621232),protectFromSunlight.PROCESS_OUT_DATA,21248,EventSeverity.ACTIVITY_LO,Protect from Sunlight
2023-03-18 11:06:08,(2(0)-1679108768:737254),thrDistribute.THRUSTER,9984,EventSeverity.ACTIVITY_LO,Thruster 3 jet
2023-03-18 11:06:08,(2(0)-1679108768:737345),thrDistribute.THRUSTER,9984,EventSeverity.ACTIVITY_LO,Thruster 5 jet
2023-03-18 11:06:09,(2(0)-1679108769:654357),protectFromSunlight.PROCESS_OUT_DATA,21248,EventSeverity.ACTIVITY_LO,Protect from Sunlight
2023-03-18 11:06:09,(2(0)-1679108769:766948),thrDistribute.THRUSTER,9984,EventSeverity.ACTIVITY_LO,Thruster 3 jet
2023-03-18 11:06:10,(2(0)-1679108770:680263),protectFromSunlight.PROCESS_OUT_DATA,21248,EventSeverity.ACTIVITY_LO,Protect from Sunlight
2023-03-18 11:06:10,(2(0)-1679108770:795557),thrDistribute.THRUSTER,9984,EventSeverity.ACTIVITY_LO,Thruster 5 jet
2023-03-18 11:06:11,(2(0)-1679108771:708736),protectFromSunlight.PROCESS_OUT_DATA,21248,EventSeverity.ACTIVITY_LO,Protect from Sunlight
2023-03-18 11:06:11,(2(0)-1679108771:823117),thrDistribute.THRUSTER,9984,EventSeverity.ACTIVITY_LO,Thruster 3 jet
2023-03-18 11:06:12,(2(0)-1679108772:734350),protectFromSunlight.PROCESS_OUT_DATA,21248,EventSeverity.ACTIVITY_LO,Protect from Sunlight
2023-03-18 11:06:12,(2(0)-1679108772:850989),thrDistribute.THRUSTER,9984,EventSeverity.ACTIVITY_LO,Thruster 3 jet
2023-03-18 11:06:13,(2(0)-1679108773:765536),protectFromSunlight.PROCESS_OUT_DATA,21248,EventSeverity.ACTIVITY_LO,Protect from Sunlight
2023-03-18 11:06:13,(2(0)-1679108773:879755),thrDistribute.THRUSTER,9984,EventSeverity.ACTIVITY_LO,Thruster 5 jet
2023-03-18 11:06:14,(2(0)-1679108774:796138),protectFromSunlight.PROCESS_OUT_DATA,21248,EventSeverity.ACTIVITY_LO,Protect from Sunlight
2023-03-18 11:06:14,(2(0)-1679108774:907218),thrDistribute.THRUSTER,9984,EventSeverity.ACTIVITY_LO,Thruster 3 jet
2023-03-18 11:06:15,(2(0)-1679108775:823510),protectFromSunlight.PROCESS_OUT_DATA,21248,EventSeverity.ACTIVITY_LO,Protect from Sunlight
2023-03-18 11:06:15,(2(0)-1679108775:935939),thrDistribute.THRUSTER,9984,EventSeverity.ACTIVITY_LO,Thruster 3 jet
2023-03-18 11:06:15,(2(0)-1679108775:936030),thrDistribute.THRUSTER,9984,EventSeverity.ACTIVITY_LO,Thruster 5 jet
2023-03-18 11:06:16,(2(0)-1679108776:858711),protectFromSunlight.PROCESS_OUT_DATA,21248,EventSeverity.ACTIVITY_LO,Protect from Sunlight
2023-03-18 11:06:16,(2(0)-1679108776:965219),thrDistribute.THRUSTER,9984,EventSeverity.ACTIVITY_LO,Thruster 3 jet
2023-03-18 11:06:17,(2(0)-1679108777:907136),protectFromSunlight.PROCESS_OUT_DATA,21248,EventSeverity.ACTIVITY_LO,Protect from Sunlight
2023-03-18 11:06:18,(2(0)-1679108778:940937),protectFromSunlight.PROCESS_OUT_DATA,21248,EventSeverity.ACTIVITY_LO,Protect from Sunlight
2023-03-18 11:06:19,(2(0)-1679108779:23099),thrDistribute.THRUSTER,9984,EventSeverity.ACTIVITY_LO,Thruster 3 jet
2023-03-18 11:06:19,(2(0)-1679108779:23239),thrDistribute.THRUSTER,9984,EventSeverity.ACTIVITY_LO,Thruster 5 jet
2023-03-18 11:06:19,(2(0)-1679108779:959919),protectFromSunlight.PROCESS_OUT_DATA,21248,EventSeverity.ACTIVITY_LO,Protect from Sunlight
2023-03-18 11:06:20,(2(0)-1679108780:51243),thrDistribute.THRUSTER,9984,EventSeverity.ACTIVITY_LO,Thruster 3 jet
2023-03-18 11:06:20,(2(0)-1679108780:982051),protectFromSunlight.PROCESS_OUT_DATA,21248,EventSeverity.ACTIVITY_LO,Protect from Sunlight
2023-03-18 11:06:21,(2(0)-1679108781:79399),thrDistribute.THRUSTER,9984,EventSeverity.ACTIVITY_LO,Thruster 5 jet
2023-03-18 11:06:22,(2(0)-1679108782:471),protectFromSunlight.PROCESS_OUT_DATA,21248,EventSeverity.ACTIVITY_LO,Protect from Sunlight
2023-03-18 11:06:22,(2(0)-1679108782:106959),thrDistribute.THRUSTER,9984,EventSeverity.ACTIVITY_LO,Thruster 3 jet
2023-03-18 11:06:23,(2(0)-1679108783:21412),protectFromSunlight.PROCESS_OUT_DATA,21248,EventSeverity.ACTIVITY_LO,Protect from Sunlight
2023-03-18 11:06:23,(2(0)-1679108783:134562),thrDistribute.THRUSTER,9984,EventSeverity.ACTIVITY_LO,Thruster 3 jet
2023-03-18 11:06:24,(2(0)-1679108784:41480),protectFromSunlight.PROCESS_OUT_DATA,21248,EventSeverity.ACTIVITY_LO,Protect from Sunlight
2023-03-18 11:06:24,(2(0)-1679108784:163077),thrDistribute.THRUSTER,9984,EventSeverity.ACTIVITY_LO,Thruster 3 jet
2023-03-18 11:06:24,(2(0)-1679108784:163247),thrDistribute.THRUSTER,9984,EventSeverity.ACTIVITY_LO,Thruster 5 jet
2023-03-18 11:06:25,(2(0)-1679108785:67219),protectFromSunlight.PROCESS_OUT_DATA,21248,EventSeverity.ACTIVITY_LO,Protect from Sunlight
2023-03-18 11:06:26,(2(0)-1679108786:111561),protectFromSunlight.PROCESS_OUT_DATA,21248,EventSeverity.ACTIVITY_LO,Protect from Sunlight
2023-03-18 11:06:26,(2(0)-1679108786:220082),thrDistribute.THRUSTER,9984,EventSeverity.ACTIVITY_LO,Thruster 3 jet
2023-03-18 11:06:26,(2(0)-1679108786:220244),thrDistribute.THRUSTER,9984,EventSeverity.ACTIVITY_LO,Thruster 5 jet
2023-03-18 11:06:27,(2(0)-1679108787:158625),protectFromSunlight.PROCESS_OUT_DATA,21248,EventSeverity.ACTIVITY_LO,Protect from Sunlight
2023-03-18 11:06:27,(2(0)-1679108787:249314),thrDistribute.THRUSTER,9984,EventSeverity.ACTIVITY_LO,Thruster 3 jet
2023-03-18 11:06:28,(2(0)-1679108788:187298),protectFromSunlight.PROCESS_OUT_DATA,21248,EventSeverity.ACTIVITY_LO,Protect from Sunlight
2023-03-18 11:06:29,(2(0)-1679108789:208426),protectFromSunlight.PROCESS_OUT_DATA,21248,EventSeverity.ACTIVITY_LO,Protect from Sunlight
2023-03-18 11:06:29,(2(0)-1679108789:306214),thrDistribute.THRUSTER,9984,EventSeverity.ACTIVITY_LO,Thruster 3 jet
2023-03-18 11:06:29,(2(0)-1679108789:306359),thrDistribute.THRUSTER,9984,EventSeverity.ACTIVITY_LO,Thruster 5 jet
2023-03-18 11:06:30,(2(0)-1679108790:257379),protectFromSunlight.PROCESS_OUT_DATA,21248,EventSeverity.ACTIVITY_LO,Protect from Sunlight
2023-03-18 11:06:30,(2(0)-1679108790:334853),thrDistribute.THRUSTER,9984,EventSeverity.ACTIVITY_LO,Thruster 3 jet
2023-03-18 11:06:31,(2(0)-1679108791:308189),protectFromSunlight.PROCESS_OUT_DATA,21248,EventSeverity.ACTIVITY_LO,Protect from Sunlight
2023-03-18 11:06:31,(2(0)-1679108791:363564),thrDistribute.THRUSTER,9984,EventSeverity.ACTIVITY_LO,Thruster 3 jet
2023-03-18 11:06:32,(2(0)-1679108792:332432),protectFromSunlight.PROCESS_OUT_DATA,21248,EventSeverity.ACTIVITY_LO,Protect from Sunlight
2023-03-18 11:06:32,(2(0)-1679108792:391954),thrDistribute.THRUSTER,9984,EventSeverity.ACTIVITY_LO,Thruster 5 jet
2023-03-18 11:06:33,(2(0)-1679108793:351546),protectFromSunlight.PROCESS_OUT_DATA,21248,EventSeverity.ACTIVITY_LO,Protect from Sunlight
2023-03-18 11:06:33,(2(0)-1679108793:421474),thrDistribute.THRUSTER,9984,EventSeverity.ACTIVITY_LO,Thruster 3 jet
2023-03-18 11:06:34,(2(0)-1679108794:371266),protectFromSunlight.PROCESS_OUT_DATA,21248,EventSeverity.ACTIVITY_LO,Protect from Sunlight
2023-03-18 11:06:34,(2(0)-1679108794:450828),thrDistribute.THRUSTER,9984,EventSeverity.ACTIVITY_LO,Thruster 3 jet
2023-03-18 11:06:34,(2(0)-1679108794:451243),thrDistribute.THRUSTER,9984,EventSeverity.ACTIVITY_LO,Thruster 5 jet
2023-03-18 11:06:35,(2(0)-1679108795:390016),protectFromSunlight.PROCESS_OUT_DATA,21248,EventSeverity.ACTIVITY_LO,Protect from Sunlight
2023-03-18 11:06:36,(2(0)-1679108796:409756),protectFromSunlight.PROCESS_OUT_DATA,21248,EventSeverity.ACTIVITY_LO,Protect from Sunlight
2023-03-18 11:06:36,(2(0)-1679108796:506069),thrDistribute.THRUSTER,9984,EventSeverity.ACTIVITY_LO,Thruster 3 jet
2023-03-18 11:06:37,(2(0)-1679108797:456437),protectFromSunlight.PROCESS_OUT_DATA,21248,EventSeverity.ACTIVITY_LO,Protect from Sunlight
2023-03-18 11:06:37,(2(0)-1679108797:534299),thrDistribute.THRUSTER,9984,EventSeverity.ACTIVITY_LO,Thruster 3 jet
2023-03-18 11:06:37,(2(0)-1679108797:534494),thrDistribute.THRUSTER,9984,EventSeverity.ACTIVITY_LO,Thruster 5 jet
2023-03-18 11:06:38,(2(0)-1679108798:485394),protectFromSunlight.PROCESS_OUT_DATA,21248,EventSeverity.ACTIVITY_LO,Protect from Sunlight
2023-03-18 11:06:38,(2(0)-1679108798:562040),thrDistribute.THRUSTER,9984,EventSeverity.ACTIVITY_LO,Thruster 3 jet
2023-03-18 11:06:39,(2(0)-1679108799:513188),protectFromSunlight.PROCESS_OUT_DATA,21248,EventSeverity.ACTIVITY_LO,Protect from Sunlight
2023-03-18 11:06:39,(2(0)-1679108799:589638),thrDistribute.THRUSTER,9984,EventSeverity.ACTIVITY_LO,Thruster 5 jet
2023-03-18 11:06:40,(2(0)-1679108800:548012),protectFromSunlight.PROCESS_OUT_DATA,21248,EventSeverity.ACTIVITY_LO,Protect from Sunlight
2023-03-18 11:06:40,(2(0)-1679108800:618577),thrDistribute.THRUSTER,9984,EventSeverity.ACTIVITY_LO,Thruster 3 jet
2023-03-18 11:06:41,(2(0)-1679108801:596397),protectFromSunlight.PROCESS_OUT_DATA,21248,EventSeverity.ACTIVITY_LO,Protect from Sunlight
2023-03-18 11:06:41,(2(0)-1679108801:647855),thrDistribute.THRUSTER,9984,EventSeverity.ACTIVITY_LO,Thruster 3 jet
2023-03-18 11:06:42,(2(0)-1679108802:619595),protectFromSunlight.PROCESS_OUT_DATA,21248,EventSeverity.ACTIVITY_LO,Protect from Sunlight
2023-03-18 11:06:42,(2(0)-1679108802:675463),thrDistribute.THRUSTER,9984,EventSeverity.ACTIVITY_LO,Thruster 5 jet
2023-03-18 11:06:43,(2(0)-1679108803:651991),protectFromSunlight.PROCESS_OUT_DATA,21248,EventSeverity.ACTIVITY_LO,Protect from Sunlight
2023-03-18 11:06:43,(2(0)-1679108803:702716),thrDistribute.THRUSTER,9984,EventSeverity.ACTIVITY_LO,Thruster 3 jet
2023-03-18 11:06:44,(2(0)-1679108804:675696),protectFromSunlight.PROCESS_OUT_DATA,21248,EventSeverity.ACTIVITY_LO,Protect from Sunlight
2023-03-18 11:06:44,(2(0)-1679108804:730406),thrDistribute.THRUSTER,9984,EventSeverity.ACTIVITY_LO,Thruster 3 jet
2023-03-18 11:06:44,(2(0)-1679108804:730473),thrDistribute.THRUSTER,9984,EventSeverity.ACTIVITY_LO,Thruster 5 jet
2023-03-18 11:06:45,(2(0)-1679108805:719623),protectFromSunlight.PROCESS_OUT_DATA,21248,EventSeverity.ACTIVITY_LO,Protect from Sunlight
2023-03-18 11:06:45,(2(0)-1679108805:758285),thrDistribute.THRUSTER,9984,EventSeverity.ACTIVITY_LO,Thruster 3 jet
2023-03-18 11:06:46,(2(0)-1679108806:769987),protectFromSunlight.PROCESS_OUT_DATA,21248,EventSeverity.ACTIVITY_LO,Protect from Sunlight
2023-03-18 11:06:47,(2(0)-1679108807:815871),protectFromSunlight.PROCESS_OUT_DATA,21248,EventSeverity.ACTIVITY_LO,Protect from Sunlight
2023-03-18 11:06:47,(2(0)-1679108807:944067),thrDistribute.THRUSTER,9984,EventSeverity.ACTIVITY_LO,Thruster 3 jet
2023-03-18 11:06:47,(2(0)-1679108807:944137),thrDistribute.THRUSTER,9984,EventSeverity.ACTIVITY_LO,Thruster 5 jet
2023-03-18 11:06:48,(2(0)-1679108808:835228),protectFromSunlight.PROCESS_OUT_DATA,21248,EventSeverity.ACTIVITY_LO,Protect from Sunlight
2023-03-18 11:06:48,(2(0)-1679108808:843290),thrDistribute.THRUSTER,9984,EventSeverity.ACTIVITY_LO,Thruster 3 jet
2023-03-18 11:06:49,(2(0)-1679108809:864739),protectFromSunlight.PROCESS_OUT_DATA,21248,EventSeverity.ACTIVITY_LO,Protect from Sunlight
2023-03-18 11:06:49,(2(0)-1679108809:871085),thrDistribute.THRUSTER,9984,EventSeverity.ACTIVITY_LO,Thruster 5 jet
2023-03-18 11:06:50,(2(0)-1679108810:897155),protectFromSunlight.PROCESS_OUT_DATA,21248,EventSeverity.ACTIVITY_LO,Protect from Sunlight
2023-03-18 11:06:50,(2(0)-1679108810:900031),thrDistribute.THRUSTER,9984,EventSeverity.ACTIVITY_LO,Thruster 3 jet
2023-03-18 11:06:51,(2(0)-1679108811:937172),protectFromSunlight.PROCESS_OUT_DATA,21248,EventSeverity.ACTIVITY_LO,Protect from Sunlight
2023-03-18 11:06:52,(2(0)-1679108812:58343),thrDistribute.THRUSTER,9984,EventSeverity.ACTIVITY_LO,Thruster 3 jet
2023-03-18 11:06:52,(2(0)-1679108812:971237),protectFromSunlight.PROCESS_OUT_DATA,21248,EventSeverity.ACTIVITY_LO,Protect from Sunlight
2023-03-18 11:06:53,(2(0)-1679108813:87916),thrDistribute.THRUSTER,9984,EventSeverity.ACTIVITY_LO,Thruster 3 jet
2023-03-18 11:06:53,(2(0)-1679108813:88327),thrDistribute.THRUSTER,9984,EventSeverity.ACTIVITY_LO,Thruster 5 jet
2023-03-18 11:06:54,(2(0)-1679108814:1204),protectFromSunlight.PROCESS_OUT_DATA,21248,EventSeverity.ACTIVITY_LO,Protect from Sunlight
2023-03-18 11:06:55,(2(0)-1679108815:18674),protectFromSunlight.PROCESS_OUT_DATA,21248,EventSeverity.ACTIVITY_LO,Protect from Sunlight
2023-03-18 11:06:55,(2(0)-1679108815:145489),thrDistribute.THRUSTER,9984,EventSeverity.ACTIVITY_LO,Thruster 3 jet
2023-03-18 11:06:55,(2(0)-1679108815:145703),thrDistribute.THRUSTER,9984,EventSeverity.ACTIVITY_LO,Thruster 5 jet
2023-03-18 11:06:56,(2(0)-1679108816:39723),protectFromSunlight.PROCESS_OUT_DATA,21248,EventSeverity.ACTIVITY_LO,Protect from Sunlight
2023-03-18 11:06:56,(2(0)-1679108816:45048),thrDistribute.THRUSTER,9984,EventSeverity.ACTIVITY_LO,Thruster 3 jet
2023-03-18 11:06:57,(2(0)-1679108817:56998),protectFromSunlight.PROCESS_OUT_DATA,21248,EventSeverity.ACTIVITY_LO,Protect from Sunlight
2023-03-18 11:06:58,(2(0)-1679108818:75421),protectFromSunlight.PROCESS_OUT_DATA,21248,EventSeverity.ACTIVITY_LO,Protect from Sunlight
2023-03-18 11:06:58,(2(0)-1679108818:102367),thrDistribute.THRUSTER,9984,EventSeverity.ACTIVITY_LO,Thruster 3 jet
2023-03-18 11:06:58,(2(0)-1679108818:102431),thrDistribute.THRUSTER,9984,EventSeverity.ACTIVITY_LO,Thruster 5 jet
2023-03-18 11:06:59,(2(0)-1679108819:118127),protectFromSunlight.PROCESS_OUT_DATA,21248,EventSeverity.ACTIVITY_LO,Protect from Sunlight
2023-03-18 11:06:59,(2(0)-1679108819:130663),thrDistribute.THRUSTER,9984,EventSeverity.ACTIVITY_LO,Thruster 3 jet
2023-03-18 11:07:00,(2(0)-1679108820:144702),protectFromSunlight.PROCESS_OUT_DATA,21248,EventSeverity.ACTIVITY_LO,Protect from Sunlight
2023-03-18 11:07:00,(2(0)-1679108820:160228),thrDistribute.THRUSTER,9984,EventSeverity.ACTIVITY_LO,Thruster 3 jet
2023-03-18 11:07:00,(2(0)-1679108820:160350),thrDistribute.THRUSTER,9984,EventSeverity.ACTIVITY_LO,Thruster 5 jet
2023-03-18 11:07:01,(2(0)-1679108821:184692),protectFromSunlight.PROCESS_OUT_DATA,21248,EventSeverity.ACTIVITY_LO,Protect from Sunlight
2023-03-18 11:07:02,(2(0)-1679108822:214465),protectFromSunlight.PROCESS_OUT_DATA,21248,EventSeverity.ACTIVITY_LO,Protect from Sunlight
2023-03-18 11:07:02,(2(0)-1679108822:216619),thrDistribute.THRUSTER,9984,EventSeverity.ACTIVITY_LO,Thruster 3 jet
2023-03-18 11:07:03,(2(0)-1679108823:234057),protectFromSunlight.PROCESS_OUT_DATA,21248,EventSeverity.ACTIVITY_LO,Protect from Sunlight
2023-03-18 11:07:03,(2(0)-1679108823:244621),thrDistribute.THRUSTER,9984,EventSeverity.ACTIVITY_LO,Thruster 3 jet
2023-03-18 11:07:03,(2(0)-1679108823:244677),thrDistribute.THRUSTER,9984,EventSeverity.ACTIVITY_LO,Thruster 5 jet
2023-03-18 11:07:04,(2(0)-1679108824:272734),protectFromSunlight.PROCESS_OUT_DATA,21248,EventSeverity.ACTIVITY_LO,Protect from Sunlight
2023-03-18 11:07:05,(2(0)-1679108825:868638),protectFromSunlight.PROCESS_OUT_DATA,21248,EventSeverity.ACTIVITY_LO,Protect from Sunlight
2023-03-18 11:07:05,(2(0)-1679108825:950318),thrDistribute.THRUSTER,9984,EventSeverity.ACTIVITY_LO,Thruster 3 jet
2023-03-18 11:07:05,(2(0)-1679108825:950614),thrDistribute.THRUSTER,9984,EventSeverity.ACTIVITY_LO,Thruster 5 jet
2023-03-18 11:07:07,(2(0)-1679108827:344336),protectFromSunlight.PROCESS_OUT_DATA,21248,EventSeverity.ACTIVITY_LO,Protect from Sunlight
2023-03-18 11:07:07,(2(0)-1679108827:364228),thrDistribute.THRUSTER,9984,EventSeverity.ACTIVITY_LO,Thruster 3 jet
2023-03-18 11:07:08,(2(0)-1679108828:670423),protectFromSunlight.PROCESS_OUT_DATA,21248,EventSeverity.ACTIVITY_LO,Protect from Sunlight
2023-03-18 11:07:08,(2(0)-1679108828:777922),thrDistribute.THRUSTER,9984,EventSeverity.ACTIVITY_LO,Thruster 3 jet
2023-03-18 11:07:09,(2(0)-1679108829:991566),protectFromSunlight.PROCESS_OUT_DATA,21248,EventSeverity.ACTIVITY_LO,Protect from Sunlight
2023-03-18 11:07:10,(2(0)-1679108830:64727),thrDistribute.THRUSTER,9984,EventSeverity.ACTIVITY_LO,Thruster 5 jet
2023-03-18 11:07:11,(2(0)-1679108831:287686),protectFromSunlight.PROCESS_OUT_DATA,21248,EventSeverity.ACTIVITY_LO,Protect from Sunlight
2023-03-18 11:07:11,(2(0)-1679108831:348727),thrDistribute.THRUSTER,9984,EventSeverity.ACTIVITY_LO,Thruster 3 jet
2023-03-18 11:07:12,(2(0)-1679108832:571770),protectFromSunlight.PROCESS_OUT_DATA,21248,EventSeverity.ACTIVITY_LO,Protect from Sunlight
2023-03-18 11:07:12,(2(0)-1679108832:632346),thrDistribute.THRUSTER,9984,EventSeverity.ACTIVITY_LO,Thruster 3 jet
2023-03-18 11:07:13,(2(0)-1679108833:859896),protectFromSunlight.PROCESS_OUT_DATA,21248,EventSeverity.ACTIVITY_LO,Protect from Sunlight
2023-03-18 11:07:13,(2(0)-1679108833:918603),thrDistribute.THRUSTER,9984,EventSeverity.ACTIVITY_LO,Thruster 5 jet
2023-03-18 11:07:15,(2(0)-1679108835:165777),protectFromSunlight.PROCESS_OUT_DATA,21248,EventSeverity.ACTIVITY_LO,Protect from Sunlight
2023-03-18 11:07:15,(2(0)-1679108835:204511),thrDistribute.THRUSTER,9984,EventSeverity.ACTIVITY_LO,Thruster 3 jet
2023-03-18 11:07:16,(2(0)-1679108836:505484),protectFromSunlight.PROCESS_OUT_DATA,21248,EventSeverity.ACTIVITY_LO,Protect from Sunlight
2023-03-18 11:07:16,(2(0)-1679108836:616625),thrDistribute.THRUSTER,9984,EventSeverity.ACTIVITY_LO,Thruster 3 jet
2023-03-18 11:07:16,(2(0)-1679108836:616703),thrDistribute.THRUSTER,9984,EventSeverity.ACTIVITY_LO,Thruster 5 jet
2023-03-18 11:07:17,(2(0)-1679108837:785856),protectFromSunlight.PROCESS_OUT_DATA,21248,EventSeverity.ACTIVITY_LO,Protect from Sunlight
2023-03-18 11:07:17,(2(0)-1679108837:901162),thrDistribute.THRUSTER,9984,EventSeverity.ACTIVITY_LO,Thruster 3 jet
2023-03-18 11:07:19,(2(0)-1679108839:128056),protectFromSunlight.PROCESS_OUT_DATA,21248,EventSeverity.ACTIVITY_LO,Protect from Sunlight
2023-03-18 11:07:20,(2(0)-1679108840:412715),protectFromSunlight.PROCESS_OUT_DATA,21248,EventSeverity.ACTIVITY_LO,Protect from Sunlight
2023-03-18 11:07:20,(2(0)-1679108840:471038),thrDistribute.THRUSTER,9984,EventSeverity.ACTIVITY_LO,Thruster 3 jet
2023-03-18 11:07:20,(2(0)-1679108840:471280),thrDistribute.THRUSTER,9984,EventSeverity.ACTIVITY_LO,Thruster 5 jet
