TCP Socket Server listening on host addr 0.0.0.0, port 50050
Registered client FSW_
Registration complete waiting for message.
Registered client GUI_
Registration complete waiting for message.
Ctrl-C received, server shutting down.
read data from socket is empty!
Header information is empty, client GUI_ exiting.
Closed GUI_ connection.
socket timed out and shutdown is requested
Quit received!
Quit processed!
----------------------------------------
Exception happened during processing of request from ('127.0.0.1', 46840)
Traceback (most recent call last):
  File "/home/kokaze/anaconda3/envs/fprime-venv/lib/python3.7/socketserver.py", line 650, in process_request_thread
    self.finish_request(request, client_address)
  File "/home/kokaze/anaconda3/envs/fprime-venv/lib/python3.7/socketserver.py", line 360, in finish_request
    self.RequestHandlerClass(request, client_address, self)
  File "/home/kokaze/anaconda3/envs/fprime-venv/lib/python3.7/socketserver.py", line 720, in __init__
    self.handle()
  File "/home/kokaze/anaconda3/envs/fprime-venv/lib/python3.7/site-packages/fprime_gds/executables/tcpserver.py", line 96, in handle
    self.getNewMsg()
  File "/home/kokaze/anaconda3/envs/fprime-venv/lib/python3.7/site-packages/fprime_gds/executables/tcpserver.py", line 191, in getNewMsg
    SERVER.server_close()
  File "/home/kokaze/anaconda3/envs/fprime-venv/lib/python3.7/socketserver.py", line 674, in server_close
    thread.join()
  File "/home/kokaze/anaconda3/envs/fprime-venv/lib/python3.7/threading.py", line 1041, in join
    raise RuntimeError("cannot join current thread")
RuntimeError: cannot join current thread
----------------------------------------
